This file contains any messages produced by compilers while
running configure, to aid debugging if configure makes a mistake.

It was created by quilt configure 0.48, which was
generated by GNU Autoconf 2.68.  Invocation command line was

  $ ./configure CFLAGS=-O2 -I/home/fdkit/GPL-AirCam-v1.2/openwrt/staging_dir/host/include CPPFLAGS=-O2 -I/home/fdkit/GPL-AirCam-v1.2/openwrt/staging_dir/host/include LDFLAGS=-L/home/fdkit/GPL-AirCam-v1.2/openwrt/staging_dir/host/lib SHELL=/bin/bash --target=x86_64-redhat-linux --host=x86_64-redhat-linux --build=x86_64-redhat-linux --program-prefix= --program-suffix= --prefix=/home/fdkit/GPL-AirCam-v1.2/openwrt/staging_dir/host --exec-prefix=/home/fdkit/GPL-AirCam-v1.2/openwrt/staging_dir/host --sysconfdir=/home/fdkit/GPL-AirCam-v1.2/openwrt/staging_dir/host/etc --localstatedir=/home/fdkit/GPL-AirCam-v1.2/openwrt/staging_dir/host/var --sbindir=/home/fdkit/GPL-AirCam-v1.2/openwrt/staging_dir/host/bin --with-patch=/usr/bin/patch --with-find=/bin/find

## --------- ##
## Platform. ##
## --------- ##

hostname = discordy
uname -m = x86_64
uname -r = 2.6.32-358.6.2.el6.x86_64
uname -s = Linux
uname -v = #1 SMP Thu May 16 20:59:36 UTC 2013

/usr/bin/uname -p = unknown
/bin/uname -X     = unknown

/bin/arch              = x86_64
/usr/bin/arch -k       = unknown
/usr/convex/getsysinfo = unknown
/usr/bin/hostinfo      = unknown
/bin/machine           = unknown
/usr/bin/oslevel       = unknown
/bin/universe          = unknown

PATH: /home/fdkit/GPL-AirCam-v1.2/openwrt/staging_dir/toolchain-arm_v5te_gcc-linaro_uClibc-0.9.32_eabi/bin
PATH: /home/fdkit/GPL-AirCam-v1.2/openwrt/staging_dir/host/bin
PATH: /home/fdkit/GPL-AirCam-v1.2/openwrt/staging_dir/toolchain-arm_v5te_gcc-linaro_uClibc-0.9.32_eabi/bin
PATH: /home/fdkit/GPL-AirCam-v1.2/openwrt/staging_dir/host/bin
PATH: /home/fdkit/GPL-AirCam-v1.2/openwrt/staging_dir/toolchain-arm_v5te_gcc-linaro_uClibc-0.9.32_eabi/bin
PATH: /home/fdkit/GPL-AirCam-v1.2/openwrt/staging_dir/host/bin
PATH: /usr/local/bin
PATH: /bin
PATH: /usr/bin
PATH: /usr/local/sbin
PATH: /usr/sbin
PATH: /sbin
PATH: /home/fdkit/bin


## ----------- ##
## Core tests. ##
## ----------- ##

configure:2108: checking for x86_64-redhat-linux-gcc
configure:2124: found /usr/bin/x86_64-redhat-linux-gcc
configure:2135: result: x86_64-redhat-linux-gcc
configure:2404: checking for C compiler version
configure:2413: x86_64-redhat-linux-gcc --version >&5
x86_64-redhat-linux-gcc (GCC) 4.4.7 20120313 (Red Hat 4.4.7-3)
Copyright (C) 2010 Free Software Foundation, Inc.
This is free software; see the source for copying conditions.  There is NO
warranty; not even for MERCHANTABILITY or FITNESS FOR A PARTICULAR PURPOSE.

configure:2424: $? = 0
configure:2413: x86_64-redhat-linux-gcc -v >&5
Using built-in specs.
Target: x86_64-redhat-linux
Configured with: ../configure --prefix=/usr --mandir=/usr/share/man --infodir=/usr/share/info --with-bugurl=http://bugzilla.redhat.com/bugzilla --enable-bootstrap --enable-shared --enable-threads=posix --enable-checking=release --with-system-zlib --enable-__cxa_atexit --disable-libunwind-exceptions --enable-gnu-unique-object --enable-languages=c,c++,objc,obj-c++,java,fortran,ada --enable-java-awt=gtk --disable-dssi --with-java-home=/usr/lib/jvm/java-1.5.0-gcj-1.5.0.0/jre --enable-libgcj-multifile --enable-java-maintainer-mode --with-ecj-jar=/usr/share/java/eclipse-ecj.jar --disable-libjava-multilib --with-ppl --with-cloog --with-tune=generic --with-arch_32=i686 --build=x86_64-redhat-linux
Thread model: posix
gcc version 4.4.7 20120313 (Red Hat 4.4.7-3) (GCC) 
configure:2424: $? = 0
configure:2413: x86_64-redhat-linux-gcc -V >&5
x86_64-redhat-linux-gcc: '-V' option must have argument
configure:2424: $? = 1
configure:2413: x86_64-redhat-linux-gcc -qversion >&5
x86_64-redhat-linux-gcc: unrecognized option '-qversion'
x86_64-redhat-linux-gcc: no input files
configure:2424: $? = 1
configure:2444: checking whether the C compiler works
configure:2466: x86_64-redhat-linux-gcc -O2 -I/home/fdkit/GPL-AirCam-v1.2/openwrt/staging_dir/host/include -O2 -I/home/fdkit/GPL-AirCam-v1.2/openwrt/staging_dir/host/include -L/home/fdkit/GPL-AirCam-v1.2/openwrt/staging_dir/host/lib conftest.c  >&5
configure:2470: $? = 0
configure:2518: result: yes
configure:2521: checking for C compiler default output file name
configure:2523: result: a.out
configure:2529: checking for suffix of executables
configure:2536: x86_64-redhat-linux-gcc -o conftest -O2 -I/home/fdkit/GPL-AirCam-v1.2/openwrt/staging_dir/host/include -O2 -I/home/fdkit/GPL-AirCam-v1.2/openwrt/staging_dir/host/include -L/home/fdkit/GPL-AirCam-v1.2/openwrt/staging_dir/host/lib conftest.c  >&5
configure:2540: $? = 0
configure:2562: result: 
configure:2584: checking whether we are cross compiling
configure:2592: x86_64-redhat-linux-gcc -o conftest -O2 -I/home/fdkit/GPL-AirCam-v1.2/openwrt/staging_dir/host/include -O2 -I/home/fdkit/GPL-AirCam-v1.2/openwrt/staging_dir/host/include -L/home/fdkit/GPL-AirCam-v1.2/openwrt/staging_dir/host/lib conftest.c  >&5
configure:2596: $? = 0
configure:2603: ./conftest
configure:2607: $? = 0
configure:2622: result: no
configure:2627: checking for suffix of object files
configure:2649: x86_64-redhat-linux-gcc -c -O2 -I/home/fdkit/GPL-AirCam-v1.2/openwrt/staging_dir/host/include -O2 -I/home/fdkit/GPL-AirCam-v1.2/openwrt/staging_dir/host/include conftest.c >&5
configure:2653: $? = 0
configure:2674: result: o
configure:2678: checking whether we are using the GNU C compiler
configure:2697: x86_64-redhat-linux-gcc -c -O2 -I/home/fdkit/GPL-AirCam-v1.2/openwrt/staging_dir/host/include -O2 -I/home/fdkit/GPL-AirCam-v1.2/openwrt/staging_dir/host/include conftest.c >&5
configure:2697: $? = 0
configure:2706: result: yes
configure:2715: checking whether x86_64-redhat-linux-gcc accepts -g
configure:2735: x86_64-redhat-linux-gcc -c -g -O2 -I/home/fdkit/GPL-AirCam-v1.2/openwrt/staging_dir/host/include conftest.c >&5
configure:2735: $? = 0
configure:2776: result: yes
configure:2793: checking for x86_64-redhat-linux-gcc option to accept ISO C89
configure:2857: x86_64-redhat-linux-gcc  -c -O2 -I/home/fdkit/GPL-AirCam-v1.2/openwrt/staging_dir/host/include -O2 -I/home/fdkit/GPL-AirCam-v1.2/openwrt/staging_dir/host/include conftest.c >&5
configure:2857: $? = 0
configure:2870: result: none needed
configure:2896: checking how to run the C preprocessor
configure:2927: x86_64-redhat-linux-gcc -E -O2 -I/home/fdkit/GPL-AirCam-v1.2/openwrt/staging_dir/host/include conftest.c
configure:2927: $? = 0
configure:2941: x86_64-redhat-linux-gcc -E -O2 -I/home/fdkit/GPL-AirCam-v1.2/openwrt/staging_dir/host/include conftest.c
conftest.c:9:28: error: ac_nonexistent.h: No such file or directory
configure:2941: $? = 1
configure: failed program was:
| /* confdefs.h */
| #define PACKAGE_NAME "quilt"
| #define PACKAGE_TARNAME "quilt"
| #define PACKAGE_VERSION "0.48"
| #define PACKAGE_STRING "quilt 0.48"
| #define PACKAGE_BUGREPORT "quilt-dev@nongnu.org"
| #define PACKAGE_URL ""
| /* end confdefs.h.  */
| #include <ac_nonexistent.h>
configure:2966: result: x86_64-redhat-linux-gcc -E
configure:2986: x86_64-redhat-linux-gcc -E -O2 -I/home/fdkit/GPL-AirCam-v1.2/openwrt/staging_dir/host/include conftest.c
configure:2986: $? = 0
configure:3000: x86_64-redhat-linux-gcc -E -O2 -I/home/fdkit/GPL-AirCam-v1.2/openwrt/staging_dir/host/include conftest.c
conftest.c:9:28: error: ac_nonexistent.h: No such file or directory
configure:3000: $? = 1
configure: failed program was:
| /* confdefs.h */
| #define PACKAGE_NAME "quilt"
| #define PACKAGE_TARNAME "quilt"
| #define PACKAGE_VERSION "0.48"
| #define PACKAGE_STRING "quilt 0.48"
| #define PACKAGE_BUGREPORT "quilt-dev@nongnu.org"
| #define PACKAGE_URL ""
| /* end confdefs.h.  */
| #include <ac_nonexistent.h>
configure:3029: checking for grep that handles long lines and -e
configure:3087: result: /bin/grep
configure:3092: checking for egrep
configure:3154: result: /bin/grep -E
configure:3159: checking for ANSI C header files
configure:3179: x86_64-redhat-linux-gcc -c -O2 -I/home/fdkit/GPL-AirCam-v1.2/openwrt/staging_dir/host/include -O2 -I/home/fdkit/GPL-AirCam-v1.2/openwrt/staging_dir/host/include conftest.c >&5
configure:3179: $? = 0
configure:3252: x86_64-redhat-linux-gcc -o conftest -O2 -I/home/fdkit/GPL-AirCam-v1.2/openwrt/staging_dir/host/include -O2 -I/home/fdkit/GPL-AirCam-v1.2/openwrt/staging_dir/host/include -L/home/fdkit/GPL-AirCam-v1.2/openwrt/staging_dir/host/lib conftest.c  >&5
configure:3252: $? = 0
configure:3252: ./conftest
configure:3252: $? = 0
configure:3263: result: yes
configure:3274: checking for fchmod
configure:3274: x86_64-redhat-linux-gcc -o conftest -O2 -I/home/fdkit/GPL-AirCam-v1.2/openwrt/staging_dir/host/include -O2 -I/home/fdkit/GPL-AirCam-v1.2/openwrt/staging_dir/host/include -L/home/fdkit/GPL-AirCam-v1.2/openwrt/staging_dir/host/lib conftest.c  >&5
configure:3274: $? = 0
configure:3274: result: yes
configure:3274: checking for chmod
configure:3274: x86_64-redhat-linux-gcc -o conftest -O2 -I/home/fdkit/GPL-AirCam-v1.2/openwrt/staging_dir/host/include -O2 -I/home/fdkit/GPL-AirCam-v1.2/openwrt/staging_dir/host/include -L/home/fdkit/GPL-AirCam-v1.2/openwrt/staging_dir/host/lib conftest.c  >&5
configure:3274: $? = 0
configure:3274: result: yes
configure:3286: checking for mkstemp
configure:3286: x86_64-redhat-linux-gcc -o conftest -O2 -I/home/fdkit/GPL-AirCam-v1.2/openwrt/staging_dir/host/include -O2 -I/home/fdkit/GPL-AirCam-v1.2/openwrt/staging_dir/host/include -L/home/fdkit/GPL-AirCam-v1.2/openwrt/staging_dir/host/lib conftest.c  >&5
configure:3286: $? = 0
configure:3286: result: yes
configure:3298: checking for mkdir
configure:3298: x86_64-redhat-linux-gcc -o conftest -O2 -I/home/fdkit/GPL-AirCam-v1.2/openwrt/staging_dir/host/include -O2 -I/home/fdkit/GPL-AirCam-v1.2/openwrt/staging_dir/host/include -L/home/fdkit/GPL-AirCam-v1.2/openwrt/staging_dir/host/lib conftest.c  >&5
configure:3298: $? = 0
configure:3298: result: yes
configure:3298: checking for rmdir
configure:3298: x86_64-redhat-linux-gcc -o conftest -O2 -I/home/fdkit/GPL-AirCam-v1.2/openwrt/staging_dir/host/include -O2 -I/home/fdkit/GPL-AirCam-v1.2/openwrt/staging_dir/host/include -L/home/fdkit/GPL-AirCam-v1.2/openwrt/staging_dir/host/lib conftest.c  >&5
configure:3298: $? = 0
configure:3298: result: yes
configure:3310: checking for strchr
configure:3310: x86_64-redhat-linux-gcc -o conftest -O2 -I/home/fdkit/GPL-AirCam-v1.2/openwrt/staging_dir/host/include -O2 -I/home/fdkit/GPL-AirCam-v1.2/openwrt/staging_dir/host/include -L/home/fdkit/GPL-AirCam-v1.2/openwrt/staging_dir/host/lib conftest.c  >&5
conftest.c:38: warning: conflicting types for built-in function 'strchr'
configure:3310: $? = 0
configure:3310: result: yes
configure:3310: checking for strrchr
configure:3310: x86_64-redhat-linux-gcc -o conftest -O2 -I/home/fdkit/GPL-AirCam-v1.2/openwrt/staging_dir/host/include -O2 -I/home/fdkit/GPL-AirCam-v1.2/openwrt/staging_dir/host/include -L/home/fdkit/GPL-AirCam-v1.2/openwrt/staging_dir/host/lib conftest.c  >&5
conftest.c:39: warning: conflicting types for built-in function 'strrchr'
configure:3310: $? = 0
configure:3310: result: yes
configure:3321: checking for strerror
configure:3321: x86_64-redhat-linux-gcc -o conftest -O2 -I/home/fdkit/GPL-AirCam-v1.2/openwrt/staging_dir/host/include -O2 -I/home/fdkit/GPL-AirCam-v1.2/openwrt/staging_dir/host/include -L/home/fdkit/GPL-AirCam-v1.2/openwrt/staging_dir/host/lib conftest.c  >&5
configure:3321: $? = 0
configure:3321: result: yes
configure:3330: checking for an ANSI C-conforming const
configure:3395: x86_64-redhat-linux-gcc -c -O2 -I/home/fdkit/GPL-AirCam-v1.2/openwrt/staging_dir/host/include -O2 -I/home/fdkit/GPL-AirCam-v1.2/openwrt/staging_dir/host/include conftest.c >&5
configure:3395: $? = 0
configure:3402: result: yes
configure:3415: checking for sys/types.h
configure:3415: x86_64-redhat-linux-gcc -c -O2 -I/home/fdkit/GPL-AirCam-v1.2/openwrt/staging_dir/host/include -O2 -I/home/fdkit/GPL-AirCam-v1.2/openwrt/staging_dir/host/include conftest.c >&5
configure:3415: $? = 0
configure:3415: result: yes
configure:3415: checking for sys/stat.h
configure:3415: x86_64-redhat-linux-gcc -c -O2 -I/home/fdkit/GPL-AirCam-v1.2/openwrt/staging_dir/host/include -O2 -I/home/fdkit/GPL-AirCam-v1.2/openwrt/staging_dir/host/include conftest.c >&5
configure:3415: $? = 0
configure:3415: result: yes
configure:3415: checking for stdlib.h
configure:3415: x86_64-redhat-linux-gcc -c -O2 -I/home/fdkit/GPL-AirCam-v1.2/openwrt/staging_dir/host/include -O2 -I/home/fdkit/GPL-AirCam-v1.2/openwrt/staging_dir/host/include conftest.c >&5
configure:3415: $? = 0
configure:3415: result: yes
configure:3415: checking for string.h
configure:3415: x86_64-redhat-linux-gcc -c -O2 -I/home/fdkit/GPL-AirCam-v1.2/openwrt/staging_dir/host/include -O2 -I/home/fdkit/GPL-AirCam-v1.2/openwrt/staging_dir/host/include conftest.c >&5
configure:3415: $? = 0
configure:3415: result: yes
configure:3415: checking for memory.h
configure:3415: x86_64-redhat-linux-gcc -c -O2 -I/home/fdkit/GPL-AirCam-v1.2/openwrt/staging_dir/host/include -O2 -I/home/fdkit/GPL-AirCam-v1.2/openwrt/staging_dir/host/include conftest.c >&5
configure:3415: $? = 0
configure:3415: result: yes
configure:3415: checking for strings.h
configure:3415: x86_64-redhat-linux-gcc -c -O2 -I/home/fdkit/GPL-AirCam-v1.2/openwrt/staging_dir/host/include -O2 -I/home/fdkit/GPL-AirCam-v1.2/openwrt/staging_dir/host/include conftest.c >&5
configure:3415: $? = 0
configure:3415: result: yes
configure:3415: checking for inttypes.h
configure:3415: x86_64-redhat-linux-gcc -c -O2 -I/home/fdkit/GPL-AirCam-v1.2/openwrt/staging_dir/host/include -O2 -I/home/fdkit/GPL-AirCam-v1.2/openwrt/staging_dir/host/include conftest.c >&5
configure:3415: $? = 0
configure:3415: result: yes
configure:3415: checking for stdint.h
configure:3415: x86_64-redhat-linux-gcc -c -O2 -I/home/fdkit/GPL-AirCam-v1.2/openwrt/staging_dir/host/include -O2 -I/home/fdkit/GPL-AirCam-v1.2/openwrt/staging_dir/host/include conftest.c >&5
configure:3415: $? = 0
configure:3415: result: yes
configure:3415: checking for unistd.h
configure:3415: x86_64-redhat-linux-gcc -c -O2 -I/home/fdkit/GPL-AirCam-v1.2/openwrt/staging_dir/host/include -O2 -I/home/fdkit/GPL-AirCam-v1.2/openwrt/staging_dir/host/include conftest.c >&5
configure:3415: $? = 0
configure:3415: result: yes
configure:3427: checking whether lstat correctly handles trailing slash
configure:3453: x86_64-redhat-linux-gcc -o conftest -O2 -I/home/fdkit/GPL-AirCam-v1.2/openwrt/staging_dir/host/include -O2 -I/home/fdkit/GPL-AirCam-v1.2/openwrt/staging_dir/host/include -L/home/fdkit/GPL-AirCam-v1.2/openwrt/staging_dir/host/lib conftest.c  >&5
configure:3453: $? = 0
configure:3453: ./conftest
configure:3453: $? = 0
configure:3470: result: yes
configure:3489: checking whether stat accepts an empty string
configure:3509: x86_64-redhat-linux-gcc -o conftest -O2 -I/home/fdkit/GPL-AirCam-v1.2/openwrt/staging_dir/host/include -O2 -I/home/fdkit/GPL-AirCam-v1.2/openwrt/staging_dir/host/include -L/home/fdkit/GPL-AirCam-v1.2/openwrt/staging_dir/host/lib conftest.c  >&5
configure:3509: $? = 0
configure:3509: ./conftest
configure:3509: $? = 0
configure:3519: result: no
configure:3559: checking for a BSD-compatible install
configure:3627: result: /usr/bin/install -c
configure:3639: checking whether #! works in shell scripts
configure:3656: result: yes
configure:3708: checking for bash
configure:3727: found /bin/bash
configure:3739: result: /bin/bash
configure:3774: checking whether /bin/bash quoting works
configure:3777: result: yes
configure:3824: checking for gcp
configure:3858: result: no
configure:3824: checking for cp
configure:3843: found /home/fdkit/GPL-AirCam-v1.2/openwrt/staging_dir/host/bin/cp
configure:3855: result: /home/fdkit/GPL-AirCam-v1.2/openwrt/staging_dir/host/bin/cp
configure:3881: checking whether /home/fdkit/GPL-AirCam-v1.2/openwrt/staging_dir/host/bin/cp -l works
configure:3885: result: yes
configure:3930: checking for gdate
configure:3964: result: no
configure:3930: checking for date
configure:3949: found /bin/date
configure:3961: result: /bin/date
configure:3993: checking whether /bin/date --rfc-822 works
configure:3996: result: yes
configure:4043: checking for perl
configure:4062: found /usr/bin/perl
configure:4074: result: /usr/bin/perl
configure:4133: checking for grep
configure:4164: result: /bin/grep
configure:4185: checking whether /bin/grep -q works
configure:4188: result: yes
configure:4200: checking whether /bin/grep understands (foo|bar)
configure:4203: result: yes
configure:4249: checking for tail
configure:4268: found /usr/bin/tail
configure:4280: result: /usr/bin/tail
configure:4302: checking whether /usr/bin/tail -n works
configure:4305: result: yes
configure:4351: checking for tr
configure:4370: found /usr/bin/tr
configure:4382: result: /usr/bin/tr
configure:4403: checking whether /usr/bin/tr understands a-z 
configure:4406: result: yes
configure:4453: checking for sed
configure:4472: found /home/fdkit/GPL-AirCam-v1.2/openwrt/staging_dir/host/bin/sed
configure:4484: result: /home/fdkit/GPL-AirCam-v1.2/openwrt/staging_dir/host/bin/sed
configure:4505: checking whether /home/fdkit/GPL-AirCam-v1.2/openwrt/staging_dir/host/bin/sed understands (foo|bar)
configure:4508: result: yes
configure:4556: checking for gawk
configure:4575: found /bin/gawk
configure:4587: result: /bin/gawk
configure:4614: checking whether /bin/gawk supports sub
configure:4617: result: yes
configure:4644: checking for pod2man
configure:4662: found /usr/bin/pod2man
configure:4674: result: /usr/bin/pod2man
configure:4721: checking for column
configure:4740: found /usr/bin/column
configure:4752: result: /usr/bin/column
configure:4809: checking for getopt
configure:4828: found /usr/bin/getopt
configure:4840: result: /usr/bin/getopt
configure:4866: checking for getopt --long syntax
configure:4873: result: yes
configure:4920: checking for mktemp
configure:4939: found /bin/mktemp
configure:4951: result: /bin/mktemp
configure:4976: checking whether /bin/mktemp -d works
configure:4980: result: yes
configure:5027: checking for diff
configure:5046: found /usr/bin/diff
configure:5058: result: /usr/bin/diff
configure:5089: checking for patch
configure:5097: result: /usr/bin/patch
configure:5164: checking the version of /usr/bin/diff
configure:5169: result: 2.8.1
configure:5192: checking the version of /usr/bin/patch
configure:5201: result: 2.6
configure:5233: checking for find
configure:5241: result: /bin/find
configure:5307: checking whether /bin/find -path works
configure:5310: result: yes
configure:5351: checking for diffstat
configure:5385: result: no
configure:5393: WARNING: diffstat not found, some optional functionalities will be missing
configure:5478: checking for sendmail
configure:5512: result: no
configure:5535: WARNING: Using internal sendmail mechanism.  Use option '--with-sendmail' to override
configure:5547: checking for msgmerge
configure:5580: result: no
configure:5587: checking for msgfmt
configure:5620: result: no
configure:5627: checking for xgettext
configure:5660: result: no
configure:5667: checking for msguniq
configure:5700: result: no
configure:5707: checking for msgcat
configure:5740: result: no
configure:5778: Building without natural language support
configure:5820: checking for rpmbuild
configure:5839: found /usr/bin/rpmbuild
configure:5851: result: /usr/bin/rpmbuild
configure:6035: creating ./config.status

## ---------------------- ##
## Running config.status. ##
## ---------------------- ##

This file was extended by quilt config.status 0.48, which was
generated by GNU Autoconf 2.68.  Invocation command line was

  CONFIG_FILES    = 
  CONFIG_HEADERS  = 
  CONFIG_LINKS    = 
  CONFIG_COMMANDS = 
  $ ./config.status 

on discordy

config.status:768: creating Makefile
configure:7059: result: 
configure:7061: result: quilt version 0.48 configured.
configure:7063: result: 
configure:7065: result: Using '/home/fdkit/GPL-AirCam-v1.2/openwrt/staging_dir/host' for installation prefix.
configure:7074: result: 
configure:7076: result: Report bugs to quilt-dev@nongnu.org

## ---------------- ##
## Cache variables. ##
## ---------------- ##

ac_cv_c_compiler_gnu=yes
ac_cv_c_const=yes
ac_cv_env_CC_set=
ac_cv_env_CC_value=
ac_cv_env_CFLAGS_set=set
ac_cv_env_CFLAGS_value='-O2 -I/home/fdkit/GPL-AirCam-v1.2/openwrt/staging_dir/host/include'
ac_cv_env_CPPFLAGS_set=set
ac_cv_env_CPPFLAGS_value='-O2 -I/home/fdkit/GPL-AirCam-v1.2/openwrt/staging_dir/host/include'
ac_cv_env_CPP_set=
ac_cv_env_CPP_value=
ac_cv_env_LDFLAGS_set=set
ac_cv_env_LDFLAGS_value=-L/home/fdkit/GPL-AirCam-v1.2/openwrt/staging_dir/host/lib
ac_cv_env_LIBS_set=
ac_cv_env_LIBS_value=
ac_cv_env_build_alias_set=set
ac_cv_env_build_alias_value=x86_64-redhat-linux
ac_cv_env_host_alias_set=set
ac_cv_env_host_alias_value=x86_64-redhat-linux
ac_cv_env_target_alias_set=set
ac_cv_env_target_alias_value=x86_64-redhat-linux
ac_cv_func_chmod=yes
ac_cv_func_fchmod=yes
ac_cv_func_lstat_dereferences_slashed_symlink=yes
ac_cv_func_mkdir=yes
ac_cv_func_mkstemp=yes
ac_cv_func_rmdir=yes
ac_cv_func_stat_empty_string_bug=no
ac_cv_func_strchr=yes
ac_cv_func_strerror=yes
ac_cv_func_strrchr=yes
ac_cv_header_inttypes_h=yes
ac_cv_header_memory_h=yes
ac_cv_header_stdc=yes
ac_cv_header_stdint_h=yes
ac_cv_header_stdlib_h=yes
ac_cv_header_string_h=yes
ac_cv_header_strings_h=yes
ac_cv_header_sys_stat_h=yes
ac_cv_header_sys_types_h=yes
ac_cv_header_unistd_h=yes
ac_cv_objext=o
ac_cv_path_AWK=/bin/gawk
ac_cv_path_BASH=/bin/bash
ac_cv_path_COLUMN=/usr/bin/column
ac_cv_path_CP=/home/fdkit/GPL-AirCam-v1.2/openwrt/staging_dir/host/bin/cp
ac_cv_path_DATE=/bin/date
ac_cv_path_DIFF=/usr/bin/diff
ac_cv_path_EGREP='/bin/grep -E'
ac_cv_path_GETOPT=/usr/bin/getopt
ac_cv_path_GREP=/bin/grep
ac_cv_path_MKTEMP=/bin/mktemp
ac_cv_path_PERL=/usr/bin/perl
ac_cv_path_POD2MAN=/usr/bin/pod2man
ac_cv_path_RPMBUILD=/usr/bin/rpmbuild
ac_cv_path_SED=/home/fdkit/GPL-AirCam-v1.2/openwrt/staging_dir/host/bin/sed
ac_cv_path_TAIL=/usr/bin/tail
ac_cv_path_TR=/usr/bin/tr
ac_cv_path_install='/usr/bin/install -c'
ac_cv_prog_CC=x86_64-redhat-linux-gcc
ac_cv_prog_CPP='x86_64-redhat-linux-gcc -E'
ac_cv_prog_cc_c89=
ac_cv_prog_cc_g=yes
ac_cv_sys_interpreter=yes

## ----------------- ##
## Output variables. ##
## ----------------- ##

AWK='/bin/gawk'
BASH='/bin/bash'
CC='x86_64-redhat-linux-gcc'
CFLAGS='-O2 -I/home/fdkit/GPL-AirCam-v1.2/openwrt/staging_dir/host/include -Wall'
COLUMN='/usr/bin/column'
COMPAT_PROGRAMS=' sendmail'
COMPAT_SYMLINKS=' awk patch find'
CP='/home/fdkit/GPL-AirCam-v1.2/openwrt/staging_dir/host/bin/cp'
CPP='x86_64-redhat-linux-gcc -E'
CPPFLAGS='-O2 -I/home/fdkit/GPL-AirCam-v1.2/openwrt/staging_dir/host/include'
DATE='/bin/date'
DEFS='-DPACKAGE_NAME=\"quilt\" -DPACKAGE_TARNAME=\"quilt\" -DPACKAGE_VERSION=\"0.48\" -DPACKAGE_STRING=\"quilt\ 0.48\" -DPACKAGE_BUGREPORT=\"quilt-dev@nongnu.org\" -DPACKAGE_URL=\"\" -DSTDC_HEADERS=1 -DHAVE_FCHMOD=1 -DHAVE_CHMOD=1 -DHAVE_MKSTEMP=1 -DHAVE_MKDIR=1 -DHAVE_RMDIR=1 -DHAVE_STRCHR=1 -DHAVE_STRRCHR=1 -DHAVE_STRERROR=1 -DHAVE_SYS_TYPES_H=1 -DHAVE_SYS_STAT_H=1 -DHAVE_STDLIB_H=1 -DHAVE_STRING_H=1 -DHAVE_MEMORY_H=1 -DHAVE_STRINGS_H=1 -DHAVE_INTTYPES_H=1 -DHAVE_STDINT_H=1 -DHAVE_UNISTD_H=1 -DLSTAT_FOLLOWS_SLASHED_SYMLINK=1'
DIFF='/usr/bin/diff'
DIFFSTAT='diffstat'
ECHO_C=''
ECHO_N='-n'
ECHO_T=''
EGREP='/bin/grep -E'
EXEEXT=''
FIND='/bin/find'
GETOPT='/usr/bin/getopt'
GREP='/bin/grep'
INSTALL_DATA='${INSTALL} -m 644'
INSTALL_PROGRAM='${INSTALL}'
INSTALL_SCRIPT='${INSTALL}'
LDFLAGS='-L/home/fdkit/GPL-AirCam-v1.2/openwrt/staging_dir/host/lib'
LIBOBJS=''
LIBS=''
LTLIBOBJS=''
MKTEMP='/bin/mktemp'
MSGCAT=''
MSGFMT=''
MSGMERGE=''
MSGUNIQ=''
OBJEXT='o'
PACKAGE_BUGREPORT='quilt-dev@nongnu.org'
PACKAGE_NAME='quilt'
PACKAGE_RELEASE='1'
PACKAGE_STRING='quilt 0.48'
PACKAGE_TARNAME='quilt'
PACKAGE_URL=''
PACKAGE_VERSION='0.48'
PATCH='/usr/bin/patch'
PATCH_WRAPPER='/bin/find'
PATH_SEPARATOR=':'
PERL='/usr/bin/perl'
POD2MAN='/usr/bin/pod2man'
RPMBUILD='/usr/bin/rpmbuild'
SED='/home/fdkit/GPL-AirCam-v1.2/openwrt/staging_dir/host/bin/sed'
SENDMAIL='sendmail'
SHELL='/bin/bash'
TAIL='/usr/bin/tail'
TR='/usr/bin/tr'
USE_NLS='no'
XGETTEXT=''
ac_ct_CC=''
bindir='${exec_prefix}/bin'
build_alias='x86_64-redhat-linux'
datadir='${datarootdir}'
datarootdir='${prefix}/share'
docdir='$(datadir)/doc'
dvidir='${docdir}'
exec_prefix='/home/fdkit/GPL-AirCam-v1.2/openwrt/staging_dir/host'
host_alias='x86_64-redhat-linux'
htmldir='${docdir}'
includedir='${prefix}/include'
infodir='${datarootdir}/info'
libdir='${exec_prefix}/lib'
libexecdir='${exec_prefix}/libexec'
localedir='${datarootdir}/locale'
localstatedir='/home/fdkit/GPL-AirCam-v1.2/openwrt/staging_dir/host/var'
mandir='${datarootdir}/man'
oldincludedir='/usr/include'
pdfdir='${docdir}'
prefix='/home/fdkit/GPL-AirCam-v1.2/openwrt/staging_dir/host'
program_transform_name='s,x,x,'
psdir='${docdir}'
sbindir='/home/fdkit/GPL-AirCam-v1.2/openwrt/staging_dir/host/bin'
sharedstatedir='${prefix}/com'
sysconfdir='/home/fdkit/GPL-AirCam-v1.2/openwrt/staging_dir/host/etc'
target_alias='x86_64-redhat-linux'

## ----------- ##
## confdefs.h. ##
## ----------- ##

/* confdefs.h */
#define PACKAGE_NAME "quilt"
#define PACKAGE_TARNAME "quilt"
#define PACKAGE_VERSION "0.48"
#define PACKAGE_STRING "quilt 0.48"
#define PACKAGE_BUGREPORT "quilt-dev@nongnu.org"
#define PACKAGE_URL ""
#define STDC_HEADERS 1
#define HAVE_FCHMOD 1
#define HAVE_CHMOD 1
#define HAVE_MKSTEMP 1
#define HAVE_MKDIR 1
#define HAVE_RMDIR 1
#define HAVE_STRCHR 1
#define HAVE_STRRCHR 1
#define HAVE_STRERROR 1
#define HAVE_SYS_TYPES_H 1
#define HAVE_SYS_STAT_H 1
#define HAVE_STDLIB_H 1
#define HAVE_STRING_H 1
#define HAVE_MEMORY_H 1
#define HAVE_STRINGS_H 1
#define HAVE_INTTYPES_H 1
#define HAVE_STDINT_H 1
#define HAVE_UNISTD_H 1
#define LSTAT_FOLLOWS_SLASHED_SYMLINK 1

configure: exit 0
