This file contains any messages produced by compilers while
running configure, to aid debugging if configure makes a mistake.

It was created by GNU Automake configure 1.11.1, which was
generated by GNU Autoconf 2.65.  Invocation command line was

  $ ./configure CFLAGS=-O2 -I/home/fdkit/GPL-AirCam-v1.2/openwrt/staging_dir/host/include CPPFLAGS=-O2 -I/home/fdkit/GPL-AirCam-v1.2/openwrt/staging_dir/host/include LDFLAGS=-L/home/fdkit/GPL-AirCam-v1.2/openwrt/staging_dir/host/lib SHELL=/bin/bash --target=x86_64-redhat-linux --host=x86_64-redhat-linux --build=x86_64-redhat-linux --program-prefix= --program-suffix= --prefix=/home/fdkit/GPL-AirCam-v1.2/openwrt/staging_dir/host --exec-prefix=/home/fdkit/GPL-AirCam-v1.2/openwrt/staging_dir/host --sysconfdir=/home/fdkit/GPL-AirCam-v1.2/openwrt/staging_dir/host/etc --localstatedir=/home/fdkit/GPL-AirCam-v1.2/openwrt/staging_dir/host/var --sbindir=/home/fdkit/GPL-AirCam-v1.2/openwrt/staging_dir/host/bin --datarootdir=/home/fdkit/GPL-AirCam-v1.2/openwrt/staging_dir/host/share

## --------- ##
## Platform. ##
## --------- ##

hostname = discordy
uname -m = x86_64
uname -r = 2.6.32-358.6.2.el6.x86_64
uname -s = Linux
uname -v = #1 SMP Thu May 16 20:59:36 UTC 2013

/usr/bin/uname -p = unknown
/bin/uname -X     = unknown

/bin/arch              = x86_64
/usr/bin/arch -k       = unknown
/usr/convex/getsysinfo = unknown
/usr/bin/hostinfo      = unknown
/bin/machine           = unknown
/usr/bin/oslevel       = unknown
/bin/universe          = unknown

PATH: /home/fdkit/GPL-AirCam-v1.2/openwrt/staging_dir/toolchain-arm_v5te_gcc-linaro_uClibc-0.9.32_eabi/bin
PATH: /home/fdkit/GPL-AirCam-v1.2/openwrt/staging_dir/host/bin
PATH: /home/fdkit/GPL-AirCam-v1.2/openwrt/staging_dir/toolchain-arm_v5te_gcc-linaro_uClibc-0.9.32_eabi/bin
PATH: /home/fdkit/GPL-AirCam-v1.2/openwrt/staging_dir/host/bin
PATH: /home/fdkit/GPL-AirCam-v1.2/openwrt/staging_dir/toolchain-arm_v5te_gcc-linaro_uClibc-0.9.32_eabi/bin
PATH: /home/fdkit/GPL-AirCam-v1.2/openwrt/staging_dir/host/bin
PATH: /usr/local/bin
PATH: /bin
PATH: /usr/bin
PATH: /usr/local/sbin
PATH: /usr/sbin
PATH: /sbin
PATH: /home/fdkit/bin


## ----------- ##
## Core tests. ##
## ----------- ##

configure:1722: checking build system type
configure:1736: result: x86_64-redhat-linux-gnu
configure:1781: checking for a BSD-compatible install
configure:1849: result: /usr/bin/install -c
configure:1860: checking whether build environment is sane
configure:1910: result: yes
configure:2051: checking for a thread-safe mkdir -p
configure:2090: result: /bin/mkdir -p
configure:2103: checking for gawk
configure:2119: found /bin/gawk
configure:2130: result: gawk
configure:2141: checking whether make sets $(MAKE)
configure:2163: result: yes
configure:2265: checking for perl
configure:2283: found /usr/bin/perl
configure:2295: result: /usr/bin/perl
configure:2314: checking whether /usr/bin/perl supports ithreads
configure:2337: result: yes
configure:2349: checking for tex
configure:2379: result: no
configure:2396: checking whether autoconf is installed
configure:2401: eval autoconf --version
autoconf (GNU Autoconf) 2.68
Copyright (C) 2010 Free Software Foundation, Inc.
License GPLv3+/Autoconf: GNU GPL version 3 or later
<http://gnu.org/licenses/gpl.html>, <http://gnu.org/licenses/exceptions.html>
This is free software: you are free to change and redistribute it.
There is NO WARRANTY, to the extent permitted by law.

Written by David J. MacKenzie and Akim Demaille.
configure:2404: $? = 0
configure:2412: result: yes
configure:2419: checking whether autoconf works
configure:2426: cd conftest && eval autoconf -o /dev/null conftest.ac
configure:2429: $? = 0
configure:2438: result: yes
configure:2445: checking whether autoconf is recent enough
configure:2452: cd conftest && eval autoconf -o /dev/null conftest.ac
configure:2455: $? = 0
configure:2464: result: yes
configure:2471: checking whether ln works
configure:2491: result: yes
configure:2506: checking for grep that handles long lines and -e
configure:2564: result: /bin/grep
configure:2569: checking for egrep
configure:2631: result: /bin/grep -E
configure:2636: checking for fgrep
configure:2698: result: /bin/grep -F
configure:2704: checking whether /bin/sh has working 'set -e' with exit trap
configure:2717: result: yes
configure:2876: creating ./config.status

## ---------------------- ##
## Running config.status. ##
## ---------------------- ##

This file was extended by GNU Automake config.status 1.11.1, which was
generated by GNU Autoconf 2.65.  Invocation command line was

  CONFIG_FILES    = 
  CONFIG_HEADERS  = 
  CONFIG_LINKS    = 
  CONFIG_COMMANDS = 
  $ ./config.status 

on discordy

config.status:778: creating Makefile
config.status:778: creating doc/Makefile
config.status:778: creating lib/Automake/Makefile
config.status:778: creating lib/Automake/tests/Makefile
config.status:778: creating lib/Makefile
config.status:778: creating lib/am/Makefile
config.status:778: creating m4/Makefile
config.status:778: creating tests/Makefile
config.status:778: creating tests/defs
config.status:778: creating tests/aclocal-1.11
config.status:778: creating tests/automake-1.11

## ---------------- ##
## Cache variables. ##
## ---------------- ##

ac_cv_build=x86_64-redhat-linux-gnu
ac_cv_env_build_alias_set=set
ac_cv_env_build_alias_value=x86_64-redhat-linux
ac_cv_env_host_alias_set=set
ac_cv_env_host_alias_value=x86_64-redhat-linux
ac_cv_env_target_alias_set=set
ac_cv_env_target_alias_value=x86_64-redhat-linux
ac_cv_path_EGREP='/bin/grep -E'
ac_cv_path_FGREP='/bin/grep -F'
ac_cv_path_GREP=/bin/grep
ac_cv_path_PERL=/usr/bin/perl
ac_cv_path_install='/usr/bin/install -c'
ac_cv_path_mkdir=/bin/mkdir
ac_cv_prog_AWK=gawk
ac_cv_prog_make_make_set=yes
am_cv_autoconf_installed=yes
am_cv_autoconf_version=yes
am_cv_autoconf_works=yes
am_cv_prog_PERL_ithreads=yes
am_cv_prog_ln=ln
am_cv_sh_errexit_works=yes

## ----------------- ##
## Output variables. ##
## ----------------- ##

ACLOCAL='perllibdir="/home/fdkit/GPL-AirCam-v1.2/openwrt/build_dir/host/automake-1.11.1/lib:./lib" "/home/fdkit/GPL-AirCam-v1.2/openwrt/build_dir/host/automake-1.11.1/aclocal" --acdir=m4 -I m4'
AMTAR='${SHELL} /home/fdkit/GPL-AirCam-v1.2/openwrt/build_dir/host/automake-1.11.1/lib/missing --run tar'
APIVERSION='1.11'
AUTOCONF='${SHELL} /home/fdkit/GPL-AirCam-v1.2/openwrt/build_dir/host/automake-1.11.1/lib/missing --run autoconf'
AUTOHEADER='${SHELL} /home/fdkit/GPL-AirCam-v1.2/openwrt/build_dir/host/automake-1.11.1/lib/missing --run autoheader'
AUTOMAKE='perllibdir="/home/fdkit/GPL-AirCam-v1.2/openwrt/build_dir/host/automake-1.11.1/lib:./lib" "/home/fdkit/GPL-AirCam-v1.2/openwrt/build_dir/host/automake-1.11.1/automake" --libdir=lib'
AWK='gawk'
CYGPATH_W='echo'
DEFS='-DPACKAGE_NAME=\"GNU\ Automake\" -DPACKAGE_TARNAME=\"automake\" -DPACKAGE_VERSION=\"1.11.1\" -DPACKAGE_STRING=\"GNU\ Automake\ 1.11.1\" -DPACKAGE_BUGREPORT=\"bug-automake@gnu.org\" -DPACKAGE_URL=\"http://www.gnu.org/software/automake/\" -DPACKAGE=\"automake\" -DVERSION=\"1.11.1\"'
ECHO_C=''
ECHO_N='-n'
ECHO_T=''
EGREP='/bin/grep -E'
FGREP='/bin/grep -F'
GREP='/bin/grep'
HELP2MAN='${SHELL} /home/fdkit/GPL-AirCam-v1.2/openwrt/build_dir/host/automake-1.11.1/lib/missing --run help2man'
INSTALL_DATA='${INSTALL} -m 644'
INSTALL_PROGRAM='${INSTALL}'
INSTALL_SCRIPT='${INSTALL}'
INSTALL_STRIP_PROGRAM='$(install_sh) -c -s'
LIBOBJS=''
LIBS=''
LN='ln'
LTLIBOBJS=''
MAKEINFO='${SHELL} /home/fdkit/GPL-AirCam-v1.2/openwrt/build_dir/host/automake-1.11.1/lib/missing --run makeinfo'
MKDIR_P='/bin/mkdir -p'
MODIFICATION_DELAY='2'
PACKAGE='automake'
PACKAGE_BUGREPORT='bug-automake@gnu.org'
PACKAGE_NAME='GNU Automake'
PACKAGE_STRING='GNU Automake 1.11.1'
PACKAGE_TARNAME='automake'
PACKAGE_URL='http://www.gnu.org/software/automake/'
PACKAGE_VERSION='1.11.1'
PATH_SEPARATOR=':'
PERL='/usr/bin/perl'
PERL_THREADS='1'
SET_MAKE=''
SHELL='/bin/bash'
STRIP=''
TEX=''
VERSION='1.11.1'
am_AUTOCONF='autoconf'
am_AUTOHEADER='autoheader'
am__isrc=''
am__leading_dot='.'
am__tar='${AMTAR} chof - "$$tardir"'
am__untar='${AMTAR} xf -'
bindir='${exec_prefix}/bin'
build='x86_64-redhat-linux-gnu'
build_alias='x86_64-redhat-linux'
build_cpu='x86_64'
build_os='linux-gnu'
build_vendor='redhat'
datadir='${datarootdir}'
datarootdir='/home/fdkit/GPL-AirCam-v1.2/openwrt/staging_dir/host/share'
docdir='${datarootdir}/doc/${PACKAGE_TARNAME}'
dvidir='${docdir}'
exec_prefix='/home/fdkit/GPL-AirCam-v1.2/openwrt/staging_dir/host'
host_alias='x86_64-redhat-linux'
htmldir='${docdir}'
includedir='${prefix}/include'
infodir='${datarootdir}/info'
install_sh='${SHELL} /home/fdkit/GPL-AirCam-v1.2/openwrt/build_dir/host/automake-1.11.1/lib/install-sh'
libdir='${exec_prefix}/lib'
libexecdir='${exec_prefix}/libexec'
localedir='${datarootdir}/locale'
localstatedir='/home/fdkit/GPL-AirCam-v1.2/openwrt/staging_dir/host/var'
mandir='${datarootdir}/man'
mkdir_p='/bin/mkdir -p'
oldincludedir='/usr/include'
pdfdir='${docdir}'
pkgvdatadir='${datadir}/automake-1.11'
prefix='/home/fdkit/GPL-AirCam-v1.2/openwrt/staging_dir/host'
program_transform_name='s&$$&&;s&^&&'
psdir='${docdir}'
sbindir='/home/fdkit/GPL-AirCam-v1.2/openwrt/staging_dir/host/bin'
sh_errexit_works='yes'
sharedstatedir='${prefix}/com'
sysconfdir='/home/fdkit/GPL-AirCam-v1.2/openwrt/staging_dir/host/etc'
target_alias='x86_64-redhat-linux'

## ----------- ##
## confdefs.h. ##
## ----------- ##

/* confdefs.h */
#define PACKAGE_NAME "GNU Automake"
#define PACKAGE_TARNAME "automake"
#define PACKAGE_VERSION "1.11.1"
#define PACKAGE_STRING "GNU Automake 1.11.1"
#define PACKAGE_BUGREPORT "bug-automake@gnu.org"
#define PACKAGE_URL "http://www.gnu.org/software/automake/"
#define PACKAGE "automake"
#define VERSION "1.11.1"

configure: exit 0
