This file contains any messages produced by compilers while
running configure, to aid debugging if configure makes a mistake.

It was created by MPFR configure 3.0.0, which was
generated by GNU Autoconf 2.68.  Invocation command line was

  $ ./configure CFLAGS=-O2 -I/home/fdkit/GPL-AirCam-v1.2/openwrt/staging_dir/host/include CPPFLAGS=-O2 -I/home/fdkit/GPL-AirCam-v1.2/openwrt/staging_dir/host/include LDFLAGS=-L/home/fdkit/GPL-AirCam-v1.2/openwrt/staging_dir/host/lib SHELL=/bin/bash --target=x86_64-redhat-linux --host=x86_64-redhat-linux --build=x86_64-redhat-linux --program-prefix= --program-suffix= --prefix=/home/fdkit/GPL-AirCam-v1.2/openwrt/staging_dir/host --exec-prefix=/home/fdkit/GPL-AirCam-v1.2/openwrt/staging_dir/host --sysconfdir=/home/fdkit/GPL-AirCam-v1.2/openwrt/staging_dir/host/etc --localstatedir=/home/fdkit/GPL-AirCam-v1.2/openwrt/staging_dir/host/var --sbindir=/home/fdkit/GPL-AirCam-v1.2/openwrt/staging_dir/host/bin --enable-static --disable-shared --with-gmp=/home/fdkit/GPL-AirCam-v1.2/openwrt/staging_dir/host

## --------- ##
## Platform. ##
## --------- ##

hostname = discordy
uname -m = x86_64
uname -r = 2.6.32-358.6.2.el6.x86_64
uname -s = Linux
uname -v = #1 SMP Thu May 16 20:59:36 UTC 2013

/usr/bin/uname -p = unknown
/bin/uname -X     = unknown

/bin/arch              = x86_64
/usr/bin/arch -k       = unknown
/usr/convex/getsysinfo = unknown
/usr/bin/hostinfo      = unknown
/bin/machine           = unknown
/usr/bin/oslevel       = unknown
/bin/universe          = unknown

PATH: /home/fdkit/GPL-AirCam-v1.2/openwrt/staging_dir/toolchain-arm_v5te_gcc-linaro_uClibc-0.9.32_eabi/bin
PATH: /home/fdkit/GPL-AirCam-v1.2/openwrt/staging_dir/host/bin
PATH: /home/fdkit/GPL-AirCam-v1.2/openwrt/staging_dir/toolchain-arm_v5te_gcc-linaro_uClibc-0.9.32_eabi/bin
PATH: /home/fdkit/GPL-AirCam-v1.2/openwrt/staging_dir/host/bin
PATH: /home/fdkit/GPL-AirCam-v1.2/openwrt/staging_dir/toolchain-arm_v5te_gcc-linaro_uClibc-0.9.32_eabi/bin
PATH: /home/fdkit/GPL-AirCam-v1.2/openwrt/staging_dir/host/bin
PATH: /usr/local/bin
PATH: /bin
PATH: /usr/bin
PATH: /usr/local/sbin
PATH: /usr/sbin
PATH: /sbin
PATH: /home/fdkit/bin


## ----------- ##
## Core tests. ##
## ----------- ##

configure:2529: checking for a BSD-compatible install
configure:2597: result: /usr/bin/install -c
configure:2608: checking whether build environment is sane
configure:2658: result: yes
configure:2799: checking for a thread-safe mkdir -p
configure:2838: result: /bin/mkdir -p
configure:2851: checking for gawk
configure:2867: found /bin/gawk
configure:2878: result: gawk
configure:2889: checking whether make sets $(MAKE)
configure:2911: result: yes
configure:2983: checking whether to disable maintainer-specific portions of Makefiles
configure:2992: result: yes
configure:3015: checking build system type
configure:3029: result: x86_64-redhat-linux-gnu
configure:3049: checking host system type
configure:3062: result: x86_64-redhat-linux-gnu
configure:3224: checking for grep that handles long lines and -e
configure:3282: result: /bin/grep
configure:3287: checking for egrep
configure:3349: result: /bin/grep -E
configure:3354: checking for a sed that does not truncate output
configure:3418: result: /home/fdkit/GPL-AirCam-v1.2/openwrt/staging_dir/host/bin/sed
configure:3487: checking for x86_64-redhat-linux-gcc
configure:3503: found /usr/bin/x86_64-redhat-linux-gcc
configure:3514: result: x86_64-redhat-linux-gcc
configure:3783: checking for C compiler version
configure:3792: x86_64-redhat-linux-gcc --version >&5
x86_64-redhat-linux-gcc (GCC) 4.4.7 20120313 (Red Hat 4.4.7-3)
Copyright (C) 2010 Free Software Foundation, Inc.
This is free software; see the source for copying conditions.  There is NO
warranty; not even for MERCHANTABILITY or FITNESS FOR A PARTICULAR PURPOSE.

configure:3803: $? = 0
configure:3792: x86_64-redhat-linux-gcc -v >&5
Using built-in specs.
Target: x86_64-redhat-linux
Configured with: ../configure --prefix=/usr --mandir=/usr/share/man --infodir=/usr/share/info --with-bugurl=http://bugzilla.redhat.com/bugzilla --enable-bootstrap --enable-shared --enable-threads=posix --enable-checking=release --with-system-zlib --enable-__cxa_atexit --disable-libunwind-exceptions --enable-gnu-unique-object --enable-languages=c,c++,objc,obj-c++,java,fortran,ada --enable-java-awt=gtk --disable-dssi --with-java-home=/usr/lib/jvm/java-1.5.0-gcj-1.5.0.0/jre --enable-libgcj-multifile --enable-java-maintainer-mode --with-ecj-jar=/usr/share/java/eclipse-ecj.jar --disable-libjava-multilib --with-ppl --with-cloog --with-tune=generic --with-arch_32=i686 --build=x86_64-redhat-linux
Thread model: posix
gcc version 4.4.7 20120313 (Red Hat 4.4.7-3) (GCC) 
configure:3803: $? = 0
configure:3792: x86_64-redhat-linux-gcc -V >&5
x86_64-redhat-linux-gcc: '-V' option must have argument
configure:3803: $? = 1
configure:3792: x86_64-redhat-linux-gcc -qversion >&5
x86_64-redhat-linux-gcc: unrecognized option '-qversion'
x86_64-redhat-linux-gcc: no input files
configure:3803: $? = 1
configure:3823: checking whether the C compiler works
configure:3845: x86_64-redhat-linux-gcc -O2 -I/home/fdkit/GPL-AirCam-v1.2/openwrt/staging_dir/host/include -O2 -I/home/fdkit/GPL-AirCam-v1.2/openwrt/staging_dir/host/include -I/home/fdkit/GPL-AirCam-v1.2/openwrt/staging_dir/host/include -L/home/fdkit/GPL-AirCam-v1.2/openwrt/staging_dir/host/lib -L/home/fdkit/GPL-AirCam-v1.2/openwrt/staging_dir/host/lib conftest.c  >&5
configure:3849: $? = 0
configure:3897: result: yes
configure:3900: checking for C compiler default output file name
configure:3902: result: a.out
configure:3908: checking for suffix of executables
configure:3915: x86_64-redhat-linux-gcc -o conftest -O2 -I/home/fdkit/GPL-AirCam-v1.2/openwrt/staging_dir/host/include -O2 -I/home/fdkit/GPL-AirCam-v1.2/openwrt/staging_dir/host/include -I/home/fdkit/GPL-AirCam-v1.2/openwrt/staging_dir/host/include -L/home/fdkit/GPL-AirCam-v1.2/openwrt/staging_dir/host/lib -L/home/fdkit/GPL-AirCam-v1.2/openwrt/staging_dir/host/lib conftest.c  >&5
configure:3919: $? = 0
configure:3941: result: 
configure:3963: checking whether we are cross compiling
configure:3971: x86_64-redhat-linux-gcc -o conftest -O2 -I/home/fdkit/GPL-AirCam-v1.2/openwrt/staging_dir/host/include -O2 -I/home/fdkit/GPL-AirCam-v1.2/openwrt/staging_dir/host/include -I/home/fdkit/GPL-AirCam-v1.2/openwrt/staging_dir/host/include -L/home/fdkit/GPL-AirCam-v1.2/openwrt/staging_dir/host/lib -L/home/fdkit/GPL-AirCam-v1.2/openwrt/staging_dir/host/lib conftest.c  >&5
configure:3975: $? = 0
configure:3982: ./conftest
configure:3986: $? = 0
configure:4001: result: no
configure:4006: checking for suffix of object files
configure:4028: x86_64-redhat-linux-gcc -c -O2 -I/home/fdkit/GPL-AirCam-v1.2/openwrt/staging_dir/host/include -O2 -I/home/fdkit/GPL-AirCam-v1.2/openwrt/staging_dir/host/include -I/home/fdkit/GPL-AirCam-v1.2/openwrt/staging_dir/host/include conftest.c >&5
configure:4032: $? = 0
configure:4053: result: o
configure:4057: checking whether we are using the GNU C compiler
configure:4076: x86_64-redhat-linux-gcc -c -O2 -I/home/fdkit/GPL-AirCam-v1.2/openwrt/staging_dir/host/include -O2 -I/home/fdkit/GPL-AirCam-v1.2/openwrt/staging_dir/host/include -I/home/fdkit/GPL-AirCam-v1.2/openwrt/staging_dir/host/include conftest.c >&5
configure:4076: $? = 0
configure:4085: result: yes
configure:4094: checking whether x86_64-redhat-linux-gcc accepts -g
configure:4114: x86_64-redhat-linux-gcc -c -g -O2 -I/home/fdkit/GPL-AirCam-v1.2/openwrt/staging_dir/host/include -I/home/fdkit/GPL-AirCam-v1.2/openwrt/staging_dir/host/include conftest.c >&5
configure:4114: $? = 0
configure:4155: result: yes
configure:4172: checking for x86_64-redhat-linux-gcc option to accept ISO C89
configure:4236: x86_64-redhat-linux-gcc  -c -O2 -I/home/fdkit/GPL-AirCam-v1.2/openwrt/staging_dir/host/include -O2 -I/home/fdkit/GPL-AirCam-v1.2/openwrt/staging_dir/host/include -I/home/fdkit/GPL-AirCam-v1.2/openwrt/staging_dir/host/include conftest.c >&5
configure:4236: $? = 0
configure:4249: result: none needed
configure:4280: checking for style of include used by make
configure:4308: result: GNU
configure:4333: checking dependency style of x86_64-redhat-linux-gcc
configure:4443: result: gcc3
configure:4463: checking how to run the C preprocessor
configure:4494: x86_64-redhat-linux-gcc -E -O2 -I/home/fdkit/GPL-AirCam-v1.2/openwrt/staging_dir/host/include -I/home/fdkit/GPL-AirCam-v1.2/openwrt/staging_dir/host/include conftest.c
configure:4494: $? = 0
configure:4508: x86_64-redhat-linux-gcc -E -O2 -I/home/fdkit/GPL-AirCam-v1.2/openwrt/staging_dir/host/include -I/home/fdkit/GPL-AirCam-v1.2/openwrt/staging_dir/host/include conftest.c
conftest.c:9:28: error: ac_nonexistent.h: No such file or directory
configure:4508: $? = 1
configure: failed program was:
| /* confdefs.h */
| #define PACKAGE_NAME "MPFR"
| #define PACKAGE_TARNAME "mpfr"
| #define PACKAGE_VERSION "3.0.0"
| #define PACKAGE_STRING "MPFR 3.0.0"
| #define PACKAGE_BUGREPORT ""
| #define PACKAGE_URL ""
| /* end confdefs.h.  */
| #include <ac_nonexistent.h>
configure:4533: result: x86_64-redhat-linux-gcc -E
configure:4553: x86_64-redhat-linux-gcc -E -O2 -I/home/fdkit/GPL-AirCam-v1.2/openwrt/staging_dir/host/include -I/home/fdkit/GPL-AirCam-v1.2/openwrt/staging_dir/host/include conftest.c
configure:4553: $? = 0
configure:4567: x86_64-redhat-linux-gcc -E -O2 -I/home/fdkit/GPL-AirCam-v1.2/openwrt/staging_dir/host/include -I/home/fdkit/GPL-AirCam-v1.2/openwrt/staging_dir/host/include conftest.c
conftest.c:9:28: error: ac_nonexistent.h: No such file or directory
configure:4567: $? = 1
configure: failed program was:
| /* confdefs.h */
| #define PACKAGE_NAME "MPFR"
| #define PACKAGE_TARNAME "mpfr"
| #define PACKAGE_VERSION "3.0.0"
| #define PACKAGE_STRING "MPFR 3.0.0"
| #define PACKAGE_BUGREPORT ""
| #define PACKAGE_URL ""
| /* end confdefs.h.  */
| #include <ac_nonexistent.h>
configure:4706: checking for ICC
configure:4724: x86_64-redhat-linux-gcc -c -O2 -I/home/fdkit/GPL-AirCam-v1.2/openwrt/staging_dir/host/include -O2 -I/home/fdkit/GPL-AirCam-v1.2/openwrt/staging_dir/host/include -I/home/fdkit/GPL-AirCam-v1.2/openwrt/staging_dir/host/include conftest.c >&5
conftest.c:11:3: error: #error "ICC Not Found"
conftest.c:15: error: expected '=', ',', ';', 'asm' or '__attribute__' before 'int'
configure:4724: $? = 1
configure: failed program was:
| /* confdefs.h */
| #define PACKAGE_NAME "MPFR"
| #define PACKAGE_TARNAME "mpfr"
| #define PACKAGE_VERSION "3.0.0"
| #define PACKAGE_STRING "MPFR 3.0.0"
| #define PACKAGE_BUGREPORT ""
| #define PACKAGE_URL ""
| /* end confdefs.h.  */
| 
| #if !defined(__ICC)
| # error "ICC Not Found"
| error
| #endif
| 
| int
| main ()
| {
| 
|   ;
|   return 0;
| }
configure:4731: result: no
configure:4744: checking whether x86_64-redhat-linux-gcc and cc understand -c and -o together
configure:4775: x86_64-redhat-linux-gcc -c conftest.c -o conftest2.o >&5
configure:4779: $? = 0
configure:4785: x86_64-redhat-linux-gcc -c conftest.c -o conftest2.o >&5
configure:4789: $? = 0
configure:4800: cc -c conftest.c >&5
configure:4804: $? = 0
configure:4812: cc -c conftest.c -o conftest2.o >&5
configure:4816: $? = 0
configure:4822: cc -c conftest.c -o conftest2.o >&5
configure:4826: $? = 0
configure:4844: result: yes
configure:4869: checking for function prototypes
configure:4872: result: yes
configure:4886: checking for ANSI C header files
configure:4906: x86_64-redhat-linux-gcc -c -O2 -I/home/fdkit/GPL-AirCam-v1.2/openwrt/staging_dir/host/include -O2 -I/home/fdkit/GPL-AirCam-v1.2/openwrt/staging_dir/host/include -I/home/fdkit/GPL-AirCam-v1.2/openwrt/staging_dir/host/include conftest.c >&5
configure:4906: $? = 0
configure:4979: x86_64-redhat-linux-gcc -o conftest -O2 -I/home/fdkit/GPL-AirCam-v1.2/openwrt/staging_dir/host/include -O2 -I/home/fdkit/GPL-AirCam-v1.2/openwrt/staging_dir/host/include -I/home/fdkit/GPL-AirCam-v1.2/openwrt/staging_dir/host/include -L/home/fdkit/GPL-AirCam-v1.2/openwrt/staging_dir/host/lib -L/home/fdkit/GPL-AirCam-v1.2/openwrt/staging_dir/host/lib conftest.c  >&5
configure:4979: $? = 0
configure:4979: ./conftest
configure:4979: $? = 0
configure:4990: result: yes
configure:5003: checking for sys/types.h
configure:5003: x86_64-redhat-linux-gcc -c -O2 -I/home/fdkit/GPL-AirCam-v1.2/openwrt/staging_dir/host/include -O2 -I/home/fdkit/GPL-AirCam-v1.2/openwrt/staging_dir/host/include -I/home/fdkit/GPL-AirCam-v1.2/openwrt/staging_dir/host/include conftest.c >&5
configure:5003: $? = 0
configure:5003: result: yes
configure:5003: checking for sys/stat.h
configure:5003: x86_64-redhat-linux-gcc -c -O2 -I/home/fdkit/GPL-AirCam-v1.2/openwrt/staging_dir/host/include -O2 -I/home/fdkit/GPL-AirCam-v1.2/openwrt/staging_dir/host/include -I/home/fdkit/GPL-AirCam-v1.2/openwrt/staging_dir/host/include conftest.c >&5
configure:5003: $? = 0
configure:5003: result: yes
configure:5003: checking for stdlib.h
configure:5003: x86_64-redhat-linux-gcc -c -O2 -I/home/fdkit/GPL-AirCam-v1.2/openwrt/staging_dir/host/include -O2 -I/home/fdkit/GPL-AirCam-v1.2/openwrt/staging_dir/host/include -I/home/fdkit/GPL-AirCam-v1.2/openwrt/staging_dir/host/include conftest.c >&5
configure:5003: $? = 0
configure:5003: result: yes
configure:5003: checking for string.h
configure:5003: x86_64-redhat-linux-gcc -c -O2 -I/home/fdkit/GPL-AirCam-v1.2/openwrt/staging_dir/host/include -O2 -I/home/fdkit/GPL-AirCam-v1.2/openwrt/staging_dir/host/include -I/home/fdkit/GPL-AirCam-v1.2/openwrt/staging_dir/host/include conftest.c >&5
configure:5003: $? = 0
configure:5003: result: yes
configure:5003: checking for memory.h
configure:5003: x86_64-redhat-linux-gcc -c -O2 -I/home/fdkit/GPL-AirCam-v1.2/openwrt/staging_dir/host/include -O2 -I/home/fdkit/GPL-AirCam-v1.2/openwrt/staging_dir/host/include -I/home/fdkit/GPL-AirCam-v1.2/openwrt/staging_dir/host/include conftest.c >&5
configure:5003: $? = 0
configure:5003: result: yes
configure:5003: checking for strings.h
configure:5003: x86_64-redhat-linux-gcc -c -O2 -I/home/fdkit/GPL-AirCam-v1.2/openwrt/staging_dir/host/include -O2 -I/home/fdkit/GPL-AirCam-v1.2/openwrt/staging_dir/host/include -I/home/fdkit/GPL-AirCam-v1.2/openwrt/staging_dir/host/include conftest.c >&5
configure:5003: $? = 0
configure:5003: result: yes
configure:5003: checking for inttypes.h
configure:5003: x86_64-redhat-linux-gcc -c -O2 -I/home/fdkit/GPL-AirCam-v1.2/openwrt/staging_dir/host/include -O2 -I/home/fdkit/GPL-AirCam-v1.2/openwrt/staging_dir/host/include -I/home/fdkit/GPL-AirCam-v1.2/openwrt/staging_dir/host/include conftest.c >&5
configure:5003: $? = 0
configure:5003: result: yes
configure:5003: checking for stdint.h
configure:5003: x86_64-redhat-linux-gcc -c -O2 -I/home/fdkit/GPL-AirCam-v1.2/openwrt/staging_dir/host/include -O2 -I/home/fdkit/GPL-AirCam-v1.2/openwrt/staging_dir/host/include -I/home/fdkit/GPL-AirCam-v1.2/openwrt/staging_dir/host/include conftest.c >&5
configure:5003: $? = 0
configure:5003: result: yes
configure:5003: checking for unistd.h
configure:5003: x86_64-redhat-linux-gcc -c -O2 -I/home/fdkit/GPL-AirCam-v1.2/openwrt/staging_dir/host/include -O2 -I/home/fdkit/GPL-AirCam-v1.2/openwrt/staging_dir/host/include -I/home/fdkit/GPL-AirCam-v1.2/openwrt/staging_dir/host/include conftest.c >&5
configure:5003: $? = 0
configure:5003: result: yes
configure:5025: checking for string.h
configure:5025: result: yes
configure:5071: checking for an ANSI C-conforming const
configure:5136: x86_64-redhat-linux-gcc -c -O2 -I/home/fdkit/GPL-AirCam-v1.2/openwrt/staging_dir/host/include -O2 -I/home/fdkit/GPL-AirCam-v1.2/openwrt/staging_dir/host/include -I/home/fdkit/GPL-AirCam-v1.2/openwrt/staging_dir/host/include conftest.c >&5
configure:5136: $? = 0
configure:5143: result: yes
configure:5151: checking for working volatile
configure:5170: x86_64-redhat-linux-gcc -c -O2 -I/home/fdkit/GPL-AirCam-v1.2/openwrt/staging_dir/host/include -O2 -I/home/fdkit/GPL-AirCam-v1.2/openwrt/staging_dir/host/include -I/home/fdkit/GPL-AirCam-v1.2/openwrt/staging_dir/host/include conftest.c >&5
configure:5170: $? = 0
configure:5177: result: yes
configure:5343: checking for main in -lm
configure:5362: x86_64-redhat-linux-gcc -o conftest -O2 -I/home/fdkit/GPL-AirCam-v1.2/openwrt/staging_dir/host/include -O2 -I/home/fdkit/GPL-AirCam-v1.2/openwrt/staging_dir/host/include -I/home/fdkit/GPL-AirCam-v1.2/openwrt/staging_dir/host/include -L/home/fdkit/GPL-AirCam-v1.2/openwrt/staging_dir/host/lib -L/home/fdkit/GPL-AirCam-v1.2/openwrt/staging_dir/host/lib conftest.c -lm   >&5
configure:5362: $? = 0
configure:5371: result: yes
configure:5380: checking whether time.h and sys/time.h may both be included
configure:5400: x86_64-redhat-linux-gcc -c -O2 -I/home/fdkit/GPL-AirCam-v1.2/openwrt/staging_dir/host/include -O2 -I/home/fdkit/GPL-AirCam-v1.2/openwrt/staging_dir/host/include -I/home/fdkit/GPL-AirCam-v1.2/openwrt/staging_dir/host/include conftest.c >&5
configure:5400: $? = 0
configure:5407: result: yes
configure:5415: checking for size_t
configure:5415: x86_64-redhat-linux-gcc -c -O2 -I/home/fdkit/GPL-AirCam-v1.2/openwrt/staging_dir/host/include -O2 -I/home/fdkit/GPL-AirCam-v1.2/openwrt/staging_dir/host/include -I/home/fdkit/GPL-AirCam-v1.2/openwrt/staging_dir/host/include conftest.c >&5
configure:5415: $? = 0
configure:5415: x86_64-redhat-linux-gcc -c -O2 -I/home/fdkit/GPL-AirCam-v1.2/openwrt/staging_dir/host/include -O2 -I/home/fdkit/GPL-AirCam-v1.2/openwrt/staging_dir/host/include -I/home/fdkit/GPL-AirCam-v1.2/openwrt/staging_dir/host/include conftest.c >&5
conftest.c: In function 'main':
conftest.c:59: error: expected expression before ')' token
configure:5415: $? = 1
configure: failed program was:
| /* confdefs.h */
| #define PACKAGE_NAME "MPFR"
| #define PACKAGE_TARNAME "mpfr"
| #define PACKAGE_VERSION "3.0.0"
| #define PACKAGE_STRING "MPFR 3.0.0"
| #define PACKAGE_BUGREPORT ""
| #define PACKAGE_URL ""
| #define PROTOTYPES 1
| #define __PROTOTYPES 1
| #define STDC_HEADERS 1
| #define HAVE_SYS_TYPES_H 1
| #define HAVE_SYS_STAT_H 1
| #define HAVE_STDLIB_H 1
| #define HAVE_STRING_H 1
| #define HAVE_MEMORY_H 1
| #define HAVE_STRINGS_H 1
| #define HAVE_INTTYPES_H 1
| #define HAVE_STDINT_H 1
| #define HAVE_UNISTD_H 1
| #define HAVE_STRING_H 1
| #define TIME_WITH_SYS_TIME 1
| /* end confdefs.h.  */
| #include <stdio.h>
| #ifdef HAVE_SYS_TYPES_H
| # include <sys/types.h>
| #endif
| #ifdef HAVE_SYS_STAT_H
| # include <sys/stat.h>
| #endif
| #ifdef STDC_HEADERS
| # include <stdlib.h>
| # include <stddef.h>
| #else
| # ifdef HAVE_STDLIB_H
| #  include <stdlib.h>
| # endif
| #endif
| #ifdef HAVE_STRING_H
| # if !defined STDC_HEADERS && defined HAVE_MEMORY_H
| #  include <memory.h>
| # endif
| # include <string.h>
| #endif
| #ifdef HAVE_STRINGS_H
| # include <strings.h>
| #endif
| #ifdef HAVE_INTTYPES_H
| # include <inttypes.h>
| #endif
| #ifdef HAVE_STDINT_H
| # include <stdint.h>
| #endif
| #ifdef HAVE_UNISTD_H
| # include <unistd.h>
| #endif
| int
| main ()
| {
| if (sizeof ((size_t)))
| 	    return 0;
|   ;
|   return 0;
| }
configure:5415: result: yes
configure:5432: checking limits.h usability
configure:5432: x86_64-redhat-linux-gcc -c -O2 -I/home/fdkit/GPL-AirCam-v1.2/openwrt/staging_dir/host/include -O2 -I/home/fdkit/GPL-AirCam-v1.2/openwrt/staging_dir/host/include -I/home/fdkit/GPL-AirCam-v1.2/openwrt/staging_dir/host/include conftest.c >&5
configure:5432: $? = 0
configure:5432: result: yes
configure:5432: checking limits.h presence
configure:5432: x86_64-redhat-linux-gcc -E -O2 -I/home/fdkit/GPL-AirCam-v1.2/openwrt/staging_dir/host/include -I/home/fdkit/GPL-AirCam-v1.2/openwrt/staging_dir/host/include conftest.c
configure:5432: $? = 0
configure:5432: result: yes
configure:5432: checking for limits.h
configure:5432: result: yes
configure:5440: checking float.h usability
configure:5440: x86_64-redhat-linux-gcc -c -O2 -I/home/fdkit/GPL-AirCam-v1.2/openwrt/staging_dir/host/include -O2 -I/home/fdkit/GPL-AirCam-v1.2/openwrt/staging_dir/host/include -I/home/fdkit/GPL-AirCam-v1.2/openwrt/staging_dir/host/include conftest.c >&5
configure:5440: $? = 0
configure:5440: result: yes
configure:5440: checking float.h presence
configure:5440: x86_64-redhat-linux-gcc -E -O2 -I/home/fdkit/GPL-AirCam-v1.2/openwrt/staging_dir/host/include -I/home/fdkit/GPL-AirCam-v1.2/openwrt/staging_dir/host/include conftest.c
configure:5440: $? = 0
configure:5440: result: yes
configure:5440: checking for float.h
configure:5440: result: yes
configure:5448: checking for string.h
configure:5448: result: yes
configure:5459: checking locale.h usability
configure:5459: x86_64-redhat-linux-gcc -c -O2 -I/home/fdkit/GPL-AirCam-v1.2/openwrt/staging_dir/host/include -O2 -I/home/fdkit/GPL-AirCam-v1.2/openwrt/staging_dir/host/include -I/home/fdkit/GPL-AirCam-v1.2/openwrt/staging_dir/host/include conftest.c >&5
configure:5459: $? = 0
configure:5459: result: yes
configure:5459: checking locale.h presence
configure:5459: x86_64-redhat-linux-gcc -E -O2 -I/home/fdkit/GPL-AirCam-v1.2/openwrt/staging_dir/host/include -I/home/fdkit/GPL-AirCam-v1.2/openwrt/staging_dir/host/include conftest.c
configure:5459: $? = 0
configure:5459: result: yes
configure:5459: checking for locale.h
configure:5459: result: yes
configure:5472: checking wchar.h usability
configure:5472: x86_64-redhat-linux-gcc -c -O2 -I/home/fdkit/GPL-AirCam-v1.2/openwrt/staging_dir/host/include -O2 -I/home/fdkit/GPL-AirCam-v1.2/openwrt/staging_dir/host/include -I/home/fdkit/GPL-AirCam-v1.2/openwrt/staging_dir/host/include conftest.c >&5
configure:5472: $? = 0
configure:5472: result: yes
configure:5472: checking wchar.h presence
configure:5472: x86_64-redhat-linux-gcc -E -O2 -I/home/fdkit/GPL-AirCam-v1.2/openwrt/staging_dir/host/include -I/home/fdkit/GPL-AirCam-v1.2/openwrt/staging_dir/host/include conftest.c
configure:5472: $? = 0
configure:5472: result: yes
configure:5472: checking for wchar.h
configure:5472: result: yes
configure:5483: checking stdarg.h usability
configure:5483: x86_64-redhat-linux-gcc -c -O2 -I/home/fdkit/GPL-AirCam-v1.2/openwrt/staging_dir/host/include -O2 -I/home/fdkit/GPL-AirCam-v1.2/openwrt/staging_dir/host/include -I/home/fdkit/GPL-AirCam-v1.2/openwrt/staging_dir/host/include conftest.c >&5
configure:5483: $? = 0
configure:5483: result: yes
configure:5483: checking stdarg.h presence
configure:5483: x86_64-redhat-linux-gcc -E -O2 -I/home/fdkit/GPL-AirCam-v1.2/openwrt/staging_dir/host/include -I/home/fdkit/GPL-AirCam-v1.2/openwrt/staging_dir/host/include conftest.c
configure:5483: $? = 0
configure:5483: result: yes
configure:5483: checking for stdarg.h
configure:5483: result: yes
configure:5504: checking sys/time.h usability
configure:5504: x86_64-redhat-linux-gcc -c -O2 -I/home/fdkit/GPL-AirCam-v1.2/openwrt/staging_dir/host/include -O2 -I/home/fdkit/GPL-AirCam-v1.2/openwrt/staging_dir/host/include -I/home/fdkit/GPL-AirCam-v1.2/openwrt/staging_dir/host/include conftest.c >&5
configure:5504: $? = 0
configure:5504: result: yes
configure:5504: checking sys/time.h presence
configure:5504: x86_64-redhat-linux-gcc -E -O2 -I/home/fdkit/GPL-AirCam-v1.2/openwrt/staging_dir/host/include -I/home/fdkit/GPL-AirCam-v1.2/openwrt/staging_dir/host/include conftest.c
configure:5504: $? = 0
configure:5504: result: yes
configure:5504: checking for sys/time.h
configure:5504: result: yes
configure:5504: checking sys/fpu.h usability
configure:5504: x86_64-redhat-linux-gcc -c -O2 -I/home/fdkit/GPL-AirCam-v1.2/openwrt/staging_dir/host/include -O2 -I/home/fdkit/GPL-AirCam-v1.2/openwrt/staging_dir/host/include -I/home/fdkit/GPL-AirCam-v1.2/openwrt/staging_dir/host/include conftest.c >&5
conftest.c:60:21: error: sys/fpu.h: No such file or directory
configure:5504: $? = 1
configure: failed program was:
| /* confdefs.h */
| #define PACKAGE_NAME "MPFR"
| #define PACKAGE_TARNAME "mpfr"
| #define PACKAGE_VERSION "3.0.0"
| #define PACKAGE_STRING "MPFR 3.0.0"
| #define PACKAGE_BUGREPORT ""
| #define PACKAGE_URL ""
| #define PROTOTYPES 1
| #define __PROTOTYPES 1
| #define STDC_HEADERS 1
| #define HAVE_SYS_TYPES_H 1
| #define HAVE_SYS_STAT_H 1
| #define HAVE_STDLIB_H 1
| #define HAVE_STRING_H 1
| #define HAVE_MEMORY_H 1
| #define HAVE_STRINGS_H 1
| #define HAVE_INTTYPES_H 1
| #define HAVE_STDINT_H 1
| #define HAVE_UNISTD_H 1
| #define HAVE_STRING_H 1
| #define TIME_WITH_SYS_TIME 1
| #define HAVE_LOCALE_H 1
| #define HAVE_WCHAR_H 1
| #define HAVE_STDARG 1
| #define HAVE_SYS_TIME_H 1
| /* end confdefs.h.  */
| #include <stdio.h>
| #ifdef HAVE_SYS_TYPES_H
| # include <sys/types.h>
| #endif
| #ifdef HAVE_SYS_STAT_H
| # include <sys/stat.h>
| #endif
| #ifdef STDC_HEADERS
| # include <stdlib.h>
| # include <stddef.h>
| #else
| # ifdef HAVE_STDLIB_H
| #  include <stdlib.h>
| # endif
| #endif
| #ifdef HAVE_STRING_H
| # if !defined STDC_HEADERS && defined HAVE_MEMORY_H
| #  include <memory.h>
| # endif
| # include <string.h>
| #endif
| #ifdef HAVE_STRINGS_H
| # include <strings.h>
| #endif
| #ifdef HAVE_INTTYPES_H
| # include <inttypes.h>
| #endif
| #ifdef HAVE_STDINT_H
| # include <stdint.h>
| #endif
| #ifdef HAVE_UNISTD_H
| # include <unistd.h>
| #endif
| #include <sys/fpu.h>
configure:5504: result: no
configure:5504: checking sys/fpu.h presence
configure:5504: x86_64-redhat-linux-gcc -E -O2 -I/home/fdkit/GPL-AirCam-v1.2/openwrt/staging_dir/host/include -I/home/fdkit/GPL-AirCam-v1.2/openwrt/staging_dir/host/include conftest.c
conftest.c:27:21: error: sys/fpu.h: No such file or directory
configure:5504: $? = 1
configure: failed program was:
| /* confdefs.h */
| #define PACKAGE_NAME "MPFR"
| #define PACKAGE_TARNAME "mpfr"
| #define PACKAGE_VERSION "3.0.0"
| #define PACKAGE_STRING "MPFR 3.0.0"
| #define PACKAGE_BUGREPORT ""
| #define PACKAGE_URL ""
| #define PROTOTYPES 1
| #define __PROTOTYPES 1
| #define STDC_HEADERS 1
| #define HAVE_SYS_TYPES_H 1
| #define HAVE_SYS_STAT_H 1
| #define HAVE_STDLIB_H 1
| #define HAVE_STRING_H 1
| #define HAVE_MEMORY_H 1
| #define HAVE_STRINGS_H 1
| #define HAVE_INTTYPES_H 1
| #define HAVE_STDINT_H 1
| #define HAVE_UNISTD_H 1
| #define HAVE_STRING_H 1
| #define TIME_WITH_SYS_TIME 1
| #define HAVE_LOCALE_H 1
| #define HAVE_WCHAR_H 1
| #define HAVE_STDARG 1
| #define HAVE_SYS_TIME_H 1
| /* end confdefs.h.  */
| #include <sys/fpu.h>
configure:5504: result: no
configure:5504: checking for sys/fpu.h
configure:5504: result: no
configure:5517: checking for working alloca.h
configure:5534: x86_64-redhat-linux-gcc -o conftest -O2 -I/home/fdkit/GPL-AirCam-v1.2/openwrt/staging_dir/host/include -O2 -I/home/fdkit/GPL-AirCam-v1.2/openwrt/staging_dir/host/include -I/home/fdkit/GPL-AirCam-v1.2/openwrt/staging_dir/host/include -L/home/fdkit/GPL-AirCam-v1.2/openwrt/staging_dir/host/lib -L/home/fdkit/GPL-AirCam-v1.2/openwrt/staging_dir/host/lib conftest.c  >&5
configure:5534: $? = 0
configure:5542: result: yes
configure:5550: checking for alloca
configure:5587: x86_64-redhat-linux-gcc -o conftest -O2 -I/home/fdkit/GPL-AirCam-v1.2/openwrt/staging_dir/host/include -O2 -I/home/fdkit/GPL-AirCam-v1.2/openwrt/staging_dir/host/include -I/home/fdkit/GPL-AirCam-v1.2/openwrt/staging_dir/host/include -L/home/fdkit/GPL-AirCam-v1.2/openwrt/staging_dir/host/lib -L/home/fdkit/GPL-AirCam-v1.2/openwrt/staging_dir/host/lib conftest.c  >&5
configure:5587: $? = 0
configure:5595: result: yes
configure:5708: checking for stdint.h
configure:5708: result: yes
configure:5718: checking for SIZE_MAX
configure:5790: result: yes
configure:5801: checking how to copy va_list
configure:5819: x86_64-redhat-linux-gcc -o conftest -O2 -I/home/fdkit/GPL-AirCam-v1.2/openwrt/staging_dir/host/include -O2 -I/home/fdkit/GPL-AirCam-v1.2/openwrt/staging_dir/host/include -I/home/fdkit/GPL-AirCam-v1.2/openwrt/staging_dir/host/include -L/home/fdkit/GPL-AirCam-v1.2/openwrt/staging_dir/host/lib -L/home/fdkit/GPL-AirCam-v1.2/openwrt/staging_dir/host/lib conftest.c  >&5
configure:5819: $? = 0
configure:5821: result: va_copy
configure:5860: checking for memmove
configure:5860: x86_64-redhat-linux-gcc -o conftest -O2 -I/home/fdkit/GPL-AirCam-v1.2/openwrt/staging_dir/host/include -O2 -I/home/fdkit/GPL-AirCam-v1.2/openwrt/staging_dir/host/include -I/home/fdkit/GPL-AirCam-v1.2/openwrt/staging_dir/host/include -L/home/fdkit/GPL-AirCam-v1.2/openwrt/staging_dir/host/lib -L/home/fdkit/GPL-AirCam-v1.2/openwrt/staging_dir/host/lib conftest.c  >&5
conftest.c:54: warning: conflicting types for built-in function 'memmove'
configure:5860: $? = 0
configure:5860: result: yes
configure:5860: checking for memset
configure:5860: x86_64-redhat-linux-gcc -o conftest -O2 -I/home/fdkit/GPL-AirCam-v1.2/openwrt/staging_dir/host/include -O2 -I/home/fdkit/GPL-AirCam-v1.2/openwrt/staging_dir/host/include -I/home/fdkit/GPL-AirCam-v1.2/openwrt/staging_dir/host/include -L/home/fdkit/GPL-AirCam-v1.2/openwrt/staging_dir/host/lib -L/home/fdkit/GPL-AirCam-v1.2/openwrt/staging_dir/host/lib conftest.c  >&5
conftest.c:55: warning: conflicting types for built-in function 'memset'
configure:5860: $? = 0
configure:5860: result: yes
configure:5860: checking for setlocale
configure:5860: x86_64-redhat-linux-gcc -o conftest -O2 -I/home/fdkit/GPL-AirCam-v1.2/openwrt/staging_dir/host/include -O2 -I/home/fdkit/GPL-AirCam-v1.2/openwrt/staging_dir/host/include -I/home/fdkit/GPL-AirCam-v1.2/openwrt/staging_dir/host/include -L/home/fdkit/GPL-AirCam-v1.2/openwrt/staging_dir/host/lib -L/home/fdkit/GPL-AirCam-v1.2/openwrt/staging_dir/host/lib conftest.c  >&5
configure:5860: $? = 0
configure:5860: result: yes
configure:5860: checking for strtol
configure:5860: x86_64-redhat-linux-gcc -o conftest -O2 -I/home/fdkit/GPL-AirCam-v1.2/openwrt/staging_dir/host/include -O2 -I/home/fdkit/GPL-AirCam-v1.2/openwrt/staging_dir/host/include -I/home/fdkit/GPL-AirCam-v1.2/openwrt/staging_dir/host/include -L/home/fdkit/GPL-AirCam-v1.2/openwrt/staging_dir/host/lib -L/home/fdkit/GPL-AirCam-v1.2/openwrt/staging_dir/host/lib conftest.c  >&5
configure:5860: $? = 0
configure:5860: result: yes
configure:5860: checking for gettimeofday
configure:5860: x86_64-redhat-linux-gcc -o conftest -O2 -I/home/fdkit/GPL-AirCam-v1.2/openwrt/staging_dir/host/include -O2 -I/home/fdkit/GPL-AirCam-v1.2/openwrt/staging_dir/host/include -I/home/fdkit/GPL-AirCam-v1.2/openwrt/staging_dir/host/include -L/home/fdkit/GPL-AirCam-v1.2/openwrt/staging_dir/host/lib -L/home/fdkit/GPL-AirCam-v1.2/openwrt/staging_dir/host/lib conftest.c  >&5
configure:5860: $? = 0
configure:5860: result: yes
configure:5913: checking for long long int
configure:5913: x86_64-redhat-linux-gcc -c -O2 -I/home/fdkit/GPL-AirCam-v1.2/openwrt/staging_dir/host/include -O2 -I/home/fdkit/GPL-AirCam-v1.2/openwrt/staging_dir/host/include -I/home/fdkit/GPL-AirCam-v1.2/openwrt/staging_dir/host/include conftest.c >&5
configure:5913: $? = 0
configure:5913: x86_64-redhat-linux-gcc -c -O2 -I/home/fdkit/GPL-AirCam-v1.2/openwrt/staging_dir/host/include -O2 -I/home/fdkit/GPL-AirCam-v1.2/openwrt/staging_dir/host/include -I/home/fdkit/GPL-AirCam-v1.2/openwrt/staging_dir/host/include conftest.c >&5
conftest.c: In function 'main':
conftest.c:72: error: expected expression before ')' token
configure:5913: $? = 1
configure: failed program was:
| /* confdefs.h */
| #define PACKAGE_NAME "MPFR"
| #define PACKAGE_TARNAME "mpfr"
| #define PACKAGE_VERSION "3.0.0"
| #define PACKAGE_STRING "MPFR 3.0.0"
| #define PACKAGE_BUGREPORT ""
| #define PACKAGE_URL ""
| #define PROTOTYPES 1
| #define __PROTOTYPES 1
| #define STDC_HEADERS 1
| #define HAVE_SYS_TYPES_H 1
| #define HAVE_SYS_STAT_H 1
| #define HAVE_STDLIB_H 1
| #define HAVE_STRING_H 1
| #define HAVE_MEMORY_H 1
| #define HAVE_STRINGS_H 1
| #define HAVE_INTTYPES_H 1
| #define HAVE_STDINT_H 1
| #define HAVE_UNISTD_H 1
| #define HAVE_STRING_H 1
| #define TIME_WITH_SYS_TIME 1
| #define HAVE_LOCALE_H 1
| #define HAVE_WCHAR_H 1
| #define HAVE_STDARG 1
| #define HAVE_SYS_TIME_H 1
| #define HAVE_ALLOCA_H 1
| #define HAVE_ALLOCA 1
| #define HAVE_STDINT_H 1
| #define HAVE_VA_COPY 1
| #define HAVE_MEMMOVE 1
| #define HAVE_MEMSET 1
| #define HAVE_SETLOCALE 1
| #define HAVE_STRTOL 1
| #define HAVE_GETTIMEOFDAY 1
| /* end confdefs.h.  */
| #include <stdio.h>
| #ifdef HAVE_SYS_TYPES_H
| # include <sys/types.h>
| #endif
| #ifdef HAVE_SYS_STAT_H
| # include <sys/stat.h>
| #endif
| #ifdef STDC_HEADERS
| # include <stdlib.h>
| # include <stddef.h>
| #else
| # ifdef HAVE_STDLIB_H
| #  include <stdlib.h>
| # endif
| #endif
| #ifdef HAVE_STRING_H
| # if !defined STDC_HEADERS && defined HAVE_MEMORY_H
| #  include <memory.h>
| # endif
| # include <string.h>
| #endif
| #ifdef HAVE_STRINGS_H
| # include <strings.h>
| #endif
| #ifdef HAVE_INTTYPES_H
| # include <inttypes.h>
| #endif
| #ifdef HAVE_STDINT_H
| # include <stdint.h>
| #endif
| #ifdef HAVE_UNISTD_H
| # include <unistd.h>
| #endif
| int
| main ()
| {
| if (sizeof ((long long int)))
| 	    return 0;
|   ;
|   return 0;
| }
configure:5913: result: yes
configure:5921: checking for intmax_t
configure:5921: x86_64-redhat-linux-gcc -c -O2 -I/home/fdkit/GPL-AirCam-v1.2/openwrt/staging_dir/host/include -O2 -I/home/fdkit/GPL-AirCam-v1.2/openwrt/staging_dir/host/include -I/home/fdkit/GPL-AirCam-v1.2/openwrt/staging_dir/host/include conftest.c >&5
configure:5921: $? = 0
configure:5921: x86_64-redhat-linux-gcc -c -O2 -I/home/fdkit/GPL-AirCam-v1.2/openwrt/staging_dir/host/include -O2 -I/home/fdkit/GPL-AirCam-v1.2/openwrt/staging_dir/host/include -I/home/fdkit/GPL-AirCam-v1.2/openwrt/staging_dir/host/include conftest.c >&5
conftest.c: In function 'main':
conftest.c:73: error: expected expression before ')' token
configure:5921: $? = 1
configure: failed program was:
| /* confdefs.h */
| #define PACKAGE_NAME "MPFR"
| #define PACKAGE_TARNAME "mpfr"
| #define PACKAGE_VERSION "3.0.0"
| #define PACKAGE_STRING "MPFR 3.0.0"
| #define PACKAGE_BUGREPORT ""
| #define PACKAGE_URL ""
| #define PROTOTYPES 1
| #define __PROTOTYPES 1
| #define STDC_HEADERS 1
| #define HAVE_SYS_TYPES_H 1
| #define HAVE_SYS_STAT_H 1
| #define HAVE_STDLIB_H 1
| #define HAVE_STRING_H 1
| #define HAVE_MEMORY_H 1
| #define HAVE_STRINGS_H 1
| #define HAVE_INTTYPES_H 1
| #define HAVE_STDINT_H 1
| #define HAVE_UNISTD_H 1
| #define HAVE_STRING_H 1
| #define TIME_WITH_SYS_TIME 1
| #define HAVE_LOCALE_H 1
| #define HAVE_WCHAR_H 1
| #define HAVE_STDARG 1
| #define HAVE_SYS_TIME_H 1
| #define HAVE_ALLOCA_H 1
| #define HAVE_ALLOCA 1
| #define HAVE_STDINT_H 1
| #define HAVE_VA_COPY 1
| #define HAVE_MEMMOVE 1
| #define HAVE_MEMSET 1
| #define HAVE_SETLOCALE 1
| #define HAVE_STRTOL 1
| #define HAVE_GETTIMEOFDAY 1
| #define HAVE_LONG_LONG 1
| /* end confdefs.h.  */
| #include <stdio.h>
| #ifdef HAVE_SYS_TYPES_H
| # include <sys/types.h>
| #endif
| #ifdef HAVE_SYS_STAT_H
| # include <sys/stat.h>
| #endif
| #ifdef STDC_HEADERS
| # include <stdlib.h>
| # include <stddef.h>
| #else
| # ifdef HAVE_STDLIB_H
| #  include <stdlib.h>
| # endif
| #endif
| #ifdef HAVE_STRING_H
| # if !defined STDC_HEADERS && defined HAVE_MEMORY_H
| #  include <memory.h>
| # endif
| # include <string.h>
| #endif
| #ifdef HAVE_STRINGS_H
| # include <strings.h>
| #endif
| #ifdef HAVE_INTTYPES_H
| # include <inttypes.h>
| #endif
| #ifdef HAVE_STDINT_H
| # include <stdint.h>
| #endif
| #ifdef HAVE_UNISTD_H
| # include <unistd.h>
| #endif
| int
| main ()
| {
| if (sizeof ((intmax_t)))
| 	    return 0;
|   ;
|   return 0;
| }
configure:5921: result: yes
configure:5932: checking for working INTMAX_MAX
configure:5949: x86_64-redhat-linux-gcc -c -O2 -I/home/fdkit/GPL-AirCam-v1.2/openwrt/staging_dir/host/include -O2 -I/home/fdkit/GPL-AirCam-v1.2/openwrt/staging_dir/host/include -I/home/fdkit/GPL-AirCam-v1.2/openwrt/staging_dir/host/include conftest.c >&5
configure:5949: $? = 0
configure:5957: result: yes
configure:5966: checking for union fpc_csr
configure:5966: x86_64-redhat-linux-gcc -c -O2 -I/home/fdkit/GPL-AirCam-v1.2/openwrt/staging_dir/host/include -O2 -I/home/fdkit/GPL-AirCam-v1.2/openwrt/staging_dir/host/include -I/home/fdkit/GPL-AirCam-v1.2/openwrt/staging_dir/host/include conftest.c >&5
conftest.c: In function 'main':
conftest.c:48: error: invalid application of 'sizeof' to incomplete type 'union fpc_csr' 
configure:5966: $? = 1
configure: failed program was:
| /* confdefs.h */
| #define PACKAGE_NAME "MPFR"
| #define PACKAGE_TARNAME "mpfr"
| #define PACKAGE_VERSION "3.0.0"
| #define PACKAGE_STRING "MPFR 3.0.0"
| #define PACKAGE_BUGREPORT ""
| #define PACKAGE_URL ""
| #define PROTOTYPES 1
| #define __PROTOTYPES 1
| #define STDC_HEADERS 1
| #define HAVE_SYS_TYPES_H 1
| #define HAVE_SYS_STAT_H 1
| #define HAVE_STDLIB_H 1
| #define HAVE_STRING_H 1
| #define HAVE_MEMORY_H 1
| #define HAVE_STRINGS_H 1
| #define HAVE_INTTYPES_H 1
| #define HAVE_STDINT_H 1
| #define HAVE_UNISTD_H 1
| #define HAVE_STRING_H 1
| #define TIME_WITH_SYS_TIME 1
| #define HAVE_LOCALE_H 1
| #define HAVE_WCHAR_H 1
| #define HAVE_STDARG 1
| #define HAVE_SYS_TIME_H 1
| #define HAVE_ALLOCA_H 1
| #define HAVE_ALLOCA 1
| #define HAVE_STDINT_H 1
| #define HAVE_VA_COPY 1
| #define HAVE_MEMMOVE 1
| #define HAVE_MEMSET 1
| #define HAVE_SETLOCALE 1
| #define HAVE_STRTOL 1
| #define HAVE_GETTIMEOFDAY 1
| #define HAVE_LONG_LONG 1
| #define HAVE_INTMAX_T 1
| #define MPFR_HAVE_INTMAX_MAX 1
| /* end confdefs.h.  */
| 
| #if HAVE_SYS_FPU_H
| #  include <sys/fpu.h>
| #endif
| 
| 
| int
| main ()
| {
| if (sizeof (union fpc_csr))
| 	 return 0;
|   ;
|   return 0;
| }
configure:5966: result: no
configure:5979: checking for fesetround
configure:5998: x86_64-redhat-linux-gcc -o conftest -O2 -I/home/fdkit/GPL-AirCam-v1.2/openwrt/staging_dir/host/include -O2 -I/home/fdkit/GPL-AirCam-v1.2/openwrt/staging_dir/host/include -I/home/fdkit/GPL-AirCam-v1.2/openwrt/staging_dir/host/include -L/home/fdkit/GPL-AirCam-v1.2/openwrt/staging_dir/host/lib -L/home/fdkit/GPL-AirCam-v1.2/openwrt/staging_dir/host/lib conftest.c  -lm >&5
configure:5998: $? = 0
configure:6008: result: yes
configure:6017: checking for gcc float-conversion bug
configure:6057: x86_64-redhat-linux-gcc -o conftest -O2 -I/home/fdkit/GPL-AirCam-v1.2/openwrt/staging_dir/host/include -O2 -I/home/fdkit/GPL-AirCam-v1.2/openwrt/staging_dir/host/include -I/home/fdkit/GPL-AirCam-v1.2/openwrt/staging_dir/host/include -L/home/fdkit/GPL-AirCam-v1.2/openwrt/staging_dir/host/lib -L/home/fdkit/GPL-AirCam-v1.2/openwrt/staging_dir/host/lib conftest.c  -lm >&5
configure:6057: $? = 0
configure:6057: ./conftest
configure:6057: $? = 0
configure:6069: result: no
configure:6076: checking for denormalized numbers
configure:6097: x86_64-redhat-linux-gcc -o conftest -O2 -I/home/fdkit/GPL-AirCam-v1.2/openwrt/staging_dir/host/include -O2 -I/home/fdkit/GPL-AirCam-v1.2/openwrt/staging_dir/host/include -I/home/fdkit/GPL-AirCam-v1.2/openwrt/staging_dir/host/include -L/home/fdkit/GPL-AirCam-v1.2/openwrt/staging_dir/host/lib -L/home/fdkit/GPL-AirCam-v1.2/openwrt/staging_dir/host/lib conftest.c  >&5
configure:6097: $? = 0
configure:6097: ./conftest
1.112537e-308
configure:6097: $? = 0
configure:6108: result: yes
configure:6116: checking if NAN == NAN
configure:6140: x86_64-redhat-linux-gcc -o conftest -O2 -I/home/fdkit/GPL-AirCam-v1.2/openwrt/staging_dir/host/include -O2 -I/home/fdkit/GPL-AirCam-v1.2/openwrt/staging_dir/host/include -I/home/fdkit/GPL-AirCam-v1.2/openwrt/staging_dir/host/include -L/home/fdkit/GPL-AirCam-v1.2/openwrt/staging_dir/host/lib -L/home/fdkit/GPL-AirCam-v1.2/openwrt/staging_dir/host/lib conftest.c  >&5
configure:6140: $? = 0
configure:6140: ./conftest
configure:6140: $? = 1
configure: program exited with status 1
configure: failed program was:
| /* confdefs.h */
| #define PACKAGE_NAME "MPFR"
| #define PACKAGE_TARNAME "mpfr"
| #define PACKAGE_VERSION "3.0.0"
| #define PACKAGE_STRING "MPFR 3.0.0"
| #define PACKAGE_BUGREPORT ""
| #define PACKAGE_URL ""
| #define PROTOTYPES 1
| #define __PROTOTYPES 1
| #define STDC_HEADERS 1
| #define HAVE_SYS_TYPES_H 1
| #define HAVE_SYS_STAT_H 1
| #define HAVE_STDLIB_H 1
| #define HAVE_STRING_H 1
| #define HAVE_MEMORY_H 1
| #define HAVE_STRINGS_H 1
| #define HAVE_INTTYPES_H 1
| #define HAVE_STDINT_H 1
| #define HAVE_UNISTD_H 1
| #define HAVE_STRING_H 1
| #define TIME_WITH_SYS_TIME 1
| #define HAVE_LOCALE_H 1
| #define HAVE_WCHAR_H 1
| #define HAVE_STDARG 1
| #define HAVE_SYS_TIME_H 1
| #define HAVE_ALLOCA_H 1
| #define HAVE_ALLOCA 1
| #define HAVE_STDINT_H 1
| #define HAVE_VA_COPY 1
| #define HAVE_MEMMOVE 1
| #define HAVE_MEMSET 1
| #define HAVE_SETLOCALE 1
| #define HAVE_STRTOL 1
| #define HAVE_GETTIMEOFDAY 1
| #define HAVE_LONG_LONG 1
| #define HAVE_INTMAX_T 1
| #define MPFR_HAVE_INTMAX_MAX 1
| #define MPFR_HAVE_FESETROUND 1
| #define HAVE_DENORMS 1
| /* end confdefs.h.  */
| 
| #include <stdio.h>
| #include <math.h>
| #ifndef NAN
| # define NAN (0.0/0.0)
| #endif
| int main() {
|   double d;
|   d = NAN;
|   return d != d;
| }
| 
configure:6151: result: no
configure:6179: checking if charset has consecutive values
configure:6209: x86_64-redhat-linux-gcc -o conftest -O2 -I/home/fdkit/GPL-AirCam-v1.2/openwrt/staging_dir/host/include -O2 -I/home/fdkit/GPL-AirCam-v1.2/openwrt/staging_dir/host/include -I/home/fdkit/GPL-AirCam-v1.2/openwrt/staging_dir/host/include -L/home/fdkit/GPL-AirCam-v1.2/openwrt/staging_dir/host/lib -L/home/fdkit/GPL-AirCam-v1.2/openwrt/staging_dir/host/lib conftest.c  >&5
configure:6209: $? = 0
configure:6209: ./conftest
configure:6209: $? = 0
configure:6210: result: yes
configure:6228: checking for math/round
configure:6248: x86_64-redhat-linux-gcc -o conftest -O2 -I/home/fdkit/GPL-AirCam-v1.2/openwrt/staging_dir/host/include -O2 -I/home/fdkit/GPL-AirCam-v1.2/openwrt/staging_dir/host/include -I/home/fdkit/GPL-AirCam-v1.2/openwrt/staging_dir/host/include -L/home/fdkit/GPL-AirCam-v1.2/openwrt/staging_dir/host/lib -L/home/fdkit/GPL-AirCam-v1.2/openwrt/staging_dir/host/lib conftest.c  -lm >&5
configure:6248: $? = 0
configure:6250: result: yes
configure:6263: checking for math/trunc
configure:6283: x86_64-redhat-linux-gcc -o conftest -O2 -I/home/fdkit/GPL-AirCam-v1.2/openwrt/staging_dir/host/include -O2 -I/home/fdkit/GPL-AirCam-v1.2/openwrt/staging_dir/host/include -I/home/fdkit/GPL-AirCam-v1.2/openwrt/staging_dir/host/include -L/home/fdkit/GPL-AirCam-v1.2/openwrt/staging_dir/host/lib -L/home/fdkit/GPL-AirCam-v1.2/openwrt/staging_dir/host/lib conftest.c  -lm >&5
configure:6283: $? = 0
configure:6285: result: yes
configure:6298: checking for math/floor
configure:6318: x86_64-redhat-linux-gcc -o conftest -O2 -I/home/fdkit/GPL-AirCam-v1.2/openwrt/staging_dir/host/include -O2 -I/home/fdkit/GPL-AirCam-v1.2/openwrt/staging_dir/host/include -I/home/fdkit/GPL-AirCam-v1.2/openwrt/staging_dir/host/include -L/home/fdkit/GPL-AirCam-v1.2/openwrt/staging_dir/host/lib -L/home/fdkit/GPL-AirCam-v1.2/openwrt/staging_dir/host/lib conftest.c  -lm >&5
configure:6318: $? = 0
configure:6320: result: yes
configure:6333: checking for math/ceil
configure:6353: x86_64-redhat-linux-gcc -o conftest -O2 -I/home/fdkit/GPL-AirCam-v1.2/openwrt/staging_dir/host/include -O2 -I/home/fdkit/GPL-AirCam-v1.2/openwrt/staging_dir/host/include -I/home/fdkit/GPL-AirCam-v1.2/openwrt/staging_dir/host/include -L/home/fdkit/GPL-AirCam-v1.2/openwrt/staging_dir/host/lib -L/home/fdkit/GPL-AirCam-v1.2/openwrt/staging_dir/host/lib conftest.c  -lm >&5
configure:6353: $? = 0
configure:6355: result: yes
configure:6368: checking for math/rint
configure:6388: x86_64-redhat-linux-gcc -o conftest -O2 -I/home/fdkit/GPL-AirCam-v1.2/openwrt/staging_dir/host/include -O2 -I/home/fdkit/GPL-AirCam-v1.2/openwrt/staging_dir/host/include -I/home/fdkit/GPL-AirCam-v1.2/openwrt/staging_dir/host/include -L/home/fdkit/GPL-AirCam-v1.2/openwrt/staging_dir/host/lib -L/home/fdkit/GPL-AirCam-v1.2/openwrt/staging_dir/host/lib conftest.c  -lm >&5
configure:6388: $? = 0
configure:6390: result: yes
configure:6408: checking for long double
configure:6408: x86_64-redhat-linux-gcc -c -O2 -I/home/fdkit/GPL-AirCam-v1.2/openwrt/staging_dir/host/include -O2 -I/home/fdkit/GPL-AirCam-v1.2/openwrt/staging_dir/host/include -I/home/fdkit/GPL-AirCam-v1.2/openwrt/staging_dir/host/include conftest.c >&5
configure:6408: $? = 0
configure:6408: x86_64-redhat-linux-gcc -c -O2 -I/home/fdkit/GPL-AirCam-v1.2/openwrt/staging_dir/host/include -O2 -I/home/fdkit/GPL-AirCam-v1.2/openwrt/staging_dir/host/include -I/home/fdkit/GPL-AirCam-v1.2/openwrt/staging_dir/host/include conftest.c >&5
conftest.c: In function 'main':
conftest.c:82: error: expected expression before ')' token
configure:6408: $? = 1
configure: failed program was:
| /* confdefs.h */
| #define PACKAGE_NAME "MPFR"
| #define PACKAGE_TARNAME "mpfr"
| #define PACKAGE_VERSION "3.0.0"
| #define PACKAGE_STRING "MPFR 3.0.0"
| #define PACKAGE_BUGREPORT ""
| #define PACKAGE_URL ""
| #define PROTOTYPES 1
| #define __PROTOTYPES 1
| #define STDC_HEADERS 1
| #define HAVE_SYS_TYPES_H 1
| #define HAVE_SYS_STAT_H 1
| #define HAVE_STDLIB_H 1
| #define HAVE_STRING_H 1
| #define HAVE_MEMORY_H 1
| #define HAVE_STRINGS_H 1
| #define HAVE_INTTYPES_H 1
| #define HAVE_STDINT_H 1
| #define HAVE_UNISTD_H 1
| #define HAVE_STRING_H 1
| #define TIME_WITH_SYS_TIME 1
| #define HAVE_LOCALE_H 1
| #define HAVE_WCHAR_H 1
| #define HAVE_STDARG 1
| #define HAVE_SYS_TIME_H 1
| #define HAVE_ALLOCA_H 1
| #define HAVE_ALLOCA 1
| #define HAVE_STDINT_H 1
| #define HAVE_VA_COPY 1
| #define HAVE_MEMMOVE 1
| #define HAVE_MEMSET 1
| #define HAVE_SETLOCALE 1
| #define HAVE_STRTOL 1
| #define HAVE_GETTIMEOFDAY 1
| #define HAVE_LONG_LONG 1
| #define HAVE_INTMAX_T 1
| #define MPFR_HAVE_INTMAX_MAX 1
| #define MPFR_HAVE_FESETROUND 1
| #define HAVE_DENORMS 1
| #define HAVE_ROUND 1
| #define HAVE_TRUNC 1
| #define HAVE_FLOOR 1
| #define HAVE_CEIL 1
| #define HAVE_NEARBYINT 1
| /* end confdefs.h.  */
| #include <stdio.h>
| #ifdef HAVE_SYS_TYPES_H
| # include <sys/types.h>
| #endif
| #ifdef HAVE_SYS_STAT_H
| # include <sys/stat.h>
| #endif
| #ifdef STDC_HEADERS
| # include <stdlib.h>
| # include <stddef.h>
| #else
| # ifdef HAVE_STDLIB_H
| #  include <stdlib.h>
| # endif
| #endif
| #ifdef HAVE_STRING_H
| # if !defined STDC_HEADERS && defined HAVE_MEMORY_H
| #  include <memory.h>
| # endif
| # include <string.h>
| #endif
| #ifdef HAVE_STRINGS_H
| # include <strings.h>
| #endif
| #ifdef HAVE_INTTYPES_H
| # include <inttypes.h>
| #endif
| #ifdef HAVE_STDINT_H
| # include <stdint.h>
| #endif
| #ifdef HAVE_UNISTD_H
| # include <unistd.h>
| #endif
| int
| main ()
| {
| if (sizeof ((long double)))
| 	    return 0;
|   ;
|   return 0;
| }
configure:6408: result: yes
configure:6418: checking format of `long double' floating point
configure:6445: x86_64-redhat-linux-gcc -O2 -I/home/fdkit/GPL-AirCam-v1.2/openwrt/staging_dir/host/include -O2 -I/home/fdkit/GPL-AirCam-v1.2/openwrt/staging_dir/host/include -I/home/fdkit/GPL-AirCam-v1.2/openwrt/staging_dir/host/include -c conftest.c >&5 2>&1
configure:6448: $? = 0
configure:6699: result: IEEE extended, little endian
configure:6779: checking for gmp.h
configure:6787: x86_64-redhat-linux-gcc -c -O2 -I/home/fdkit/GPL-AirCam-v1.2/openwrt/staging_dir/host/include -O2 -I/home/fdkit/GPL-AirCam-v1.2/openwrt/staging_dir/host/include -I/home/fdkit/GPL-AirCam-v1.2/openwrt/staging_dir/host/include conftest.c >&5
configure:6787: $? = 0
configure:6788: result: yes
configure:7213: checking how to print strings
configure:7240: result: printf
configure:7261: checking for a sed that does not truncate output
configure:7325: result: /home/fdkit/GPL-AirCam-v1.2/openwrt/staging_dir/host/bin/sed
configure:7343: checking for fgrep
configure:7405: result: /bin/grep -F
configure:7440: checking for ld used by x86_64-redhat-linux-gcc
configure:7507: result: /usr/bin/ld
configure:7514: checking if the linker (/usr/bin/ld) is GNU ld
configure:7529: result: yes
configure:7541: checking for BSD- or MS-compatible name lister (nm)
configure:7590: result: /usr/bin/nm -B
configure:7720: checking the name lister (/usr/bin/nm -B) interface
configure:7727: x86_64-redhat-linux-gcc -c -O2 -I/home/fdkit/GPL-AirCam-v1.2/openwrt/staging_dir/host/include -O2 -I/home/fdkit/GPL-AirCam-v1.2/openwrt/staging_dir/host/include -I/home/fdkit/GPL-AirCam-v1.2/openwrt/staging_dir/host/include conftest.c >&5
configure:7730: /usr/bin/nm -B "conftest.o"
configure:7733: output
0000000000000000 B some_variable
configure:7740: result: BSD nm
configure:7743: checking whether ln -s works
configure:7747: result: yes
configure:7755: checking the maximum length of command line arguments
configure:7880: result: 1966080
configure:7897: checking whether the shell understands some XSI constructs
configure:7907: result: yes
configure:7911: checking whether the shell understands "+="
configure:7917: result: yes
configure:7952: checking how to convert x86_64-redhat-linux-gnu file names to x86_64-redhat-linux-gnu format
configure:7992: result: func_convert_file_noop
configure:7999: checking how to convert x86_64-redhat-linux-gnu file names to toolchain format
configure:8019: result: func_convert_file_noop
configure:8026: checking for /usr/bin/ld option to reload object files
configure:8033: result: -r
configure:8067: checking for x86_64-redhat-linux-objdump
configure:8094: result: objdump
configure:8163: checking how to recognize dependent libraries
configure:8365: result: pass_all
configure:8410: checking for x86_64-redhat-linux-dlltool
configure:8437: result: dlltool
configure:8507: checking how to associate runtime and link libraries
configure:8534: result: printf %s\n
configure:8550: checking for x86_64-redhat-linux-ar
configure:8580: result: no
configure:8594: checking for ar
configure:8610: found /usr/bin/ar
configure:8621: result: ar
configure:8658: checking for archiver @FILE support
configure:8675: x86_64-redhat-linux-gcc -c -O2 -I/home/fdkit/GPL-AirCam-v1.2/openwrt/staging_dir/host/include -O2 -I/home/fdkit/GPL-AirCam-v1.2/openwrt/staging_dir/host/include -I/home/fdkit/GPL-AirCam-v1.2/openwrt/staging_dir/host/include conftest.c >&5
configure:8675: $? = 0
configure:8678: ar cru libconftest.a @conftest.lst >&5
configure:8681: $? = 0
configure:8686: ar cru libconftest.a @conftest.lst >&5
ar: conftest.o: No such file or directory
configure:8689: $? = 1
configure:8701: result: @
configure:8719: checking for x86_64-redhat-linux-strip
configure:8749: result: no
configure:8759: checking for strip
configure:8775: found /usr/bin/strip
configure:8786: result: strip
configure:8818: checking for x86_64-redhat-linux-ranlib
configure:8848: result: no
configure:8858: checking for ranlib
configure:8874: found /usr/bin/ranlib
configure:8885: result: ranlib
configure:8987: checking command to parse /usr/bin/nm -B output from x86_64-redhat-linux-gcc object
configure:9106: x86_64-redhat-linux-gcc -c -O2 -I/home/fdkit/GPL-AirCam-v1.2/openwrt/staging_dir/host/include -O2 -I/home/fdkit/GPL-AirCam-v1.2/openwrt/staging_dir/host/include -I/home/fdkit/GPL-AirCam-v1.2/openwrt/staging_dir/host/include conftest.c >&5
configure:9109: $? = 0
configure:9113: /usr/bin/nm -B conftest.o \| sed -n -e 's/^.*[ ]\([ABCDGIRSTW][ABCDGIRSTW]*\)[ ][ ]*\([_A-Za-z][_A-Za-z0-9]*\)$/\1 \2 \2/p' | sed '/ __gnu_lto/d' \> conftest.nm
configure:9116: $? = 0
configure:9182: x86_64-redhat-linux-gcc -o conftest -O2 -I/home/fdkit/GPL-AirCam-v1.2/openwrt/staging_dir/host/include -O2 -I/home/fdkit/GPL-AirCam-v1.2/openwrt/staging_dir/host/include -I/home/fdkit/GPL-AirCam-v1.2/openwrt/staging_dir/host/include -L/home/fdkit/GPL-AirCam-v1.2/openwrt/staging_dir/host/lib -L/home/fdkit/GPL-AirCam-v1.2/openwrt/staging_dir/host/lib conftest.c conftstm.o >&5
configure:9185: $? = 0
configure:9223: result: ok
configure:9260: checking for sysroot
configure:9290: result: no
configure:9367: x86_64-redhat-linux-gcc -c -O2 -I/home/fdkit/GPL-AirCam-v1.2/openwrt/staging_dir/host/include -O2 -I/home/fdkit/GPL-AirCam-v1.2/openwrt/staging_dir/host/include -I/home/fdkit/GPL-AirCam-v1.2/openwrt/staging_dir/host/include conftest.c >&5
configure:9370: $? = 0
configure:9493: checking for x86_64-redhat-linux-mt
configure:9523: result: no
configure:9533: checking for mt
configure:9563: result: no
configure:9583: checking if : is a manifest tool
configure:9589: : '-?'
configure:9597: result: no
configure:10226: checking for dlfcn.h
configure:10226: x86_64-redhat-linux-gcc -c -O2 -I/home/fdkit/GPL-AirCam-v1.2/openwrt/staging_dir/host/include -O2 -I/home/fdkit/GPL-AirCam-v1.2/openwrt/staging_dir/host/include -I/home/fdkit/GPL-AirCam-v1.2/openwrt/staging_dir/host/include conftest.c >&5
configure:10226: $? = 0
configure:10226: result: yes
configure:10411: checking for objdir
configure:10426: result: .libs
configure:10693: checking if x86_64-redhat-linux-gcc supports -fno-rtti -fno-exceptions
configure:10711: x86_64-redhat-linux-gcc -c -O2 -I/home/fdkit/GPL-AirCam-v1.2/openwrt/staging_dir/host/include -O2 -I/home/fdkit/GPL-AirCam-v1.2/openwrt/staging_dir/host/include -I/home/fdkit/GPL-AirCam-v1.2/openwrt/staging_dir/host/include -fno-rtti -fno-exceptions conftest.c >&5
cc1: warning: command line option "-fno-rtti" is valid for C++/ObjC++ but not for C
configure:10715: $? = 0
configure:10728: result: no
configure:11038: checking for x86_64-redhat-linux-gcc option to produce PIC
configure:11045: result: -fPIC -DPIC
configure:11053: checking if x86_64-redhat-linux-gcc PIC flag -fPIC -DPIC works
configure:11071: x86_64-redhat-linux-gcc -c -O2 -I/home/fdkit/GPL-AirCam-v1.2/openwrt/staging_dir/host/include -O2 -I/home/fdkit/GPL-AirCam-v1.2/openwrt/staging_dir/host/include -I/home/fdkit/GPL-AirCam-v1.2/openwrt/staging_dir/host/include -fPIC -DPIC -DPIC conftest.c >&5
configure:11075: $? = 0
configure:11088: result: yes
configure:11117: checking if x86_64-redhat-linux-gcc static flag -static works
configure:11145: result: no
configure:11160: checking if x86_64-redhat-linux-gcc supports -c -o file.o
configure:11181: x86_64-redhat-linux-gcc -c -O2 -I/home/fdkit/GPL-AirCam-v1.2/openwrt/staging_dir/host/include -O2 -I/home/fdkit/GPL-AirCam-v1.2/openwrt/staging_dir/host/include -I/home/fdkit/GPL-AirCam-v1.2/openwrt/staging_dir/host/include -o out/conftest2.o conftest.c >&5
configure:11185: $? = 0
configure:11207: result: yes
configure:11215: checking if x86_64-redhat-linux-gcc supports -c -o file.o
configure:11262: result: yes
configure:11295: checking whether the x86_64-redhat-linux-gcc linker (/usr/bin/ld -m elf_x86_64) supports shared libraries
configure:12453: result: yes
configure:12698: checking dynamic linker characteristics
configure:13212: x86_64-redhat-linux-gcc -o conftest -O2 -I/home/fdkit/GPL-AirCam-v1.2/openwrt/staging_dir/host/include -O2 -I/home/fdkit/GPL-AirCam-v1.2/openwrt/staging_dir/host/include -I/home/fdkit/GPL-AirCam-v1.2/openwrt/staging_dir/host/include -L/home/fdkit/GPL-AirCam-v1.2/openwrt/staging_dir/host/lib -L/home/fdkit/GPL-AirCam-v1.2/openwrt/staging_dir/host/lib -Wl,-rpath -Wl,/foo conftest.c  >&5
configure:13212: $? = 0
configure:13434: result: GNU/Linux ld.so
configure:13541: checking how to hardcode library paths into programs
configure:13566: result: immediate
configure:14106: checking whether stripping libraries is possible
configure:14111: result: yes
configure:14146: checking if libtool supports shared libraries
configure:14148: result: yes
configure:14151: checking whether to build shared libraries
configure:14172: result: no
configure:14175: checking whether to build static libraries
configure:14179: result: yes
configure:14217: checking whether gcc __attribute__ ((mode (XX))) works
configure:14233: x86_64-redhat-linux-gcc -c -O2 -I/home/fdkit/GPL-AirCam-v1.2/openwrt/staging_dir/host/include -O2 -I/home/fdkit/GPL-AirCam-v1.2/openwrt/staging_dir/host/include -I/home/fdkit/GPL-AirCam-v1.2/openwrt/staging_dir/host/include conftest.c >&5
configure:14233: $? = 0
configure:14241: result: yes
configure:14252: checking for recent GMP
configure:14264: x86_64-redhat-linux-gcc -c -O2 -I/home/fdkit/GPL-AirCam-v1.2/openwrt/staging_dir/host/include -O2 -I/home/fdkit/GPL-AirCam-v1.2/openwrt/staging_dir/host/include -I/home/fdkit/GPL-AirCam-v1.2/openwrt/staging_dir/host/include conftest.c >&5
configure:14264: $? = 0
configure:14265: result: yes
configure:14349: checking for __gmpz_init in -lgmp
configure:14374: x86_64-redhat-linux-gcc -o conftest -O2 -I/home/fdkit/GPL-AirCam-v1.2/openwrt/staging_dir/host/include -O2 -I/home/fdkit/GPL-AirCam-v1.2/openwrt/staging_dir/host/include -I/home/fdkit/GPL-AirCam-v1.2/openwrt/staging_dir/host/include -L/home/fdkit/GPL-AirCam-v1.2/openwrt/staging_dir/host/lib -L/home/fdkit/GPL-AirCam-v1.2/openwrt/staging_dir/host/lib conftest.c -lgmp   >&5
configure:14374: $? = 0
configure:14383: result: yes
configure:14393: checking if gmp.h version and libgmp version are the same
configure:14429: x86_64-redhat-linux-gcc -o conftest -O2 -I/home/fdkit/GPL-AirCam-v1.2/openwrt/staging_dir/host/include -O2 -I/home/fdkit/GPL-AirCam-v1.2/openwrt/staging_dir/host/include -I/home/fdkit/GPL-AirCam-v1.2/openwrt/staging_dir/host/include -L/home/fdkit/GPL-AirCam-v1.2/openwrt/staging_dir/host/lib -L/home/fdkit/GPL-AirCam-v1.2/openwrt/staging_dir/host/lib conftest.c -lgmp  >&5
configure:14429: $? = 0
configure:14429: ./conftest
configure:14429: $? = 0
configure:14430: result: yes
configure:14435: checking if gmp_printf supports "%jd"
configure:14471: x86_64-redhat-linux-gcc -o conftest -O2 -I/home/fdkit/GPL-AirCam-v1.2/openwrt/staging_dir/host/include -O2 -I/home/fdkit/GPL-AirCam-v1.2/openwrt/staging_dir/host/include -I/home/fdkit/GPL-AirCam-v1.2/openwrt/staging_dir/host/include -L/home/fdkit/GPL-AirCam-v1.2/openwrt/staging_dir/host/lib -L/home/fdkit/GPL-AirCam-v1.2/openwrt/staging_dir/host/lib conftest.c -lgmp  >&5
configure:14471: $? = 0
configure:14471: ./conftest
configure:14471: $? = 0
configure:14472: result: yes
configure:14490: checking if gmp_printf supports "%hhd"
configure:14521: x86_64-redhat-linux-gcc -o conftest -O2 -I/home/fdkit/GPL-AirCam-v1.2/openwrt/staging_dir/host/include -O2 -I/home/fdkit/GPL-AirCam-v1.2/openwrt/staging_dir/host/include -I/home/fdkit/GPL-AirCam-v1.2/openwrt/staging_dir/host/include -L/home/fdkit/GPL-AirCam-v1.2/openwrt/staging_dir/host/lib -L/home/fdkit/GPL-AirCam-v1.2/openwrt/staging_dir/host/lib conftest.c -lgmp  >&5
configure:14521: $? = 0
configure:14521: ./conftest
configure:14521: $? = 0
configure:14522: result: yes
configure:14539: checking if gmp_printf supports "%lld"
configure:14570: x86_64-redhat-linux-gcc -o conftest -O2 -I/home/fdkit/GPL-AirCam-v1.2/openwrt/staging_dir/host/include -O2 -I/home/fdkit/GPL-AirCam-v1.2/openwrt/staging_dir/host/include -I/home/fdkit/GPL-AirCam-v1.2/openwrt/staging_dir/host/include -L/home/fdkit/GPL-AirCam-v1.2/openwrt/staging_dir/host/lib -L/home/fdkit/GPL-AirCam-v1.2/openwrt/staging_dir/host/lib conftest.c -lgmp  >&5
configure:14570: $? = 0
configure:14570: ./conftest
configure:14570: $? = 0
configure:14571: result: yes
configure:14588: checking if gmp_printf supports "%Lf"
configure:14619: x86_64-redhat-linux-gcc -o conftest -O2 -I/home/fdkit/GPL-AirCam-v1.2/openwrt/staging_dir/host/include -O2 -I/home/fdkit/GPL-AirCam-v1.2/openwrt/staging_dir/host/include -I/home/fdkit/GPL-AirCam-v1.2/openwrt/staging_dir/host/include -L/home/fdkit/GPL-AirCam-v1.2/openwrt/staging_dir/host/lib -L/home/fdkit/GPL-AirCam-v1.2/openwrt/staging_dir/host/lib conftest.c -lgmp  >&5
configure:14619: $? = 0
configure:14619: ./conftest
configure:14619: $? = 0
configure:14620: result: yes
configure:14637: checking if gmp_printf supports "%td"
configure:14673: x86_64-redhat-linux-gcc -o conftest -O2 -I/home/fdkit/GPL-AirCam-v1.2/openwrt/staging_dir/host/include -O2 -I/home/fdkit/GPL-AirCam-v1.2/openwrt/staging_dir/host/include -I/home/fdkit/GPL-AirCam-v1.2/openwrt/staging_dir/host/include -L/home/fdkit/GPL-AirCam-v1.2/openwrt/staging_dir/host/lib -L/home/fdkit/GPL-AirCam-v1.2/openwrt/staging_dir/host/lib conftest.c -lgmp  >&5
configure:14673: $? = 0
configure:14673: ./conftest
configure:14673: $? = 0
configure:14674: result: yes
configure:14906: creating ./config.status

## ---------------------- ##
## Running config.status. ##
## ---------------------- ##

This file was extended by MPFR config.status 3.0.0, which was
generated by GNU Autoconf 2.68.  Invocation command line was

  CONFIG_FILES    = 
  CONFIG_HEADERS  = 
  CONFIG_LINKS    = 
  CONFIG_COMMANDS = 
  $ ./config.status 

on discordy

config.status:1021: creating Makefile
config.status:1021: creating tests/Makefile
config.status:1021: creating mparam.h
config.status:1193: executing depfiles commands
config.status:1193: executing libtool commands

## ---------------- ##
## Cache variables. ##
## ---------------- ##

ac_cv_build=x86_64-redhat-linux-gnu
ac_cv_c_compiler_gnu=yes
ac_cv_c_const=yes
ac_cv_c_volatile=yes
ac_cv_env_CC_set=
ac_cv_env_CC_value=
ac_cv_env_CFLAGS_set=set
ac_cv_env_CFLAGS_value='-O2 -I/home/fdkit/GPL-AirCam-v1.2/openwrt/staging_dir/host/include'
ac_cv_env_CPPFLAGS_set=set
ac_cv_env_CPPFLAGS_value='-O2 -I/home/fdkit/GPL-AirCam-v1.2/openwrt/staging_dir/host/include'
ac_cv_env_CPP_set=
ac_cv_env_CPP_value=
ac_cv_env_LDFLAGS_set=set
ac_cv_env_LDFLAGS_value=-L/home/fdkit/GPL-AirCam-v1.2/openwrt/staging_dir/host/lib
ac_cv_env_LIBS_set=
ac_cv_env_LIBS_value=
ac_cv_env_build_alias_set=set
ac_cv_env_build_alias_value=x86_64-redhat-linux
ac_cv_env_host_alias_set=set
ac_cv_env_host_alias_value=x86_64-redhat-linux
ac_cv_env_target_alias_set=set
ac_cv_env_target_alias_value=x86_64-redhat-linux
ac_cv_func_alloca_works=yes
ac_cv_func_gettimeofday=yes
ac_cv_func_memmove=yes
ac_cv_func_memset=yes
ac_cv_func_setlocale=yes
ac_cv_func_strtol=yes
ac_cv_header_dlfcn_h=yes
ac_cv_header_float_h=yes
ac_cv_header_inttypes_h=yes
ac_cv_header_limits_h=yes
ac_cv_header_locale_h=yes
ac_cv_header_memory_h=yes
ac_cv_header_stdarg_h=yes
ac_cv_header_stdc=yes
ac_cv_header_stdint_h=yes
ac_cv_header_stdlib_h=yes
ac_cv_header_string_h=yes
ac_cv_header_strings_h=yes
ac_cv_header_sys_fpu_h=no
ac_cv_header_sys_stat_h=yes
ac_cv_header_sys_time_h=yes
ac_cv_header_sys_types_h=yes
ac_cv_header_time=yes
ac_cv_header_unistd_h=yes
ac_cv_header_wchar_h=yes
ac_cv_host=x86_64-redhat-linux-gnu
ac_cv_lib_gmp___gmpz_init=yes
ac_cv_lib_m_main=yes
ac_cv_objext=o
ac_cv_path_EGREP='/bin/grep -E'
ac_cv_path_FGREP='/bin/grep -F'
ac_cv_path_GREP=/bin/grep
ac_cv_path_SED=/home/fdkit/GPL-AirCam-v1.2/openwrt/staging_dir/host/bin/sed
ac_cv_path_install='/usr/bin/install -c'
ac_cv_path_mkdir=/bin/mkdir
ac_cv_prog_AWK=gawk
ac_cv_prog_CC=x86_64-redhat-linux-gcc
ac_cv_prog_CPP='x86_64-redhat-linux-gcc -E'
ac_cv_prog_DLLTOOL=dlltool
ac_cv_prog_OBJDUMP=objdump
ac_cv_prog_ac_ct_AR=ar
ac_cv_prog_ac_ct_RANLIB=ranlib
ac_cv_prog_ac_ct_STRIP=strip
ac_cv_prog_cc_c89=
ac_cv_prog_cc_g=yes
ac_cv_prog_cc_x86_64_redhat_linux_gcc_c_o=yes
ac_cv_prog_make_make_set=yes
ac_cv_type_intmax_t=yes
ac_cv_type_long_double=yes
ac_cv_type_long_long_int=yes
ac_cv_type_size_t=yes
ac_cv_type_union_fpc_csr=no
ac_cv_working_alloca_h=yes
am_cv_CC_dependencies_compiler_type=gcc3
gl_cv_size_max=yes
gmp_cv_c_attribute_mode=yes
lt_cv_ar_at_file=@
lt_cv_deplibs_check_method=pass_all
lt_cv_file_magic_cmd='$MAGIC_CMD'
lt_cv_file_magic_test_file=
lt_cv_ld_reload_flag=-r
lt_cv_nm_interface='BSD nm'
lt_cv_objdir=.libs
lt_cv_path_LD=/usr/bin/ld
lt_cv_path_NM='/usr/bin/nm -B'
lt_cv_path_mainfest_tool=no
lt_cv_prog_compiler_c_o=yes
lt_cv_prog_compiler_pic='-fPIC -DPIC'
lt_cv_prog_compiler_pic_works=yes
lt_cv_prog_compiler_rtti_exceptions=no
lt_cv_prog_compiler_static_works=no
lt_cv_prog_gnu_ld=yes
lt_cv_sharedlib_from_linklib_cmd='printf %s\n'
lt_cv_shlibpath_overrides_runpath=no
lt_cv_sys_global_symbol_pipe='sed -n -e '\''s/^.*[	 ]\([ABCDGIRSTW][ABCDGIRSTW]*\)[	 ][	 ]*\([_A-Za-z][_A-Za-z0-9]*\)$/\1 \2 \2/p'\'' | sed '\''/ __gnu_lto/d'\'''
lt_cv_sys_global_symbol_to_c_name_address='sed -n -e '\''s/^: \([^ ]*\)[ ]*$/  {\"\1\", (void *) 0},/p'\'' -e '\''s/^[ABCDGIRSTW]* \([^ ]*\) \([^ ]*\)$/  {"\2", (void *) \&\2},/p'\'''
lt_cv_sys_global_symbol_to_c_name_address_lib_prefix='sed -n -e '\''s/^: \([^ ]*\)[ ]*$/  {\"\1\", (void *) 0},/p'\'' -e '\''s/^[ABCDGIRSTW]* \([^ ]*\) \(lib[^ ]*\)$/  {"\2", (void *) \&\2},/p'\'' -e '\''s/^[ABCDGIRSTW]* \([^ ]*\) \([^ ]*\)$/  {"lib\2", (void *) \&\2},/p'\'''
lt_cv_sys_global_symbol_to_cdecl='sed -n -e '\''s/^T .* \(.*\)$/extern int \1();/p'\'' -e '\''s/^[ABCDGIRSTW]* .* \(.*\)$/extern char \1;/p'\'''
lt_cv_sys_max_cmd_len=1966080
lt_cv_to_host_file_cmd=func_convert_file_noop
lt_cv_to_tool_file_cmd=func_convert_file_noop
mpfr_cv_c_long_double_format='IEEE extended, little endian'
mpfr_cv_gcc_floatconv_bug=no
mpfr_cv_have_denorms=yes
mpfr_cv_have_fesetround=yes
mpfr_cv_have_intmax_max=yes
mpfr_cv_nanisnan=no

## ----------------- ##
## Output variables. ##
## ----------------- ##

ACLOCAL='${SHELL} /home/fdkit/GPL-AirCam-v1.2/openwrt/build_dir/host/mpfr-3.0.0/missing --run aclocal-1.11'
ALLOCA=''
AMDEPBACKSLASH='\'
AMDEP_FALSE='#'
AMDEP_TRUE=''
AMTAR='${SHELL} /home/fdkit/GPL-AirCam-v1.2/openwrt/build_dir/host/mpfr-3.0.0/missing --run tar'
ANSI2KNR=''
AR='ar'
AS='as'
AUTOCONF='${SHELL} /home/fdkit/GPL-AirCam-v1.2/openwrt/build_dir/host/mpfr-3.0.0/missing --run autoconf'
AUTOHEADER='${SHELL} /home/fdkit/GPL-AirCam-v1.2/openwrt/build_dir/host/mpfr-3.0.0/missing --run autoheader'
AUTOMAKE='${SHELL} /home/fdkit/GPL-AirCam-v1.2/openwrt/build_dir/host/mpfr-3.0.0/missing --run automake-1.11'
AWK='gawk'
CC='x86_64-redhat-linux-gcc'
CCDEPMODE='depmode=gcc3'
CFLAGS='-O2 -I/home/fdkit/GPL-AirCam-v1.2/openwrt/staging_dir/host/include'
CPP='x86_64-redhat-linux-gcc -E'
CPPFLAGS='-O2 -I/home/fdkit/GPL-AirCam-v1.2/openwrt/staging_dir/host/include -I/home/fdkit/GPL-AirCam-v1.2/openwrt/staging_dir/host/include'
CYGPATH_W='echo'
DEFS='-DHAVE_INTTYPES_H=1 -DHAVE_STDINT_H=1 -DTIME_WITH_SYS_TIME=1 -DHAVE_LOCALE_H=1 -DHAVE_WCHAR_H=1 -DHAVE_STDARG=1 -DHAVE_SYS_TIME_H=1 -DHAVE_ALLOCA_H=1 -DHAVE_STDINT_H=1 -DHAVE_VA_COPY=1 -DHAVE_SETLOCALE=1 -DHAVE_GETTIMEOFDAY=1 -DHAVE_LONG_LONG=1 -DHAVE_INTMAX_T=1 -DMPFR_HAVE_INTMAX_MAX=1 -DMPFR_HAVE_FESETROUND=1 -DHAVE_DENORMS=1 -DHAVE_ROUND=1 -DHAVE_TRUNC=1 -DHAVE_FLOOR=1 -DHAVE_CEIL=1 -DHAVE_NEARBYINT=1 -DHAVE_LDOUBLE_IEEE_EXT_LITTLE=1 -DLT_OBJDIR=\".libs/\" -DHAVE_ATTRIBUTE_MODE=1'
DEPDIR='.deps'
DLLTOOL='dlltool'
DSYMUTIL=''
DUMPBIN=''
ECHO_C=''
ECHO_N='-n'
ECHO_T=''
EGREP='/bin/grep -E'
EXEEXT=''
FGREP='/bin/grep -F'
GREP='/bin/grep'
INSTALL_DATA='${INSTALL} -m 644'
INSTALL_PROGRAM='${INSTALL}'
INSTALL_SCRIPT='${INSTALL}'
INSTALL_STRIP_PROGRAM='$(install_sh) -c -s'
LD='/usr/bin/ld -m elf_x86_64'
LDFLAGS='-L/home/fdkit/GPL-AirCam-v1.2/openwrt/staging_dir/host/lib -L/home/fdkit/GPL-AirCam-v1.2/openwrt/staging_dir/host/lib'
LIBOBJS=''
LIBS='-lgmp '
LIBTOOL='$(SHELL) $(top_builddir)/libtool'
LIPO=''
LN_S='ln -s'
LTLIBOBJS=''
MAINT=''
MAINTAINER_MODE_FALSE='#'
MAINTAINER_MODE_TRUE=''
MAKEINFO='${SHELL} /home/fdkit/GPL-AirCam-v1.2/openwrt/build_dir/host/mpfr-3.0.0/missing --run makeinfo'
MANIFEST_TOOL=':'
MKDIR_P='/bin/mkdir -p'
MPFR_LIBM='-lm'
NM='/usr/bin/nm -B'
NMEDIT=''
OBJDUMP='objdump'
OBJEXT='o'
OTOOL64=''
OTOOL=''
PACKAGE='mpfr'
PACKAGE_BUGREPORT=''
PACKAGE_NAME='MPFR'
PACKAGE_STRING='MPFR 3.0.0'
PACKAGE_TARNAME='mpfr'
PACKAGE_URL=''
PACKAGE_VERSION='3.0.0'
PATH_SEPARATOR=':'
RANLIB='ranlib'
SED='/home/fdkit/GPL-AirCam-v1.2/openwrt/staging_dir/host/bin/sed'
SET_MAKE=''
SHELL='/bin/bash'
STRIP='strip'
U=''
VERSION='3.0.0'
ac_ct_AR='ar'
ac_ct_CC=''
ac_ct_DUMPBIN=''
am__EXEEXT_FALSE=''
am__EXEEXT_TRUE='#'
am__fastdepCC_FALSE='#'
am__fastdepCC_TRUE=''
am__include='include'
am__isrc=''
am__leading_dot='.'
am__quote=''
am__tar='${AMTAR} chof - "$$tardir"'
am__untar='${AMTAR} xf -'
bindir='${exec_prefix}/bin'
build='x86_64-redhat-linux-gnu'
build_alias='x86_64-redhat-linux'
build_cpu='x86_64'
build_os='linux-gnu'
build_vendor='redhat'
datadir='${datarootdir}'
datarootdir='${prefix}/share'
docdir='${datarootdir}/doc/${PACKAGE_TARNAME}'
dvidir='${docdir}'
exec_prefix='/home/fdkit/GPL-AirCam-v1.2/openwrt/staging_dir/host'
host='x86_64-redhat-linux-gnu'
host_alias='x86_64-redhat-linux'
host_cpu='x86_64'
host_os='linux-gnu'
host_vendor='redhat'
htmldir='${docdir}'
includedir='${prefix}/include'
infodir='${datarootdir}/info'
install_sh='${SHELL} /home/fdkit/GPL-AirCam-v1.2/openwrt/build_dir/host/mpfr-3.0.0/install-sh'
libdir='${exec_prefix}/lib'
libexecdir='${exec_prefix}/libexec'
localedir='${datarootdir}/locale'
localstatedir='/home/fdkit/GPL-AirCam-v1.2/openwrt/staging_dir/host/var'
mandir='${datarootdir}/man'
mkdir_p='/bin/mkdir -p'
oldincludedir='/usr/include'
pdfdir='${docdir}'
prefix='/home/fdkit/GPL-AirCam-v1.2/openwrt/staging_dir/host'
program_transform_name='s&$$&&;s&^&&'
psdir='${docdir}'
sbindir='/home/fdkit/GPL-AirCam-v1.2/openwrt/staging_dir/host/bin'
sharedstatedir='${prefix}/com'
sysconfdir='/home/fdkit/GPL-AirCam-v1.2/openwrt/staging_dir/host/etc'
target_alias='x86_64-redhat-linux'

## ----------- ##
## confdefs.h. ##
## ----------- ##

/* confdefs.h */
#define HAVE_INTTYPES_H 1
#define HAVE_STDINT_H 1
#define TIME_WITH_SYS_TIME 1
#define HAVE_LOCALE_H 1
#define HAVE_WCHAR_H 1
#define HAVE_STDARG 1
#define HAVE_SYS_TIME_H 1
#define HAVE_ALLOCA_H 1
#define HAVE_STDINT_H 1
#define HAVE_VA_COPY 1
#define HAVE_SETLOCALE 1
#define HAVE_GETTIMEOFDAY 1
#define HAVE_LONG_LONG 1
#define HAVE_INTMAX_T 1
#define MPFR_HAVE_INTMAX_MAX 1
#define MPFR_HAVE_FESETROUND 1
#define HAVE_DENORMS 1
#define HAVE_ROUND 1
#define HAVE_TRUNC 1
#define HAVE_FLOOR 1
#define HAVE_CEIL 1
#define HAVE_NEARBYINT 1
#define HAVE_LDOUBLE_IEEE_EXT_LITTLE 1
#define LT_OBJDIR ".libs/"
#define HAVE_ATTRIBUTE_MODE 1

configure: exit 0
