This file contains any messages produced by compilers while
running configure, to aid debugging if configure makes a mistake.

It was created by fixincludes configure  , which was
generated by GNU Autoconf 2.64.  Invocation command line was

  $ /home/fdkit/GPL-AirCam-v1.2/openwrt/build_dir/toolchain-arm_v5te_gcc-linaro_uClibc-0.9.32_eabi/gcc-linaro-4.5-2011.02-0/fixincludes/configure --cache-file=./config.cache --prefix=/home/fdkit/GPL-AirCam-v1.2/openwrt/staging_dir/toolchain-arm_v5te_gcc-linaro_uClibc-0.9.32_eabi --with-gnu-ld --enable-target-optspace --disable-libgomp --disable-libmudflap --disable-multilib --disable-nls --with-float=soft --with-gmp=/home/fdkit/GPL-AirCam-v1.2/openwrt/staging_dir/host --with-mpc=/home/fdkit/GPL-AirCam-v1.2/openwrt/staging_dir/host --with-mpfr=/home/fdkit/GPL-AirCam-v1.2/openwrt/staging_dir/host --disable-decimal-float --disable-__cxa_atexit --with-arch=armv5te --with-newlib --without-headers --disable-libssp --disable-shared --disable-threads --enable-languages=c --program-transform-name=s&^&arm-openwrt-linux-uclibcgnueabi-& --disable-option-checking --build=x86_64-redhat-linux --host=x86_64-redhat-linux --target=arm-openwrt-linux-uclibcgnueabi --srcdir=/home/fdkit/GPL-AirCam-v1.2/openwrt/build_dir/toolchain-arm_v5te_gcc-linaro_uClibc-0.9.32_eabi/gcc-linaro-4.5-2011.02-0/fixincludes

## --------- ##
## Platform. ##
## --------- ##

hostname = discordy
uname -m = x86_64
uname -r = 2.6.32-358.6.2.el6.x86_64
uname -s = Linux
uname -v = #1 SMP Thu May 16 20:59:36 UTC 2013

/usr/bin/uname -p = unknown
/bin/uname -X     = unknown

/bin/arch              = x86_64
/usr/bin/arch -k       = unknown
/usr/convex/getsysinfo = unknown
/usr/bin/hostinfo      = unknown
/bin/machine           = unknown
/usr/bin/oslevel       = unknown
/bin/universe          = unknown

PATH: /home/fdkit/GPL-AirCam-v1.2/openwrt/staging_dir/toolchain-arm_v5te_gcc-linaro_uClibc-0.9.32_eabi/bin
PATH: /home/fdkit/GPL-AirCam-v1.2/openwrt/staging_dir/host/bin
PATH: /home/fdkit/GPL-AirCam-v1.2/openwrt/staging_dir/toolchain-arm_v5te_gcc-linaro_uClibc-0.9.32_eabi/bin
PATH: /home/fdkit/GPL-AirCam-v1.2/openwrt/staging_dir/host/bin
PATH: /home/fdkit/GPL-AirCam-v1.2/openwrt/staging_dir/toolchain-arm_v5te_gcc-linaro_uClibc-0.9.32_eabi/bin
PATH: /home/fdkit/GPL-AirCam-v1.2/openwrt/staging_dir/host/bin
PATH: /usr/local/bin
PATH: /bin
PATH: /usr/bin
PATH: /usr/local/sbin
PATH: /usr/sbin
PATH: /sbin
PATH: /home/fdkit/bin


## ----------- ##
## Core tests. ##
## ----------- ##

configure:2056: creating cache ./config.cache
configure:3153: checking build system type
configure:3167: result: x86_64-redhat-linux-gnu
configure:3187: checking host system type
configure:3200: result: x86_64-redhat-linux-gnu
configure:3220: checking target system type
configure:3233: result: arm-openwrt-linux-uclibcgnueabi
configure:3268: checking for x86_64-redhat-linux-gcc
configure:3295: result: x86_64-redhat-linux-gcc
configure:3564: checking for C compiler version
configure:3573: x86_64-redhat-linux-gcc --version >&5
x86_64-redhat-linux-gcc (GCC) 4.4.7 20120313 (Red Hat 4.4.7-3)
Copyright (C) 2010 Free Software Foundation, Inc.
This is free software; see the source for copying conditions.  There is NO
warranty; not even for MERCHANTABILITY or FITNESS FOR A PARTICULAR PURPOSE.

configure:3584: $? = 0
configure:3573: x86_64-redhat-linux-gcc -v >&5
Using built-in specs.
Target: x86_64-redhat-linux
Configured with: ../configure --prefix=/usr --mandir=/usr/share/man --infodir=/usr/share/info --with-bugurl=http://bugzilla.redhat.com/bugzilla --enable-bootstrap --enable-shared --enable-threads=posix --enable-checking=release --with-system-zlib --enable-__cxa_atexit --disable-libunwind-exceptions --enable-gnu-unique-object --enable-languages=c,c++,objc,obj-c++,java,fortran,ada --enable-java-awt=gtk --disable-dssi --with-java-home=/usr/lib/jvm/java-1.5.0-gcj-1.5.0.0/jre --enable-libgcj-multifile --enable-java-maintainer-mode --with-ecj-jar=/usr/share/java/eclipse-ecj.jar --disable-libjava-multilib --with-ppl --with-cloog --with-tune=generic --with-arch_32=i686 --build=x86_64-redhat-linux
Thread model: posix
gcc version 4.4.7 20120313 (Red Hat 4.4.7-3) (GCC) 
configure:3584: $? = 0
configure:3573: x86_64-redhat-linux-gcc -V >&5
x86_64-redhat-linux-gcc: '-V' option must have argument
configure:3584: $? = 1
configure:3573: x86_64-redhat-linux-gcc -qversion >&5
x86_64-redhat-linux-gcc: unrecognized option '-qversion'
x86_64-redhat-linux-gcc: no input files
configure:3584: $? = 1
configure:3604: checking for C compiler default output file name
configure:3626: x86_64-redhat-linux-gcc     conftest.c  >&5
configure:3630: $? = 0
configure:3667: result: a.out
configure:3683: checking whether the C compiler works
configure:3692: ./a.out
configure:3696: $? = 0
configure:3711: result: yes
configure:3718: checking whether we are cross compiling
configure:3720: result: no
configure:3723: checking for suffix of executables
configure:3730: x86_64-redhat-linux-gcc -o conftest     conftest.c  >&5
configure:3734: $? = 0
configure:3756: result: 
configure:3762: checking for suffix of object files
configure:3784: x86_64-redhat-linux-gcc -c   conftest.c >&5
configure:3788: $? = 0
configure:3809: result: o
configure:3813: checking whether we are using the GNU C compiler
configure:3832: x86_64-redhat-linux-gcc -c   conftest.c >&5
configure:3832: $? = 0
configure:3841: result: yes
configure:3850: checking whether x86_64-redhat-linux-gcc accepts -g
configure:3870: x86_64-redhat-linux-gcc -c -g  conftest.c >&5
configure:3870: $? = 0
configure:3911: result: yes
configure:3928: checking for x86_64-redhat-linux-gcc option to accept ISO C89
configure:3992: x86_64-redhat-linux-gcc  -c   conftest.c >&5
configure:3992: $? = 0
configure:4005: result: none needed
configure:4025: checking for a sed that does not truncate output
configure:4089: result: /home/fdkit/GPL-AirCam-v1.2/openwrt/staging_dir/host/bin/sed
configure:4106: checking whether x86_64-redhat-linux-gcc supports -W
configure:4123: x86_64-redhat-linux-gcc -c -W  conftest.c >&5
configure:4123: $? = 0
configure:4132: result: yes
configure:4106: checking whether x86_64-redhat-linux-gcc supports -Wall
configure:4123: x86_64-redhat-linux-gcc -c -Wall  conftest.c >&5
configure:4123: $? = 0
configure:4132: result: yes
configure:4106: checking whether x86_64-redhat-linux-gcc supports -Wwrite-strings
configure:4123: x86_64-redhat-linux-gcc -c -Wwrite-strings  conftest.c >&5
configure:4123: $? = 0
configure:4132: result: yes
configure:4106: checking whether x86_64-redhat-linux-gcc supports -Wstrict-prototypes
configure:4123: x86_64-redhat-linux-gcc -c -Wstrict-prototypes  conftest.c >&5
conftest.c:12: warning: function declaration isn't a prototype
configure:4123: $? = 0
configure:4132: result: yes
configure:4106: checking whether x86_64-redhat-linux-gcc supports -Wmissing-prototypes
configure:4123: x86_64-redhat-linux-gcc -c -Wmissing-prototypes  conftest.c >&5
configure:4123: $? = 0
configure:4132: result: yes
configure:4106: checking whether x86_64-redhat-linux-gcc supports -Wold-style-definition
configure:4123: x86_64-redhat-linux-gcc -c -Wold-style-definition  conftest.c >&5
conftest.c: In function 'main':
conftest.c:11: warning: old-style function definition
configure:4123: $? = 0
configure:4132: result: yes
configure:4106: checking whether x86_64-redhat-linux-gcc supports -Wmissing-format-attribute
configure:4123: x86_64-redhat-linux-gcc -c -Wmissing-format-attribute  conftest.c >&5
configure:4123: $? = 0
configure:4132: result: yes
configure:4106: checking whether x86_64-redhat-linux-gcc supports -Wno-overlength-strings
configure:4123: x86_64-redhat-linux-gcc -c -Wno-overlength-strings  conftest.c >&5
configure:4123: $? = 0
configure:4132: result: yes
configure:4142: checking whether x86_64-redhat-linux-gcc supports -pedantic -Wno-long-long
configure:4160: x86_64-redhat-linux-gcc -c -pedantic -Wno-long-long  conftest.c >&5
configure:4160: $? = 0
configure:4168: result: yes
configure:4286: checking how to run the C preprocessor
configure:4317: x86_64-redhat-linux-gcc -E  conftest.c
configure:4317: $? = 0
configure:4331: x86_64-redhat-linux-gcc -E  conftest.c
conftest.c:10:28: error: ac_nonexistent.h: No such file or directory
configure:4331: $? = 1
configure: failed program was:
| /* confdefs.h */
| #define PACKAGE_NAME "fixincludes"
| #define PACKAGE_TARNAME "fixincludes"
| #define PACKAGE_VERSION " "
| #define PACKAGE_STRING "fixincludes  "
| #define PACKAGE_BUGREPORT ""
| #define PACKAGE_URL ""
| #define EXE_EXT ""
| /* end confdefs.h.  */
| #include <ac_nonexistent.h>
configure:4356: result: x86_64-redhat-linux-gcc -E
configure:4376: x86_64-redhat-linux-gcc -E  conftest.c
configure:4376: $? = 0
configure:4390: x86_64-redhat-linux-gcc -E  conftest.c
conftest.c:10:28: error: ac_nonexistent.h: No such file or directory
configure:4390: $? = 1
configure: failed program was:
| /* confdefs.h */
| #define PACKAGE_NAME "fixincludes"
| #define PACKAGE_TARNAME "fixincludes"
| #define PACKAGE_VERSION " "
| #define PACKAGE_STRING "fixincludes  "
| #define PACKAGE_BUGREPORT ""
| #define PACKAGE_URL ""
| #define EXE_EXT ""
| /* end confdefs.h.  */
| #include <ac_nonexistent.h>
configure:4419: checking for grep that handles long lines and -e
configure:4477: result: /bin/grep
configure:4482: checking for egrep
configure:4544: result: /bin/grep -E
configure:4549: checking for ANSI C header files
configure:4569: x86_64-redhat-linux-gcc -c   conftest.c >&5
configure:4569: $? = 0
configure:4642: x86_64-redhat-linux-gcc -o conftest     conftest.c  >&5
configure:4642: $? = 0
configure:4642: ./conftest
configure:4642: $? = 0
configure:4653: result: yes
configure:4666: checking for sys/types.h
configure:4666: x86_64-redhat-linux-gcc -c   conftest.c >&5
configure:4666: $? = 0
configure:4666: result: yes
configure:4666: checking for sys/stat.h
configure:4666: x86_64-redhat-linux-gcc -c   conftest.c >&5
configure:4666: $? = 0
configure:4666: result: yes
configure:4666: checking for stdlib.h
configure:4666: x86_64-redhat-linux-gcc -c   conftest.c >&5
configure:4666: $? = 0
configure:4666: result: yes
configure:4666: checking for string.h
configure:4666: x86_64-redhat-linux-gcc -c   conftest.c >&5
configure:4666: $? = 0
configure:4666: result: yes
configure:4666: checking for memory.h
configure:4666: x86_64-redhat-linux-gcc -c   conftest.c >&5
configure:4666: $? = 0
configure:4666: result: yes
configure:4666: checking for strings.h
configure:4666: x86_64-redhat-linux-gcc -c   conftest.c >&5
configure:4666: $? = 0
configure:4666: result: yes
configure:4666: checking for inttypes.h
configure:4666: x86_64-redhat-linux-gcc -c   conftest.c >&5
configure:4666: $? = 0
configure:4666: result: yes
configure:4666: checking for stdint.h
configure:4666: x86_64-redhat-linux-gcc -c   conftest.c >&5
configure:4666: $? = 0
configure:4666: result: yes
configure:4666: checking for unistd.h
configure:4666: x86_64-redhat-linux-gcc -c   conftest.c >&5
configure:4666: $? = 0
configure:4666: result: yes
configure:4683: checking stddef.h usability
configure:4683: x86_64-redhat-linux-gcc -c   conftest.c >&5
configure:4683: $? = 0
configure:4683: result: yes
configure:4683: checking stddef.h presence
configure:4683: x86_64-redhat-linux-gcc -E  conftest.c
configure:4683: $? = 0
configure:4683: result: yes
configure:4683: checking for stddef.h
configure:4683: result: yes
configure:4683: checking for stdlib.h
configure:4683: result: yes
configure:4683: checking for strings.h
configure:4683: result: yes
configure:4683: checking for unistd.h
configure:4683: result: yes
configure:4683: checking fcntl.h usability
configure:4683: x86_64-redhat-linux-gcc -c   conftest.c >&5
configure:4683: $? = 0
configure:4683: result: yes
configure:4683: checking fcntl.h presence
configure:4683: x86_64-redhat-linux-gcc -E  conftest.c
configure:4683: $? = 0
configure:4683: result: yes
configure:4683: checking for fcntl.h
configure:4683: result: yes
configure:4683: checking sys/file.h usability
configure:4683: x86_64-redhat-linux-gcc -c   conftest.c >&5
configure:4683: $? = 0
configure:4683: result: yes
configure:4683: checking sys/file.h presence
configure:4683: x86_64-redhat-linux-gcc -E  conftest.c
configure:4683: $? = 0
configure:4683: result: yes
configure:4683: checking for sys/file.h
configure:4683: result: yes
configure:4683: checking for sys/stat.h
configure:4683: result: yes
configure:4698: checking for clearerr_unlocked
configure:4698: x86_64-redhat-linux-gcc -o conftest     conftest.c  >&5
configure:4698: $? = 0
configure:4698: result: yes
configure:4698: checking for feof_unlocked
configure:4698: x86_64-redhat-linux-gcc -o conftest     conftest.c  >&5
configure:4698: $? = 0
configure:4698: result: yes
configure:4698: checking for ferror_unlocked
configure:4698: x86_64-redhat-linux-gcc -o conftest     conftest.c  >&5
configure:4698: $? = 0
configure:4698: result: yes
configure:4698: checking for fflush_unlocked
configure:4698: x86_64-redhat-linux-gcc -o conftest     conftest.c  >&5
configure:4698: $? = 0
configure:4698: result: yes
configure:4698: checking for fgetc_unlocked
configure:4698: x86_64-redhat-linux-gcc -o conftest     conftest.c  >&5
configure:4698: $? = 0
configure:4698: result: yes
configure:4698: checking for fgets_unlocked
configure:4698: x86_64-redhat-linux-gcc -o conftest     conftest.c  >&5
configure:4698: $? = 0
configure:4698: result: yes
configure:4698: checking for fileno_unlocked
configure:4698: x86_64-redhat-linux-gcc -o conftest     conftest.c  >&5
configure:4698: $? = 0
configure:4698: result: yes
configure:4698: checking for fprintf_unlocked
configure:4698: x86_64-redhat-linux-gcc -o conftest     conftest.c  >&5
conftest.c:57: warning: conflicting types for built-in function 'fprintf_unlocked'
/tmp/cc8vYbIl.o: In function `main':
conftest.c:(.text+0xa): undefined reference to `fprintf_unlocked'
collect2: ld returned 1 exit status
configure:4698: $? = 1
configure: failed program was:
| /* confdefs.h */
| #define PACKAGE_NAME "fixincludes"
| #define PACKAGE_TARNAME "fixincludes"
| #define PACKAGE_VERSION " "
| #define PACKAGE_STRING "fixincludes  "
| #define PACKAGE_BUGREPORT ""
| #define PACKAGE_URL ""
| #define EXE_EXT ""
| #define STDC_HEADERS 1
| #define HAVE_SYS_TYPES_H 1
| #define HAVE_SYS_STAT_H 1
| #define HAVE_STDLIB_H 1
| #define HAVE_STRING_H 1
| #define HAVE_MEMORY_H 1
| #define HAVE_STRINGS_H 1
| #define HAVE_INTTYPES_H 1
| #define HAVE_STDINT_H 1
| #define HAVE_UNISTD_H 1
| #define HAVE_STDDEF_H 1
| #define HAVE_STDLIB_H 1
| #define HAVE_STRINGS_H 1
| #define HAVE_UNISTD_H 1
| #define HAVE_FCNTL_H 1
| #define HAVE_SYS_FILE_H 1
| #define HAVE_SYS_STAT_H 1
| #define HAVE_CLEARERR_UNLOCKED 1
| #define HAVE_FEOF_UNLOCKED 1
| #define HAVE_FERROR_UNLOCKED 1
| #define HAVE_FFLUSH_UNLOCKED 1
| #define HAVE_FGETC_UNLOCKED 1
| #define HAVE_FGETS_UNLOCKED 1
| #define HAVE_FILENO_UNLOCKED 1
| /* end confdefs.h.  */
| /* Define fprintf_unlocked to an innocuous variant, in case <limits.h> declares fprintf_unlocked.
|    For example, HP-UX 11i <limits.h> declares gettimeofday.  */
| #define fprintf_unlocked innocuous_fprintf_unlocked
| 
| /* System header to define __stub macros and hopefully few prototypes,
|     which can conflict with char fprintf_unlocked (); below.
|     Prefer <limits.h> to <assert.h> if __STDC__ is defined, since
|     <limits.h> exists even on freestanding compilers.  */
| 
| #ifdef __STDC__
| # include <limits.h>
| #else
| # include <assert.h>
| #endif
| 
| #undef fprintf_unlocked
| 
| /* Override any GCC internal prototype to avoid an error.
|    Use char because int might match the return type of a GCC
|    builtin and then its argument prototype would still apply.  */
| #ifdef __cplusplus
| extern "C"
| #endif
| char fprintf_unlocked ();
| /* The GNU C library defines this for functions which it implements
|     to always fail with ENOSYS.  Some functions are actually named
|     something starting with __ and the normal name is an alias.  */
| #if defined __stub_fprintf_unlocked || defined __stub___fprintf_unlocked
| choke me
| #endif
| 
| int
| main ()
| {
| return fprintf_unlocked ();
|   ;
|   return 0;
| }
configure:4698: result: no
configure:4698: checking for fputc_unlocked
configure:4698: x86_64-redhat-linux-gcc -o conftest     conftest.c  >&5
conftest.c:57: warning: conflicting types for built-in function 'fputc_unlocked'
configure:4698: $? = 0
configure:4698: result: yes
configure:4698: checking for fputs_unlocked
configure:4698: x86_64-redhat-linux-gcc -o conftest     conftest.c  >&5
conftest.c:58: warning: conflicting types for built-in function 'fputs_unlocked'
configure:4698: $? = 0
configure:4698: result: yes
configure:4698: checking for fread_unlocked
configure:4698: x86_64-redhat-linux-gcc -o conftest     conftest.c  >&5
configure:4698: $? = 0
configure:4698: result: yes
configure:4698: checking for fwrite_unlocked
configure:4698: x86_64-redhat-linux-gcc -o conftest     conftest.c  >&5
conftest.c:60: warning: conflicting types for built-in function 'fwrite_unlocked'
configure:4698: $? = 0
configure:4698: result: yes
configure:4698: checking for getchar_unlocked
configure:4698: x86_64-redhat-linux-gcc -o conftest     conftest.c  >&5
configure:4698: $? = 0
configure:4698: result: yes
configure:4698: checking for getc_unlocked
configure:4698: x86_64-redhat-linux-gcc -o conftest     conftest.c  >&5
configure:4698: $? = 0
configure:4698: result: yes
configure:4698: checking for putchar_unlocked
configure:4698: x86_64-redhat-linux-gcc -o conftest     conftest.c  >&5
conftest.c:63: warning: conflicting types for built-in function 'putchar_unlocked'
configure:4698: $? = 0
configure:4698: result: yes
configure:4698: checking for putc_unlocked
configure:4698: x86_64-redhat-linux-gcc -o conftest     conftest.c  >&5
conftest.c:64: warning: conflicting types for built-in function 'putc_unlocked'
configure:4698: $? = 0
configure:4698: result: yes
configure:4708: checking whether abort is declared
configure:4708: x86_64-redhat-linux-gcc -c   conftest.c >&5
configure:4708: $? = 0
configure:4708: result: yes
configure:4718: checking whether asprintf is declared
configure:4718: x86_64-redhat-linux-gcc -c   conftest.c >&5
conftest.c: In function 'main':
conftest.c:80: error: 'asprintf' undeclared (first use in this function)
conftest.c:80: error: (Each undeclared identifier is reported only once
conftest.c:80: error: for each function it appears in.)
configure:4718: $? = 1
configure: failed program was:
| /* confdefs.h */
| #define PACKAGE_NAME "fixincludes"
| #define PACKAGE_TARNAME "fixincludes"
| #define PACKAGE_VERSION " "
| #define PACKAGE_STRING "fixincludes  "
| #define PACKAGE_BUGREPORT ""
| #define PACKAGE_URL ""
| #define EXE_EXT ""
| #define STDC_HEADERS 1
| #define HAVE_SYS_TYPES_H 1
| #define HAVE_SYS_STAT_H 1
| #define HAVE_STDLIB_H 1
| #define HAVE_STRING_H 1
| #define HAVE_MEMORY_H 1
| #define HAVE_STRINGS_H 1
| #define HAVE_INTTYPES_H 1
| #define HAVE_STDINT_H 1
| #define HAVE_UNISTD_H 1
| #define HAVE_STDDEF_H 1
| #define HAVE_STDLIB_H 1
| #define HAVE_STRINGS_H 1
| #define HAVE_UNISTD_H 1
| #define HAVE_FCNTL_H 1
| #define HAVE_SYS_FILE_H 1
| #define HAVE_SYS_STAT_H 1
| #define HAVE_CLEARERR_UNLOCKED 1
| #define HAVE_FEOF_UNLOCKED 1
| #define HAVE_FERROR_UNLOCKED 1
| #define HAVE_FFLUSH_UNLOCKED 1
| #define HAVE_FGETC_UNLOCKED 1
| #define HAVE_FGETS_UNLOCKED 1
| #define HAVE_FILENO_UNLOCKED 1
| #define HAVE_FPUTC_UNLOCKED 1
| #define HAVE_FPUTS_UNLOCKED 1
| #define HAVE_FREAD_UNLOCKED 1
| #define HAVE_FWRITE_UNLOCKED 1
| #define HAVE_GETCHAR_UNLOCKED 1
| #define HAVE_GETC_UNLOCKED 1
| #define HAVE_PUTCHAR_UNLOCKED 1
| #define HAVE_PUTC_UNLOCKED 1
| #define HAVE_DECL_ABORT 1
| /* end confdefs.h.  */
| #include <stdio.h>
| #ifdef HAVE_SYS_TYPES_H
| # include <sys/types.h>
| #endif
| #ifdef HAVE_SYS_STAT_H
| # include <sys/stat.h>
| #endif
| #ifdef STDC_HEADERS
| # include <stdlib.h>
| # include <stddef.h>
| #else
| # ifdef HAVE_STDLIB_H
| #  include <stdlib.h>
| # endif
| #endif
| #ifdef HAVE_STRING_H
| # if !defined STDC_HEADERS && defined HAVE_MEMORY_H
| #  include <memory.h>
| # endif
| # include <string.h>
| #endif
| #ifdef HAVE_STRINGS_H
| # include <strings.h>
| #endif
| #ifdef HAVE_INTTYPES_H
| # include <inttypes.h>
| #endif
| #ifdef HAVE_STDINT_H
| # include <stdint.h>
| #endif
| #ifdef HAVE_UNISTD_H
| # include <unistd.h>
| #endif
| int
| main ()
| {
| #ifndef asprintf
|   (void) asprintf;
| #endif
| 
|   ;
|   return 0;
| }
configure:4718: result: no
configure:4728: checking whether basename is declared
configure:4728: x86_64-redhat-linux-gcc -c   conftest.c >&5
conftest.c: In function 'main':
conftest.c:81: error: 'basename' undeclared (first use in this function)
conftest.c:81: error: (Each undeclared identifier is reported only once
conftest.c:81: error: for each function it appears in.)
configure:4728: $? = 1
configure: failed program was:
| /* confdefs.h */
| #define PACKAGE_NAME "fixincludes"
| #define PACKAGE_TARNAME "fixincludes"
| #define PACKAGE_VERSION " "
| #define PACKAGE_STRING "fixincludes  "
| #define PACKAGE_BUGREPORT ""
| #define PACKAGE_URL ""
| #define EXE_EXT ""
| #define STDC_HEADERS 1
| #define HAVE_SYS_TYPES_H 1
| #define HAVE_SYS_STAT_H 1
| #define HAVE_STDLIB_H 1
| #define HAVE_STRING_H 1
| #define HAVE_MEMORY_H 1
| #define HAVE_STRINGS_H 1
| #define HAVE_INTTYPES_H 1
| #define HAVE_STDINT_H 1
| #define HAVE_UNISTD_H 1
| #define HAVE_STDDEF_H 1
| #define HAVE_STDLIB_H 1
| #define HAVE_STRINGS_H 1
| #define HAVE_UNISTD_H 1
| #define HAVE_FCNTL_H 1
| #define HAVE_SYS_FILE_H 1
| #define HAVE_SYS_STAT_H 1
| #define HAVE_CLEARERR_UNLOCKED 1
| #define HAVE_FEOF_UNLOCKED 1
| #define HAVE_FERROR_UNLOCKED 1
| #define HAVE_FFLUSH_UNLOCKED 1
| #define HAVE_FGETC_UNLOCKED 1
| #define HAVE_FGETS_UNLOCKED 1
| #define HAVE_FILENO_UNLOCKED 1
| #define HAVE_FPUTC_UNLOCKED 1
| #define HAVE_FPUTS_UNLOCKED 1
| #define HAVE_FREAD_UNLOCKED 1
| #define HAVE_FWRITE_UNLOCKED 1
| #define HAVE_GETCHAR_UNLOCKED 1
| #define HAVE_GETC_UNLOCKED 1
| #define HAVE_PUTCHAR_UNLOCKED 1
| #define HAVE_PUTC_UNLOCKED 1
| #define HAVE_DECL_ABORT 1
| #define HAVE_DECL_ASPRINTF 0
| /* end confdefs.h.  */
| #include <stdio.h>
| #ifdef HAVE_SYS_TYPES_H
| # include <sys/types.h>
| #endif
| #ifdef HAVE_SYS_STAT_H
| # include <sys/stat.h>
| #endif
| #ifdef STDC_HEADERS
| # include <stdlib.h>
| # include <stddef.h>
| #else
| # ifdef HAVE_STDLIB_H
| #  include <stdlib.h>
| # endif
| #endif
| #ifdef HAVE_STRING_H
| # if !defined STDC_HEADERS && defined HAVE_MEMORY_H
| #  include <memory.h>
| # endif
| # include <string.h>
| #endif
| #ifdef HAVE_STRINGS_H
| # include <strings.h>
| #endif
| #ifdef HAVE_INTTYPES_H
| # include <inttypes.h>
| #endif
| #ifdef HAVE_STDINT_H
| # include <stdint.h>
| #endif
| #ifdef HAVE_UNISTD_H
| # include <unistd.h>
| #endif
| int
| main ()
| {
| #ifndef basename
|   (void) basename;
| #endif
| 
|   ;
|   return 0;
| }
configure:4728: result: no
configure:4738: checking whether errno is declared
configure:4738: x86_64-redhat-linux-gcc -c   conftest.c >&5
conftest.c: In function 'main':
conftest.c:82: error: 'errno' undeclared (first use in this function)
conftest.c:82: error: (Each undeclared identifier is reported only once
conftest.c:82: error: for each function it appears in.)
configure:4738: $? = 1
configure: failed program was:
| /* confdefs.h */
| #define PACKAGE_NAME "fixincludes"
| #define PACKAGE_TARNAME "fixincludes"
| #define PACKAGE_VERSION " "
| #define PACKAGE_STRING "fixincludes  "
| #define PACKAGE_BUGREPORT ""
| #define PACKAGE_URL ""
| #define EXE_EXT ""
| #define STDC_HEADERS 1
| #define HAVE_SYS_TYPES_H 1
| #define HAVE_SYS_STAT_H 1
| #define HAVE_STDLIB_H 1
| #define HAVE_STRING_H 1
| #define HAVE_MEMORY_H 1
| #define HAVE_STRINGS_H 1
| #define HAVE_INTTYPES_H 1
| #define HAVE_STDINT_H 1
| #define HAVE_UNISTD_H 1
| #define HAVE_STDDEF_H 1
| #define HAVE_STDLIB_H 1
| #define HAVE_STRINGS_H 1
| #define HAVE_UNISTD_H 1
| #define HAVE_FCNTL_H 1
| #define HAVE_SYS_FILE_H 1
| #define HAVE_SYS_STAT_H 1
| #define HAVE_CLEARERR_UNLOCKED 1
| #define HAVE_FEOF_UNLOCKED 1
| #define HAVE_FERROR_UNLOCKED 1
| #define HAVE_FFLUSH_UNLOCKED 1
| #define HAVE_FGETC_UNLOCKED 1
| #define HAVE_FGETS_UNLOCKED 1
| #define HAVE_FILENO_UNLOCKED 1
| #define HAVE_FPUTC_UNLOCKED 1
| #define HAVE_FPUTS_UNLOCKED 1
| #define HAVE_FREAD_UNLOCKED 1
| #define HAVE_FWRITE_UNLOCKED 1
| #define HAVE_GETCHAR_UNLOCKED 1
| #define HAVE_GETC_UNLOCKED 1
| #define HAVE_PUTCHAR_UNLOCKED 1
| #define HAVE_PUTC_UNLOCKED 1
| #define HAVE_DECL_ABORT 1
| #define HAVE_DECL_ASPRINTF 0
| #define HAVE_DECL_BASENAME 0
| /* end confdefs.h.  */
| #include <stdio.h>
| #ifdef HAVE_SYS_TYPES_H
| # include <sys/types.h>
| #endif
| #ifdef HAVE_SYS_STAT_H
| # include <sys/stat.h>
| #endif
| #ifdef STDC_HEADERS
| # include <stdlib.h>
| # include <stddef.h>
| #else
| # ifdef HAVE_STDLIB_H
| #  include <stdlib.h>
| # endif
| #endif
| #ifdef HAVE_STRING_H
| # if !defined STDC_HEADERS && defined HAVE_MEMORY_H
| #  include <memory.h>
| # endif
| # include <string.h>
| #endif
| #ifdef HAVE_STRINGS_H
| # include <strings.h>
| #endif
| #ifdef HAVE_INTTYPES_H
| # include <inttypes.h>
| #endif
| #ifdef HAVE_STDINT_H
| # include <stdint.h>
| #endif
| #ifdef HAVE_UNISTD_H
| # include <unistd.h>
| #endif
| int
| main ()
| {
| #ifndef errno
|   (void) errno;
| #endif
| 
|   ;
|   return 0;
| }
configure:4738: result: no
configure:4748: checking whether vasprintf is declared
configure:4748: x86_64-redhat-linux-gcc -c   conftest.c >&5
conftest.c: In function 'main':
conftest.c:83: error: 'vasprintf' undeclared (first use in this function)
conftest.c:83: error: (Each undeclared identifier is reported only once
conftest.c:83: error: for each function it appears in.)
configure:4748: $? = 1
configure: failed program was:
| /* confdefs.h */
| #define PACKAGE_NAME "fixincludes"
| #define PACKAGE_TARNAME "fixincludes"
| #define PACKAGE_VERSION " "
| #define PACKAGE_STRING "fixincludes  "
| #define PACKAGE_BUGREPORT ""
| #define PACKAGE_URL ""
| #define EXE_EXT ""
| #define STDC_HEADERS 1
| #define HAVE_SYS_TYPES_H 1
| #define HAVE_SYS_STAT_H 1
| #define HAVE_STDLIB_H 1
| #define HAVE_STRING_H 1
| #define HAVE_MEMORY_H 1
| #define HAVE_STRINGS_H 1
| #define HAVE_INTTYPES_H 1
| #define HAVE_STDINT_H 1
| #define HAVE_UNISTD_H 1
| #define HAVE_STDDEF_H 1
| #define HAVE_STDLIB_H 1
| #define HAVE_STRINGS_H 1
| #define HAVE_UNISTD_H 1
| #define HAVE_FCNTL_H 1
| #define HAVE_SYS_FILE_H 1
| #define HAVE_SYS_STAT_H 1
| #define HAVE_CLEARERR_UNLOCKED 1
| #define HAVE_FEOF_UNLOCKED 1
| #define HAVE_FERROR_UNLOCKED 1
| #define HAVE_FFLUSH_UNLOCKED 1
| #define HAVE_FGETC_UNLOCKED 1
| #define HAVE_FGETS_UNLOCKED 1
| #define HAVE_FILENO_UNLOCKED 1
| #define HAVE_FPUTC_UNLOCKED 1
| #define HAVE_FPUTS_UNLOCKED 1
| #define HAVE_FREAD_UNLOCKED 1
| #define HAVE_FWRITE_UNLOCKED 1
| #define HAVE_GETCHAR_UNLOCKED 1
| #define HAVE_GETC_UNLOCKED 1
| #define HAVE_PUTCHAR_UNLOCKED 1
| #define HAVE_PUTC_UNLOCKED 1
| #define HAVE_DECL_ABORT 1
| #define HAVE_DECL_ASPRINTF 0
| #define HAVE_DECL_BASENAME 0
| #define HAVE_DECL_ERRNO 0
| /* end confdefs.h.  */
| #include <stdio.h>
| #ifdef HAVE_SYS_TYPES_H
| # include <sys/types.h>
| #endif
| #ifdef HAVE_SYS_STAT_H
| # include <sys/stat.h>
| #endif
| #ifdef STDC_HEADERS
| # include <stdlib.h>
| # include <stddef.h>
| #else
| # ifdef HAVE_STDLIB_H
| #  include <stdlib.h>
| # endif
| #endif
| #ifdef HAVE_STRING_H
| # if !defined STDC_HEADERS && defined HAVE_MEMORY_H
| #  include <memory.h>
| # endif
| # include <string.h>
| #endif
| #ifdef HAVE_STRINGS_H
| # include <strings.h>
| #endif
| #ifdef HAVE_INTTYPES_H
| # include <inttypes.h>
| #endif
| #ifdef HAVE_STDINT_H
| # include <stdint.h>
| #endif
| #ifdef HAVE_UNISTD_H
| # include <unistd.h>
| #endif
| int
| main ()
| {
| #ifndef vasprintf
|   (void) vasprintf;
| #endif
| 
|   ;
|   return 0;
| }
configure:4748: result: no
configure:4758: checking whether clearerr_unlocked is declared
configure:4758: x86_64-redhat-linux-gcc -c   conftest.c >&5
configure:4758: $? = 0
configure:4758: result: yes
configure:4768: checking whether feof_unlocked is declared
configure:4768: x86_64-redhat-linux-gcc -c   conftest.c >&5
configure:4768: $? = 0
configure:4768: result: yes
configure:4778: checking whether ferror_unlocked is declared
configure:4778: x86_64-redhat-linux-gcc -c   conftest.c >&5
configure:4778: $? = 0
configure:4778: result: yes
configure:4788: checking whether fflush_unlocked is declared
configure:4788: x86_64-redhat-linux-gcc -c   conftest.c >&5
configure:4788: $? = 0
configure:4788: result: yes
configure:4798: checking whether fgetc_unlocked is declared
configure:4798: x86_64-redhat-linux-gcc -c   conftest.c >&5
configure:4798: $? = 0
configure:4798: result: yes
configure:4808: checking whether fgets_unlocked is declared
configure:4808: x86_64-redhat-linux-gcc -c   conftest.c >&5
conftest.c: In function 'main':
conftest.c:89: error: 'fgets_unlocked' undeclared (first use in this function)
conftest.c:89: error: (Each undeclared identifier is reported only once
conftest.c:89: error: for each function it appears in.)
configure:4808: $? = 1
configure: failed program was:
| /* confdefs.h */
| #define PACKAGE_NAME "fixincludes"
| #define PACKAGE_TARNAME "fixincludes"
| #define PACKAGE_VERSION " "
| #define PACKAGE_STRING "fixincludes  "
| #define PACKAGE_BUGREPORT ""
| #define PACKAGE_URL ""
| #define EXE_EXT ""
| #define STDC_HEADERS 1
| #define HAVE_SYS_TYPES_H 1
| #define HAVE_SYS_STAT_H 1
| #define HAVE_STDLIB_H 1
| #define HAVE_STRING_H 1
| #define HAVE_MEMORY_H 1
| #define HAVE_STRINGS_H 1
| #define HAVE_INTTYPES_H 1
| #define HAVE_STDINT_H 1
| #define HAVE_UNISTD_H 1
| #define HAVE_STDDEF_H 1
| #define HAVE_STDLIB_H 1
| #define HAVE_STRINGS_H 1
| #define HAVE_UNISTD_H 1
| #define HAVE_FCNTL_H 1
| #define HAVE_SYS_FILE_H 1
| #define HAVE_SYS_STAT_H 1
| #define HAVE_CLEARERR_UNLOCKED 1
| #define HAVE_FEOF_UNLOCKED 1
| #define HAVE_FERROR_UNLOCKED 1
| #define HAVE_FFLUSH_UNLOCKED 1
| #define HAVE_FGETC_UNLOCKED 1
| #define HAVE_FGETS_UNLOCKED 1
| #define HAVE_FILENO_UNLOCKED 1
| #define HAVE_FPUTC_UNLOCKED 1
| #define HAVE_FPUTS_UNLOCKED 1
| #define HAVE_FREAD_UNLOCKED 1
| #define HAVE_FWRITE_UNLOCKED 1
| #define HAVE_GETCHAR_UNLOCKED 1
| #define HAVE_GETC_UNLOCKED 1
| #define HAVE_PUTCHAR_UNLOCKED 1
| #define HAVE_PUTC_UNLOCKED 1
| #define HAVE_DECL_ABORT 1
| #define HAVE_DECL_ASPRINTF 0
| #define HAVE_DECL_BASENAME 0
| #define HAVE_DECL_ERRNO 0
| #define HAVE_DECL_VASPRINTF 0
| #define HAVE_DECL_CLEARERR_UNLOCKED 1
| #define HAVE_DECL_FEOF_UNLOCKED 1
| #define HAVE_DECL_FERROR_UNLOCKED 1
| #define HAVE_DECL_FFLUSH_UNLOCKED 1
| #define HAVE_DECL_FGETC_UNLOCKED 1
| /* end confdefs.h.  */
| #include <stdio.h>
| #ifdef HAVE_SYS_TYPES_H
| # include <sys/types.h>
| #endif
| #ifdef HAVE_SYS_STAT_H
| # include <sys/stat.h>
| #endif
| #ifdef STDC_HEADERS
| # include <stdlib.h>
| # include <stddef.h>
| #else
| # ifdef HAVE_STDLIB_H
| #  include <stdlib.h>
| # endif
| #endif
| #ifdef HAVE_STRING_H
| # if !defined STDC_HEADERS && defined HAVE_MEMORY_H
| #  include <memory.h>
| # endif
| # include <string.h>
| #endif
| #ifdef HAVE_STRINGS_H
| # include <strings.h>
| #endif
| #ifdef HAVE_INTTYPES_H
| # include <inttypes.h>
| #endif
| #ifdef HAVE_STDINT_H
| # include <stdint.h>
| #endif
| #ifdef HAVE_UNISTD_H
| # include <unistd.h>
| #endif
| int
| main ()
| {
| #ifndef fgets_unlocked
|   (void) fgets_unlocked;
| #endif
| 
|   ;
|   return 0;
| }
configure:4808: result: no
configure:4818: checking whether fileno_unlocked is declared
configure:4818: x86_64-redhat-linux-gcc -c   conftest.c >&5
configure:4818: $? = 0
configure:4818: result: yes
configure:4828: checking whether fprintf_unlocked is declared
configure:4828: x86_64-redhat-linux-gcc -c   conftest.c >&5
conftest.c: In function 'main':
conftest.c:91: error: 'fprintf_unlocked' undeclared (first use in this function)
conftest.c:91: error: (Each undeclared identifier is reported only once
conftest.c:91: error: for each function it appears in.)
configure:4828: $? = 1
configure: failed program was:
| /* confdefs.h */
| #define PACKAGE_NAME "fixincludes"
| #define PACKAGE_TARNAME "fixincludes"
| #define PACKAGE_VERSION " "
| #define PACKAGE_STRING "fixincludes  "
| #define PACKAGE_BUGREPORT ""
| #define PACKAGE_URL ""
| #define EXE_EXT ""
| #define STDC_HEADERS 1
| #define HAVE_SYS_TYPES_H 1
| #define HAVE_SYS_STAT_H 1
| #define HAVE_STDLIB_H 1
| #define HAVE_STRING_H 1
| #define HAVE_MEMORY_H 1
| #define HAVE_STRINGS_H 1
| #define HAVE_INTTYPES_H 1
| #define HAVE_STDINT_H 1
| #define HAVE_UNISTD_H 1
| #define HAVE_STDDEF_H 1
| #define HAVE_STDLIB_H 1
| #define HAVE_STRINGS_H 1
| #define HAVE_UNISTD_H 1
| #define HAVE_FCNTL_H 1
| #define HAVE_SYS_FILE_H 1
| #define HAVE_SYS_STAT_H 1
| #define HAVE_CLEARERR_UNLOCKED 1
| #define HAVE_FEOF_UNLOCKED 1
| #define HAVE_FERROR_UNLOCKED 1
| #define HAVE_FFLUSH_UNLOCKED 1
| #define HAVE_FGETC_UNLOCKED 1
| #define HAVE_FGETS_UNLOCKED 1
| #define HAVE_FILENO_UNLOCKED 1
| #define HAVE_FPUTC_UNLOCKED 1
| #define HAVE_FPUTS_UNLOCKED 1
| #define HAVE_FREAD_UNLOCKED 1
| #define HAVE_FWRITE_UNLOCKED 1
| #define HAVE_GETCHAR_UNLOCKED 1
| #define HAVE_GETC_UNLOCKED 1
| #define HAVE_PUTCHAR_UNLOCKED 1
| #define HAVE_PUTC_UNLOCKED 1
| #define HAVE_DECL_ABORT 1
| #define HAVE_DECL_ASPRINTF 0
| #define HAVE_DECL_BASENAME 0
| #define HAVE_DECL_ERRNO 0
| #define HAVE_DECL_VASPRINTF 0
| #define HAVE_DECL_CLEARERR_UNLOCKED 1
| #define HAVE_DECL_FEOF_UNLOCKED 1
| #define HAVE_DECL_FERROR_UNLOCKED 1
| #define HAVE_DECL_FFLUSH_UNLOCKED 1
| #define HAVE_DECL_FGETC_UNLOCKED 1
| #define HAVE_DECL_FGETS_UNLOCKED 0
| #define HAVE_DECL_FILENO_UNLOCKED 1
| /* end confdefs.h.  */
| #include <stdio.h>
| #ifdef HAVE_SYS_TYPES_H
| # include <sys/types.h>
| #endif
| #ifdef HAVE_SYS_STAT_H
| # include <sys/stat.h>
| #endif
| #ifdef STDC_HEADERS
| # include <stdlib.h>
| # include <stddef.h>
| #else
| # ifdef HAVE_STDLIB_H
| #  include <stdlib.h>
| # endif
| #endif
| #ifdef HAVE_STRING_H
| # if !defined STDC_HEADERS && defined HAVE_MEMORY_H
| #  include <memory.h>
| # endif
| # include <string.h>
| #endif
| #ifdef HAVE_STRINGS_H
| # include <strings.h>
| #endif
| #ifdef HAVE_INTTYPES_H
| # include <inttypes.h>
| #endif
| #ifdef HAVE_STDINT_H
| # include <stdint.h>
| #endif
| #ifdef HAVE_UNISTD_H
| # include <unistd.h>
| #endif
| int
| main ()
| {
| #ifndef fprintf_unlocked
|   (void) fprintf_unlocked;
| #endif
| 
|   ;
|   return 0;
| }
configure:4828: result: no
configure:4838: checking whether fputc_unlocked is declared
configure:4838: x86_64-redhat-linux-gcc -c   conftest.c >&5
configure:4838: $? = 0
configure:4838: result: yes
configure:4848: checking whether fputs_unlocked is declared
configure:4848: x86_64-redhat-linux-gcc -c   conftest.c >&5
conftest.c: In function 'main':
conftest.c:93: error: 'fputs_unlocked' undeclared (first use in this function)
conftest.c:93: error: (Each undeclared identifier is reported only once
conftest.c:93: error: for each function it appears in.)
configure:4848: $? = 1
configure: failed program was:
| /* confdefs.h */
| #define PACKAGE_NAME "fixincludes"
| #define PACKAGE_TARNAME "fixincludes"
| #define PACKAGE_VERSION " "
| #define PACKAGE_STRING "fixincludes  "
| #define PACKAGE_BUGREPORT ""
| #define PACKAGE_URL ""
| #define EXE_EXT ""
| #define STDC_HEADERS 1
| #define HAVE_SYS_TYPES_H 1
| #define HAVE_SYS_STAT_H 1
| #define HAVE_STDLIB_H 1
| #define HAVE_STRING_H 1
| #define HAVE_MEMORY_H 1
| #define HAVE_STRINGS_H 1
| #define HAVE_INTTYPES_H 1
| #define HAVE_STDINT_H 1
| #define HAVE_UNISTD_H 1
| #define HAVE_STDDEF_H 1
| #define HAVE_STDLIB_H 1
| #define HAVE_STRINGS_H 1
| #define HAVE_UNISTD_H 1
| #define HAVE_FCNTL_H 1
| #define HAVE_SYS_FILE_H 1
| #define HAVE_SYS_STAT_H 1
| #define HAVE_CLEARERR_UNLOCKED 1
| #define HAVE_FEOF_UNLOCKED 1
| #define HAVE_FERROR_UNLOCKED 1
| #define HAVE_FFLUSH_UNLOCKED 1
| #define HAVE_FGETC_UNLOCKED 1
| #define HAVE_FGETS_UNLOCKED 1
| #define HAVE_FILENO_UNLOCKED 1
| #define HAVE_FPUTC_UNLOCKED 1
| #define HAVE_FPUTS_UNLOCKED 1
| #define HAVE_FREAD_UNLOCKED 1
| #define HAVE_FWRITE_UNLOCKED 1
| #define HAVE_GETCHAR_UNLOCKED 1
| #define HAVE_GETC_UNLOCKED 1
| #define HAVE_PUTCHAR_UNLOCKED 1
| #define HAVE_PUTC_UNLOCKED 1
| #define HAVE_DECL_ABORT 1
| #define HAVE_DECL_ASPRINTF 0
| #define HAVE_DECL_BASENAME 0
| #define HAVE_DECL_ERRNO 0
| #define HAVE_DECL_VASPRINTF 0
| #define HAVE_DECL_CLEARERR_UNLOCKED 1
| #define HAVE_DECL_FEOF_UNLOCKED 1
| #define HAVE_DECL_FERROR_UNLOCKED 1
| #define HAVE_DECL_FFLUSH_UNLOCKED 1
| #define HAVE_DECL_FGETC_UNLOCKED 1
| #define HAVE_DECL_FGETS_UNLOCKED 0
| #define HAVE_DECL_FILENO_UNLOCKED 1
| #define HAVE_DECL_FPRINTF_UNLOCKED 0
| #define HAVE_DECL_FPUTC_UNLOCKED 1
| /* end confdefs.h.  */
| #include <stdio.h>
| #ifdef HAVE_SYS_TYPES_H
| # include <sys/types.h>
| #endif
| #ifdef HAVE_SYS_STAT_H
| # include <sys/stat.h>
| #endif
| #ifdef STDC_HEADERS
| # include <stdlib.h>
| # include <stddef.h>
| #else
| # ifdef HAVE_STDLIB_H
| #  include <stdlib.h>
| # endif
| #endif
| #ifdef HAVE_STRING_H
| # if !defined STDC_HEADERS && defined HAVE_MEMORY_H
| #  include <memory.h>
| # endif
| # include <string.h>
| #endif
| #ifdef HAVE_STRINGS_H
| # include <strings.h>
| #endif
| #ifdef HAVE_INTTYPES_H
| # include <inttypes.h>
| #endif
| #ifdef HAVE_STDINT_H
| # include <stdint.h>
| #endif
| #ifdef HAVE_UNISTD_H
| # include <unistd.h>
| #endif
| int
| main ()
| {
| #ifndef fputs_unlocked
|   (void) fputs_unlocked;
| #endif
| 
|   ;
|   return 0;
| }
configure:4848: result: no
configure:4858: checking whether fread_unlocked is declared
configure:4858: x86_64-redhat-linux-gcc -c   conftest.c >&5
configure:4858: $? = 0
configure:4858: result: yes
configure:4868: checking whether fwrite_unlocked is declared
configure:4868: x86_64-redhat-linux-gcc -c   conftest.c >&5
configure:4868: $? = 0
configure:4868: result: yes
configure:4878: checking whether getchar_unlocked is declared
configure:4878: x86_64-redhat-linux-gcc -c   conftest.c >&5
configure:4878: $? = 0
configure:4878: result: yes
configure:4888: checking whether getc_unlocked is declared
configure:4888: x86_64-redhat-linux-gcc -c   conftest.c >&5
configure:4888: $? = 0
configure:4888: result: yes
configure:4898: checking whether putchar_unlocked is declared
configure:4898: x86_64-redhat-linux-gcc -c   conftest.c >&5
configure:4898: $? = 0
configure:4898: result: yes
configure:4908: checking whether putc_unlocked is declared
configure:4908: x86_64-redhat-linux-gcc -c   conftest.c >&5
configure:4908: $? = 0
configure:4908: result: yes
configure:4921: checking for an ANSI C-conforming const
configure:4986: x86_64-redhat-linux-gcc -c   conftest.c >&5
configure:4986: $? = 0
configure:4993: result: yes
configure:5004: checking sys/mman.h usability
configure:5004: x86_64-redhat-linux-gcc -c   conftest.c >&5
configure:5004: $? = 0
configure:5004: result: yes
configure:5004: checking sys/mman.h presence
configure:5004: x86_64-redhat-linux-gcc -E  conftest.c
configure:5004: $? = 0
configure:5004: result: yes
configure:5004: checking for sys/mman.h
configure:5004: result: yes
configure:5012: checking for mmap
configure:5012: x86_64-redhat-linux-gcc -o conftest     conftest.c  >&5
configure:5012: $? = 0
configure:5012: result: yes
configure:5025: checking whether read-only mmap of a plain file works
configure:5042: result: yes
configure:5044: checking whether mmap from /dev/zero works
configure:5066: result: yes
configure:5070: checking for MAP_ANON(YMOUS)
configure:5093: x86_64-redhat-linux-gcc -c   conftest.c >&5
configure:5093: $? = 0
configure:5100: result: yes
configure:5106: checking whether mmap with MAP_ANON(YMOUS) works
configure:5123: result: yes
configure:5145: checking whether to enable maintainer-specific portions of Makefiles
configure:5154: result: no
configure:5237: updating cache ./config.cache
configure:5274: creating ./config.status

## ---------------------- ##
## Running config.status. ##
## ---------------------- ##

This file was extended by fixincludes config.status  , which was
generated by GNU Autoconf 2.64.  Invocation command line was

  CONFIG_FILES    = 
  CONFIG_HEADERS  = 
  CONFIG_LINKS    = 
  CONFIG_COMMANDS = 
  $ ./config.status 

on discordy

config.status:864: creating Makefile
config.status:864: creating mkheaders.almost
config.status:864: creating config.h

## ---------------- ##
## Cache variables. ##
## ---------------- ##

ac_cv_build=x86_64-redhat-linux-gnu
ac_cv_c_compiler_gnu=yes
ac_cv_c_const=yes
ac_cv_env_CC_set=set
ac_cv_env_CC_value=x86_64-redhat-linux-gcc
ac_cv_env_CFLAGS_set=set
ac_cv_env_CFLAGS_value=
ac_cv_env_CPPFLAGS_set=
ac_cv_env_CPPFLAGS_value=
ac_cv_env_CPP_set=
ac_cv_env_CPP_value=
ac_cv_env_LDFLAGS_set=set
ac_cv_env_LDFLAGS_value=' '
ac_cv_env_LIBS_set=
ac_cv_env_LIBS_value=
ac_cv_env_build_alias_set=set
ac_cv_env_build_alias_value=x86_64-redhat-linux
ac_cv_env_host_alias_set=set
ac_cv_env_host_alias_value=x86_64-redhat-linux
ac_cv_env_target_alias_set=set
ac_cv_env_target_alias_value=arm-openwrt-linux-uclibcgnueabi
ac_cv_func_clearerr_unlocked=yes
ac_cv_func_feof_unlocked=yes
ac_cv_func_ferror_unlocked=yes
ac_cv_func_fflush_unlocked=yes
ac_cv_func_fgetc_unlocked=yes
ac_cv_func_fgets_unlocked=yes
ac_cv_func_fileno_unlocked=yes
ac_cv_func_fprintf_unlocked=no
ac_cv_func_fputc_unlocked=yes
ac_cv_func_fputs_unlocked=yes
ac_cv_func_fread_unlocked=yes
ac_cv_func_fwrite_unlocked=yes
ac_cv_func_getc_unlocked=yes
ac_cv_func_getchar_unlocked=yes
ac_cv_func_mmap=yes
ac_cv_func_putc_unlocked=yes
ac_cv_func_putchar_unlocked=yes
ac_cv_have_decl_abort=yes
ac_cv_have_decl_asprintf=no
ac_cv_have_decl_basename=no
ac_cv_have_decl_clearerr_unlocked=yes
ac_cv_have_decl_errno=no
ac_cv_have_decl_feof_unlocked=yes
ac_cv_have_decl_ferror_unlocked=yes
ac_cv_have_decl_fflush_unlocked=yes
ac_cv_have_decl_fgetc_unlocked=yes
ac_cv_have_decl_fgets_unlocked=no
ac_cv_have_decl_fileno_unlocked=yes
ac_cv_have_decl_fprintf_unlocked=no
ac_cv_have_decl_fputc_unlocked=yes
ac_cv_have_decl_fputs_unlocked=no
ac_cv_have_decl_fread_unlocked=yes
ac_cv_have_decl_fwrite_unlocked=yes
ac_cv_have_decl_getc_unlocked=yes
ac_cv_have_decl_getchar_unlocked=yes
ac_cv_have_decl_putc_unlocked=yes
ac_cv_have_decl_putchar_unlocked=yes
ac_cv_have_decl_vasprintf=no
ac_cv_header_fcntl_h=yes
ac_cv_header_inttypes_h=yes
ac_cv_header_memory_h=yes
ac_cv_header_stdc=yes
ac_cv_header_stddef_h=yes
ac_cv_header_stdint_h=yes
ac_cv_header_stdlib_h=yes
ac_cv_header_string_h=yes
ac_cv_header_strings_h=yes
ac_cv_header_sys_file_h=yes
ac_cv_header_sys_mman_h=yes
ac_cv_header_sys_stat_h=yes
ac_cv_header_sys_types_h=yes
ac_cv_header_unistd_h=yes
ac_cv_host=x86_64-redhat-linux-gnu
ac_cv_objext=o
ac_cv_path_EGREP='/bin/grep -E'
ac_cv_path_GREP=/bin/grep
ac_cv_path_SED=/home/fdkit/GPL-AirCam-v1.2/openwrt/staging_dir/host/bin/sed
ac_cv_prog_CC=x86_64-redhat-linux-gcc
ac_cv_prog_CPP='x86_64-redhat-linux-gcc -E'
ac_cv_prog_cc_c89=
ac_cv_prog_cc_g=yes
ac_cv_target=arm-openwrt-linux-uclibcgnueabi
acx_cv_prog_cc_pedantic__Wno_long_long=yes
acx_cv_prog_cc_warning__W=yes
acx_cv_prog_cc_warning__Wall=yes
acx_cv_prog_cc_warning__Wmissing_format_attribute=yes
acx_cv_prog_cc_warning__Wmissing_prototypes=yes
acx_cv_prog_cc_warning__Wno_overlength_strings=yes
acx_cv_prog_cc_warning__Wold_style_definition=yes
acx_cv_prog_cc_warning__Wstrict_prototypes=yes
acx_cv_prog_cc_warning__Wwrite_strings=yes
gcc_cv_decl_map_anon=yes
gcc_cv_func_mmap_anon=yes
gcc_cv_func_mmap_dev_zero=yes
gcc_cv_func_mmap_file=yes
glibcxx_cv_c99_math_tr1=no
libgcc_cv_fixed_point=no

## ----------------- ##
## Output variables. ##
## ----------------- ##

CC='x86_64-redhat-linux-gcc'
CFLAGS=''
CPP='x86_64-redhat-linux-gcc -E'
CPPFLAGS=''
DEFS='-DHAVE_CONFIG_H'
ECHO_C=''
ECHO_N='-n'
ECHO_T=''
EGREP='/bin/grep -E'
EXEEXT=''
GREP='/bin/grep'
LDFLAGS=' '
LIBOBJS=''
LIBS=''
LTLIBOBJS=''
MAINT='#'
OBJEXT='o'
PACKAGE_BUGREPORT=''
PACKAGE_NAME='fixincludes'
PACKAGE_STRING='fixincludes  '
PACKAGE_TARNAME='fixincludes'
PACKAGE_URL=''
PACKAGE_VERSION=' '
PATH_SEPARATOR=':'
SED='/home/fdkit/GPL-AirCam-v1.2/openwrt/staging_dir/host/bin/sed'
SHELL='/bin/sh'
TARGET='oneprocess'
WARN_CFLAGS='-W -Wall -Wwrite-strings -Wstrict-prototypes -Wmissing-prototypes -Wold-style-definition -Wmissing-format-attribute -Wno-overlength-strings'
WARN_PEDANTIC='-pedantic -Wno-long-long'
WERROR=''
ac_ct_CC=''
bindir='${exec_prefix}/bin'
build='x86_64-redhat-linux-gnu'
build_alias='x86_64-redhat-linux'
build_cpu='x86_64'
build_os='linux-gnu'
build_vendor='redhat'
datadir='${datarootdir}'
datarootdir='${prefix}/share'
docdir='${datarootdir}/doc/${PACKAGE_TARNAME}'
dvidir='${docdir}'
exec_prefix='${prefix}'
host='x86_64-redhat-linux-gnu'
host_alias='x86_64-redhat-linux'
host_cpu='x86_64'
host_os='linux-gnu'
host_vendor='redhat'
htmldir='${docdir}'
includedir='${prefix}/include'
infodir='${datarootdir}/info'
libdir='${exec_prefix}/lib'
libexecdir='${exec_prefix}/libexec'
localedir='${datarootdir}/locale'
localstatedir='${prefix}/var'
mandir='${datarootdir}/man'
oldincludedir='/usr/include'
pdfdir='${docdir}'
prefix='/home/fdkit/GPL-AirCam-v1.2/openwrt/staging_dir/toolchain-arm_v5te_gcc-linaro_uClibc-0.9.32_eabi'
program_transform_name='s&^&arm-openwrt-linux-uclibcgnueabi-&'
psdir='${docdir}'
sbindir='${exec_prefix}/sbin'
sharedstatedir='${prefix}/com'
sysconfdir='${prefix}/etc'
target='arm-openwrt-linux-uclibcgnueabi'
target_alias='arm-openwrt-linux-uclibcgnueabi'
target_cpu='arm'
target_noncanonical='arm-openwrt-linux-uclibcgnueabi'
target_os='linux-uclibcgnueabi'
target_vendor='openwrt'

## ----------- ##
## confdefs.h. ##
## ----------- ##

/* confdefs.h */
#define PACKAGE_NAME "fixincludes"
#define PACKAGE_TARNAME "fixincludes"
#define PACKAGE_VERSION " "
#define PACKAGE_STRING "fixincludes  "
#define PACKAGE_BUGREPORT ""
#define PACKAGE_URL ""
#define EXE_EXT ""
#define STDC_HEADERS 1
#define HAVE_SYS_TYPES_H 1
#define HAVE_SYS_STAT_H 1
#define HAVE_STDLIB_H 1
#define HAVE_STRING_H 1
#define HAVE_MEMORY_H 1
#define HAVE_STRINGS_H 1
#define HAVE_INTTYPES_H 1
#define HAVE_STDINT_H 1
#define HAVE_UNISTD_H 1
#define HAVE_STDDEF_H 1
#define HAVE_STDLIB_H 1
#define HAVE_STRINGS_H 1
#define HAVE_UNISTD_H 1
#define HAVE_FCNTL_H 1
#define HAVE_SYS_FILE_H 1
#define HAVE_SYS_STAT_H 1
#define HAVE_CLEARERR_UNLOCKED 1
#define HAVE_FEOF_UNLOCKED 1
#define HAVE_FERROR_UNLOCKED 1
#define HAVE_FFLUSH_UNLOCKED 1
#define HAVE_FGETC_UNLOCKED 1
#define HAVE_FGETS_UNLOCKED 1
#define HAVE_FILENO_UNLOCKED 1
#define HAVE_FPUTC_UNLOCKED 1
#define HAVE_FPUTS_UNLOCKED 1
#define HAVE_FREAD_UNLOCKED 1
#define HAVE_FWRITE_UNLOCKED 1
#define HAVE_GETCHAR_UNLOCKED 1
#define HAVE_GETC_UNLOCKED 1
#define HAVE_PUTCHAR_UNLOCKED 1
#define HAVE_PUTC_UNLOCKED 1
#define HAVE_DECL_ABORT 1
#define HAVE_DECL_ASPRINTF 0
#define HAVE_DECL_BASENAME 0
#define HAVE_DECL_ERRNO 0
#define HAVE_DECL_VASPRINTF 0
#define HAVE_DECL_CLEARERR_UNLOCKED 1
#define HAVE_DECL_FEOF_UNLOCKED 1
#define HAVE_DECL_FERROR_UNLOCKED 1
#define HAVE_DECL_FFLUSH_UNLOCKED 1
#define HAVE_DECL_FGETC_UNLOCKED 1
#define HAVE_DECL_FGETS_UNLOCKED 0
#define HAVE_DECL_FILENO_UNLOCKED 1
#define HAVE_DECL_FPRINTF_UNLOCKED 0
#define HAVE_DECL_FPUTC_UNLOCKED 1
#define HAVE_DECL_FPUTS_UNLOCKED 0
#define HAVE_DECL_FREAD_UNLOCKED 1
#define HAVE_DECL_FWRITE_UNLOCKED 1
#define HAVE_DECL_GETCHAR_UNLOCKED 1
#define HAVE_DECL_GETC_UNLOCKED 1
#define HAVE_DECL_PUTCHAR_UNLOCKED 1
#define HAVE_DECL_PUTC_UNLOCKED 1
#define HAVE_MMAP_FILE 1
#define HAVE_MMAP_DEV_ZERO 1
#define HAVE_MMAP_ANON 1
#define SED_PROGRAM "/home/fdkit/GPL-AirCam-v1.2/openwrt/staging_dir/host/bin/sed"

configure: exit 0
