This file contains any messages produced by compilers while
running configure, to aid debugging if configure makes a mistake.

It was created by GNU Libtool configure 2.4, which was
generated by GNU Autoconf 2.67.  Invocation command line was

  $ ./configure CFLAGS=-O2 -I/home/fdkit/GPL-AirCam-v1.2/openwrt/staging_dir/host/include CPPFLAGS=-O2 -I/home/fdkit/GPL-AirCam-v1.2/openwrt/staging_dir/host/include LDFLAGS=-L/home/fdkit/GPL-AirCam-v1.2/openwrt/staging_dir/host/lib SHELL=/bin/bash lt_cv_sys_dlsearch_path= --target=x86_64-redhat-linux --host=x86_64-redhat-linux --build=x86_64-redhat-linux --program-prefix= --program-suffix= --prefix=/home/fdkit/GPL-AirCam-v1.2/openwrt/staging_dir/host --exec-prefix=/home/fdkit/GPL-AirCam-v1.2/openwrt/staging_dir/host --sysconfdir=/home/fdkit/GPL-AirCam-v1.2/openwrt/staging_dir/host/etc --localstatedir=/home/fdkit/GPL-AirCam-v1.2/openwrt/staging_dir/host/var --sbindir=/home/fdkit/GPL-AirCam-v1.2/openwrt/staging_dir/host/bin

## --------- ##
## Platform. ##
## --------- ##

hostname = discordy
uname -m = x86_64
uname -r = 2.6.32-358.6.2.el6.x86_64
uname -s = Linux
uname -v = #1 SMP Thu May 16 20:59:36 UTC 2013

/usr/bin/uname -p = unknown
/bin/uname -X     = unknown

/bin/arch              = x86_64
/usr/bin/arch -k       = unknown
/usr/convex/getsysinfo = unknown
/usr/bin/hostinfo      = unknown
/bin/machine           = unknown
/usr/bin/oslevel       = unknown
/bin/universe          = unknown

PATH: /home/fdkit/GPL-AirCam-v1.2/openwrt/staging_dir/toolchain-arm_v5te_gcc-linaro_uClibc-0.9.32_eabi/bin
PATH: /home/fdkit/GPL-AirCam-v1.2/openwrt/staging_dir/host/bin
PATH: /home/fdkit/GPL-AirCam-v1.2/openwrt/staging_dir/toolchain-arm_v5te_gcc-linaro_uClibc-0.9.32_eabi/bin
PATH: /home/fdkit/GPL-AirCam-v1.2/openwrt/staging_dir/host/bin
PATH: /home/fdkit/GPL-AirCam-v1.2/openwrt/staging_dir/toolchain-arm_v5te_gcc-linaro_uClibc-0.9.32_eabi/bin
PATH: /home/fdkit/GPL-AirCam-v1.2/openwrt/staging_dir/host/bin
PATH: /usr/local/bin
PATH: /bin
PATH: /usr/bin
PATH: /usr/local/sbin
PATH: /usr/sbin
PATH: /sbin
PATH: /home/fdkit/bin


## ----------- ##
## Core tests. ##
## ----------- ##

configure:2704: checking for a BSD-compatible install
configure:2772: result: /usr/bin/install -c
configure:2783: checking whether build environment is sane
configure:2833: result: yes
configure:2974: checking for a thread-safe mkdir -p
configure:3013: result: /bin/mkdir -p
configure:3026: checking for gawk
configure:3042: found /bin/gawk
configure:3053: result: gawk
configure:3064: checking whether make sets $(MAKE)
configure:3086: result: yes
configure:3180: checking build system type
configure:3194: result: x86_64-redhat-linux-gnu
configure:3214: checking host system type
configure:3227: result: x86_64-redhat-linux-gnu
configure:3254: autobuild project... GNU Libtool
configure:3260: autobuild revision... 2.4 ()
configure:3265: autobuild hostname... discordy
configure:3269: autobuild mode... default
configure:3277: autobuild timestamp... 20131126T114541Z
configure:3336: checking for x86_64-redhat-linux-gcc
configure:3352: found /usr/bin/x86_64-redhat-linux-gcc
configure:3363: result: x86_64-redhat-linux-gcc
configure:3632: checking for C compiler version
configure:3641: x86_64-redhat-linux-gcc --version >&5
x86_64-redhat-linux-gcc (GCC) 4.4.7 20120313 (Red Hat 4.4.7-3)
Copyright (C) 2010 Free Software Foundation, Inc.
This is free software; see the source for copying conditions.  There is NO
warranty; not even for MERCHANTABILITY or FITNESS FOR A PARTICULAR PURPOSE.

configure:3652: $? = 0
configure:3641: x86_64-redhat-linux-gcc -v >&5
Using built-in specs.
Target: x86_64-redhat-linux
Configured with: ../configure --prefix=/usr --mandir=/usr/share/man --infodir=/usr/share/info --with-bugurl=http://bugzilla.redhat.com/bugzilla --enable-bootstrap --enable-shared --enable-threads=posix --enable-checking=release --with-system-zlib --enable-__cxa_atexit --disable-libunwind-exceptions --enable-gnu-unique-object --enable-languages=c,c++,objc,obj-c++,java,fortran,ada --enable-java-awt=gtk --disable-dssi --with-java-home=/usr/lib/jvm/java-1.5.0-gcj-1.5.0.0/jre --enable-libgcj-multifile --enable-java-maintainer-mode --with-ecj-jar=/usr/share/java/eclipse-ecj.jar --disable-libjava-multilib --with-ppl --with-cloog --with-tune=generic --with-arch_32=i686 --build=x86_64-redhat-linux
Thread model: posix
gcc version 4.4.7 20120313 (Red Hat 4.4.7-3) (GCC) 
configure:3652: $? = 0
configure:3641: x86_64-redhat-linux-gcc -V >&5
x86_64-redhat-linux-gcc: '-V' option must have argument
configure:3652: $? = 1
configure:3641: x86_64-redhat-linux-gcc -qversion >&5
x86_64-redhat-linux-gcc: unrecognized option '-qversion'
x86_64-redhat-linux-gcc: no input files
configure:3652: $? = 1
configure:3672: checking whether the C compiler works
configure:3694: x86_64-redhat-linux-gcc -O2 -I/home/fdkit/GPL-AirCam-v1.2/openwrt/staging_dir/host/include -O2 -I/home/fdkit/GPL-AirCam-v1.2/openwrt/staging_dir/host/include -L/home/fdkit/GPL-AirCam-v1.2/openwrt/staging_dir/host/lib conftest.c  >&5
configure:3698: $? = 0
configure:3746: result: yes
configure:3749: checking for C compiler default output file name
configure:3751: result: a.out
configure:3757: checking for suffix of executables
configure:3764: x86_64-redhat-linux-gcc -o conftest -O2 -I/home/fdkit/GPL-AirCam-v1.2/openwrt/staging_dir/host/include -O2 -I/home/fdkit/GPL-AirCam-v1.2/openwrt/staging_dir/host/include -L/home/fdkit/GPL-AirCam-v1.2/openwrt/staging_dir/host/lib conftest.c  >&5
configure:3768: $? = 0
configure:3790: result: 
configure:3812: checking whether we are cross compiling
configure:3820: x86_64-redhat-linux-gcc -o conftest -O2 -I/home/fdkit/GPL-AirCam-v1.2/openwrt/staging_dir/host/include -O2 -I/home/fdkit/GPL-AirCam-v1.2/openwrt/staging_dir/host/include -L/home/fdkit/GPL-AirCam-v1.2/openwrt/staging_dir/host/lib conftest.c  >&5
configure:3824: $? = 0
configure:3831: ./conftest
configure:3835: $? = 0
configure:3850: result: no
configure:3855: checking for suffix of object files
configure:3877: x86_64-redhat-linux-gcc -c -O2 -I/home/fdkit/GPL-AirCam-v1.2/openwrt/staging_dir/host/include -O2 -I/home/fdkit/GPL-AirCam-v1.2/openwrt/staging_dir/host/include conftest.c >&5
configure:3881: $? = 0
configure:3902: result: o
configure:3906: checking whether we are using the GNU C compiler
configure:3925: x86_64-redhat-linux-gcc -c -O2 -I/home/fdkit/GPL-AirCam-v1.2/openwrt/staging_dir/host/include -O2 -I/home/fdkit/GPL-AirCam-v1.2/openwrt/staging_dir/host/include conftest.c >&5
configure:3925: $? = 0
configure:3934: result: yes
configure:3943: checking whether x86_64-redhat-linux-gcc accepts -g
configure:3963: x86_64-redhat-linux-gcc -c -g -O2 -I/home/fdkit/GPL-AirCam-v1.2/openwrt/staging_dir/host/include conftest.c >&5
configure:3963: $? = 0
configure:4004: result: yes
configure:4021: checking for x86_64-redhat-linux-gcc option to accept ISO C89
configure:4085: x86_64-redhat-linux-gcc  -c -O2 -I/home/fdkit/GPL-AirCam-v1.2/openwrt/staging_dir/host/include -O2 -I/home/fdkit/GPL-AirCam-v1.2/openwrt/staging_dir/host/include conftest.c >&5
configure:4085: $? = 0
configure:4098: result: none needed
configure:4129: checking for style of include used by make
configure:4157: result: GNU
configure:4182: checking dependency style of x86_64-redhat-linux-gcc
configure:4292: result: gcc3
configure:4308: checking whether x86_64-redhat-linux-gcc and cc understand -c and -o together
configure:4339: x86_64-redhat-linux-gcc -c conftest.c -o conftest2.o >&5
configure:4343: $? = 0
configure:4349: x86_64-redhat-linux-gcc -c conftest.c -o conftest2.o >&5
configure:4353: $? = 0
configure:4364: cc -c conftest.c >&5
configure:4368: $? = 0
configure:4376: cc -c conftest.c -o conftest2.o >&5
configure:4380: $? = 0
configure:4386: cc -c conftest.c -o conftest2.o >&5
configure:4390: $? = 0
configure:4408: result: yes
configure:4438: checking how to run the C preprocessor
configure:4469: x86_64-redhat-linux-gcc -E -O2 -I/home/fdkit/GPL-AirCam-v1.2/openwrt/staging_dir/host/include conftest.c
configure:4469: $? = 0
configure:4483: x86_64-redhat-linux-gcc -E -O2 -I/home/fdkit/GPL-AirCam-v1.2/openwrt/staging_dir/host/include conftest.c
conftest.c:11:28: error: ac_nonexistent.h: No such file or directory
configure:4483: $? = 1
configure: failed program was:
| /* confdefs.h */
| #define PACKAGE_NAME "GNU Libtool"
| #define PACKAGE_TARNAME "libtool"
| #define PACKAGE_VERSION "2.4"
| #define PACKAGE_STRING "GNU Libtool 2.4"
| #define PACKAGE_BUGREPORT "bug-libtool@gnu.org"
| #define PACKAGE_URL "http://www.gnu.org/software/libtool/"
| #define PACKAGE "libtool"
| #define VERSION "2.4"
| /* end confdefs.h.  */
| #include <ac_nonexistent.h>
configure:4508: result: x86_64-redhat-linux-gcc -E
configure:4528: x86_64-redhat-linux-gcc -E -O2 -I/home/fdkit/GPL-AirCam-v1.2/openwrt/staging_dir/host/include conftest.c
configure:4528: $? = 0
configure:4542: x86_64-redhat-linux-gcc -E -O2 -I/home/fdkit/GPL-AirCam-v1.2/openwrt/staging_dir/host/include conftest.c
conftest.c:11:28: error: ac_nonexistent.h: No such file or directory
configure:4542: $? = 1
configure: failed program was:
| /* confdefs.h */
| #define PACKAGE_NAME "GNU Libtool"
| #define PACKAGE_TARNAME "libtool"
| #define PACKAGE_VERSION "2.4"
| #define PACKAGE_STRING "GNU Libtool 2.4"
| #define PACKAGE_BUGREPORT "bug-libtool@gnu.org"
| #define PACKAGE_URL "http://www.gnu.org/software/libtool/"
| #define PACKAGE "libtool"
| #define VERSION "2.4"
| /* end confdefs.h.  */
| #include <ac_nonexistent.h>
configure:4620: checking how to print strings
configure:4647: result: printf
configure:4668: checking for a sed that does not truncate output
configure:4732: result: /home/fdkit/GPL-AirCam-v1.2/openwrt/staging_dir/host/bin/sed
configure:4750: checking for grep that handles long lines and -e
configure:4808: result: /bin/grep
configure:4813: checking for egrep
configure:4875: result: /bin/grep -E
configure:4880: checking for fgrep
configure:4942: result: /bin/grep -F
configure:4977: checking for ld used by x86_64-redhat-linux-gcc
configure:5044: result: /usr/bin/ld
configure:5051: checking if the linker (/usr/bin/ld) is GNU ld
configure:5066: result: yes
configure:5078: checking for BSD- or MS-compatible name lister (nm)
configure:5127: result: /usr/bin/nm -B
configure:5257: checking the name lister (/usr/bin/nm -B) interface
configure:5264: x86_64-redhat-linux-gcc -c -O2 -I/home/fdkit/GPL-AirCam-v1.2/openwrt/staging_dir/host/include -O2 -I/home/fdkit/GPL-AirCam-v1.2/openwrt/staging_dir/host/include conftest.c >&5
configure:5267: /usr/bin/nm -B "conftest.o"
configure:5270: output
0000000000000000 B some_variable
configure:5277: result: BSD nm
configure:5280: checking whether ln -s works
configure:5284: result: yes
configure:5292: checking the maximum length of command line arguments
configure:5417: result: 1966080
configure:5434: checking whether the shell understands some XSI constructs
configure:5444: result: yes
configure:5448: checking whether the shell understands "+="
configure:5454: result: yes
configure:5489: checking how to convert x86_64-redhat-linux-gnu file names to x86_64-redhat-linux-gnu format
configure:5529: result: func_convert_file_noop
configure:5536: checking how to convert x86_64-redhat-linux-gnu file names to toolchain format
configure:5556: result: func_convert_file_noop
configure:5563: checking for /usr/bin/ld option to reload object files
configure:5570: result: -r
configure:5604: checking for x86_64-redhat-linux-objdump
configure:5634: result: no
configure:5644: checking for objdump
configure:5660: found /usr/bin/objdump
configure:5671: result: objdump
configure:5700: checking how to recognize dependent libraries
configure:5902: result: pass_all
configure:5947: checking for x86_64-redhat-linux-dlltool
configure:5977: result: no
configure:5987: checking for dlltool
configure:6017: result: no
configure:6044: checking how to associate runtime and link libraries
configure:6071: result: printf %s\n
configure:6088: checking for x86_64-redhat-linux-ar
configure:6118: result: no
configure:6132: checking for ar
configure:6148: found /usr/bin/ar
configure:6159: result: ar
configure:6196: checking for archiver @FILE support
configure:6213: x86_64-redhat-linux-gcc -c -O2 -I/home/fdkit/GPL-AirCam-v1.2/openwrt/staging_dir/host/include -O2 -I/home/fdkit/GPL-AirCam-v1.2/openwrt/staging_dir/host/include conftest.c >&5
configure:6213: $? = 0
configure:6216: ar cru libconftest.a @conftest.lst >&5
configure:6219: $? = 0
configure:6224: ar cru libconftest.a @conftest.lst >&5
ar: conftest.o: No such file or directory
configure:6227: $? = 1
configure:6239: result: @
configure:6257: checking for x86_64-redhat-linux-strip
configure:6287: result: no
configure:6297: checking for strip
configure:6313: found /usr/bin/strip
configure:6324: result: strip
configure:6356: checking for x86_64-redhat-linux-ranlib
configure:6386: result: no
configure:6396: checking for ranlib
configure:6412: found /usr/bin/ranlib
configure:6423: result: ranlib
configure:6525: checking command to parse /usr/bin/nm -B output from x86_64-redhat-linux-gcc object
configure:6644: x86_64-redhat-linux-gcc -c -O2 -I/home/fdkit/GPL-AirCam-v1.2/openwrt/staging_dir/host/include -O2 -I/home/fdkit/GPL-AirCam-v1.2/openwrt/staging_dir/host/include conftest.c >&5
configure:6647: $? = 0
configure:6651: /usr/bin/nm -B conftest.o \| sed -n -e 's/^.*[ ]\([ABCDGIRSTW][ABCDGIRSTW]*\)[ ][ ]*\([_A-Za-z][_A-Za-z0-9]*\)$/\1 \2 \2/p' | sed '/ __gnu_lto/d' \> conftest.nm
configure:6654: $? = 0
configure:6720: x86_64-redhat-linux-gcc -o conftest -O2 -I/home/fdkit/GPL-AirCam-v1.2/openwrt/staging_dir/host/include -O2 -I/home/fdkit/GPL-AirCam-v1.2/openwrt/staging_dir/host/include -L/home/fdkit/GPL-AirCam-v1.2/openwrt/staging_dir/host/lib conftest.c conftstm.o >&5
configure:6723: $? = 0
configure:6761: result: ok
configure:6798: checking for sysroot
configure:6828: result: no
configure:6905: x86_64-redhat-linux-gcc -c -O2 -I/home/fdkit/GPL-AirCam-v1.2/openwrt/staging_dir/host/include -O2 -I/home/fdkit/GPL-AirCam-v1.2/openwrt/staging_dir/host/include conftest.c >&5
configure:6908: $? = 0
configure:7031: checking for x86_64-redhat-linux-mt
configure:7061: result: no
configure:7071: checking for mt
configure:7101: result: no
configure:7121: checking if : is a manifest tool
configure:7127: : '-?'
configure:7135: result: no
configure:7763: checking for ANSI C header files
configure:7783: x86_64-redhat-linux-gcc -c -O2 -I/home/fdkit/GPL-AirCam-v1.2/openwrt/staging_dir/host/include -O2 -I/home/fdkit/GPL-AirCam-v1.2/openwrt/staging_dir/host/include conftest.c >&5
configure:7783: $? = 0
configure:7856: x86_64-redhat-linux-gcc -o conftest -O2 -I/home/fdkit/GPL-AirCam-v1.2/openwrt/staging_dir/host/include -O2 -I/home/fdkit/GPL-AirCam-v1.2/openwrt/staging_dir/host/include -L/home/fdkit/GPL-AirCam-v1.2/openwrt/staging_dir/host/lib conftest.c  >&5
configure:7856: $? = 0
configure:7856: ./conftest
configure:7856: $? = 0
configure:7867: result: yes
configure:7880: checking for sys/types.h
configure:7880: x86_64-redhat-linux-gcc -c -O2 -I/home/fdkit/GPL-AirCam-v1.2/openwrt/staging_dir/host/include -O2 -I/home/fdkit/GPL-AirCam-v1.2/openwrt/staging_dir/host/include conftest.c >&5
configure:7880: $? = 0
configure:7880: result: yes
configure:7880: checking for sys/stat.h
configure:7880: x86_64-redhat-linux-gcc -c -O2 -I/home/fdkit/GPL-AirCam-v1.2/openwrt/staging_dir/host/include -O2 -I/home/fdkit/GPL-AirCam-v1.2/openwrt/staging_dir/host/include conftest.c >&5
configure:7880: $? = 0
configure:7880: result: yes
configure:7880: checking for stdlib.h
configure:7880: x86_64-redhat-linux-gcc -c -O2 -I/home/fdkit/GPL-AirCam-v1.2/openwrt/staging_dir/host/include -O2 -I/home/fdkit/GPL-AirCam-v1.2/openwrt/staging_dir/host/include conftest.c >&5
configure:7880: $? = 0
configure:7880: result: yes
configure:7880: checking for string.h
configure:7880: x86_64-redhat-linux-gcc -c -O2 -I/home/fdkit/GPL-AirCam-v1.2/openwrt/staging_dir/host/include -O2 -I/home/fdkit/GPL-AirCam-v1.2/openwrt/staging_dir/host/include conftest.c >&5
configure:7880: $? = 0
configure:7880: result: yes
configure:7880: checking for memory.h
configure:7880: x86_64-redhat-linux-gcc -c -O2 -I/home/fdkit/GPL-AirCam-v1.2/openwrt/staging_dir/host/include -O2 -I/home/fdkit/GPL-AirCam-v1.2/openwrt/staging_dir/host/include conftest.c >&5
configure:7880: $? = 0
configure:7880: result: yes
configure:7880: checking for strings.h
configure:7880: x86_64-redhat-linux-gcc -c -O2 -I/home/fdkit/GPL-AirCam-v1.2/openwrt/staging_dir/host/include -O2 -I/home/fdkit/GPL-AirCam-v1.2/openwrt/staging_dir/host/include conftest.c >&5
configure:7880: $? = 0
configure:7880: result: yes
configure:7880: checking for inttypes.h
configure:7880: x86_64-redhat-linux-gcc -c -O2 -I/home/fdkit/GPL-AirCam-v1.2/openwrt/staging_dir/host/include -O2 -I/home/fdkit/GPL-AirCam-v1.2/openwrt/staging_dir/host/include conftest.c >&5
configure:7880: $? = 0
configure:7880: result: yes
configure:7880: checking for stdint.h
configure:7880: x86_64-redhat-linux-gcc -c -O2 -I/home/fdkit/GPL-AirCam-v1.2/openwrt/staging_dir/host/include -O2 -I/home/fdkit/GPL-AirCam-v1.2/openwrt/staging_dir/host/include conftest.c >&5
configure:7880: $? = 0
configure:7880: result: yes
configure:7880: checking for unistd.h
configure:7880: x86_64-redhat-linux-gcc -c -O2 -I/home/fdkit/GPL-AirCam-v1.2/openwrt/staging_dir/host/include -O2 -I/home/fdkit/GPL-AirCam-v1.2/openwrt/staging_dir/host/include conftest.c >&5
configure:7880: $? = 0
configure:7880: result: yes
configure:7894: checking for dlfcn.h
configure:7894: x86_64-redhat-linux-gcc -c -O2 -I/home/fdkit/GPL-AirCam-v1.2/openwrt/staging_dir/host/include -O2 -I/home/fdkit/GPL-AirCam-v1.2/openwrt/staging_dir/host/include conftest.c >&5
configure:7894: $? = 0
configure:7894: result: yes
configure:8378: checking for objdir
configure:8393: result: .libs
configure:8664: checking if x86_64-redhat-linux-gcc supports -fno-rtti -fno-exceptions
configure:8682: x86_64-redhat-linux-gcc -c -O2 -I/home/fdkit/GPL-AirCam-v1.2/openwrt/staging_dir/host/include -O2 -I/home/fdkit/GPL-AirCam-v1.2/openwrt/staging_dir/host/include -fno-rtti -fno-exceptions conftest.c >&5
cc1: warning: command line option "-fno-rtti" is valid for C++/ObjC++ but not for C
configure:8686: $? = 0
configure:8699: result: no
configure:9009: checking for x86_64-redhat-linux-gcc option to produce PIC
configure:9016: result: -fPIC -DPIC
configure:9024: checking if x86_64-redhat-linux-gcc PIC flag -fPIC -DPIC works
configure:9042: x86_64-redhat-linux-gcc -c -O2 -I/home/fdkit/GPL-AirCam-v1.2/openwrt/staging_dir/host/include -O2 -I/home/fdkit/GPL-AirCam-v1.2/openwrt/staging_dir/host/include -fPIC -DPIC -DPIC conftest.c >&5
configure:9046: $? = 0
configure:9059: result: yes
configure:9088: checking if x86_64-redhat-linux-gcc static flag -static works
configure:9116: result: no
configure:9131: checking if x86_64-redhat-linux-gcc supports -c -o file.o
configure:9152: x86_64-redhat-linux-gcc -c -O2 -I/home/fdkit/GPL-AirCam-v1.2/openwrt/staging_dir/host/include -O2 -I/home/fdkit/GPL-AirCam-v1.2/openwrt/staging_dir/host/include -o out/conftest2.o conftest.c >&5
configure:9156: $? = 0
configure:9178: result: yes
configure:9186: checking if x86_64-redhat-linux-gcc supports -c -o file.o
configure:9233: result: yes
configure:9266: checking whether the x86_64-redhat-linux-gcc linker (/usr/bin/ld -m elf_x86_64) supports shared libraries
configure:10424: result: yes
configure:10461: checking whether -lc should be explicitly linked in
configure:10469: x86_64-redhat-linux-gcc -c -O2 -I/home/fdkit/GPL-AirCam-v1.2/openwrt/staging_dir/host/include -O2 -I/home/fdkit/GPL-AirCam-v1.2/openwrt/staging_dir/host/include conftest.c >&5
configure:10472: $? = 0
configure:10487: x86_64-redhat-linux-gcc -shared  -fPIC -DPIC conftest.o  -v -Wl,-soname -Wl,conftest -o conftest 2\>\&1 \| /bin/grep  -lc  \>/dev/null 2\>\&1
configure:10490: $? = 0
configure:10504: result: no
configure:10669: checking dynamic linker characteristics
configure:11183: x86_64-redhat-linux-gcc -o conftest -O2 -I/home/fdkit/GPL-AirCam-v1.2/openwrt/staging_dir/host/include -O2 -I/home/fdkit/GPL-AirCam-v1.2/openwrt/staging_dir/host/include -L/home/fdkit/GPL-AirCam-v1.2/openwrt/staging_dir/host/lib -Wl,-rpath -Wl,/foo conftest.c  >&5
configure:11183: $? = 0
configure:11405: result: GNU/Linux ld.so
configure:11512: checking how to hardcode library paths into programs
configure:11537: result: immediate
configure:11631: checking for shl_load
configure:11631: x86_64-redhat-linux-gcc -o conftest -O2 -I/home/fdkit/GPL-AirCam-v1.2/openwrt/staging_dir/host/include -O2 -I/home/fdkit/GPL-AirCam-v1.2/openwrt/staging_dir/host/include -L/home/fdkit/GPL-AirCam-v1.2/openwrt/staging_dir/host/lib conftest.c  >&5
/tmp/cceloUxT.o: In function `main':
conftest.c:(.text+0x7): undefined reference to `shl_load'
collect2: ld returned 1 exit status
configure:11631: $? = 1
configure: failed program was:
| /* confdefs.h */
| #define PACKAGE_NAME "GNU Libtool"
| #define PACKAGE_TARNAME "libtool"
| #define PACKAGE_VERSION "2.4"
| #define PACKAGE_STRING "GNU Libtool 2.4"
| #define PACKAGE_BUGREPORT "bug-libtool@gnu.org"
| #define PACKAGE_URL "http://www.gnu.org/software/libtool/"
| #define PACKAGE "libtool"
| #define VERSION "2.4"
| #define STDC_HEADERS 1
| #define HAVE_SYS_TYPES_H 1
| #define HAVE_SYS_STAT_H 1
| #define HAVE_STDLIB_H 1
| #define HAVE_STRING_H 1
| #define HAVE_MEMORY_H 1
| #define HAVE_STRINGS_H 1
| #define HAVE_INTTYPES_H 1
| #define HAVE_STDINT_H 1
| #define HAVE_UNISTD_H 1
| #define HAVE_DLFCN_H 1
| #define LT_OBJDIR ".libs/"
| /* end confdefs.h.  */
| /* Define shl_load to an innocuous variant, in case <limits.h> declares shl_load.
|    For example, HP-UX 11i <limits.h> declares gettimeofday.  */
| #define shl_load innocuous_shl_load
| 
| /* System header to define __stub macros and hopefully few prototypes,
|     which can conflict with char shl_load (); below.
|     Prefer <limits.h> to <assert.h> if __STDC__ is defined, since
|     <limits.h> exists even on freestanding compilers.  */
| 
| #ifdef __STDC__
| # include <limits.h>
| #else
| # include <assert.h>
| #endif
| 
| #undef shl_load
| 
| /* Override any GCC internal prototype to avoid an error.
|    Use char because int might match the return type of a GCC
|    builtin and then its argument prototype would still apply.  */
| #ifdef __cplusplus
| extern "C"
| #endif
| char shl_load ();
| /* The GNU C library defines this for functions which it implements
|     to always fail with ENOSYS.  Some functions are actually named
|     something starting with __ and the normal name is an alias.  */
| #if defined __stub_shl_load || defined __stub___shl_load
| choke me
| #endif
| 
| int
| main ()
| {
| return shl_load ();
|   ;
|   return 0;
| }
configure:11631: result: no
configure:11635: checking for shl_load in -ldld
configure:11660: x86_64-redhat-linux-gcc -o conftest -O2 -I/home/fdkit/GPL-AirCam-v1.2/openwrt/staging_dir/host/include -O2 -I/home/fdkit/GPL-AirCam-v1.2/openwrt/staging_dir/host/include -L/home/fdkit/GPL-AirCam-v1.2/openwrt/staging_dir/host/lib conftest.c -ldld   >&5
/usr/bin/ld: cannot find -ldld
collect2: ld returned 1 exit status
configure:11660: $? = 1
configure: failed program was:
| /* confdefs.h */
| #define PACKAGE_NAME "GNU Libtool"
| #define PACKAGE_TARNAME "libtool"
| #define PACKAGE_VERSION "2.4"
| #define PACKAGE_STRING "GNU Libtool 2.4"
| #define PACKAGE_BUGREPORT "bug-libtool@gnu.org"
| #define PACKAGE_URL "http://www.gnu.org/software/libtool/"
| #define PACKAGE "libtool"
| #define VERSION "2.4"
| #define STDC_HEADERS 1
| #define HAVE_SYS_TYPES_H 1
| #define HAVE_SYS_STAT_H 1
| #define HAVE_STDLIB_H 1
| #define HAVE_STRING_H 1
| #define HAVE_MEMORY_H 1
| #define HAVE_STRINGS_H 1
| #define HAVE_INTTYPES_H 1
| #define HAVE_STDINT_H 1
| #define HAVE_UNISTD_H 1
| #define HAVE_DLFCN_H 1
| #define LT_OBJDIR ".libs/"
| /* end confdefs.h.  */
| 
| /* Override any GCC internal prototype to avoid an error.
|    Use char because int might match the return type of a GCC
|    builtin and then its argument prototype would still apply.  */
| #ifdef __cplusplus
| extern "C"
| #endif
| char shl_load ();
| int
| main ()
| {
| return shl_load ();
|   ;
|   return 0;
| }
configure:11669: result: no
configure:11674: checking for dlopen
configure:11674: x86_64-redhat-linux-gcc -o conftest -O2 -I/home/fdkit/GPL-AirCam-v1.2/openwrt/staging_dir/host/include -O2 -I/home/fdkit/GPL-AirCam-v1.2/openwrt/staging_dir/host/include -L/home/fdkit/GPL-AirCam-v1.2/openwrt/staging_dir/host/lib conftest.c  >&5
/tmp/ccuvyQ10.o: In function `main':
conftest.c:(.text+0x7): undefined reference to `dlopen'
collect2: ld returned 1 exit status
configure:11674: $? = 1
configure: failed program was:
| /* confdefs.h */
| #define PACKAGE_NAME "GNU Libtool"
| #define PACKAGE_TARNAME "libtool"
| #define PACKAGE_VERSION "2.4"
| #define PACKAGE_STRING "GNU Libtool 2.4"
| #define PACKAGE_BUGREPORT "bug-libtool@gnu.org"
| #define PACKAGE_URL "http://www.gnu.org/software/libtool/"
| #define PACKAGE "libtool"
| #define VERSION "2.4"
| #define STDC_HEADERS 1
| #define HAVE_SYS_TYPES_H 1
| #define HAVE_SYS_STAT_H 1
| #define HAVE_STDLIB_H 1
| #define HAVE_STRING_H 1
| #define HAVE_MEMORY_H 1
| #define HAVE_STRINGS_H 1
| #define HAVE_INTTYPES_H 1
| #define HAVE_STDINT_H 1
| #define HAVE_UNISTD_H 1
| #define HAVE_DLFCN_H 1
| #define LT_OBJDIR ".libs/"
| /* end confdefs.h.  */
| /* Define dlopen to an innocuous variant, in case <limits.h> declares dlopen.
|    For example, HP-UX 11i <limits.h> declares gettimeofday.  */
| #define dlopen innocuous_dlopen
| 
| /* System header to define __stub macros and hopefully few prototypes,
|     which can conflict with char dlopen (); below.
|     Prefer <limits.h> to <assert.h> if __STDC__ is defined, since
|     <limits.h> exists even on freestanding compilers.  */
| 
| #ifdef __STDC__
| # include <limits.h>
| #else
| # include <assert.h>
| #endif
| 
| #undef dlopen
| 
| /* Override any GCC internal prototype to avoid an error.
|    Use char because int might match the return type of a GCC
|    builtin and then its argument prototype would still apply.  */
| #ifdef __cplusplus
| extern "C"
| #endif
| char dlopen ();
| /* The GNU C library defines this for functions which it implements
|     to always fail with ENOSYS.  Some functions are actually named
|     something starting with __ and the normal name is an alias.  */
| #if defined __stub_dlopen || defined __stub___dlopen
| choke me
| #endif
| 
| int
| main ()
| {
| return dlopen ();
|   ;
|   return 0;
| }
configure:11674: result: no
configure:11678: checking for dlopen in -ldl
configure:11703: x86_64-redhat-linux-gcc -o conftest -O2 -I/home/fdkit/GPL-AirCam-v1.2/openwrt/staging_dir/host/include -O2 -I/home/fdkit/GPL-AirCam-v1.2/openwrt/staging_dir/host/include -L/home/fdkit/GPL-AirCam-v1.2/openwrt/staging_dir/host/lib conftest.c -ldl   >&5
configure:11703: $? = 0
configure:11712: result: yes
configure:11831: checking whether a program can dlopen itself
configure:11911: x86_64-redhat-linux-gcc -o conftest -O2 -I/home/fdkit/GPL-AirCam-v1.2/openwrt/staging_dir/host/include -O2 -I/home/fdkit/GPL-AirCam-v1.2/openwrt/staging_dir/host/include -DHAVE_DLFCN_H -L/home/fdkit/GPL-AirCam-v1.2/openwrt/staging_dir/host/lib -Wl,--export-dynamic conftest.c -ldl  >&5
configure:11914: $? = 0
configure:11932: result: yes
configure:11937: checking whether a statically linked program can dlopen itself
configure:12017: x86_64-redhat-linux-gcc -o conftest -O2 -I/home/fdkit/GPL-AirCam-v1.2/openwrt/staging_dir/host/include -O2 -I/home/fdkit/GPL-AirCam-v1.2/openwrt/staging_dir/host/include -DHAVE_DLFCN_H -L/home/fdkit/GPL-AirCam-v1.2/openwrt/staging_dir/host/lib -Wl,--export-dynamic  conftest.c -ldl  >&5
configure:12020: $? = 0
configure:12038: result: yes
configure:12077: checking whether stripping libraries is possible
configure:12082: result: yes
configure:12117: checking if libtool supports shared libraries
configure:12119: result: yes
configure:12122: checking whether to build shared libraries
configure:12143: result: yes
configure:12146: checking whether to build static libraries
configure:12150: result: yes
configure:12186: checking which extension is used for runtime loadable modules
configure:12196: result: .so
configure:12206: checking which variable specifies run-time module search path
configure:12213: result: LD_LIBRARY_PATH
configure:12223: checking for the default library search path
configure:12230: result: 
configure:12260: checking for library containing dlopen
configure:12291: x86_64-redhat-linux-gcc -o conftest -O2 -I/home/fdkit/GPL-AirCam-v1.2/openwrt/staging_dir/host/include -O2 -I/home/fdkit/GPL-AirCam-v1.2/openwrt/staging_dir/host/include -L/home/fdkit/GPL-AirCam-v1.2/openwrt/staging_dir/host/lib conftest.c  >&5
/tmp/cc2cYaha.o: In function `main':
conftest.c:(.text+0x7): undefined reference to `dlopen'
collect2: ld returned 1 exit status
configure:12291: $? = 1
configure: failed program was:
| /* confdefs.h */
| #define PACKAGE_NAME "GNU Libtool"
| #define PACKAGE_TARNAME "libtool"
| #define PACKAGE_VERSION "2.4"
| #define PACKAGE_STRING "GNU Libtool 2.4"
| #define PACKAGE_BUGREPORT "bug-libtool@gnu.org"
| #define PACKAGE_URL "http://www.gnu.org/software/libtool/"
| #define PACKAGE "libtool"
| #define VERSION "2.4"
| #define STDC_HEADERS 1
| #define HAVE_SYS_TYPES_H 1
| #define HAVE_SYS_STAT_H 1
| #define HAVE_STDLIB_H 1
| #define HAVE_STRING_H 1
| #define HAVE_MEMORY_H 1
| #define HAVE_STRINGS_H 1
| #define HAVE_INTTYPES_H 1
| #define HAVE_STDINT_H 1
| #define HAVE_UNISTD_H 1
| #define HAVE_DLFCN_H 1
| #define LT_OBJDIR ".libs/"
| #define LT_MODULE_EXT ".so"
| #define LT_MODULE_PATH_VAR "LD_LIBRARY_PATH"
| /* end confdefs.h.  */
| 
| /* Override any GCC internal prototype to avoid an error.
|    Use char because int might match the return type of a GCC
|    builtin and then its argument prototype would still apply.  */
| #ifdef __cplusplus
| extern "C"
| #endif
| char dlopen ();
| int
| main ()
| {
| return dlopen ();
|   ;
|   return 0;
| }
configure:12291: x86_64-redhat-linux-gcc -o conftest -O2 -I/home/fdkit/GPL-AirCam-v1.2/openwrt/staging_dir/host/include -O2 -I/home/fdkit/GPL-AirCam-v1.2/openwrt/staging_dir/host/include -L/home/fdkit/GPL-AirCam-v1.2/openwrt/staging_dir/host/lib conftest.c -ldl   >&5
configure:12291: $? = 0
configure:12308: result: -ldl
configure:12398: checking for dlerror
configure:12398: x86_64-redhat-linux-gcc -o conftest -O2 -I/home/fdkit/GPL-AirCam-v1.2/openwrt/staging_dir/host/include -O2 -I/home/fdkit/GPL-AirCam-v1.2/openwrt/staging_dir/host/include -L/home/fdkit/GPL-AirCam-v1.2/openwrt/staging_dir/host/lib conftest.c -ldl  -ldl >&5
configure:12398: $? = 0
configure:12398: result: yes
configure:12412: checking for shl_load
configure:12412: result: no
configure:12419: checking for shl_load in -ldld
configure:12453: result: no
configure:12499: checking for dld_link in -ldld
configure:12524: x86_64-redhat-linux-gcc -o conftest -O2 -I/home/fdkit/GPL-AirCam-v1.2/openwrt/staging_dir/host/include -O2 -I/home/fdkit/GPL-AirCam-v1.2/openwrt/staging_dir/host/include -L/home/fdkit/GPL-AirCam-v1.2/openwrt/staging_dir/host/lib conftest.c -ldld  -ldl  >&5
/usr/bin/ld: cannot find -ldld
collect2: ld returned 1 exit status
configure:12524: $? = 1
configure: failed program was:
| /* confdefs.h */
| #define PACKAGE_NAME "GNU Libtool"
| #define PACKAGE_TARNAME "libtool"
| #define PACKAGE_VERSION "2.4"
| #define PACKAGE_STRING "GNU Libtool 2.4"
| #define PACKAGE_BUGREPORT "bug-libtool@gnu.org"
| #define PACKAGE_URL "http://www.gnu.org/software/libtool/"
| #define PACKAGE "libtool"
| #define VERSION "2.4"
| #define STDC_HEADERS 1
| #define HAVE_SYS_TYPES_H 1
| #define HAVE_SYS_STAT_H 1
| #define HAVE_STDLIB_H 1
| #define HAVE_STRING_H 1
| #define HAVE_MEMORY_H 1
| #define HAVE_STRINGS_H 1
| #define HAVE_INTTYPES_H 1
| #define HAVE_STDINT_H 1
| #define HAVE_UNISTD_H 1
| #define HAVE_DLFCN_H 1
| #define LT_OBJDIR ".libs/"
| #define LT_MODULE_EXT ".so"
| #define LT_MODULE_PATH_VAR "LD_LIBRARY_PATH"
| #define HAVE_LIBDL 1
| #define HAVE_DLERROR 1
| /* end confdefs.h.  */
| 
| /* Override any GCC internal prototype to avoid an error.
|    Use char because int might match the return type of a GCC
|    builtin and then its argument prototype would still apply.  */
| #ifdef __cplusplus
| extern "C"
| #endif
| char dld_link ();
| int
| main ()
| {
| return dld_link ();
|   ;
|   return 0;
| }
configure:12533: result: no
configure:12567: checking for _ prefix in compiled symbols
configure:12577: x86_64-redhat-linux-gcc -c -O2 -I/home/fdkit/GPL-AirCam-v1.2/openwrt/staging_dir/host/include -O2 -I/home/fdkit/GPL-AirCam-v1.2/openwrt/staging_dir/host/include conftest.c >&5
configure:12580: $? = 0
configure:12584: /usr/bin/nm -B conftest.o \| sed -n -e 's/^.*[	 ]\([ABCDGIRSTW][ABCDGIRSTW]*\)[	 ][	 ]*\([_A-Za-z][_A-Za-z0-9]*\)$/\1 \2 \2/p' | sed '/ __gnu_lto/d' \> conftest.nm
configure:12587: $? = 0
configure:12609: result: no
configure:12733: checking whether deplibs are loaded by dlopen
configure:12827: result: yes
configure:12839: checking for argz.h
configure:12839: x86_64-redhat-linux-gcc -c -O2 -I/home/fdkit/GPL-AirCam-v1.2/openwrt/staging_dir/host/include -O2 -I/home/fdkit/GPL-AirCam-v1.2/openwrt/staging_dir/host/include conftest.c >&5
configure:12839: $? = 0
configure:12839: result: yes
configure:12851: checking for error_t
configure:12851: x86_64-redhat-linux-gcc -c -O2 -I/home/fdkit/GPL-AirCam-v1.2/openwrt/staging_dir/host/include -O2 -I/home/fdkit/GPL-AirCam-v1.2/openwrt/staging_dir/host/include conftest.c >&5
configure:12851: $? = 0
configure:12851: x86_64-redhat-linux-gcc -c -O2 -I/home/fdkit/GPL-AirCam-v1.2/openwrt/staging_dir/host/include -O2 -I/home/fdkit/GPL-AirCam-v1.2/openwrt/staging_dir/host/include conftest.c >&5
conftest.c: In function 'main':
conftest.c:36: error: expected expression before ')' token
configure:12851: $? = 1
configure: failed program was:
| /* confdefs.h */
| #define PACKAGE_NAME "GNU Libtool"
| #define PACKAGE_TARNAME "libtool"
| #define PACKAGE_VERSION "2.4"
| #define PACKAGE_STRING "GNU Libtool 2.4"
| #define PACKAGE_BUGREPORT "bug-libtool@gnu.org"
| #define PACKAGE_URL "http://www.gnu.org/software/libtool/"
| #define PACKAGE "libtool"
| #define VERSION "2.4"
| #define STDC_HEADERS 1
| #define HAVE_SYS_TYPES_H 1
| #define HAVE_SYS_STAT_H 1
| #define HAVE_STDLIB_H 1
| #define HAVE_STRING_H 1
| #define HAVE_MEMORY_H 1
| #define HAVE_STRINGS_H 1
| #define HAVE_INTTYPES_H 1
| #define HAVE_STDINT_H 1
| #define HAVE_UNISTD_H 1
| #define HAVE_DLFCN_H 1
| #define LT_OBJDIR ".libs/"
| #define LT_MODULE_EXT ".so"
| #define LT_MODULE_PATH_VAR "LD_LIBRARY_PATH"
| #define HAVE_LIBDL 1
| #define HAVE_DLERROR 1
| #define HAVE_LIBDLLOADER 1
| #define HAVE_ARGZ_H 1
| /* end confdefs.h.  */
| #if defined(HAVE_ARGZ_H)
| #  include <argz.h>
| #endif
| 
| int
| main ()
| {
| if (sizeof ((error_t)))
| 	    return 0;
|   ;
|   return 0;
| }
configure:12851: result: yes
configure:12877: checking for argz_add
configure:12877: x86_64-redhat-linux-gcc -o conftest -O2 -I/home/fdkit/GPL-AirCam-v1.2/openwrt/staging_dir/host/include -O2 -I/home/fdkit/GPL-AirCam-v1.2/openwrt/staging_dir/host/include -L/home/fdkit/GPL-AirCam-v1.2/openwrt/staging_dir/host/lib conftest.c -ldl  >&5
configure:12877: $? = 0
configure:12877: result: yes
configure:12877: checking for argz_append
configure:12877: x86_64-redhat-linux-gcc -o conftest -O2 -I/home/fdkit/GPL-AirCam-v1.2/openwrt/staging_dir/host/include -O2 -I/home/fdkit/GPL-AirCam-v1.2/openwrt/staging_dir/host/include -L/home/fdkit/GPL-AirCam-v1.2/openwrt/staging_dir/host/lib conftest.c -ldl  >&5
configure:12877: $? = 0
configure:12877: result: yes
configure:12877: checking for argz_count
configure:12877: x86_64-redhat-linux-gcc -o conftest -O2 -I/home/fdkit/GPL-AirCam-v1.2/openwrt/staging_dir/host/include -O2 -I/home/fdkit/GPL-AirCam-v1.2/openwrt/staging_dir/host/include -L/home/fdkit/GPL-AirCam-v1.2/openwrt/staging_dir/host/lib conftest.c -ldl  >&5
configure:12877: $? = 0
configure:12877: result: yes
configure:12877: checking for argz_create_sep
configure:12877: x86_64-redhat-linux-gcc -o conftest -O2 -I/home/fdkit/GPL-AirCam-v1.2/openwrt/staging_dir/host/include -O2 -I/home/fdkit/GPL-AirCam-v1.2/openwrt/staging_dir/host/include -L/home/fdkit/GPL-AirCam-v1.2/openwrt/staging_dir/host/lib conftest.c -ldl  >&5
configure:12877: $? = 0
configure:12877: result: yes
configure:12877: checking for argz_insert
configure:12877: x86_64-redhat-linux-gcc -o conftest -O2 -I/home/fdkit/GPL-AirCam-v1.2/openwrt/staging_dir/host/include -O2 -I/home/fdkit/GPL-AirCam-v1.2/openwrt/staging_dir/host/include -L/home/fdkit/GPL-AirCam-v1.2/openwrt/staging_dir/host/lib conftest.c -ldl  >&5
configure:12877: $? = 0
configure:12877: result: yes
configure:12877: checking for argz_next
configure:12877: x86_64-redhat-linux-gcc -o conftest -O2 -I/home/fdkit/GPL-AirCam-v1.2/openwrt/staging_dir/host/include -O2 -I/home/fdkit/GPL-AirCam-v1.2/openwrt/staging_dir/host/include -L/home/fdkit/GPL-AirCam-v1.2/openwrt/staging_dir/host/lib conftest.c -ldl  >&5
configure:12877: $? = 0
configure:12877: result: yes
configure:12877: checking for argz_stringify
configure:12877: x86_64-redhat-linux-gcc -o conftest -O2 -I/home/fdkit/GPL-AirCam-v1.2/openwrt/staging_dir/host/include -O2 -I/home/fdkit/GPL-AirCam-v1.2/openwrt/staging_dir/host/include -L/home/fdkit/GPL-AirCam-v1.2/openwrt/staging_dir/host/lib conftest.c -ldl  >&5
configure:12877: $? = 0
configure:12877: result: yes
configure:12895: checking if argz actually works
configure:12926: result: yes
configure:12945: checking whether libtool supports -dlopen/-dlpreopen
configure:12957: result: yes
configure:13010: checking for unistd.h
configure:13010: result: yes
configure:13010: checking for dl.h
configure:13010: x86_64-redhat-linux-gcc -c -O2 -I/home/fdkit/GPL-AirCam-v1.2/openwrt/staging_dir/host/include -O2 -I/home/fdkit/GPL-AirCam-v1.2/openwrt/staging_dir/host/include conftest.c >&5
conftest.c:74:16: error: dl.h: No such file or directory
configure:13010: $? = 1
configure: failed program was:
| /* confdefs.h */
| #define PACKAGE_NAME "GNU Libtool"
| #define PACKAGE_TARNAME "libtool"
| #define PACKAGE_VERSION "2.4"
| #define PACKAGE_STRING "GNU Libtool 2.4"
| #define PACKAGE_BUGREPORT "bug-libtool@gnu.org"
| #define PACKAGE_URL "http://www.gnu.org/software/libtool/"
| #define PACKAGE "libtool"
| #define VERSION "2.4"
| #define STDC_HEADERS 1
| #define HAVE_SYS_TYPES_H 1
| #define HAVE_SYS_STAT_H 1
| #define HAVE_STDLIB_H 1
| #define HAVE_STRING_H 1
| #define HAVE_MEMORY_H 1
| #define HAVE_STRINGS_H 1
| #define HAVE_INTTYPES_H 1
| #define HAVE_STDINT_H 1
| #define HAVE_UNISTD_H 1
| #define HAVE_DLFCN_H 1
| #define LT_OBJDIR ".libs/"
| #define LT_MODULE_EXT ".so"
| #define LT_MODULE_PATH_VAR "LD_LIBRARY_PATH"
| #define HAVE_LIBDL 1
| #define HAVE_DLERROR 1
| #define HAVE_LIBDLLOADER 1
| #define HAVE_ARGZ_H 1
| #define HAVE_ERROR_T 1
| #define HAVE_ARGZ_ADD 1
| #define HAVE_ARGZ_APPEND 1
| #define HAVE_ARGZ_COUNT 1
| #define HAVE_ARGZ_CREATE_SEP 1
| #define HAVE_ARGZ_INSERT 1
| #define HAVE_ARGZ_NEXT 1
| #define HAVE_ARGZ_STRINGIFY 1
| #define HAVE_WORKING_ARGZ 1
| #define HAVE_PRELOADED_SYMBOLS 1
| #define HAVE_UNISTD_H 1
| /* end confdefs.h.  */
| #include <stdio.h>
| #ifdef HAVE_SYS_TYPES_H
| # include <sys/types.h>
| #endif
| #ifdef HAVE_SYS_STAT_H
| # include <sys/stat.h>
| #endif
| #ifdef STDC_HEADERS
| # include <stdlib.h>
| # include <stddef.h>
| #else
| # ifdef HAVE_STDLIB_H
| #  include <stdlib.h>
| # endif
| #endif
| #ifdef HAVE_STRING_H
| # if !defined STDC_HEADERS && defined HAVE_MEMORY_H
| #  include <memory.h>
| # endif
| # include <string.h>
| #endif
| #ifdef HAVE_STRINGS_H
| # include <strings.h>
| #endif
| #ifdef HAVE_INTTYPES_H
| # include <inttypes.h>
| #endif
| #ifdef HAVE_STDINT_H
| # include <stdint.h>
| #endif
| #ifdef HAVE_UNISTD_H
| # include <unistd.h>
| #endif
| 
| #include <dl.h>
configure:13010: result: no
configure:13010: checking for sys/dl.h
configure:13010: x86_64-redhat-linux-gcc -c -O2 -I/home/fdkit/GPL-AirCam-v1.2/openwrt/staging_dir/host/include -O2 -I/home/fdkit/GPL-AirCam-v1.2/openwrt/staging_dir/host/include conftest.c >&5
conftest.c:74:20: error: sys/dl.h: No such file or directory
configure:13010: $? = 1
configure: failed program was:
| /* confdefs.h */
| #define PACKAGE_NAME "GNU Libtool"
| #define PACKAGE_TARNAME "libtool"
| #define PACKAGE_VERSION "2.4"
| #define PACKAGE_STRING "GNU Libtool 2.4"
| #define PACKAGE_BUGREPORT "bug-libtool@gnu.org"
| #define PACKAGE_URL "http://www.gnu.org/software/libtool/"
| #define PACKAGE "libtool"
| #define VERSION "2.4"
| #define STDC_HEADERS 1
| #define HAVE_SYS_TYPES_H 1
| #define HAVE_SYS_STAT_H 1
| #define HAVE_STDLIB_H 1
| #define HAVE_STRING_H 1
| #define HAVE_MEMORY_H 1
| #define HAVE_STRINGS_H 1
| #define HAVE_INTTYPES_H 1
| #define HAVE_STDINT_H 1
| #define HAVE_UNISTD_H 1
| #define HAVE_DLFCN_H 1
| #define LT_OBJDIR ".libs/"
| #define LT_MODULE_EXT ".so"
| #define LT_MODULE_PATH_VAR "LD_LIBRARY_PATH"
| #define HAVE_LIBDL 1
| #define HAVE_DLERROR 1
| #define HAVE_LIBDLLOADER 1
| #define HAVE_ARGZ_H 1
| #define HAVE_ERROR_T 1
| #define HAVE_ARGZ_ADD 1
| #define HAVE_ARGZ_APPEND 1
| #define HAVE_ARGZ_COUNT 1
| #define HAVE_ARGZ_CREATE_SEP 1
| #define HAVE_ARGZ_INSERT 1
| #define HAVE_ARGZ_NEXT 1
| #define HAVE_ARGZ_STRINGIFY 1
| #define HAVE_WORKING_ARGZ 1
| #define HAVE_PRELOADED_SYMBOLS 1
| #define HAVE_UNISTD_H 1
| /* end confdefs.h.  */
| #include <stdio.h>
| #ifdef HAVE_SYS_TYPES_H
| # include <sys/types.h>
| #endif
| #ifdef HAVE_SYS_STAT_H
| # include <sys/stat.h>
| #endif
| #ifdef STDC_HEADERS
| # include <stdlib.h>
| # include <stddef.h>
| #else
| # ifdef HAVE_STDLIB_H
| #  include <stdlib.h>
| # endif
| #endif
| #ifdef HAVE_STRING_H
| # if !defined STDC_HEADERS && defined HAVE_MEMORY_H
| #  include <memory.h>
| # endif
| # include <string.h>
| #endif
| #ifdef HAVE_STRINGS_H
| # include <strings.h>
| #endif
| #ifdef HAVE_INTTYPES_H
| # include <inttypes.h>
| #endif
| #ifdef HAVE_STDINT_H
| # include <stdint.h>
| #endif
| #ifdef HAVE_UNISTD_H
| # include <unistd.h>
| #endif
| 
| #include <sys/dl.h>
configure:13010: result: no
configure:13010: checking for dld.h
configure:13010: x86_64-redhat-linux-gcc -c -O2 -I/home/fdkit/GPL-AirCam-v1.2/openwrt/staging_dir/host/include -O2 -I/home/fdkit/GPL-AirCam-v1.2/openwrt/staging_dir/host/include conftest.c >&5
conftest.c:74:17: error: dld.h: No such file or directory
configure:13010: $? = 1
configure: failed program was:
| /* confdefs.h */
| #define PACKAGE_NAME "GNU Libtool"
| #define PACKAGE_TARNAME "libtool"
| #define PACKAGE_VERSION "2.4"
| #define PACKAGE_STRING "GNU Libtool 2.4"
| #define PACKAGE_BUGREPORT "bug-libtool@gnu.org"
| #define PACKAGE_URL "http://www.gnu.org/software/libtool/"
| #define PACKAGE "libtool"
| #define VERSION "2.4"
| #define STDC_HEADERS 1
| #define HAVE_SYS_TYPES_H 1
| #define HAVE_SYS_STAT_H 1
| #define HAVE_STDLIB_H 1
| #define HAVE_STRING_H 1
| #define HAVE_MEMORY_H 1
| #define HAVE_STRINGS_H 1
| #define HAVE_INTTYPES_H 1
| #define HAVE_STDINT_H 1
| #define HAVE_UNISTD_H 1
| #define HAVE_DLFCN_H 1
| #define LT_OBJDIR ".libs/"
| #define LT_MODULE_EXT ".so"
| #define LT_MODULE_PATH_VAR "LD_LIBRARY_PATH"
| #define HAVE_LIBDL 1
| #define HAVE_DLERROR 1
| #define HAVE_LIBDLLOADER 1
| #define HAVE_ARGZ_H 1
| #define HAVE_ERROR_T 1
| #define HAVE_ARGZ_ADD 1
| #define HAVE_ARGZ_APPEND 1
| #define HAVE_ARGZ_COUNT 1
| #define HAVE_ARGZ_CREATE_SEP 1
| #define HAVE_ARGZ_INSERT 1
| #define HAVE_ARGZ_NEXT 1
| #define HAVE_ARGZ_STRINGIFY 1
| #define HAVE_WORKING_ARGZ 1
| #define HAVE_PRELOADED_SYMBOLS 1
| #define HAVE_UNISTD_H 1
| /* end confdefs.h.  */
| #include <stdio.h>
| #ifdef HAVE_SYS_TYPES_H
| # include <sys/types.h>
| #endif
| #ifdef HAVE_SYS_STAT_H
| # include <sys/stat.h>
| #endif
| #ifdef STDC_HEADERS
| # include <stdlib.h>
| # include <stddef.h>
| #else
| # ifdef HAVE_STDLIB_H
| #  include <stdlib.h>
| # endif
| #endif
| #ifdef HAVE_STRING_H
| # if !defined STDC_HEADERS && defined HAVE_MEMORY_H
| #  include <memory.h>
| # endif
| # include <string.h>
| #endif
| #ifdef HAVE_STRINGS_H
| # include <strings.h>
| #endif
| #ifdef HAVE_INTTYPES_H
| # include <inttypes.h>
| #endif
| #ifdef HAVE_STDINT_H
| # include <stdint.h>
| #endif
| #ifdef HAVE_UNISTD_H
| # include <unistd.h>
| #endif
| 
| #include <dld.h>
configure:13010: result: no
configure:13010: checking for mach-o/dyld.h
configure:13010: x86_64-redhat-linux-gcc -c -O2 -I/home/fdkit/GPL-AirCam-v1.2/openwrt/staging_dir/host/include -O2 -I/home/fdkit/GPL-AirCam-v1.2/openwrt/staging_dir/host/include conftest.c >&5
conftest.c:74:25: error: mach-o/dyld.h: No such file or directory
configure:13010: $? = 1
configure: failed program was:
| /* confdefs.h */
| #define PACKAGE_NAME "GNU Libtool"
| #define PACKAGE_TARNAME "libtool"
| #define PACKAGE_VERSION "2.4"
| #define PACKAGE_STRING "GNU Libtool 2.4"
| #define PACKAGE_BUGREPORT "bug-libtool@gnu.org"
| #define PACKAGE_URL "http://www.gnu.org/software/libtool/"
| #define PACKAGE "libtool"
| #define VERSION "2.4"
| #define STDC_HEADERS 1
| #define HAVE_SYS_TYPES_H 1
| #define HAVE_SYS_STAT_H 1
| #define HAVE_STDLIB_H 1
| #define HAVE_STRING_H 1
| #define HAVE_MEMORY_H 1
| #define HAVE_STRINGS_H 1
| #define HAVE_INTTYPES_H 1
| #define HAVE_STDINT_H 1
| #define HAVE_UNISTD_H 1
| #define HAVE_DLFCN_H 1
| #define LT_OBJDIR ".libs/"
| #define LT_MODULE_EXT ".so"
| #define LT_MODULE_PATH_VAR "LD_LIBRARY_PATH"
| #define HAVE_LIBDL 1
| #define HAVE_DLERROR 1
| #define HAVE_LIBDLLOADER 1
| #define HAVE_ARGZ_H 1
| #define HAVE_ERROR_T 1
| #define HAVE_ARGZ_ADD 1
| #define HAVE_ARGZ_APPEND 1
| #define HAVE_ARGZ_COUNT 1
| #define HAVE_ARGZ_CREATE_SEP 1
| #define HAVE_ARGZ_INSERT 1
| #define HAVE_ARGZ_NEXT 1
| #define HAVE_ARGZ_STRINGIFY 1
| #define HAVE_WORKING_ARGZ 1
| #define HAVE_PRELOADED_SYMBOLS 1
| #define HAVE_UNISTD_H 1
| /* end confdefs.h.  */
| #include <stdio.h>
| #ifdef HAVE_SYS_TYPES_H
| # include <sys/types.h>
| #endif
| #ifdef HAVE_SYS_STAT_H
| # include <sys/stat.h>
| #endif
| #ifdef STDC_HEADERS
| # include <stdlib.h>
| # include <stddef.h>
| #else
| # ifdef HAVE_STDLIB_H
| #  include <stdlib.h>
| # endif
| #endif
| #ifdef HAVE_STRING_H
| # if !defined STDC_HEADERS && defined HAVE_MEMORY_H
| #  include <memory.h>
| # endif
| # include <string.h>
| #endif
| #ifdef HAVE_STRINGS_H
| # include <strings.h>
| #endif
| #ifdef HAVE_INTTYPES_H
| # include <inttypes.h>
| #endif
| #ifdef HAVE_STDINT_H
| # include <stdint.h>
| #endif
| #ifdef HAVE_UNISTD_H
| # include <unistd.h>
| #endif
| 
| #include <mach-o/dyld.h>
configure:13010: result: no
configure:13010: checking for dirent.h
configure:13010: x86_64-redhat-linux-gcc -c -O2 -I/home/fdkit/GPL-AirCam-v1.2/openwrt/staging_dir/host/include -O2 -I/home/fdkit/GPL-AirCam-v1.2/openwrt/staging_dir/host/include conftest.c >&5
configure:13010: $? = 0
configure:13010: result: yes
configure:13025: checking for closedir
configure:13025: x86_64-redhat-linux-gcc -o conftest -O2 -I/home/fdkit/GPL-AirCam-v1.2/openwrt/staging_dir/host/include -O2 -I/home/fdkit/GPL-AirCam-v1.2/openwrt/staging_dir/host/include -L/home/fdkit/GPL-AirCam-v1.2/openwrt/staging_dir/host/lib conftest.c -ldl  >&5
configure:13025: $? = 0
configure:13025: result: yes
configure:13025: checking for opendir
configure:13025: x86_64-redhat-linux-gcc -o conftest -O2 -I/home/fdkit/GPL-AirCam-v1.2/openwrt/staging_dir/host/include -O2 -I/home/fdkit/GPL-AirCam-v1.2/openwrt/staging_dir/host/include -L/home/fdkit/GPL-AirCam-v1.2/openwrt/staging_dir/host/lib conftest.c -ldl  >&5
configure:13025: $? = 0
configure:13025: result: yes
configure:13025: checking for readdir
configure:13025: x86_64-redhat-linux-gcc -o conftest -O2 -I/home/fdkit/GPL-AirCam-v1.2/openwrt/staging_dir/host/include -O2 -I/home/fdkit/GPL-AirCam-v1.2/openwrt/staging_dir/host/include -L/home/fdkit/GPL-AirCam-v1.2/openwrt/staging_dir/host/lib conftest.c -ldl  >&5
configure:13025: $? = 0
configure:13025: result: yes
configure:13044: checking for strlcat
configure:13044: x86_64-redhat-linux-gcc -o conftest -O2 -I/home/fdkit/GPL-AirCam-v1.2/openwrt/staging_dir/host/include -O2 -I/home/fdkit/GPL-AirCam-v1.2/openwrt/staging_dir/host/include -L/home/fdkit/GPL-AirCam-v1.2/openwrt/staging_dir/host/lib conftest.c -ldl  >&5
/tmp/ccLx8ATS.o: In function `main':
conftest.c:(.text+0x7): undefined reference to `strlcat'
collect2: ld returned 1 exit status
configure:13044: $? = 1
configure: failed program was:
| /* confdefs.h */
| #define PACKAGE_NAME "GNU Libtool"
| #define PACKAGE_TARNAME "libtool"
| #define PACKAGE_VERSION "2.4"
| #define PACKAGE_STRING "GNU Libtool 2.4"
| #define PACKAGE_BUGREPORT "bug-libtool@gnu.org"
| #define PACKAGE_URL "http://www.gnu.org/software/libtool/"
| #define PACKAGE "libtool"
| #define VERSION "2.4"
| #define STDC_HEADERS 1
| #define HAVE_SYS_TYPES_H 1
| #define HAVE_SYS_STAT_H 1
| #define HAVE_STDLIB_H 1
| #define HAVE_STRING_H 1
| #define HAVE_MEMORY_H 1
| #define HAVE_STRINGS_H 1
| #define HAVE_INTTYPES_H 1
| #define HAVE_STDINT_H 1
| #define HAVE_UNISTD_H 1
| #define HAVE_DLFCN_H 1
| #define LT_OBJDIR ".libs/"
| #define LT_MODULE_EXT ".so"
| #define LT_MODULE_PATH_VAR "LD_LIBRARY_PATH"
| #define HAVE_LIBDL 1
| #define HAVE_DLERROR 1
| #define HAVE_LIBDLLOADER 1
| #define HAVE_ARGZ_H 1
| #define HAVE_ERROR_T 1
| #define HAVE_ARGZ_ADD 1
| #define HAVE_ARGZ_APPEND 1
| #define HAVE_ARGZ_COUNT 1
| #define HAVE_ARGZ_CREATE_SEP 1
| #define HAVE_ARGZ_INSERT 1
| #define HAVE_ARGZ_NEXT 1
| #define HAVE_ARGZ_STRINGIFY 1
| #define HAVE_WORKING_ARGZ 1
| #define HAVE_PRELOADED_SYMBOLS 1
| #define HAVE_UNISTD_H 1
| #define HAVE_DIRENT_H 1
| #define HAVE_CLOSEDIR 1
| #define HAVE_OPENDIR 1
| #define HAVE_READDIR 1
| /* end confdefs.h.  */
| /* Define strlcat to an innocuous variant, in case <limits.h> declares strlcat.
|    For example, HP-UX 11i <limits.h> declares gettimeofday.  */
| #define strlcat innocuous_strlcat
| 
| /* System header to define __stub macros and hopefully few prototypes,
|     which can conflict with char strlcat (); below.
|     Prefer <limits.h> to <assert.h> if __STDC__ is defined, since
|     <limits.h> exists even on freestanding compilers.  */
| 
| #ifdef __STDC__
| # include <limits.h>
| #else
| # include <assert.h>
| #endif
| 
| #undef strlcat
| 
| /* Override any GCC internal prototype to avoid an error.
|    Use char because int might match the return type of a GCC
|    builtin and then its argument prototype would still apply.  */
| #ifdef __cplusplus
| extern "C"
| #endif
| char strlcat ();
| /* The GNU C library defines this for functions which it implements
|     to always fail with ENOSYS.  Some functions are actually named
|     something starting with __ and the normal name is an alias.  */
| #if defined __stub_strlcat || defined __stub___strlcat
| choke me
| #endif
| 
| int
| main ()
| {
| return strlcat ();
|   ;
|   return 0;
| }
configure:13044: result: no
configure:13044: checking for strlcpy
configure:13044: x86_64-redhat-linux-gcc -o conftest -O2 -I/home/fdkit/GPL-AirCam-v1.2/openwrt/staging_dir/host/include -O2 -I/home/fdkit/GPL-AirCam-v1.2/openwrt/staging_dir/host/include -L/home/fdkit/GPL-AirCam-v1.2/openwrt/staging_dir/host/lib conftest.c -ldl  >&5
/tmp/ccLgBwpV.o: In function `main':
conftest.c:(.text+0x7): undefined reference to `strlcpy'
collect2: ld returned 1 exit status
configure:13044: $? = 1
configure: failed program was:
| /* confdefs.h */
| #define PACKAGE_NAME "GNU Libtool"
| #define PACKAGE_TARNAME "libtool"
| #define PACKAGE_VERSION "2.4"
| #define PACKAGE_STRING "GNU Libtool 2.4"
| #define PACKAGE_BUGREPORT "bug-libtool@gnu.org"
| #define PACKAGE_URL "http://www.gnu.org/software/libtool/"
| #define PACKAGE "libtool"
| #define VERSION "2.4"
| #define STDC_HEADERS 1
| #define HAVE_SYS_TYPES_H 1
| #define HAVE_SYS_STAT_H 1
| #define HAVE_STDLIB_H 1
| #define HAVE_STRING_H 1
| #define HAVE_MEMORY_H 1
| #define HAVE_STRINGS_H 1
| #define HAVE_INTTYPES_H 1
| #define HAVE_STDINT_H 1
| #define HAVE_UNISTD_H 1
| #define HAVE_DLFCN_H 1
| #define LT_OBJDIR ".libs/"
| #define LT_MODULE_EXT ".so"
| #define LT_MODULE_PATH_VAR "LD_LIBRARY_PATH"
| #define HAVE_LIBDL 1
| #define HAVE_DLERROR 1
| #define HAVE_LIBDLLOADER 1
| #define HAVE_ARGZ_H 1
| #define HAVE_ERROR_T 1
| #define HAVE_ARGZ_ADD 1
| #define HAVE_ARGZ_APPEND 1
| #define HAVE_ARGZ_COUNT 1
| #define HAVE_ARGZ_CREATE_SEP 1
| #define HAVE_ARGZ_INSERT 1
| #define HAVE_ARGZ_NEXT 1
| #define HAVE_ARGZ_STRINGIFY 1
| #define HAVE_WORKING_ARGZ 1
| #define HAVE_PRELOADED_SYMBOLS 1
| #define HAVE_UNISTD_H 1
| #define HAVE_DIRENT_H 1
| #define HAVE_CLOSEDIR 1
| #define HAVE_OPENDIR 1
| #define HAVE_READDIR 1
| /* end confdefs.h.  */
| /* Define strlcpy to an innocuous variant, in case <limits.h> declares strlcpy.
|    For example, HP-UX 11i <limits.h> declares gettimeofday.  */
| #define strlcpy innocuous_strlcpy
| 
| /* System header to define __stub macros and hopefully few prototypes,
|     which can conflict with char strlcpy (); below.
|     Prefer <limits.h> to <assert.h> if __STDC__ is defined, since
|     <limits.h> exists even on freestanding compilers.  */
| 
| #ifdef __STDC__
| # include <limits.h>
| #else
| # include <assert.h>
| #endif
| 
| #undef strlcpy
| 
| /* Override any GCC internal prototype to avoid an error.
|    Use char because int might match the return type of a GCC
|    builtin and then its argument prototype would still apply.  */
| #ifdef __cplusplus
| extern "C"
| #endif
| char strlcpy ();
| /* The GNU C library defines this for functions which it implements
|     to always fail with ENOSYS.  Some functions are actually named
|     something starting with __ and the normal name is an alias.  */
| #if defined __stub_strlcpy || defined __stub___strlcpy
| choke me
| #endif
| 
| int
| main ()
| {
| return strlcpy ();
|   ;
|   return 0;
| }
configure:13044: result: no
configure:13095: checking for x86_64-redhat-linux-g++
configure:13111: found /usr/bin/x86_64-redhat-linux-g++
configure:13122: result: x86_64-redhat-linux-g++
configure:13193: checking for C++ compiler version
configure:13202: x86_64-redhat-linux-g++ --version >&5
x86_64-redhat-linux-g++ (GCC) 4.4.7 20120313 (Red Hat 4.4.7-3)
Copyright (C) 2010 Free Software Foundation, Inc.
This is free software; see the source for copying conditions.  There is NO
warranty; not even for MERCHANTABILITY or FITNESS FOR A PARTICULAR PURPOSE.

configure:13213: $? = 0
configure:13202: x86_64-redhat-linux-g++ -v >&5
Using built-in specs.
Target: x86_64-redhat-linux
Configured with: ../configure --prefix=/usr --mandir=/usr/share/man --infodir=/usr/share/info --with-bugurl=http://bugzilla.redhat.com/bugzilla --enable-bootstrap --enable-shared --enable-threads=posix --enable-checking=release --with-system-zlib --enable-__cxa_atexit --disable-libunwind-exceptions --enable-gnu-unique-object --enable-languages=c,c++,objc,obj-c++,java,fortran,ada --enable-java-awt=gtk --disable-dssi --with-java-home=/usr/lib/jvm/java-1.5.0-gcj-1.5.0.0/jre --enable-libgcj-multifile --enable-java-maintainer-mode --with-ecj-jar=/usr/share/java/eclipse-ecj.jar --disable-libjava-multilib --with-ppl --with-cloog --with-tune=generic --with-arch_32=i686 --build=x86_64-redhat-linux
Thread model: posix
gcc version 4.4.7 20120313 (Red Hat 4.4.7-3) (GCC) 
configure:13213: $? = 0
configure:13202: x86_64-redhat-linux-g++ -V >&5
x86_64-redhat-linux-g++: '-V' option must have argument
configure:13213: $? = 1
configure:13202: x86_64-redhat-linux-g++ -qversion >&5
x86_64-redhat-linux-g++: unrecognized option '-qversion'
x86_64-redhat-linux-g++: no input files
configure:13213: $? = 1
configure:13217: checking whether we are using the GNU C++ compiler
configure:13236: x86_64-redhat-linux-g++ -c  -O2 -I/home/fdkit/GPL-AirCam-v1.2/openwrt/staging_dir/host/include conftest.cpp >&5
configure:13236: $? = 0
configure:13245: result: yes
configure:13254: checking whether x86_64-redhat-linux-g++ accepts -g
configure:13274: x86_64-redhat-linux-g++ -c -g -O2 -I/home/fdkit/GPL-AirCam-v1.2/openwrt/staging_dir/host/include conftest.cpp >&5
configure:13274: $? = 0
configure:13315: result: yes
configure:13340: checking dependency style of x86_64-redhat-linux-g++
configure:13450: result: gcc3
configure:13484: checking how to run the C++ preprocessor
configure:13511: x86_64-redhat-linux-g++ -E -O2 -I/home/fdkit/GPL-AirCam-v1.2/openwrt/staging_dir/host/include conftest.cpp
configure:13511: $? = 0
configure:13525: x86_64-redhat-linux-g++ -E -O2 -I/home/fdkit/GPL-AirCam-v1.2/openwrt/staging_dir/host/include conftest.cpp
conftest.cpp:46:28: error: ac_nonexistent.h: No such file or directory
configure:13525: $? = 1
configure: failed program was:
| /* confdefs.h */
| #define PACKAGE_NAME "GNU Libtool"
| #define PACKAGE_TARNAME "libtool"
| #define PACKAGE_VERSION "2.4"
| #define PACKAGE_STRING "GNU Libtool 2.4"
| #define PACKAGE_BUGREPORT "bug-libtool@gnu.org"
| #define PACKAGE_URL "http://www.gnu.org/software/libtool/"
| #define PACKAGE "libtool"
| #define VERSION "2.4"
| #define STDC_HEADERS 1
| #define HAVE_SYS_TYPES_H 1
| #define HAVE_SYS_STAT_H 1
| #define HAVE_STDLIB_H 1
| #define HAVE_STRING_H 1
| #define HAVE_MEMORY_H 1
| #define HAVE_STRINGS_H 1
| #define HAVE_INTTYPES_H 1
| #define HAVE_STDINT_H 1
| #define HAVE_UNISTD_H 1
| #define HAVE_DLFCN_H 1
| #define LT_OBJDIR ".libs/"
| #define LT_MODULE_EXT ".so"
| #define LT_MODULE_PATH_VAR "LD_LIBRARY_PATH"
| #define HAVE_LIBDL 1
| #define HAVE_DLERROR 1
| #define HAVE_LIBDLLOADER 1
| #define HAVE_ARGZ_H 1
| #define HAVE_ERROR_T 1
| #define HAVE_ARGZ_ADD 1
| #define HAVE_ARGZ_APPEND 1
| #define HAVE_ARGZ_COUNT 1
| #define HAVE_ARGZ_CREATE_SEP 1
| #define HAVE_ARGZ_INSERT 1
| #define HAVE_ARGZ_NEXT 1
| #define HAVE_ARGZ_STRINGIFY 1
| #define HAVE_WORKING_ARGZ 1
| #define HAVE_PRELOADED_SYMBOLS 1
| #define HAVE_UNISTD_H 1
| #define HAVE_DIRENT_H 1
| #define HAVE_CLOSEDIR 1
| #define HAVE_OPENDIR 1
| #define HAVE_READDIR 1
| #define LT_LIBEXT "a"
| #define LT_LIBPREFIX "lib"
| /* end confdefs.h.  */
| #include <ac_nonexistent.h>
configure:13550: result: x86_64-redhat-linux-g++ -E
configure:13570: x86_64-redhat-linux-g++ -E -O2 -I/home/fdkit/GPL-AirCam-v1.2/openwrt/staging_dir/host/include conftest.cpp
configure:13570: $? = 0
configure:13584: x86_64-redhat-linux-g++ -E -O2 -I/home/fdkit/GPL-AirCam-v1.2/openwrt/staging_dir/host/include conftest.cpp
conftest.cpp:46:28: error: ac_nonexistent.h: No such file or directory
configure:13584: $? = 1
configure: failed program was:
| /* confdefs.h */
| #define PACKAGE_NAME "GNU Libtool"
| #define PACKAGE_TARNAME "libtool"
| #define PACKAGE_VERSION "2.4"
| #define PACKAGE_STRING "GNU Libtool 2.4"
| #define PACKAGE_BUGREPORT "bug-libtool@gnu.org"
| #define PACKAGE_URL "http://www.gnu.org/software/libtool/"
| #define PACKAGE "libtool"
| #define VERSION "2.4"
| #define STDC_HEADERS 1
| #define HAVE_SYS_TYPES_H 1
| #define HAVE_SYS_STAT_H 1
| #define HAVE_STDLIB_H 1
| #define HAVE_STRING_H 1
| #define HAVE_MEMORY_H 1
| #define HAVE_STRINGS_H 1
| #define HAVE_INTTYPES_H 1
| #define HAVE_STDINT_H 1
| #define HAVE_UNISTD_H 1
| #define HAVE_DLFCN_H 1
| #define LT_OBJDIR ".libs/"
| #define LT_MODULE_EXT ".so"
| #define LT_MODULE_PATH_VAR "LD_LIBRARY_PATH"
| #define HAVE_LIBDL 1
| #define HAVE_DLERROR 1
| #define HAVE_LIBDLLOADER 1
| #define HAVE_ARGZ_H 1
| #define HAVE_ERROR_T 1
| #define HAVE_ARGZ_ADD 1
| #define HAVE_ARGZ_APPEND 1
| #define HAVE_ARGZ_COUNT 1
| #define HAVE_ARGZ_CREATE_SEP 1
| #define HAVE_ARGZ_INSERT 1
| #define HAVE_ARGZ_NEXT 1
| #define HAVE_ARGZ_STRINGIFY 1
| #define HAVE_WORKING_ARGZ 1
| #define HAVE_PRELOADED_SYMBOLS 1
| #define HAVE_UNISTD_H 1
| #define HAVE_DIRENT_H 1
| #define HAVE_CLOSEDIR 1
| #define HAVE_OPENDIR 1
| #define HAVE_READDIR 1
| #define LT_LIBEXT "a"
| #define LT_LIBPREFIX "lib"
| /* end confdefs.h.  */
| #include <ac_nonexistent.h>
configure:13754: checking for ld used by x86_64-redhat-linux-g++
configure:13821: result: /usr/bin/ld -m elf_x86_64
configure:13828: checking if the linker (/usr/bin/ld -m elf_x86_64) is GNU ld
configure:13843: result: yes
configure:13898: checking whether the x86_64-redhat-linux-g++ linker (/usr/bin/ld -m elf_x86_64) supports shared libraries
configure:14902: result: yes
configure:14937: x86_64-redhat-linux-g++ -c -g -O2 -O2 -I/home/fdkit/GPL-AirCam-v1.2/openwrt/staging_dir/host/include conftest.cpp >&5
configure:14940: $? = 0
configure:15460: checking for x86_64-redhat-linux-g++ option to produce PIC
configure:15467: result: -fPIC -DPIC
configure:15475: checking if x86_64-redhat-linux-g++ PIC flag -fPIC -DPIC works
configure:15493: x86_64-redhat-linux-g++ -c -g -O2 -O2 -I/home/fdkit/GPL-AirCam-v1.2/openwrt/staging_dir/host/include -fPIC -DPIC -DPIC conftest.cpp >&5
configure:15497: $? = 0
configure:15510: result: yes
configure:15533: checking if x86_64-redhat-linux-g++ static flag -static works
configure:15561: result: no
configure:15573: checking if x86_64-redhat-linux-g++ supports -c -o file.o
configure:15594: x86_64-redhat-linux-g++ -c -g -O2 -O2 -I/home/fdkit/GPL-AirCam-v1.2/openwrt/staging_dir/host/include -o out/conftest2.o conftest.cpp >&5
configure:15598: $? = 0
configure:15620: result: yes
configure:15625: checking if x86_64-redhat-linux-g++ supports -c -o file.o
configure:15672: result: yes
configure:15702: checking whether the x86_64-redhat-linux-g++ linker (/usr/bin/ld -m elf_x86_64) supports shared libraries
configure:15736: result: yes
configure:15879: checking dynamic linker characteristics
configure:16549: result: GNU/Linux ld.so
configure:16602: checking how to hardcode library paths into programs
configure:16627: result: immediate
configure:16676: checking for x86_64-redhat-linux-g77
configure:16706: result: no
configure:16676: checking for x86_64-redhat-linux-xlf
configure:16706: result: no
configure:16676: checking for x86_64-redhat-linux-f77
configure:16706: result: no
configure:16676: checking for x86_64-redhat-linux-frt
configure:16706: result: no
configure:16676: checking for x86_64-redhat-linux-pgf77
configure:16706: result: no
configure:16676: checking for x86_64-redhat-linux-cf77
configure:16706: result: no
configure:16676: checking for x86_64-redhat-linux-fort77
configure:16706: result: no
configure:16676: checking for x86_64-redhat-linux-fl32
configure:16706: result: no
configure:16676: checking for x86_64-redhat-linux-af77
configure:16706: result: no
configure:16676: checking for x86_64-redhat-linux-xlf90
configure:16706: result: no
configure:16676: checking for x86_64-redhat-linux-f90
configure:16706: result: no
configure:16676: checking for x86_64-redhat-linux-pgf90
configure:16706: result: no
configure:16676: checking for x86_64-redhat-linux-pghpf
configure:16706: result: no
configure:16676: checking for x86_64-redhat-linux-epcf90
configure:16706: result: no
configure:16676: checking for x86_64-redhat-linux-gfortran
configure:16706: result: no
configure:16676: checking for x86_64-redhat-linux-g95
configure:16706: result: no
configure:16676: checking for x86_64-redhat-linux-xlf95
configure:16706: result: no
configure:16676: checking for x86_64-redhat-linux-f95
configure:16706: result: no
configure:16676: checking for x86_64-redhat-linux-fort
configure:16706: result: no
configure:16676: checking for x86_64-redhat-linux-ifort
configure:16706: result: no
configure:16676: checking for x86_64-redhat-linux-ifc
configure:16706: result: no
configure:16676: checking for x86_64-redhat-linux-efc
configure:16706: result: no
configure:16676: checking for x86_64-redhat-linux-pgfortran
configure:16706: result: no
configure:16676: checking for x86_64-redhat-linux-pgf95
configure:16706: result: no
configure:16676: checking for x86_64-redhat-linux-lf95
configure:16706: result: no
configure:16676: checking for x86_64-redhat-linux-ftn
configure:16706: result: no
configure:16720: checking for g77
configure:16750: result: no
configure:16720: checking for xlf
configure:16750: result: no
configure:16720: checking for f77
configure:16750: result: no
configure:16720: checking for frt
configure:16750: result: no
configure:16720: checking for pgf77
configure:16750: result: no
configure:16720: checking for cf77
configure:16750: result: no
configure:16720: checking for fort77
configure:16750: result: no
configure:16720: checking for fl32
configure:16750: result: no
configure:16720: checking for af77
configure:16750: result: no
configure:16720: checking for xlf90
configure:16750: result: no
configure:16720: checking for f90
configure:16750: result: no
configure:16720: checking for pgf90
configure:16750: result: no
configure:16720: checking for pghpf
configure:16750: result: no
configure:16720: checking for epcf90
configure:16750: result: no
configure:16720: checking for gfortran
configure:16750: result: no
configure:16720: checking for g95
configure:16750: result: no
configure:16720: checking for xlf95
configure:16750: result: no
configure:16720: checking for f95
configure:16750: result: no
configure:16720: checking for fort
configure:16750: result: no
configure:16720: checking for ifort
configure:16750: result: no
configure:16720: checking for ifc
configure:16750: result: no
configure:16720: checking for efc
configure:16750: result: no
configure:16720: checking for pgfortran
configure:16750: result: no
configure:16720: checking for pgf95
configure:16750: result: no
configure:16720: checking for lf95
configure:16750: result: no
configure:16720: checking for ftn
configure:16750: result: no
configure:16773: checking for Fortran 77 compiler version
configure:16782:  --version >&5
./configure: line 16784: --version: command not found
configure:16793: $? = 127
configure:16782:  -v >&5
./configure: line 16784: -v: command not found
configure:16793: $? = 127
configure:16782:  -V >&5
./configure: line 16784: -V: command not found
configure:16793: $? = 127
configure:16782:  -qversion >&5
./configure: line 16784: -qversion: command not found
configure:16793: $? = 127
configure:16802: checking whether we are using the GNU Fortran 77 compiler
configure:16815:  -c  conftest.F >&5
./configure: line 2052: -c: command not found
configure:16815: $? = 127
configure: failed program was:
|       program main
| #ifndef __GNUC__
|        choke me
| #endif
| 
|       end
configure:16824: result: no
configure:16830: checking whether  accepts -g
configure:16841:  -c -g conftest.f >&5
./configure: line 2052: -c: command not found
configure:16841: $? = 127
configure: failed program was:
|       program main
| 
|       end
configure:16849: result: no
configure:19599: checking for x86_64-redhat-linux-gfortran
configure:19629: result: no
configure:19599: checking for x86_64-redhat-linux-g95
configure:19629: result: no
configure:19599: checking for x86_64-redhat-linux-xlf95
configure:19629: result: no
configure:19599: checking for x86_64-redhat-linux-f95
configure:19629: result: no
configure:19599: checking for x86_64-redhat-linux-fort
configure:19629: result: no
configure:19599: checking for x86_64-redhat-linux-ifort
configure:19629: result: no
configure:19599: checking for x86_64-redhat-linux-ifc
configure:19629: result: no
configure:19599: checking for x86_64-redhat-linux-efc
configure:19629: result: no
configure:19599: checking for x86_64-redhat-linux-pgfortran
configure:19629: result: no
configure:19599: checking for x86_64-redhat-linux-pgf95
configure:19629: result: no
configure:19599: checking for x86_64-redhat-linux-lf95
configure:19629: result: no
configure:19599: checking for x86_64-redhat-linux-ftn
configure:19629: result: no
configure:19599: checking for x86_64-redhat-linux-xlf90
configure:19629: result: no
configure:19599: checking for x86_64-redhat-linux-f90
configure:19629: result: no
configure:19599: checking for x86_64-redhat-linux-pgf90
configure:19629: result: no
configure:19599: checking for x86_64-redhat-linux-pghpf
configure:19629: result: no
configure:19599: checking for x86_64-redhat-linux-epcf90
configure:19629: result: no
configure:19599: checking for x86_64-redhat-linux-g77
configure:19629: result: no
configure:19599: checking for x86_64-redhat-linux-xlf
configure:19629: result: no
configure:19599: checking for x86_64-redhat-linux-f77
configure:19629: result: no
configure:19599: checking for x86_64-redhat-linux-frt
configure:19629: result: no
configure:19599: checking for x86_64-redhat-linux-pgf77
configure:19629: result: no
configure:19599: checking for x86_64-redhat-linux-cf77
configure:19629: result: no
configure:19599: checking for x86_64-redhat-linux-fort77
configure:19629: result: no
configure:19599: checking for x86_64-redhat-linux-fl32
configure:19629: result: no
configure:19599: checking for x86_64-redhat-linux-af77
configure:19629: result: no
configure:19643: checking for gfortran
configure:19673: result: no
configure:19643: checking for g95
configure:19673: result: no
configure:19643: checking for xlf95
configure:19673: result: no
configure:19643: checking for f95
configure:19673: result: no
configure:19643: checking for fort
configure:19673: result: no
configure:19643: checking for ifort
configure:19673: result: no
configure:19643: checking for ifc
configure:19673: result: no
configure:19643: checking for efc
configure:19673: result: no
configure:19643: checking for pgfortran
configure:19673: result: no
configure:19643: checking for pgf95
configure:19673: result: no
configure:19643: checking for lf95
configure:19673: result: no
configure:19643: checking for ftn
configure:19673: result: no
configure:19643: checking for xlf90
configure:19673: result: no
configure:19643: checking for f90
configure:19673: result: no
configure:19643: checking for pgf90
configure:19673: result: no
configure:19643: checking for pghpf
configure:19673: result: no
configure:19643: checking for epcf90
configure:19673: result: no
configure:19643: checking for g77
configure:19673: result: no
configure:19643: checking for xlf
configure:19673: result: no
configure:19643: checking for f77
configure:19673: result: no
configure:19643: checking for frt
configure:19673: result: no
configure:19643: checking for pgf77
configure:19673: result: no
configure:19643: checking for cf77
configure:19673: result: no
configure:19643: checking for fort77
configure:19673: result: no
configure:19643: checking for fl32
configure:19673: result: no
configure:19643: checking for af77
configure:19673: result: no
configure:19696: checking for Fortran compiler version
configure:19705:  --version >&5
./configure: line 19707: --version: command not found
configure:19716: $? = 127
configure:19705:  -v >&5
./configure: line 19707: -v: command not found
configure:19716: $? = 127
configure:19705:  -V >&5
./configure: line 19707: -V: command not found
configure:19716: $? = 127
configure:19705:  -qversion >&5
./configure: line 19707: -qversion: command not found
configure:19716: $? = 127
configure:19725: checking whether we are using the GNU Fortran compiler
configure:19738:  -c   conftest.F >&5
./configure: line 2136: -c: command not found
configure:19738: $? = 127
configure: failed program was:
|       program main
| #ifndef __GNUC__
|        choke me
| #endif
| 
|       end
configure:19747: result: no
configure:19753: checking whether  accepts -g
configure:19764:  -c -g  conftest.f >&5
./configure: line 2136: -c: command not found
configure:19764: $? = 127
configure: failed program was:
|       program main
| 
|       end
configure:19772: result: no
configure:22658: checking for x86_64-redhat-linux-gcj
configure:22688: result: no
configure:22698: checking for gcj
configure:22728: result: no
configure:24745: checking for x86_64-redhat-linux-windres
configure:24775: result: no
configure:24785: checking for windres
configure:24815: result: no
configure:24968: checking whether make supports order-only prerequisites
configure:24992: result: yes
configure:25165: creating ./config.status

## ---------------------- ##
## Running config.status. ##
## ---------------------- ##

This file was extended by GNU Libtool config.status 2.4, which was
generated by GNU Autoconf 2.67.  Invocation command line was

  CONFIG_FILES    = 
  CONFIG_HEADERS  = 
  CONFIG_LINKS    = 
  CONFIG_COMMANDS = 
  $ ./config.status 

on discordy

config.status:1430: creating Makefile
config.status:1430: creating config.h
config.status:1658: executing tests/atconfig commands
config.status:1658: executing depfiles commands
config.status:1658: executing libtool commands

## ---------------- ##
## Cache variables. ##
## ---------------- ##

ac_cv_build=x86_64-redhat-linux-gnu
ac_cv_c_compiler_gnu=yes
ac_cv_cxx_compiler_gnu=yes
ac_cv_env_CCC_set=
ac_cv_env_CCC_value=
ac_cv_env_CC_set=
ac_cv_env_CC_value=
ac_cv_env_CFLAGS_set=set
ac_cv_env_CFLAGS_value='-O2 -I/home/fdkit/GPL-AirCam-v1.2/openwrt/staging_dir/host/include'
ac_cv_env_CPPFLAGS_set=set
ac_cv_env_CPPFLAGS_value='-O2 -I/home/fdkit/GPL-AirCam-v1.2/openwrt/staging_dir/host/include'
ac_cv_env_CPP_set=
ac_cv_env_CPP_value=
ac_cv_env_CXXCPP_set=
ac_cv_env_CXXCPP_value=
ac_cv_env_CXXFLAGS_set=
ac_cv_env_CXXFLAGS_value=
ac_cv_env_CXX_set=
ac_cv_env_CXX_value=
ac_cv_env_F77_set=
ac_cv_env_F77_value=
ac_cv_env_FCFLAGS_set=
ac_cv_env_FCFLAGS_value=
ac_cv_env_FC_set=
ac_cv_env_FC_value=
ac_cv_env_FFLAGS_set=
ac_cv_env_FFLAGS_value=
ac_cv_env_LDFLAGS_set=set
ac_cv_env_LDFLAGS_value=-L/home/fdkit/GPL-AirCam-v1.2/openwrt/staging_dir/host/lib
ac_cv_env_LIBS_set=
ac_cv_env_LIBS_value=
ac_cv_env_build_alias_set=set
ac_cv_env_build_alias_value=x86_64-redhat-linux
ac_cv_env_host_alias_set=set
ac_cv_env_host_alias_value=x86_64-redhat-linux
ac_cv_env_target_alias_set=set
ac_cv_env_target_alias_value=x86_64-redhat-linux
ac_cv_f77_compiler_gnu=no
ac_cv_fc_compiler_gnu=no
ac_cv_func_argz_add=yes
ac_cv_func_argz_append=yes
ac_cv_func_argz_count=yes
ac_cv_func_argz_create_sep=yes
ac_cv_func_argz_insert=yes
ac_cv_func_argz_next=yes
ac_cv_func_argz_stringify=yes
ac_cv_func_closedir=yes
ac_cv_func_dlerror=yes
ac_cv_func_dlopen=no
ac_cv_func_opendir=yes
ac_cv_func_readdir=yes
ac_cv_func_shl_load=no
ac_cv_func_strlcat=no
ac_cv_func_strlcpy=no
ac_cv_header_argz_h=yes
ac_cv_header_dirent_h=yes
ac_cv_header_dl_h=no
ac_cv_header_dld_h=no
ac_cv_header_dlfcn_h=yes
ac_cv_header_inttypes_h=yes
ac_cv_header_mach_o_dyld_h=no
ac_cv_header_memory_h=yes
ac_cv_header_stdc=yes
ac_cv_header_stdint_h=yes
ac_cv_header_stdlib_h=yes
ac_cv_header_string_h=yes
ac_cv_header_strings_h=yes
ac_cv_header_sys_dl_h=no
ac_cv_header_sys_stat_h=yes
ac_cv_header_sys_types_h=yes
ac_cv_header_unistd_h=yes
ac_cv_host=x86_64-redhat-linux-gnu
ac_cv_lib_dl_dlopen=yes
ac_cv_lib_dld_dld_link=no
ac_cv_lib_dld_shl_load=no
ac_cv_objext=o
ac_cv_path_EGREP='/bin/grep -E'
ac_cv_path_FGREP='/bin/grep -F'
ac_cv_path_GREP=/bin/grep
ac_cv_path_SED=/home/fdkit/GPL-AirCam-v1.2/openwrt/staging_dir/host/bin/sed
ac_cv_path_install='/usr/bin/install -c'
ac_cv_path_mkdir=/bin/mkdir
ac_cv_prog_AWK=gawk
ac_cv_prog_CC=x86_64-redhat-linux-gcc
ac_cv_prog_CPP='x86_64-redhat-linux-gcc -E'
ac_cv_prog_CXX=x86_64-redhat-linux-g++
ac_cv_prog_CXXCPP='x86_64-redhat-linux-g++ -E'
ac_cv_prog_ac_ct_AR=ar
ac_cv_prog_ac_ct_OBJDUMP=objdump
ac_cv_prog_ac_ct_RANLIB=ranlib
ac_cv_prog_ac_ct_STRIP=strip
ac_cv_prog_cc_c89=
ac_cv_prog_cc_g=yes
ac_cv_prog_cc_x86_64_redhat_linux_gcc_c_o=yes
ac_cv_prog_cxx_g=yes
ac_cv_prog_f77_g=no
ac_cv_prog_fc_g=no
ac_cv_prog_make_make_set=yes
ac_cv_search_dlopen=-ldl
ac_cv_type_error_t=yes
am_cv_CC_dependencies_compiler_type=gcc3
am_cv_CXX_dependencies_compiler_type=gcc3
libltdl_cv_lib_dl_dlopen=yes
libltdl_cv_preloaded_symbols=yes
libltdl_cv_shlibext=.so
lt_cv_ar_at_file=@
lt_cv_archive_cmds_need_lc=no
lt_cv_deplibs_check_method=pass_all
lt_cv_dlopen=dlopen
lt_cv_dlopen_libs=-ldl
lt_cv_dlopen_self=yes
lt_cv_dlopen_self_static=yes
lt_cv_file_magic_cmd='$MAGIC_CMD'
lt_cv_file_magic_test_file=
lt_cv_ld_reload_flag=-r
lt_cv_make_order_only=yes
lt_cv_module_path_var=LD_LIBRARY_PATH
lt_cv_nm_interface='BSD nm'
lt_cv_objdir=.libs
lt_cv_path_LD=/usr/bin/ld
lt_cv_path_LDCXX='/usr/bin/ld -m elf_x86_64'
lt_cv_path_NM='/usr/bin/nm -B'
lt_cv_path_mainfest_tool=no
lt_cv_prog_compiler_c_o=yes
lt_cv_prog_compiler_c_o_CXX=yes
lt_cv_prog_compiler_c_o_RC=yes
lt_cv_prog_compiler_pic='-fPIC -DPIC'
lt_cv_prog_compiler_pic_CXX='-fPIC -DPIC'
lt_cv_prog_compiler_pic_works=yes
lt_cv_prog_compiler_pic_works_CXX=yes
lt_cv_prog_compiler_rtti_exceptions=no
lt_cv_prog_compiler_static_works=no
lt_cv_prog_compiler_static_works_CXX=no
lt_cv_prog_gnu_ld=yes
lt_cv_prog_gnu_ldcxx=yes
lt_cv_sharedlib_from_linklib_cmd='printf %s\n'
lt_cv_shlibpath_overrides_runpath=no
lt_cv_sys_argz_works=yes
lt_cv_sys_dlopen_deplibs=yes
lt_cv_sys_dlsearch_path=
lt_cv_sys_global_symbol_pipe='sed -n -e '\''s/^.*[	 ]\([ABCDGIRSTW][ABCDGIRSTW]*\)[	 ][	 ]*\([_A-Za-z][_A-Za-z0-9]*\)$/\1 \2 \2/p'\'' | sed '\''/ __gnu_lto/d'\'''
lt_cv_sys_global_symbol_to_c_name_address='sed -n -e '\''s/^: \([^ ]*\)[ ]*$/  {\"\1\", (void *) 0},/p'\'' -e '\''s/^[ABCDGIRSTW]* \([^ ]*\) \([^ ]*\)$/  {"\2", (void *) \&\2},/p'\'''
lt_cv_sys_global_symbol_to_c_name_address_lib_prefix='sed -n -e '\''s/^: \([^ ]*\)[ ]*$/  {\"\1\", (void *) 0},/p'\'' -e '\''s/^[ABCDGIRSTW]* \([^ ]*\) \(lib[^ ]*\)$/  {"\2", (void *) \&\2},/p'\'' -e '\''s/^[ABCDGIRSTW]* \([^ ]*\) \([^ ]*\)$/  {"lib\2", (void *) \&\2},/p'\'''
lt_cv_sys_global_symbol_to_cdecl='sed -n -e '\''s/^T .* \(.*\)$/extern int \1();/p'\'' -e '\''s/^[ABCDGIRSTW]* .* \(.*\)$/extern char \1;/p'\'''
lt_cv_sys_max_cmd_len=1966080
lt_cv_sys_symbol_underscore=no
lt_cv_to_host_file_cmd=func_convert_file_noop
lt_cv_to_tool_file_cmd=func_convert_file_noop

## ----------------- ##
## Output variables. ##
## ----------------- ##

ACLOCAL='${SHELL} /home/fdkit/GPL-AirCam-v1.2/openwrt/build_dir/host/libtool-2.4/libltdl/config/missing --run aclocal-1.11'
AMDEPBACKSLASH='\'
AMDEP_FALSE='#'
AMDEP_TRUE=''
AMTAR='${SHELL} /home/fdkit/GPL-AirCam-v1.2/openwrt/build_dir/host/libtool-2.4/libltdl/config/missing --run tar'
AR='ar'
ARGZ_H=''
AS='as'
AUTOCONF='${SHELL} /home/fdkit/GPL-AirCam-v1.2/openwrt/build_dir/host/libtool-2.4/libltdl/config/missing --run autoconf'
AUTOHEADER='${SHELL} /home/fdkit/GPL-AirCam-v1.2/openwrt/build_dir/host/libtool-2.4/libltdl/config/missing --run autoheader'
AUTOM4TE='autom4te'
AUTOMAKE='${SHELL} /home/fdkit/GPL-AirCam-v1.2/openwrt/build_dir/host/libtool-2.4/libltdl/config/missing --run automake-1.11'
AUTOTEST='$(AUTOM4TE) --language=autotest'
AWK='gawk'
CC='x86_64-redhat-linux-gcc'
CCDEPMODE='depmode=gcc3'
CFLAGS='-O2 -I/home/fdkit/GPL-AirCam-v1.2/openwrt/staging_dir/host/include'
CONFIG_STATUS_DEPENDENCIES='$(top_srcdir)/ChangeLog'
CONF_SUBDIRS='tests/cdemo tests/demo tests/depdemo tests/f77demo tests/fcdemo 	tests/mdemo tests/mdemo2 tests/pdemo tests/tagdemo'
CONVENIENCE_LTDL_FALSE=''
CONVENIENCE_LTDL_TRUE='#'
CPP='x86_64-redhat-linux-gcc -E'
CPPFLAGS='-O2 -I/home/fdkit/GPL-AirCam-v1.2/openwrt/staging_dir/host/include'
CXX='x86_64-redhat-linux-g++'
CXXCPP='x86_64-redhat-linux-g++ -E'
CXXDEPMODE='depmode=gcc3'
CXXFLAGS='-g -O2'
CYGPATH_W='echo'
DEFS='-DHAVE_CONFIG_H'
DEPDIR='.deps'
DIST_MAKEFILE_LIST='tests/cdemo/Makefile tests/demo/Makefile tests/depdemo/Makefile tests/f77demo/Makefile tests/fcdemo/Makefile tests/mdemo/Makefile tests/mdemo2/Makefile tests/pdemo/Makefile tests/tagdemo/Makefile '
DLLTOOL='false'
DSYMUTIL=''
DUMPBIN=''
ECHO_C=''
ECHO_N='-n'
ECHO_T=''
EGREP='/bin/grep -E'
EXEEXT=''
F77=''
FC=''
FCFLAGS=''
FFLAGS=''
FGREP='/bin/grep -F'
GCJ=''
GCJFLAGS='-g -O2'
GREP='/bin/grep'
HAVE_CXX_FALSE='#'
HAVE_CXX_TRUE=''
HAVE_F77_FALSE=''
HAVE_F77_TRUE='#'
HAVE_FC_FALSE=''
HAVE_FC_TRUE='#'
HAVE_GCJ_FALSE=''
HAVE_GCJ_TRUE='#'
HAVE_RC_FALSE=''
HAVE_RC_TRUE='#'
HELP2MAN='${SHELL} /home/fdkit/GPL-AirCam-v1.2/openwrt/build_dir/host/libtool-2.4/libltdl/config/missing --run help2man'
INSTALL_DATA='${INSTALL} -m 644'
INSTALL_LTDL_FALSE='#'
INSTALL_LTDL_TRUE=''
INSTALL_PROGRAM='${INSTALL}'
INSTALL_SCRIPT='${INSTALL}'
INSTALL_STRIP_PROGRAM='$(install_sh) -c -s'
LASTRELEASE=''
LD='/usr/bin/ld -m elf_x86_64'
LDFLAGS='-L/home/fdkit/GPL-AirCam-v1.2/openwrt/staging_dir/host/lib'
LIBADD_DL='-ldl '
LIBADD_DLD_LINK=''
LIBADD_DLOPEN='-ldl'
LIBADD_SHL_LOAD=''
LIBOBJS=' ${LIBOBJDIR}lt__strl$U.o'
LIBS='-ldl '
LIBTOOL='$(SHELL) $(top_builddir)/libtool'
LIPO=''
LN_S='ln -s'
LTDLOPEN='libltdl'
LTLIBOBJS=' ${LIBOBJDIR}lt__strl$U.lo'
LT_CONFIG_H='config.h'
LT_DLLOADERS=' libltdl/dlopen.la'
LT_DLPREOPEN='-dlpreopen libltdl/dlopen.la '
M4SH='$(AUTOM4TE) --language=m4sh'
MAKEINFO='${SHELL} /home/fdkit/GPL-AirCam-v1.2/openwrt/build_dir/host/libtool-2.4/libltdl/config/missing --run makeinfo'
MANIFEST_TOOL=':'
MKDIR_P='/bin/mkdir -p'
NM='/usr/bin/nm -B'
NMEDIT=''
OBJDUMP='objdump'
OBJEXT='o'
ORDER='|'
OTOOL64=''
OTOOL=''
PACKAGE='libtool'
PACKAGE_BUGREPORT='bug-libtool@gnu.org'
PACKAGE_NAME='GNU Libtool'
PACKAGE_STRING='GNU Libtool 2.4'
PACKAGE_TARNAME='libtool'
PACKAGE_URL='http://www.gnu.org/software/libtool/'
PACKAGE_VERSION='2.4'
PATH_SEPARATOR=':'
RANLIB='ranlib'
RC=''
SED='/home/fdkit/GPL-AirCam-v1.2/openwrt/staging_dir/host/bin/sed'
SET_MAKE=''
SHELL='/bin/bash'
STRIP='strip'
TIMESTAMP=''
VERSION='2.4'
ac_ct_AR='ar'
ac_ct_CC=''
ac_ct_CXX=''
ac_ct_DUMPBIN=''
ac_ct_F77=''
ac_ct_FC=''
aclocaldir='${datadir}/aclocal'
am__EXEEXT_FALSE=''
am__EXEEXT_TRUE='#'
am__fastdepCC_FALSE='#'
am__fastdepCC_TRUE=''
am__fastdepCXX_FALSE='#'
am__fastdepCXX_TRUE=''
am__include='include'
am__isrc=''
am__leading_dot='.'
am__quote=''
am__tar='${AMTAR} chof - "$$tardir"'
am__untar='${AMTAR} xf -'
bindir='${exec_prefix}/bin'
build='x86_64-redhat-linux-gnu'
build_alias='x86_64-redhat-linux'
build_cpu='x86_64'
build_os='linux-gnu'
build_vendor='redhat'
datadir='${datarootdir}'
datarootdir='${prefix}/share'
docdir='${datarootdir}/doc/${PACKAGE_TARNAME}'
dvidir='${docdir}'
exec_prefix='/home/fdkit/GPL-AirCam-v1.2/openwrt/staging_dir/host'
host='x86_64-redhat-linux-gnu'
host_alias='x86_64-redhat-linux'
host_cpu='x86_64'
host_os='linux-gnu'
host_vendor='redhat'
htmldir='${docdir}'
includedir='${prefix}/include'
infodir='${datarootdir}/info'
install_sh='${SHELL} /home/fdkit/GPL-AirCam-v1.2/openwrt/build_dir/host/libtool-2.4/libltdl/config/install-sh'
libdir='${exec_prefix}/lib'
libexecdir='${exec_prefix}/libexec'
localedir='${datarootdir}/locale'
localstatedir='/home/fdkit/GPL-AirCam-v1.2/openwrt/staging_dir/host/var'
mandir='${datarootdir}/man'
mkdir_p='/bin/mkdir -p'
oldincludedir='/usr/include'
package_revision='1.3293'
pdfdir='${docdir}'
pkgdatadir='${datadir}/libtool'
prefix='/home/fdkit/GPL-AirCam-v1.2/openwrt/staging_dir/host'
program_transform_name='s&$$&&;s&^&&'
psdir='${docdir}'
sbindir='/home/fdkit/GPL-AirCam-v1.2/openwrt/staging_dir/host/bin'
sharedstatedir='${prefix}/com'
sys_symbol_underscore='no'
sysconfdir='/home/fdkit/GPL-AirCam-v1.2/openwrt/staging_dir/host/etc'
target_alias='x86_64-redhat-linux'
to_host_file_cmd='func_convert_file_noop'
to_tool_file_cmd='func_convert_file_noop'

## ----------- ##
## confdefs.h. ##
## ----------- ##

/* confdefs.h */
#define PACKAGE_NAME "GNU Libtool"
#define PACKAGE_TARNAME "libtool"
#define PACKAGE_VERSION "2.4"
#define PACKAGE_STRING "GNU Libtool 2.4"
#define PACKAGE_BUGREPORT "bug-libtool@gnu.org"
#define PACKAGE_URL "http://www.gnu.org/software/libtool/"
#define PACKAGE "libtool"
#define VERSION "2.4"
#define STDC_HEADERS 1
#define HAVE_SYS_TYPES_H 1
#define HAVE_SYS_STAT_H 1
#define HAVE_STDLIB_H 1
#define HAVE_STRING_H 1
#define HAVE_MEMORY_H 1
#define HAVE_STRINGS_H 1
#define HAVE_INTTYPES_H 1
#define HAVE_STDINT_H 1
#define HAVE_UNISTD_H 1
#define HAVE_DLFCN_H 1
#define LT_OBJDIR ".libs/"
#define LT_MODULE_EXT ".so"
#define LT_MODULE_PATH_VAR "LD_LIBRARY_PATH"
#define HAVE_LIBDL 1
#define HAVE_DLERROR 1
#define HAVE_LIBDLLOADER 1
#define HAVE_ARGZ_H 1
#define HAVE_ERROR_T 1
#define HAVE_ARGZ_ADD 1
#define HAVE_ARGZ_APPEND 1
#define HAVE_ARGZ_COUNT 1
#define HAVE_ARGZ_CREATE_SEP 1
#define HAVE_ARGZ_INSERT 1
#define HAVE_ARGZ_NEXT 1
#define HAVE_ARGZ_STRINGIFY 1
#define HAVE_WORKING_ARGZ 1
#define HAVE_PRELOADED_SYMBOLS 1
#define HAVE_UNISTD_H 1
#define HAVE_DIRENT_H 1
#define HAVE_CLOSEDIR 1
#define HAVE_OPENDIR 1
#define HAVE_READDIR 1
#define LT_LIBEXT "a"
#define LT_LIBPREFIX "lib"

configure: exit 0
