This file contains any messages produced by compilers while
running configure, to aid debugging if configure makes a mistake.

It was created by mpc configure 0.8.2, which was
generated by GNU Autoconf 2.65.  Invocation command line was

  $ ./configure CFLAGS=-O2 -I/home/fdkit/GPL-AirCam-v1.2/openwrt/staging_dir/host/include CPPFLAGS=-O2 -I/home/fdkit/GPL-AirCam-v1.2/openwrt/staging_dir/host/include LDFLAGS=-L/home/fdkit/GPL-AirCam-v1.2/openwrt/staging_dir/host/lib SHELL=/bin/bash --target=x86_64-redhat-linux --host=x86_64-redhat-linux --build=x86_64-redhat-linux --program-prefix= --program-suffix= --prefix=/home/fdkit/GPL-AirCam-v1.2/openwrt/staging_dir/host --exec-prefix=/home/fdkit/GPL-AirCam-v1.2/openwrt/staging_dir/host --sysconfdir=/home/fdkit/GPL-AirCam-v1.2/openwrt/staging_dir/host/etc --localstatedir=/home/fdkit/GPL-AirCam-v1.2/openwrt/staging_dir/host/var --sbindir=/home/fdkit/GPL-AirCam-v1.2/openwrt/staging_dir/host/bin --enable-static --disable-shared --with-mpfr=/home/fdkit/GPL-AirCam-v1.2/openwrt/staging_dir/host --with-gmp=/home/fdkit/GPL-AirCam-v1.2/openwrt/staging_dir/host

## --------- ##
## Platform. ##
## --------- ##

hostname = discordy
uname -m = x86_64
uname -r = 2.6.32-358.6.2.el6.x86_64
uname -s = Linux
uname -v = #1 SMP Thu May 16 20:59:36 UTC 2013

/usr/bin/uname -p = unknown
/bin/uname -X     = unknown

/bin/arch              = x86_64
/usr/bin/arch -k       = unknown
/usr/convex/getsysinfo = unknown
/usr/bin/hostinfo      = unknown
/bin/machine           = unknown
/usr/bin/oslevel       = unknown
/bin/universe          = unknown

PATH: /home/fdkit/GPL-AirCam-v1.2/openwrt/staging_dir/toolchain-arm_v5te_gcc-linaro_uClibc-0.9.32_eabi/bin
PATH: /home/fdkit/GPL-AirCam-v1.2/openwrt/staging_dir/host/bin
PATH: /home/fdkit/GPL-AirCam-v1.2/openwrt/staging_dir/toolchain-arm_v5te_gcc-linaro_uClibc-0.9.32_eabi/bin
PATH: /home/fdkit/GPL-AirCam-v1.2/openwrt/staging_dir/host/bin
PATH: /home/fdkit/GPL-AirCam-v1.2/openwrt/staging_dir/toolchain-arm_v5te_gcc-linaro_uClibc-0.9.32_eabi/bin
PATH: /home/fdkit/GPL-AirCam-v1.2/openwrt/staging_dir/host/bin
PATH: /usr/local/bin
PATH: /bin
PATH: /usr/bin
PATH: /usr/local/sbin
PATH: /usr/sbin
PATH: /sbin
PATH: /home/fdkit/bin


## ----------- ##
## Core tests. ##
## ----------- ##

configure:2419: checking for a BSD-compatible install
configure:2487: result: /usr/bin/install -c
configure:2498: checking whether build environment is sane
configure:2548: result: yes
configure:2689: checking for a thread-safe mkdir -p
configure:2728: result: /bin/mkdir -p
configure:2741: checking for gawk
configure:2757: found /bin/gawk
configure:2768: result: gawk
configure:2779: checking whether make sets $(MAKE)
configure:2801: result: yes
configure:2882: checking whether to enable maintainer-specific portions of Makefiles
configure:2891: result: no
configure:2909: checking build system type
configure:2923: result: x86_64-redhat-linux-gnu
configure:2943: checking host system type
configure:2956: result: x86_64-redhat-linux-gnu
configure:3048: checking for x86_64-redhat-linux-gcc
configure:3064: found /usr/bin/x86_64-redhat-linux-gcc
configure:3075: result: x86_64-redhat-linux-gcc
configure:3344: checking for C compiler version
configure:3353: x86_64-redhat-linux-gcc --version >&5
x86_64-redhat-linux-gcc (GCC) 4.4.7 20120313 (Red Hat 4.4.7-3)
Copyright (C) 2010 Free Software Foundation, Inc.
This is free software; see the source for copying conditions.  There is NO
warranty; not even for MERCHANTABILITY or FITNESS FOR A PARTICULAR PURPOSE.

configure:3364: $? = 0
configure:3353: x86_64-redhat-linux-gcc -v >&5
Using built-in specs.
Target: x86_64-redhat-linux
Configured with: ../configure --prefix=/usr --mandir=/usr/share/man --infodir=/usr/share/info --with-bugurl=http://bugzilla.redhat.com/bugzilla --enable-bootstrap --enable-shared --enable-threads=posix --enable-checking=release --with-system-zlib --enable-__cxa_atexit --disable-libunwind-exceptions --enable-gnu-unique-object --enable-languages=c,c++,objc,obj-c++,java,fortran,ada --enable-java-awt=gtk --disable-dssi --with-java-home=/usr/lib/jvm/java-1.5.0-gcj-1.5.0.0/jre --enable-libgcj-multifile --enable-java-maintainer-mode --with-ecj-jar=/usr/share/java/eclipse-ecj.jar --disable-libjava-multilib --with-ppl --with-cloog --with-tune=generic --with-arch_32=i686 --build=x86_64-redhat-linux
Thread model: posix
gcc version 4.4.7 20120313 (Red Hat 4.4.7-3) (GCC) 
configure:3364: $? = 0
configure:3353: x86_64-redhat-linux-gcc -V >&5
x86_64-redhat-linux-gcc: '-V' option must have argument
configure:3364: $? = 1
configure:3353: x86_64-redhat-linux-gcc -qversion >&5
x86_64-redhat-linux-gcc: unrecognized option '-qversion'
x86_64-redhat-linux-gcc: no input files
configure:3364: $? = 1
configure:3384: checking whether the C compiler works
configure:3406: x86_64-redhat-linux-gcc -O2 -I/home/fdkit/GPL-AirCam-v1.2/openwrt/staging_dir/host/include -I/home/fdkit/GPL-AirCam-v1.2/openwrt/staging_dir/host/include -I/home/fdkit/GPL-AirCam-v1.2/openwrt/staging_dir/host/include -O2 -I/home/fdkit/GPL-AirCam-v1.2/openwrt/staging_dir/host/include -L/home/fdkit/GPL-AirCam-v1.2/openwrt/staging_dir/host/lib -L/home/fdkit/GPL-AirCam-v1.2/openwrt/staging_dir/host/lib -L/home/fdkit/GPL-AirCam-v1.2/openwrt/staging_dir/host/lib conftest.c  >&5
configure:3410: $? = 0
configure:3459: result: yes
configure:3462: checking for C compiler default output file name
configure:3464: result: a.out
configure:3470: checking for suffix of executables
configure:3477: x86_64-redhat-linux-gcc -o conftest -O2 -I/home/fdkit/GPL-AirCam-v1.2/openwrt/staging_dir/host/include -I/home/fdkit/GPL-AirCam-v1.2/openwrt/staging_dir/host/include -I/home/fdkit/GPL-AirCam-v1.2/openwrt/staging_dir/host/include -O2 -I/home/fdkit/GPL-AirCam-v1.2/openwrt/staging_dir/host/include -L/home/fdkit/GPL-AirCam-v1.2/openwrt/staging_dir/host/lib -L/home/fdkit/GPL-AirCam-v1.2/openwrt/staging_dir/host/lib -L/home/fdkit/GPL-AirCam-v1.2/openwrt/staging_dir/host/lib conftest.c  >&5
configure:3481: $? = 0
configure:3503: result: 
configure:3525: checking whether we are cross compiling
configure:3533: x86_64-redhat-linux-gcc -o conftest -O2 -I/home/fdkit/GPL-AirCam-v1.2/openwrt/staging_dir/host/include -I/home/fdkit/GPL-AirCam-v1.2/openwrt/staging_dir/host/include -I/home/fdkit/GPL-AirCam-v1.2/openwrt/staging_dir/host/include -O2 -I/home/fdkit/GPL-AirCam-v1.2/openwrt/staging_dir/host/include -L/home/fdkit/GPL-AirCam-v1.2/openwrt/staging_dir/host/lib -L/home/fdkit/GPL-AirCam-v1.2/openwrt/staging_dir/host/lib -L/home/fdkit/GPL-AirCam-v1.2/openwrt/staging_dir/host/lib conftest.c  >&5
configure:3537: $? = 0
configure:3544: ./conftest
configure:3548: $? = 0
configure:3563: result: no
configure:3568: checking for suffix of object files
configure:3590: x86_64-redhat-linux-gcc -c -O2 -I/home/fdkit/GPL-AirCam-v1.2/openwrt/staging_dir/host/include -I/home/fdkit/GPL-AirCam-v1.2/openwrt/staging_dir/host/include -I/home/fdkit/GPL-AirCam-v1.2/openwrt/staging_dir/host/include -O2 -I/home/fdkit/GPL-AirCam-v1.2/openwrt/staging_dir/host/include conftest.c >&5
configure:3594: $? = 0
configure:3615: result: o
configure:3619: checking whether we are using the GNU C compiler
configure:3638: x86_64-redhat-linux-gcc -c -O2 -I/home/fdkit/GPL-AirCam-v1.2/openwrt/staging_dir/host/include -I/home/fdkit/GPL-AirCam-v1.2/openwrt/staging_dir/host/include -I/home/fdkit/GPL-AirCam-v1.2/openwrt/staging_dir/host/include -O2 -I/home/fdkit/GPL-AirCam-v1.2/openwrt/staging_dir/host/include conftest.c >&5
configure:3638: $? = 0
configure:3647: result: yes
configure:3656: checking whether x86_64-redhat-linux-gcc accepts -g
configure:3676: x86_64-redhat-linux-gcc -c -g -I/home/fdkit/GPL-AirCam-v1.2/openwrt/staging_dir/host/include -I/home/fdkit/GPL-AirCam-v1.2/openwrt/staging_dir/host/include -O2 -I/home/fdkit/GPL-AirCam-v1.2/openwrt/staging_dir/host/include conftest.c >&5
configure:3676: $? = 0
configure:3717: result: yes
configure:3734: checking for x86_64-redhat-linux-gcc option to accept ISO C89
configure:3798: x86_64-redhat-linux-gcc  -c -O2 -I/home/fdkit/GPL-AirCam-v1.2/openwrt/staging_dir/host/include -I/home/fdkit/GPL-AirCam-v1.2/openwrt/staging_dir/host/include -I/home/fdkit/GPL-AirCam-v1.2/openwrt/staging_dir/host/include -O2 -I/home/fdkit/GPL-AirCam-v1.2/openwrt/staging_dir/host/include conftest.c >&5
configure:3798: $? = 0
configure:3811: result: none needed
configure:3842: checking for style of include used by make
configure:3870: result: GNU
configure:3895: checking dependency style of x86_64-redhat-linux-gcc
configure:4005: result: gcc3
configure:4025: checking how to run the C preprocessor
configure:4056: x86_64-redhat-linux-gcc -E -I/home/fdkit/GPL-AirCam-v1.2/openwrt/staging_dir/host/include -I/home/fdkit/GPL-AirCam-v1.2/openwrt/staging_dir/host/include -O2 -I/home/fdkit/GPL-AirCam-v1.2/openwrt/staging_dir/host/include conftest.c
configure:4056: $? = 0
configure:4070: x86_64-redhat-linux-gcc -E -I/home/fdkit/GPL-AirCam-v1.2/openwrt/staging_dir/host/include -I/home/fdkit/GPL-AirCam-v1.2/openwrt/staging_dir/host/include -O2 -I/home/fdkit/GPL-AirCam-v1.2/openwrt/staging_dir/host/include conftest.c
conftest.c:11:28: error: ac_nonexistent.h: No such file or directory
configure:4070: $? = 1
configure: failed program was:
| /* confdefs.h */
| #define PACKAGE_NAME "mpc"
| #define PACKAGE_TARNAME "mpc"
| #define PACKAGE_VERSION "0.8.2"
| #define PACKAGE_STRING "mpc 0.8.2"
| #define PACKAGE_BUGREPORT "mpc-discuss@lists.gforge.inria.fr"
| #define PACKAGE_URL ""
| #define PACKAGE "mpc"
| #define VERSION "0.8.2"
| /* end confdefs.h.  */
| #include <ac_nonexistent.h>
configure:4095: result: x86_64-redhat-linux-gcc -E
configure:4115: x86_64-redhat-linux-gcc -E -I/home/fdkit/GPL-AirCam-v1.2/openwrt/staging_dir/host/include -I/home/fdkit/GPL-AirCam-v1.2/openwrt/staging_dir/host/include -O2 -I/home/fdkit/GPL-AirCam-v1.2/openwrt/staging_dir/host/include conftest.c
configure:4115: $? = 0
configure:4129: x86_64-redhat-linux-gcc -E -I/home/fdkit/GPL-AirCam-v1.2/openwrt/staging_dir/host/include -I/home/fdkit/GPL-AirCam-v1.2/openwrt/staging_dir/host/include -O2 -I/home/fdkit/GPL-AirCam-v1.2/openwrt/staging_dir/host/include conftest.c
conftest.c:11:28: error: ac_nonexistent.h: No such file or directory
configure:4129: $? = 1
configure: failed program was:
| /* confdefs.h */
| #define PACKAGE_NAME "mpc"
| #define PACKAGE_TARNAME "mpc"
| #define PACKAGE_VERSION "0.8.2"
| #define PACKAGE_STRING "mpc 0.8.2"
| #define PACKAGE_BUGREPORT "mpc-discuss@lists.gforge.inria.fr"
| #define PACKAGE_URL ""
| #define PACKAGE "mpc"
| #define VERSION "0.8.2"
| /* end confdefs.h.  */
| #include <ac_nonexistent.h>
configure:4157: checking for grep that handles long lines and -e
configure:4215: result: /bin/grep
configure:4220: checking for egrep
configure:4282: result: /bin/grep -E
configure:4287: checking for a sed that does not truncate output
configure:4351: result: /home/fdkit/GPL-AirCam-v1.2/openwrt/staging_dir/host/bin/sed
configure:4571: checking for a sed that does not truncate output
configure:4635: result: /home/fdkit/GPL-AirCam-v1.2/openwrt/staging_dir/host/bin/sed
configure:4653: checking for fgrep
configure:4715: result: /bin/grep -F
configure:4750: checking for ld used by x86_64-redhat-linux-gcc
configure:4817: result: /usr/bin/ld
configure:4824: checking if the linker (/usr/bin/ld) is GNU ld
configure:4839: result: yes
configure:4851: checking for BSD- or MS-compatible name lister (nm)
configure:4900: result: /usr/bin/nm -B
configure:5018: checking the name lister (/usr/bin/nm -B) interface
configure:5025: x86_64-redhat-linux-gcc -c -O2 -I/home/fdkit/GPL-AirCam-v1.2/openwrt/staging_dir/host/include -I/home/fdkit/GPL-AirCam-v1.2/openwrt/staging_dir/host/include -I/home/fdkit/GPL-AirCam-v1.2/openwrt/staging_dir/host/include -O2 -I/home/fdkit/GPL-AirCam-v1.2/openwrt/staging_dir/host/include conftest.c >&5
configure:5028: /usr/bin/nm -B "conftest.o"
configure:5031: output
0000000000000000 B some_variable
configure:5038: result: BSD nm
configure:5041: checking whether ln -s works
configure:5045: result: yes
configure:5053: checking the maximum length of command line arguments
configure:5173: result: 1966080
configure:5190: checking whether the shell understands some XSI constructs
configure:5200: result: yes
configure:5204: checking whether the shell understands "+="
configure:5210: result: yes
configure:5245: checking for /usr/bin/ld option to reload object files
configure:5252: result: -r
configure:5281: checking for x86_64-redhat-linux-objdump
configure:5311: result: no
configure:5321: checking for objdump
configure:5337: found /usr/bin/objdump
configure:5348: result: objdump
configure:5380: checking how to recognize dependent libraries
configure:5576: result: pass_all
configure:5596: checking for x86_64-redhat-linux-ar
configure:5626: result: no
configure:5636: checking for ar
configure:5652: found /usr/bin/ar
configure:5663: result: ar
configure:5701: checking for x86_64-redhat-linux-strip
configure:5731: result: no
configure:5741: checking for strip
configure:5757: found /usr/bin/strip
configure:5768: result: strip
configure:5800: checking for x86_64-redhat-linux-ranlib
configure:5830: result: no
configure:5840: checking for ranlib
configure:5856: found /usr/bin/ranlib
configure:5867: result: ranlib
configure:5957: checking command to parse /usr/bin/nm -B output from x86_64-redhat-linux-gcc object
configure:6075: x86_64-redhat-linux-gcc -c -O2 -I/home/fdkit/GPL-AirCam-v1.2/openwrt/staging_dir/host/include -I/home/fdkit/GPL-AirCam-v1.2/openwrt/staging_dir/host/include -I/home/fdkit/GPL-AirCam-v1.2/openwrt/staging_dir/host/include -O2 -I/home/fdkit/GPL-AirCam-v1.2/openwrt/staging_dir/host/include conftest.c >&5
configure:6078: $? = 0
configure:6082: /usr/bin/nm -B conftest.o \| sed -n -e 's/^.*[	 ]\([ABCDGIRSTW][ABCDGIRSTW]*\)[	 ][	 ]*\([_A-Za-z][_A-Za-z0-9]*\)$/\1 \2 \2/p' \> conftest.nm
configure:6085: $? = 0
configure:6139: x86_64-redhat-linux-gcc -o conftest -O2 -I/home/fdkit/GPL-AirCam-v1.2/openwrt/staging_dir/host/include -I/home/fdkit/GPL-AirCam-v1.2/openwrt/staging_dir/host/include -I/home/fdkit/GPL-AirCam-v1.2/openwrt/staging_dir/host/include -O2 -I/home/fdkit/GPL-AirCam-v1.2/openwrt/staging_dir/host/include -L/home/fdkit/GPL-AirCam-v1.2/openwrt/staging_dir/host/lib -L/home/fdkit/GPL-AirCam-v1.2/openwrt/staging_dir/host/lib -L/home/fdkit/GPL-AirCam-v1.2/openwrt/staging_dir/host/lib conftest.c conftstm.o >&5
configure:6142: $? = 0
configure:6180: result: ok
configure:6275: x86_64-redhat-linux-gcc -c -O2 -I/home/fdkit/GPL-AirCam-v1.2/openwrt/staging_dir/host/include -I/home/fdkit/GPL-AirCam-v1.2/openwrt/staging_dir/host/include -I/home/fdkit/GPL-AirCam-v1.2/openwrt/staging_dir/host/include -O2 -I/home/fdkit/GPL-AirCam-v1.2/openwrt/staging_dir/host/include conftest.c >&5
configure:6278: $? = 0
configure:6984: checking for ANSI C header files
configure:7004: x86_64-redhat-linux-gcc -c -O2 -I/home/fdkit/GPL-AirCam-v1.2/openwrt/staging_dir/host/include -I/home/fdkit/GPL-AirCam-v1.2/openwrt/staging_dir/host/include -I/home/fdkit/GPL-AirCam-v1.2/openwrt/staging_dir/host/include -O2 -I/home/fdkit/GPL-AirCam-v1.2/openwrt/staging_dir/host/include conftest.c >&5
configure:7004: $? = 0
configure:7077: x86_64-redhat-linux-gcc -o conftest -O2 -I/home/fdkit/GPL-AirCam-v1.2/openwrt/staging_dir/host/include -I/home/fdkit/GPL-AirCam-v1.2/openwrt/staging_dir/host/include -I/home/fdkit/GPL-AirCam-v1.2/openwrt/staging_dir/host/include -O2 -I/home/fdkit/GPL-AirCam-v1.2/openwrt/staging_dir/host/include -L/home/fdkit/GPL-AirCam-v1.2/openwrt/staging_dir/host/lib -L/home/fdkit/GPL-AirCam-v1.2/openwrt/staging_dir/host/lib -L/home/fdkit/GPL-AirCam-v1.2/openwrt/staging_dir/host/lib conftest.c  >&5
configure:7077: $? = 0
configure:7077: ./conftest
configure:7077: $? = 0
configure:7088: result: yes
configure:7101: checking for sys/types.h
configure:7101: x86_64-redhat-linux-gcc -c -O2 -I/home/fdkit/GPL-AirCam-v1.2/openwrt/staging_dir/host/include -I/home/fdkit/GPL-AirCam-v1.2/openwrt/staging_dir/host/include -I/home/fdkit/GPL-AirCam-v1.2/openwrt/staging_dir/host/include -O2 -I/home/fdkit/GPL-AirCam-v1.2/openwrt/staging_dir/host/include conftest.c >&5
configure:7101: $? = 0
configure:7101: result: yes
configure:7101: checking for sys/stat.h
configure:7101: x86_64-redhat-linux-gcc -c -O2 -I/home/fdkit/GPL-AirCam-v1.2/openwrt/staging_dir/host/include -I/home/fdkit/GPL-AirCam-v1.2/openwrt/staging_dir/host/include -I/home/fdkit/GPL-AirCam-v1.2/openwrt/staging_dir/host/include -O2 -I/home/fdkit/GPL-AirCam-v1.2/openwrt/staging_dir/host/include conftest.c >&5
configure:7101: $? = 0
configure:7101: result: yes
configure:7101: checking for stdlib.h
configure:7101: x86_64-redhat-linux-gcc -c -O2 -I/home/fdkit/GPL-AirCam-v1.2/openwrt/staging_dir/host/include -I/home/fdkit/GPL-AirCam-v1.2/openwrt/staging_dir/host/include -I/home/fdkit/GPL-AirCam-v1.2/openwrt/staging_dir/host/include -O2 -I/home/fdkit/GPL-AirCam-v1.2/openwrt/staging_dir/host/include conftest.c >&5
configure:7101: $? = 0
configure:7101: result: yes
configure:7101: checking for string.h
configure:7101: x86_64-redhat-linux-gcc -c -O2 -I/home/fdkit/GPL-AirCam-v1.2/openwrt/staging_dir/host/include -I/home/fdkit/GPL-AirCam-v1.2/openwrt/staging_dir/host/include -I/home/fdkit/GPL-AirCam-v1.2/openwrt/staging_dir/host/include -O2 -I/home/fdkit/GPL-AirCam-v1.2/openwrt/staging_dir/host/include conftest.c >&5
configure:7101: $? = 0
configure:7101: result: yes
configure:7101: checking for memory.h
configure:7101: x86_64-redhat-linux-gcc -c -O2 -I/home/fdkit/GPL-AirCam-v1.2/openwrt/staging_dir/host/include -I/home/fdkit/GPL-AirCam-v1.2/openwrt/staging_dir/host/include -I/home/fdkit/GPL-AirCam-v1.2/openwrt/staging_dir/host/include -O2 -I/home/fdkit/GPL-AirCam-v1.2/openwrt/staging_dir/host/include conftest.c >&5
configure:7101: $? = 0
configure:7101: result: yes
configure:7101: checking for strings.h
configure:7101: x86_64-redhat-linux-gcc -c -O2 -I/home/fdkit/GPL-AirCam-v1.2/openwrt/staging_dir/host/include -I/home/fdkit/GPL-AirCam-v1.2/openwrt/staging_dir/host/include -I/home/fdkit/GPL-AirCam-v1.2/openwrt/staging_dir/host/include -O2 -I/home/fdkit/GPL-AirCam-v1.2/openwrt/staging_dir/host/include conftest.c >&5
configure:7101: $? = 0
configure:7101: result: yes
configure:7101: checking for inttypes.h
configure:7101: x86_64-redhat-linux-gcc -c -O2 -I/home/fdkit/GPL-AirCam-v1.2/openwrt/staging_dir/host/include -I/home/fdkit/GPL-AirCam-v1.2/openwrt/staging_dir/host/include -I/home/fdkit/GPL-AirCam-v1.2/openwrt/staging_dir/host/include -O2 -I/home/fdkit/GPL-AirCam-v1.2/openwrt/staging_dir/host/include conftest.c >&5
configure:7101: $? = 0
configure:7101: result: yes
configure:7101: checking for stdint.h
configure:7101: x86_64-redhat-linux-gcc -c -O2 -I/home/fdkit/GPL-AirCam-v1.2/openwrt/staging_dir/host/include -I/home/fdkit/GPL-AirCam-v1.2/openwrt/staging_dir/host/include -I/home/fdkit/GPL-AirCam-v1.2/openwrt/staging_dir/host/include -O2 -I/home/fdkit/GPL-AirCam-v1.2/openwrt/staging_dir/host/include conftest.c >&5
configure:7101: $? = 0
configure:7101: result: yes
configure:7101: checking for unistd.h
configure:7101: x86_64-redhat-linux-gcc -c -O2 -I/home/fdkit/GPL-AirCam-v1.2/openwrt/staging_dir/host/include -I/home/fdkit/GPL-AirCam-v1.2/openwrt/staging_dir/host/include -I/home/fdkit/GPL-AirCam-v1.2/openwrt/staging_dir/host/include -O2 -I/home/fdkit/GPL-AirCam-v1.2/openwrt/staging_dir/host/include conftest.c >&5
configure:7101: $? = 0
configure:7101: result: yes
configure:7116: checking for dlfcn.h
configure:7116: x86_64-redhat-linux-gcc -c -O2 -I/home/fdkit/GPL-AirCam-v1.2/openwrt/staging_dir/host/include -I/home/fdkit/GPL-AirCam-v1.2/openwrt/staging_dir/host/include -I/home/fdkit/GPL-AirCam-v1.2/openwrt/staging_dir/host/include -O2 -I/home/fdkit/GPL-AirCam-v1.2/openwrt/staging_dir/host/include conftest.c >&5
configure:7116: $? = 0
configure:7116: result: yes
configure:7300: checking for objdir
configure:7315: result: .libs
configure:7607: checking if x86_64-redhat-linux-gcc supports -fno-rtti -fno-exceptions
configure:7625: x86_64-redhat-linux-gcc -c -O2 -I/home/fdkit/GPL-AirCam-v1.2/openwrt/staging_dir/host/include -I/home/fdkit/GPL-AirCam-v1.2/openwrt/staging_dir/host/include -I/home/fdkit/GPL-AirCam-v1.2/openwrt/staging_dir/host/include -O2 -I/home/fdkit/GPL-AirCam-v1.2/openwrt/staging_dir/host/include -fno-rtti -fno-exceptions conftest.c >&5
cc1: warning: command line option "-fno-rtti" is valid for C++/ObjC++ but not for C
configure:7629: $? = 0
configure:7642: result: no
configure:7662: checking for x86_64-redhat-linux-gcc option to produce PIC
configure:7934: result: -fPIC -DPIC
configure:7946: checking if x86_64-redhat-linux-gcc PIC flag -fPIC -DPIC works
configure:7964: x86_64-redhat-linux-gcc -c -O2 -I/home/fdkit/GPL-AirCam-v1.2/openwrt/staging_dir/host/include -I/home/fdkit/GPL-AirCam-v1.2/openwrt/staging_dir/host/include -I/home/fdkit/GPL-AirCam-v1.2/openwrt/staging_dir/host/include -O2 -I/home/fdkit/GPL-AirCam-v1.2/openwrt/staging_dir/host/include -fPIC -DPIC -DPIC conftest.c >&5
configure:7968: $? = 0
configure:7981: result: yes
configure:8005: checking if x86_64-redhat-linux-gcc static flag -static works
configure:8033: result: no
configure:8048: checking if x86_64-redhat-linux-gcc supports -c -o file.o
configure:8069: x86_64-redhat-linux-gcc -c -O2 -I/home/fdkit/GPL-AirCam-v1.2/openwrt/staging_dir/host/include -I/home/fdkit/GPL-AirCam-v1.2/openwrt/staging_dir/host/include -I/home/fdkit/GPL-AirCam-v1.2/openwrt/staging_dir/host/include -O2 -I/home/fdkit/GPL-AirCam-v1.2/openwrt/staging_dir/host/include -o out/conftest2.o conftest.c >&5
configure:8073: $? = 0
configure:8095: result: yes
configure:8103: checking if x86_64-redhat-linux-gcc supports -c -o file.o
configure:8150: result: yes
configure:8183: checking whether the x86_64-redhat-linux-gcc linker (/usr/bin/ld -m elf_x86_64) supports shared libraries
configure:9174: result: yes
configure:9413: checking dynamic linker characteristics
configure:9846: x86_64-redhat-linux-gcc -o conftest -O2 -I/home/fdkit/GPL-AirCam-v1.2/openwrt/staging_dir/host/include -I/home/fdkit/GPL-AirCam-v1.2/openwrt/staging_dir/host/include -I/home/fdkit/GPL-AirCam-v1.2/openwrt/staging_dir/host/include -O2 -I/home/fdkit/GPL-AirCam-v1.2/openwrt/staging_dir/host/include -L/home/fdkit/GPL-AirCam-v1.2/openwrt/staging_dir/host/lib -L/home/fdkit/GPL-AirCam-v1.2/openwrt/staging_dir/host/lib -L/home/fdkit/GPL-AirCam-v1.2/openwrt/staging_dir/host/lib -Wl,-rpath -Wl,/foo conftest.c  >&5
configure:9846: $? = 0
configure:10076: result: GNU/Linux ld.so
configure:10178: checking how to hardcode library paths into programs
configure:10203: result: immediate
configure:10723: checking whether stripping libraries is possible
configure:10728: result: yes
configure:10763: checking if libtool supports shared libraries
configure:10765: result: yes
configure:10768: checking whether to build shared libraries
configure:10789: result: no
configure:10792: checking whether to build static libraries
configure:10796: result: yes
configure:10833: checking for __gmpz_init in -lgmp
configure:10858: x86_64-redhat-linux-gcc -o conftest -O2 -I/home/fdkit/GPL-AirCam-v1.2/openwrt/staging_dir/host/include -I/home/fdkit/GPL-AirCam-v1.2/openwrt/staging_dir/host/include -I/home/fdkit/GPL-AirCam-v1.2/openwrt/staging_dir/host/include -O2 -I/home/fdkit/GPL-AirCam-v1.2/openwrt/staging_dir/host/include -L/home/fdkit/GPL-AirCam-v1.2/openwrt/staging_dir/host/lib -L/home/fdkit/GPL-AirCam-v1.2/openwrt/staging_dir/host/lib -L/home/fdkit/GPL-AirCam-v1.2/openwrt/staging_dir/host/lib conftest.c -lgmp   >&5
configure:10858: $? = 0
configure:10867: result: yes
configure:10875: checking for MPFR
configure:10890: x86_64-redhat-linux-gcc -o conftest -O2 -I/home/fdkit/GPL-AirCam-v1.2/openwrt/staging_dir/host/include -I/home/fdkit/GPL-AirCam-v1.2/openwrt/staging_dir/host/include -I/home/fdkit/GPL-AirCam-v1.2/openwrt/staging_dir/host/include -O2 -I/home/fdkit/GPL-AirCam-v1.2/openwrt/staging_dir/host/include -L/home/fdkit/GPL-AirCam-v1.2/openwrt/staging_dir/host/lib -L/home/fdkit/GPL-AirCam-v1.2/openwrt/staging_dir/host/lib -L/home/fdkit/GPL-AirCam-v1.2/openwrt/staging_dir/host/lib conftest.c -lmpfr -lgmp  >&5
configure:10890: $? = 0
configure:10891: result: yes
configure:10904: checking for recent GMP
configure:10916: x86_64-redhat-linux-gcc -c -O2 -I/home/fdkit/GPL-AirCam-v1.2/openwrt/staging_dir/host/include -I/home/fdkit/GPL-AirCam-v1.2/openwrt/staging_dir/host/include -I/home/fdkit/GPL-AirCam-v1.2/openwrt/staging_dir/host/include -O2 -I/home/fdkit/GPL-AirCam-v1.2/openwrt/staging_dir/host/include conftest.c >&5
configure:10916: $? = 0
configure:10917: result: yes
configure:10931: checking for recent MPFR
configure:10943: x86_64-redhat-linux-gcc -c -O2 -I/home/fdkit/GPL-AirCam-v1.2/openwrt/staging_dir/host/include -I/home/fdkit/GPL-AirCam-v1.2/openwrt/staging_dir/host/include -I/home/fdkit/GPL-AirCam-v1.2/openwrt/staging_dir/host/include -O2 -I/home/fdkit/GPL-AirCam-v1.2/openwrt/staging_dir/host/include conftest.c >&5
configure:10943: $? = 0
configure:10944: result: yes
configure:10956: checking for ANSI C header files
configure:11060: result: yes
configure:11071: checking locale.h usability
configure:11071: x86_64-redhat-linux-gcc -c -O2 -I/home/fdkit/GPL-AirCam-v1.2/openwrt/staging_dir/host/include -I/home/fdkit/GPL-AirCam-v1.2/openwrt/staging_dir/host/include -I/home/fdkit/GPL-AirCam-v1.2/openwrt/staging_dir/host/include -O2 -I/home/fdkit/GPL-AirCam-v1.2/openwrt/staging_dir/host/include conftest.c >&5
configure:11071: $? = 0
configure:11071: result: yes
configure:11071: checking locale.h presence
configure:11071: x86_64-redhat-linux-gcc -E -I/home/fdkit/GPL-AirCam-v1.2/openwrt/staging_dir/host/include -I/home/fdkit/GPL-AirCam-v1.2/openwrt/staging_dir/host/include -O2 -I/home/fdkit/GPL-AirCam-v1.2/openwrt/staging_dir/host/include conftest.c
configure:11071: $? = 0
configure:11071: result: yes
configure:11071: checking for locale.h
configure:11071: result: yes
configure:11071: checking for inttypes.h
configure:11071: result: yes
configure:11071: checking limits.h usability
configure:11071: x86_64-redhat-linux-gcc -c -O2 -I/home/fdkit/GPL-AirCam-v1.2/openwrt/staging_dir/host/include -I/home/fdkit/GPL-AirCam-v1.2/openwrt/staging_dir/host/include -I/home/fdkit/GPL-AirCam-v1.2/openwrt/staging_dir/host/include -O2 -I/home/fdkit/GPL-AirCam-v1.2/openwrt/staging_dir/host/include conftest.c >&5
configure:11071: $? = 0
configure:11071: result: yes
configure:11071: checking limits.h presence
configure:11071: x86_64-redhat-linux-gcc -E -I/home/fdkit/GPL-AirCam-v1.2/openwrt/staging_dir/host/include -I/home/fdkit/GPL-AirCam-v1.2/openwrt/staging_dir/host/include -O2 -I/home/fdkit/GPL-AirCam-v1.2/openwrt/staging_dir/host/include conftest.c
configure:11071: $? = 0
configure:11071: result: yes
configure:11071: checking for limits.h
configure:11071: result: yes
configure:11071: checking for unistd.h
configure:11071: result: yes
configure:11071: checking sys/time.h usability
configure:11071: x86_64-redhat-linux-gcc -c -O2 -I/home/fdkit/GPL-AirCam-v1.2/openwrt/staging_dir/host/include -I/home/fdkit/GPL-AirCam-v1.2/openwrt/staging_dir/host/include -I/home/fdkit/GPL-AirCam-v1.2/openwrt/staging_dir/host/include -O2 -I/home/fdkit/GPL-AirCam-v1.2/openwrt/staging_dir/host/include conftest.c >&5
configure:11071: $? = 0
configure:11071: result: yes
configure:11071: checking sys/time.h presence
configure:11071: x86_64-redhat-linux-gcc -E -I/home/fdkit/GPL-AirCam-v1.2/openwrt/staging_dir/host/include -I/home/fdkit/GPL-AirCam-v1.2/openwrt/staging_dir/host/include -O2 -I/home/fdkit/GPL-AirCam-v1.2/openwrt/staging_dir/host/include conftest.c
configure:11071: $? = 0
configure:11071: result: yes
configure:11071: checking for sys/time.h
configure:11071: result: yes
configure:11084: checking for an ANSI C-conforming const
configure:11149: x86_64-redhat-linux-gcc -c -O2 -I/home/fdkit/GPL-AirCam-v1.2/openwrt/staging_dir/host/include -I/home/fdkit/GPL-AirCam-v1.2/openwrt/staging_dir/host/include -I/home/fdkit/GPL-AirCam-v1.2/openwrt/staging_dir/host/include -O2 -I/home/fdkit/GPL-AirCam-v1.2/openwrt/staging_dir/host/include conftest.c >&5
configure:11149: $? = 0
configure:11156: result: yes
configure:11164: checking for size_t
configure:11164: x86_64-redhat-linux-gcc -c -O2 -I/home/fdkit/GPL-AirCam-v1.2/openwrt/staging_dir/host/include -I/home/fdkit/GPL-AirCam-v1.2/openwrt/staging_dir/host/include -I/home/fdkit/GPL-AirCam-v1.2/openwrt/staging_dir/host/include -O2 -I/home/fdkit/GPL-AirCam-v1.2/openwrt/staging_dir/host/include conftest.c >&5
configure:11164: $? = 0
configure:11164: x86_64-redhat-linux-gcc -c -O2 -I/home/fdkit/GPL-AirCam-v1.2/openwrt/staging_dir/host/include -I/home/fdkit/GPL-AirCam-v1.2/openwrt/staging_dir/host/include -I/home/fdkit/GPL-AirCam-v1.2/openwrt/staging_dir/host/include -O2 -I/home/fdkit/GPL-AirCam-v1.2/openwrt/staging_dir/host/include conftest.c >&5
conftest.c: In function 'main':
conftest.c:65: error: expected expression before ')' token
configure:11164: $? = 1
configure: failed program was:
| /* confdefs.h */
| #define PACKAGE_NAME "mpc"
| #define PACKAGE_TARNAME "mpc"
| #define PACKAGE_VERSION "0.8.2"
| #define PACKAGE_STRING "mpc 0.8.2"
| #define PACKAGE_BUGREPORT "mpc-discuss@lists.gforge.inria.fr"
| #define PACKAGE_URL ""
| #define PACKAGE "mpc"
| #define VERSION "0.8.2"
| #define STDC_HEADERS 1
| #define HAVE_SYS_TYPES_H 1
| #define HAVE_SYS_STAT_H 1
| #define HAVE_STDLIB_H 1
| #define HAVE_STRING_H 1
| #define HAVE_MEMORY_H 1
| #define HAVE_STRINGS_H 1
| #define HAVE_INTTYPES_H 1
| #define HAVE_STDINT_H 1
| #define HAVE_UNISTD_H 1
| #define HAVE_DLFCN_H 1
| #define LT_OBJDIR ".libs/"
| #define STDC_HEADERS 1
| #define HAVE_LOCALE_H 1
| #define HAVE_INTTYPES_H 1
| #define HAVE_LIMITS_H 1
| #define HAVE_UNISTD_H 1
| #define HAVE_SYS_TIME_H 1
| /* end confdefs.h.  */
| #include <stdio.h>
| #ifdef HAVE_SYS_TYPES_H
| # include <sys/types.h>
| #endif
| #ifdef HAVE_SYS_STAT_H
| # include <sys/stat.h>
| #endif
| #ifdef STDC_HEADERS
| # include <stdlib.h>
| # include <stddef.h>
| #else
| # ifdef HAVE_STDLIB_H
| #  include <stdlib.h>
| # endif
| #endif
| #ifdef HAVE_STRING_H
| # if !defined STDC_HEADERS && defined HAVE_MEMORY_H
| #  include <memory.h>
| # endif
| # include <string.h>
| #endif
| #ifdef HAVE_STRINGS_H
| # include <strings.h>
| #endif
| #ifdef HAVE_INTTYPES_H
| # include <inttypes.h>
| #endif
| #ifdef HAVE_STDINT_H
| # include <stdint.h>
| #endif
| #ifdef HAVE_UNISTD_H
| # include <unistd.h>
| #endif
| int
| main ()
| {
| if (sizeof ((size_t)))
| 	    return 0;
|   ;
|   return 0;
| }
configure:11164: result: yes
configure:11175: checking whether time.h and sys/time.h may both be included
configure:11195: x86_64-redhat-linux-gcc -c -O2 -I/home/fdkit/GPL-AirCam-v1.2/openwrt/staging_dir/host/include -I/home/fdkit/GPL-AirCam-v1.2/openwrt/staging_dir/host/include -I/home/fdkit/GPL-AirCam-v1.2/openwrt/staging_dir/host/include -O2 -I/home/fdkit/GPL-AirCam-v1.2/openwrt/staging_dir/host/include conftest.c >&5
configure:11195: $? = 0
configure:11202: result: yes
configure:11686: checking for gettimeofday
configure:11686: x86_64-redhat-linux-gcc -o conftest -O2 -I/home/fdkit/GPL-AirCam-v1.2/openwrt/staging_dir/host/include  -I/home/fdkit/GPL-AirCam-v1.2/openwrt/staging_dir/host/include -I/home/fdkit/GPL-AirCam-v1.2/openwrt/staging_dir/host/include -O2 -I/home/fdkit/GPL-AirCam-v1.2/openwrt/staging_dir/host/include -L/home/fdkit/GPL-AirCam-v1.2/openwrt/staging_dir/host/lib -L/home/fdkit/GPL-AirCam-v1.2/openwrt/staging_dir/host/lib -L/home/fdkit/GPL-AirCam-v1.2/openwrt/staging_dir/host/lib conftest.c -lmpfr -lgmp  >&5
configure:11686: $? = 0
configure:11686: result: yes
configure:11686: checking for localeconv
configure:11686: x86_64-redhat-linux-gcc -o conftest -O2 -I/home/fdkit/GPL-AirCam-v1.2/openwrt/staging_dir/host/include  -I/home/fdkit/GPL-AirCam-v1.2/openwrt/staging_dir/host/include -I/home/fdkit/GPL-AirCam-v1.2/openwrt/staging_dir/host/include -O2 -I/home/fdkit/GPL-AirCam-v1.2/openwrt/staging_dir/host/include -L/home/fdkit/GPL-AirCam-v1.2/openwrt/staging_dir/host/lib -L/home/fdkit/GPL-AirCam-v1.2/openwrt/staging_dir/host/lib -L/home/fdkit/GPL-AirCam-v1.2/openwrt/staging_dir/host/lib conftest.c -lmpfr -lgmp  >&5
configure:11686: $? = 0
configure:11686: result: yes
configure:11686: checking for setlocale
configure:11686: x86_64-redhat-linux-gcc -o conftest -O2 -I/home/fdkit/GPL-AirCam-v1.2/openwrt/staging_dir/host/include  -I/home/fdkit/GPL-AirCam-v1.2/openwrt/staging_dir/host/include -I/home/fdkit/GPL-AirCam-v1.2/openwrt/staging_dir/host/include -O2 -I/home/fdkit/GPL-AirCam-v1.2/openwrt/staging_dir/host/include -L/home/fdkit/GPL-AirCam-v1.2/openwrt/staging_dir/host/lib -L/home/fdkit/GPL-AirCam-v1.2/openwrt/staging_dir/host/lib -L/home/fdkit/GPL-AirCam-v1.2/openwrt/staging_dir/host/lib conftest.c -lmpfr -lgmp  >&5
configure:11686: $? = 0
configure:11686: result: yes
configure:11699: checking for dup
configure:11699: x86_64-redhat-linux-gcc -o conftest -O2 -I/home/fdkit/GPL-AirCam-v1.2/openwrt/staging_dir/host/include  -I/home/fdkit/GPL-AirCam-v1.2/openwrt/staging_dir/host/include -I/home/fdkit/GPL-AirCam-v1.2/openwrt/staging_dir/host/include -O2 -I/home/fdkit/GPL-AirCam-v1.2/openwrt/staging_dir/host/include -L/home/fdkit/GPL-AirCam-v1.2/openwrt/staging_dir/host/lib -L/home/fdkit/GPL-AirCam-v1.2/openwrt/staging_dir/host/lib -L/home/fdkit/GPL-AirCam-v1.2/openwrt/staging_dir/host/lib conftest.c -lmpfr -lgmp  >&5
configure:11699: $? = 0
configure:11699: result: yes
configure:11699: checking for dup2
configure:11699: x86_64-redhat-linux-gcc -o conftest -O2 -I/home/fdkit/GPL-AirCam-v1.2/openwrt/staging_dir/host/include  -I/home/fdkit/GPL-AirCam-v1.2/openwrt/staging_dir/host/include -I/home/fdkit/GPL-AirCam-v1.2/openwrt/staging_dir/host/include -O2 -I/home/fdkit/GPL-AirCam-v1.2/openwrt/staging_dir/host/include -L/home/fdkit/GPL-AirCam-v1.2/openwrt/staging_dir/host/lib -L/home/fdkit/GPL-AirCam-v1.2/openwrt/staging_dir/host/lib -L/home/fdkit/GPL-AirCam-v1.2/openwrt/staging_dir/host/lib conftest.c -lmpfr -lgmp  >&5
configure:11699: $? = 0
configure:11699: result: yes
configure:11699: checking for fileno
configure:11699: x86_64-redhat-linux-gcc -o conftest -O2 -I/home/fdkit/GPL-AirCam-v1.2/openwrt/staging_dir/host/include  -I/home/fdkit/GPL-AirCam-v1.2/openwrt/staging_dir/host/include -I/home/fdkit/GPL-AirCam-v1.2/openwrt/staging_dir/host/include -O2 -I/home/fdkit/GPL-AirCam-v1.2/openwrt/staging_dir/host/include -L/home/fdkit/GPL-AirCam-v1.2/openwrt/staging_dir/host/lib -L/home/fdkit/GPL-AirCam-v1.2/openwrt/staging_dir/host/lib -L/home/fdkit/GPL-AirCam-v1.2/openwrt/staging_dir/host/lib conftest.c -lmpfr -lgmp  >&5
configure:11699: $? = 0
configure:11699: result: yes
configure:11839: creating ./config.status

## ---------------------- ##
## Running config.status. ##
## ---------------------- ##

This file was extended by mpc config.status 0.8.2, which was
generated by GNU Autoconf 2.65.  Invocation command line was

  CONFIG_FILES    = 
  CONFIG_HEADERS  = 
  CONFIG_LINKS    = 
  CONFIG_COMMANDS = 
  $ ./config.status 

on discordy

config.status:1084: creating Makefile
config.status:1084: creating src/Makefile
config.status:1084: creating tests/Makefile
config.status:1084: creating doc/Makefile
config.status:1084: creating config.h
config.status:1304: executing depfiles commands
config.status:1304: executing libtool commands

## ---------------- ##
## Cache variables. ##
## ---------------- ##

ac_cv_build=x86_64-redhat-linux-gnu
ac_cv_c_compiler_gnu=yes
ac_cv_c_const=yes
ac_cv_env_CC_set=
ac_cv_env_CC_value=
ac_cv_env_CFLAGS_set=set
ac_cv_env_CFLAGS_value='-O2 -I/home/fdkit/GPL-AirCam-v1.2/openwrt/staging_dir/host/include'
ac_cv_env_CPPFLAGS_set=set
ac_cv_env_CPPFLAGS_value='-O2 -I/home/fdkit/GPL-AirCam-v1.2/openwrt/staging_dir/host/include'
ac_cv_env_CPP_set=
ac_cv_env_CPP_value=
ac_cv_env_LDFLAGS_set=set
ac_cv_env_LDFLAGS_value=-L/home/fdkit/GPL-AirCam-v1.2/openwrt/staging_dir/host/lib
ac_cv_env_LIBS_set=
ac_cv_env_LIBS_value=
ac_cv_env_build_alias_set=set
ac_cv_env_build_alias_value=x86_64-redhat-linux
ac_cv_env_host_alias_set=set
ac_cv_env_host_alias_value=x86_64-redhat-linux
ac_cv_env_target_alias_set=set
ac_cv_env_target_alias_value=x86_64-redhat-linux
ac_cv_func_dup2=yes
ac_cv_func_dup=yes
ac_cv_func_fileno=yes
ac_cv_func_gettimeofday=yes
ac_cv_func_localeconv=yes
ac_cv_func_setlocale=yes
ac_cv_header_dlfcn_h=yes
ac_cv_header_inttypes_h=yes
ac_cv_header_limits_h=yes
ac_cv_header_locale_h=yes
ac_cv_header_memory_h=yes
ac_cv_header_stdc=yes
ac_cv_header_stdint_h=yes
ac_cv_header_stdlib_h=yes
ac_cv_header_string_h=yes
ac_cv_header_strings_h=yes
ac_cv_header_sys_stat_h=yes
ac_cv_header_sys_time_h=yes
ac_cv_header_sys_types_h=yes
ac_cv_header_time=yes
ac_cv_header_unistd_h=yes
ac_cv_host=x86_64-redhat-linux-gnu
ac_cv_lib_gmp___gmpz_init=yes
ac_cv_objext=o
ac_cv_path_EGREP='/bin/grep -E'
ac_cv_path_FGREP='/bin/grep -F'
ac_cv_path_GREP=/bin/grep
ac_cv_path_SED=/home/fdkit/GPL-AirCam-v1.2/openwrt/staging_dir/host/bin/sed
ac_cv_path_install='/usr/bin/install -c'
ac_cv_path_mkdir=/bin/mkdir
ac_cv_prog_AWK=gawk
ac_cv_prog_CC=x86_64-redhat-linux-gcc
ac_cv_prog_CPP='x86_64-redhat-linux-gcc -E'
ac_cv_prog_ac_ct_AR=ar
ac_cv_prog_ac_ct_OBJDUMP=objdump
ac_cv_prog_ac_ct_RANLIB=ranlib
ac_cv_prog_ac_ct_STRIP=strip
ac_cv_prog_cc_c89=
ac_cv_prog_cc_g=yes
ac_cv_prog_make_make_set=yes
ac_cv_type_size_t=yes
am_cv_CC_dependencies_compiler_type=gcc3
lt_cv_deplibs_check_method=pass_all
lt_cv_file_magic_cmd='$MAGIC_CMD'
lt_cv_file_magic_test_file=
lt_cv_ld_reload_flag=-r
lt_cv_nm_interface='BSD nm'
lt_cv_objdir=.libs
lt_cv_path_LD=/usr/bin/ld
lt_cv_path_NM='/usr/bin/nm -B'
lt_cv_prog_compiler_c_o=yes
lt_cv_prog_compiler_pic_works=yes
lt_cv_prog_compiler_rtti_exceptions=no
lt_cv_prog_compiler_static_works=no
lt_cv_prog_gnu_ld=yes
lt_cv_sys_global_symbol_pipe='sed -n -e '\''s/^.*[	 ]\([ABCDGIRSTW][ABCDGIRSTW]*\)[	 ][	 ]*\([_A-Za-z][_A-Za-z0-9]*\)$/\1 \2 \2/p'\'''
lt_cv_sys_global_symbol_to_c_name_address='sed -n -e '\''s/^: \([^ ]*\) $/  {\"\1\", (void *) 0},/p'\'' -e '\''s/^[ABCDGIRSTW]* \([^ ]*\) \([^ ]*\)$/  {"\2", (void *) \&\2},/p'\'''
lt_cv_sys_global_symbol_to_c_name_address_lib_prefix='sed -n -e '\''s/^: \([^ ]*\) $/  {\"\1\", (void *) 0},/p'\'' -e '\''s/^[ABCDGIRSTW]* \([^ ]*\) \(lib[^ ]*\)$/  {"\2", (void *) \&\2},/p'\'' -e '\''s/^[ABCDGIRSTW]* \([^ ]*\) \([^ ]*\)$/  {"lib\2", (void *) \&\2},/p'\'''
lt_cv_sys_global_symbol_to_cdecl='sed -n -e '\''s/^T .* \(.*\)$/extern int \1();/p'\'' -e '\''s/^[ABCDGIRSTW]* .* \(.*\)$/extern char \1;/p'\'''
lt_cv_sys_max_cmd_len=1966080

## ----------------- ##
## Output variables. ##
## ----------------- ##

ACLOCAL='${SHELL} /home/fdkit/GPL-AirCam-v1.2/openwrt/build_dir/host/mpc-0.8.2/missing --run aclocal-1.11'
AMDEPBACKSLASH='\'
AMDEP_FALSE='#'
AMDEP_TRUE=''
AMTAR='${SHELL} /home/fdkit/GPL-AirCam-v1.2/openwrt/build_dir/host/mpc-0.8.2/missing --run tar'
AR='ar'
AUTOCONF='${SHELL} /home/fdkit/GPL-AirCam-v1.2/openwrt/build_dir/host/mpc-0.8.2/missing --run autoconf'
AUTOHEADER='${SHELL} /home/fdkit/GPL-AirCam-v1.2/openwrt/build_dir/host/mpc-0.8.2/missing --run autoheader'
AUTOMAKE='${SHELL} /home/fdkit/GPL-AirCam-v1.2/openwrt/build_dir/host/mpc-0.8.2/missing --run automake-1.11'
AWK='gawk'
CC='x86_64-redhat-linux-gcc'
CCDEPMODE='depmode=gcc3'
CFLAGS='-O2 -I/home/fdkit/GPL-AirCam-v1.2/openwrt/staging_dir/host/include'
CPP='x86_64-redhat-linux-gcc -E'
CPPFLAGS='-I/home/fdkit/GPL-AirCam-v1.2/openwrt/staging_dir/host/include -I/home/fdkit/GPL-AirCam-v1.2/openwrt/staging_dir/host/include -O2 -I/home/fdkit/GPL-AirCam-v1.2/openwrt/staging_dir/host/include'
CYGPATH_W='echo'
DEFS='-DHAVE_CONFIG_H'
DEPDIR='.deps'
DSYMUTIL=''
DUMPBIN=''
ECHO_C=''
ECHO_N='-n'
ECHO_T=''
EGREP='/bin/grep -E'
EXEEXT=''
FGREP='/bin/grep -F'
GREP='/bin/grep'
INSTALL_DATA='${INSTALL} -m 644'
INSTALL_PROGRAM='${INSTALL}'
INSTALL_SCRIPT='${INSTALL}'
INSTALL_STRIP_PROGRAM='$(install_sh) -c -s'
LD='/usr/bin/ld -m elf_x86_64'
LDFLAGS='-L/home/fdkit/GPL-AirCam-v1.2/openwrt/staging_dir/host/lib -L/home/fdkit/GPL-AirCam-v1.2/openwrt/staging_dir/host/lib -L/home/fdkit/GPL-AirCam-v1.2/openwrt/staging_dir/host/lib'
LIBOBJS=''
LIBS='-lmpfr -lgmp '
LIBTOOL='$(SHELL) $(top_builddir)/libtool'
LIPO=''
LN_S='ln -s'
LTLIBOBJS=''
MAINT='#'
MAINTAINER_MODE_FALSE=''
MAINTAINER_MODE_TRUE='#'
MAKEINFO='${SHELL} /home/fdkit/GPL-AirCam-v1.2/openwrt/build_dir/host/mpc-0.8.2/missing --run makeinfo'
MKDIR_P='/bin/mkdir -p'
NM='/usr/bin/nm -B'
NMEDIT=''
OBJDUMP='objdump'
OBJEXT='o'
OTOOL64=''
OTOOL=''
PACKAGE='mpc'
PACKAGE_BUGREPORT='mpc-discuss@lists.gforge.inria.fr'
PACKAGE_NAME='mpc'
PACKAGE_STRING='mpc 0.8.2'
PACKAGE_TARNAME='mpc'
PACKAGE_URL=''
PACKAGE_VERSION='0.8.2'
PATH_SEPARATOR=':'
RANLIB='ranlib'
SED='/home/fdkit/GPL-AirCam-v1.2/openwrt/staging_dir/host/bin/sed'
SET_MAKE=''
SHELL='/bin/bash'
STRIP='strip'
VERSION='0.8.2'
WARNINGCFLAGS=''
ac_ct_CC=''
ac_ct_DUMPBIN=''
am__EXEEXT_FALSE=''
am__EXEEXT_TRUE='#'
am__fastdepCC_FALSE='#'
am__fastdepCC_TRUE=''
am__include='include'
am__isrc=''
am__leading_dot='.'
am__quote=''
am__tar='${AMTAR} chof - "$$tardir"'
am__untar='${AMTAR} xf -'
bindir='${exec_prefix}/bin'
build='x86_64-redhat-linux-gnu'
build_alias='x86_64-redhat-linux'
build_cpu='x86_64'
build_os='linux-gnu'
build_vendor='redhat'
datadir='${datarootdir}'
datarootdir='${prefix}/share'
docdir='${datarootdir}/doc/${PACKAGE_TARNAME}'
dvidir='${docdir}'
exec_prefix='/home/fdkit/GPL-AirCam-v1.2/openwrt/staging_dir/host'
host='x86_64-redhat-linux-gnu'
host_alias='x86_64-redhat-linux'
host_cpu='x86_64'
host_os='linux-gnu'
host_vendor='redhat'
htmldir='${docdir}'
includedir='${prefix}/include'
infodir='${datarootdir}/info'
install_sh='${SHELL} /home/fdkit/GPL-AirCam-v1.2/openwrt/build_dir/host/mpc-0.8.2/install-sh'
libdir='${exec_prefix}/lib'
libexecdir='${exec_prefix}/libexec'
localedir='${datarootdir}/locale'
localstatedir='/home/fdkit/GPL-AirCam-v1.2/openwrt/staging_dir/host/var'
lt_ECHO='echo'
mandir='${datarootdir}/man'
mkdir_p='/bin/mkdir -p'
oldincludedir='/usr/include'
pdfdir='${docdir}'
prefix='/home/fdkit/GPL-AirCam-v1.2/openwrt/staging_dir/host'
program_transform_name='s&$$&&;s&^&&'
psdir='${docdir}'
sbindir='/home/fdkit/GPL-AirCam-v1.2/openwrt/staging_dir/host/bin'
sharedstatedir='${prefix}/com'
sysconfdir='/home/fdkit/GPL-AirCam-v1.2/openwrt/staging_dir/host/etc'
target_alias='x86_64-redhat-linux'

## ----------- ##
## confdefs.h. ##
## ----------- ##

/* confdefs.h */
#define PACKAGE_NAME "mpc"
#define PACKAGE_TARNAME "mpc"
#define PACKAGE_VERSION "0.8.2"
#define PACKAGE_STRING "mpc 0.8.2"
#define PACKAGE_BUGREPORT "mpc-discuss@lists.gforge.inria.fr"
#define PACKAGE_URL ""
#define PACKAGE "mpc"
#define VERSION "0.8.2"
#define STDC_HEADERS 1
#define HAVE_SYS_TYPES_H 1
#define HAVE_SYS_STAT_H 1
#define HAVE_STDLIB_H 1
#define HAVE_STRING_H 1
#define HAVE_MEMORY_H 1
#define HAVE_STRINGS_H 1
#define HAVE_INTTYPES_H 1
#define HAVE_STDINT_H 1
#define HAVE_UNISTD_H 1
#define HAVE_DLFCN_H 1
#define LT_OBJDIR ".libs/"
#define STDC_HEADERS 1
#define HAVE_LOCALE_H 1
#define HAVE_INTTYPES_H 1
#define HAVE_LIMITS_H 1
#define HAVE_UNISTD_H 1
#define HAVE_SYS_TIME_H 1
#define TIME_WITH_SYS_TIME 1
#define HAVE_GETTIMEOFDAY 1
#define HAVE_LOCALECONV 1
#define HAVE_SETLOCALE 1
#define HAVE_DUP 1
#define HAVE_DUP2 1
#define HAVE_FILENO 1

configure: exit 0
