This file contains any messages produced by compilers while
running configure, to aid debugging if configure makes a mistake.

It was created by mklibs configure 0.1.29, which was
generated by GNU Autoconf 2.63.  Invocation command line was

  $ ./configure CFLAGS=-O2 -I/home/fdkit/GPL-AirCam-v1.2/openwrt/staging_dir/host/include -I/home/fdkit/GPL-AirCam-v1.2/openwrt/tools/mklibs/include CPPFLAGS=-O2 -I/home/fdkit/GPL-AirCam-v1.2/openwrt/staging_dir/host/include -I/home/fdkit/GPL-AirCam-v1.2/openwrt/tools/mklibs/include LDFLAGS=-L/home/fdkit/GPL-AirCam-v1.2/openwrt/staging_dir/host/lib SHELL=/bin/bash --target=x86_64-redhat-linux --host=x86_64-redhat-linux --build=x86_64-redhat-linux --program-prefix= --program-suffix= --prefix=/home/fdkit/GPL-AirCam-v1.2/openwrt/staging_dir/host --exec-prefix=/home/fdkit/GPL-AirCam-v1.2/openwrt/staging_dir/host --sysconfdir=/home/fdkit/GPL-AirCam-v1.2/openwrt/staging_dir/host/etc --localstatedir=/home/fdkit/GPL-AirCam-v1.2/openwrt/staging_dir/host/var --sbindir=/home/fdkit/GPL-AirCam-v1.2/openwrt/staging_dir/host/bin

## --------- ##
## Platform. ##
## --------- ##

hostname = discordy
uname -m = x86_64
uname -r = 2.6.32-358.6.2.el6.x86_64
uname -s = Linux
uname -v = #1 SMP Thu May 16 20:59:36 UTC 2013

/usr/bin/uname -p = unknown
/bin/uname -X     = unknown

/bin/arch              = x86_64
/usr/bin/arch -k       = unknown
/usr/convex/getsysinfo = unknown
/usr/bin/hostinfo      = unknown
/bin/machine           = unknown
/usr/bin/oslevel       = unknown
/bin/universe          = unknown

PATH: /home/fdkit/GPL-AirCam-v1.2/openwrt/staging_dir/toolchain-arm_v5te_gcc-linaro_uClibc-0.9.32_eabi/bin
PATH: /home/fdkit/GPL-AirCam-v1.2/openwrt/staging_dir/host/bin
PATH: /home/fdkit/GPL-AirCam-v1.2/openwrt/staging_dir/toolchain-arm_v5te_gcc-linaro_uClibc-0.9.32_eabi/bin
PATH: /home/fdkit/GPL-AirCam-v1.2/openwrt/staging_dir/host/bin
PATH: /home/fdkit/GPL-AirCam-v1.2/openwrt/staging_dir/toolchain-arm_v5te_gcc-linaro_uClibc-0.9.32_eabi/bin
PATH: /home/fdkit/GPL-AirCam-v1.2/openwrt/staging_dir/host/bin
PATH: /usr/local/bin
PATH: /bin
PATH: /usr/bin
PATH: /usr/local/sbin
PATH: /usr/sbin
PATH: /sbin
PATH: /home/fdkit/bin


## ----------- ##
## Core tests. ##
## ----------- ##

configure:1848: checking for a BSD-compatible install
configure:1916: result: /usr/bin/install -c
configure:1927: checking whether build environment is sane
configure:1970: result: yes
configure:1995: checking for a thread-safe mkdir -p
configure:2034: result: /bin/mkdir -p
configure:2047: checking for gawk
configure:2063: found /bin/gawk
configure:2074: result: gawk
configure:2085: checking whether make sets $(MAKE)
configure:2107: result: yes
configure:2284: checking whether to enable maintainer-specific portions of Makefiles
configure:2293: result: no
configure:2313: checking build system type
configure:2331: result: x86_64-redhat-linux-gnu
configure:2353: checking host system type
configure:2368: result: x86_64-redhat-linux-gnu
configure:2390: checking target system type
configure:2405: result: x86_64-redhat-linux-gnu
configure:2448: checking for x86_64-redhat-linux-g++
configure:2464: found /usr/bin/x86_64-redhat-linux-g++
configure:2475: result: x86_64-redhat-linux-g++
configure:2546: checking for C++ compiler version
configure:2554: x86_64-redhat-linux-g++ --version >&5
x86_64-redhat-linux-g++ (GCC) 4.4.7 20120313 (Red Hat 4.4.7-3)
Copyright (C) 2010 Free Software Foundation, Inc.
This is free software; see the source for copying conditions.  There is NO
warranty; not even for MERCHANTABILITY or FITNESS FOR A PARTICULAR PURPOSE.

configure:2558: $? = 0
configure:2565: x86_64-redhat-linux-g++ -v >&5
Using built-in specs.
Target: x86_64-redhat-linux
Configured with: ../configure --prefix=/usr --mandir=/usr/share/man --infodir=/usr/share/info --with-bugurl=http://bugzilla.redhat.com/bugzilla --enable-bootstrap --enable-shared --enable-threads=posix --enable-checking=release --with-system-zlib --enable-__cxa_atexit --disable-libunwind-exceptions --enable-gnu-unique-object --enable-languages=c,c++,objc,obj-c++,java,fortran,ada --enable-java-awt=gtk --disable-dssi --with-java-home=/usr/lib/jvm/java-1.5.0-gcj-1.5.0.0/jre --enable-libgcj-multifile --enable-java-maintainer-mode --with-ecj-jar=/usr/share/java/eclipse-ecj.jar --disable-libjava-multilib --with-ppl --with-cloog --with-tune=generic --with-arch_32=i686 --build=x86_64-redhat-linux
Thread model: posix
gcc version 4.4.7 20120313 (Red Hat 4.4.7-3) (GCC) 
configure:2569: $? = 0
configure:2576: x86_64-redhat-linux-g++ -V >&5
x86_64-redhat-linux-g++: '-V' option must have argument
configure:2580: $? = 1
configure:2603: checking for C++ compiler default output file name
configure:2625: x86_64-redhat-linux-g++  -O2 -I/home/fdkit/GPL-AirCam-v1.2/openwrt/staging_dir/host/include -I/home/fdkit/GPL-AirCam-v1.2/openwrt/tools/mklibs/include -L/home/fdkit/GPL-AirCam-v1.2/openwrt/staging_dir/host/lib conftest.cpp  >&5
configure:2629: $? = 0
configure:2667: result: a.out
configure:2686: checking whether the C++ compiler works
configure:2696: ./a.out
configure:2700: $? = 0
configure:2719: result: yes
configure:2726: checking whether we are cross compiling
configure:2728: result: no
configure:2731: checking for suffix of executables
configure:2738: x86_64-redhat-linux-g++ -o conftest  -O2 -I/home/fdkit/GPL-AirCam-v1.2/openwrt/staging_dir/host/include -I/home/fdkit/GPL-AirCam-v1.2/openwrt/tools/mklibs/include -L/home/fdkit/GPL-AirCam-v1.2/openwrt/staging_dir/host/lib conftest.cpp  >&5
configure:2742: $? = 0
configure:2768: result: 
configure:2774: checking for suffix of object files
configure:2800: x86_64-redhat-linux-g++ -c  -O2 -I/home/fdkit/GPL-AirCam-v1.2/openwrt/staging_dir/host/include -I/home/fdkit/GPL-AirCam-v1.2/openwrt/tools/mklibs/include conftest.cpp >&5
configure:2804: $? = 0
configure:2829: result: o
configure:2833: checking whether we are using the GNU C++ compiler
configure:2862: x86_64-redhat-linux-g++ -c  -O2 -I/home/fdkit/GPL-AirCam-v1.2/openwrt/staging_dir/host/include -I/home/fdkit/GPL-AirCam-v1.2/openwrt/tools/mklibs/include conftest.cpp >&5
configure:2869: $? = 0
configure:2886: result: yes
configure:2895: checking whether x86_64-redhat-linux-g++ accepts -g
configure:2925: x86_64-redhat-linux-g++ -c -g -O2 -I/home/fdkit/GPL-AirCam-v1.2/openwrt/staging_dir/host/include -I/home/fdkit/GPL-AirCam-v1.2/openwrt/tools/mklibs/include conftest.cpp >&5
configure:2932: $? = 0
configure:3033: result: yes
configure:3067: checking for style of include used by make
configure:3095: result: GNU
configure:3120: checking dependency style of x86_64-redhat-linux-g++
configure:3211: result: gcc3
configure:3353: creating ./config.status

## ---------------------- ##
## Running config.status. ##
## ---------------------- ##

This file was extended by mklibs config.status 0.1.29, which was
generated by GNU Autoconf 2.63.  Invocation command line was

  CONFIG_FILES    = 
  CONFIG_HEADERS  = 
  CONFIG_LINKS    = 
  CONFIG_COMMANDS = 
  $ ./config.status 

on discordy

config.status:771: creating Makefile
config.status:771: creating src/Makefile
config.status:771: creating src/mklibs-readelf/Makefile
config.status:771: creating config.h
config.status:1045: executing depfiles commands

## ---------------- ##
## Cache variables. ##
## ---------------- ##

ac_cv_build=x86_64-redhat-linux-gnu
ac_cv_cxx_compiler_gnu=yes
ac_cv_env_CCC_set=
ac_cv_env_CCC_value=
ac_cv_env_CPPFLAGS_set=set
ac_cv_env_CPPFLAGS_value='-O2 -I/home/fdkit/GPL-AirCam-v1.2/openwrt/staging_dir/host/include -I/home/fdkit/GPL-AirCam-v1.2/openwrt/tools/mklibs/include'
ac_cv_env_CXXFLAGS_set=
ac_cv_env_CXXFLAGS_value=
ac_cv_env_CXX_set=
ac_cv_env_CXX_value=
ac_cv_env_LDFLAGS_set=set
ac_cv_env_LDFLAGS_value=-L/home/fdkit/GPL-AirCam-v1.2/openwrt/staging_dir/host/lib
ac_cv_env_LIBS_set=
ac_cv_env_LIBS_value=
ac_cv_env_build_alias_set=set
ac_cv_env_build_alias_value=x86_64-redhat-linux
ac_cv_env_host_alias_set=set
ac_cv_env_host_alias_value=x86_64-redhat-linux
ac_cv_env_target_alias_set=set
ac_cv_env_target_alias_value=x86_64-redhat-linux
ac_cv_host=x86_64-redhat-linux-gnu
ac_cv_objext=o
ac_cv_path_install='/usr/bin/install -c'
ac_cv_path_mkdir=/bin/mkdir
ac_cv_prog_AWK=gawk
ac_cv_prog_CXX=x86_64-redhat-linux-g++
ac_cv_prog_cxx_g=yes
ac_cv_prog_make_make_set=yes
ac_cv_target=x86_64-redhat-linux-gnu
am_cv_CXX_dependencies_compiler_type=gcc3

## ----------------- ##
## Output variables. ##
## ----------------- ##

ACLOCAL='${SHELL} /home/fdkit/GPL-AirCam-v1.2/openwrt/build_dir/host/mklibs/missing --run aclocal-1.10'
AMDEPBACKSLASH='\'
AMDEP_FALSE='#'
AMDEP_TRUE=''
AMTAR='${SHELL} /home/fdkit/GPL-AirCam-v1.2/openwrt/build_dir/host/mklibs/missing --run tar'
AUTOCONF='${SHELL} /home/fdkit/GPL-AirCam-v1.2/openwrt/build_dir/host/mklibs/missing --run autoconf'
AUTOHEADER='${SHELL} /home/fdkit/GPL-AirCam-v1.2/openwrt/build_dir/host/mklibs/missing --run autoheader'
AUTOMAKE='${SHELL} /home/fdkit/GPL-AirCam-v1.2/openwrt/build_dir/host/mklibs/missing --run automake-1.10'
AWK='gawk'
CPPFLAGS='-O2 -I/home/fdkit/GPL-AirCam-v1.2/openwrt/staging_dir/host/include -I/home/fdkit/GPL-AirCam-v1.2/openwrt/tools/mklibs/include'
CXX='x86_64-redhat-linux-g++'
CXXDEPMODE='depmode=gcc3'
CXXFLAGS='-g -O2'
CYGPATH_W='echo'
DEFS='-DHAVE_CONFIG_H'
DEPDIR='.deps'
ECHO_C=''
ECHO_N='-n'
ECHO_T=''
EXEEXT=''
INSTALL_DATA='${INSTALL} -m 644'
INSTALL_PROGRAM='${INSTALL}'
INSTALL_SCRIPT='${INSTALL}'
INSTALL_STRIP_PROGRAM='$(install_sh) -c -s'
LDFLAGS='-L/home/fdkit/GPL-AirCam-v1.2/openwrt/staging_dir/host/lib'
LIBOBJS=''
LIBS=''
LTLIBOBJS=''
MAINT='#'
MAINTAINER_MODE_FALSE=''
MAINTAINER_MODE_TRUE='#'
MAKEINFO='${SHELL} /home/fdkit/GPL-AirCam-v1.2/openwrt/build_dir/host/mklibs/missing --run makeinfo'
MKDIR_P='/bin/mkdir -p'
OBJEXT='o'
PACKAGE='mklibs'
PACKAGE_BUGREPORT=''
PACKAGE_NAME='mklibs'
PACKAGE_STRING='mklibs 0.1.29'
PACKAGE_TARNAME='mklibs'
PACKAGE_VERSION='0.1.29'
PATH_SEPARATOR=':'
SET_MAKE=''
SHELL='/bin/bash'
STRIP=''
VERSION='0.1.29'
ac_ct_CXX=''
am__fastdepCXX_FALSE='#'
am__fastdepCXX_TRUE=''
am__include='include'
am__isrc=''
am__leading_dot='.'
am__quote=''
am__tar='${AMTAR} chof - "$$tardir"'
am__untar='${AMTAR} xf -'
bindir='${exec_prefix}/bin'
build='x86_64-redhat-linux-gnu'
build_alias='x86_64-redhat-linux'
build_cpu='x86_64'
build_os='linux-gnu'
build_vendor='redhat'
datadir='${datarootdir}'
datarootdir='${prefix}/share'
docdir='${datarootdir}/doc/${PACKAGE_TARNAME}'
dvidir='${docdir}'
exec_prefix='/home/fdkit/GPL-AirCam-v1.2/openwrt/staging_dir/host'
host='x86_64-redhat-linux-gnu'
host_alias='x86_64-redhat-linux'
host_cpu='x86_64'
host_os='linux-gnu'
host_vendor='redhat'
htmldir='${docdir}'
includedir='${prefix}/include'
infodir='${datarootdir}/info'
install_sh='$(SHELL) /home/fdkit/GPL-AirCam-v1.2/openwrt/build_dir/host/mklibs/install-sh'
libdir='${exec_prefix}/lib'
libexecdir='${exec_prefix}/libexec'
localedir='${datarootdir}/locale'
localstatedir='/home/fdkit/GPL-AirCam-v1.2/openwrt/staging_dir/host/var'
mandir='${datarootdir}/man'
mkdir_p='/bin/mkdir -p'
oldincludedir='/usr/include'
pdfdir='${docdir}'
prefix='/home/fdkit/GPL-AirCam-v1.2/openwrt/staging_dir/host'
program_transform_name='s&$$&&;s&^&&'
psdir='${docdir}'
sbindir='/home/fdkit/GPL-AirCam-v1.2/openwrt/staging_dir/host/bin'
sharedstatedir='${prefix}/com'
sysconfdir='/home/fdkit/GPL-AirCam-v1.2/openwrt/staging_dir/host/etc'
target='x86_64-redhat-linux-gnu'
target_alias='x86_64-redhat-linux'
target_cpu='x86_64'
target_os='linux-gnu'
target_vendor='redhat'

## ----------- ##
## confdefs.h. ##
## ----------- ##

#define PACKAGE_NAME "mklibs"
#define PACKAGE_TARNAME "mklibs"
#define PACKAGE_VERSION "0.1.29"
#define PACKAGE_STRING "mklibs 0.1.29"
#define PACKAGE_BUGREPORT ""

configure: exit 0
