This file contains any messages produced by compilers while
running configure, to aid debugging if configure makes a mistake.

It was created by configure, which was
generated by GNU Autoconf 2.64.  Invocation command line was

  $ /home/fdkit/GPL-AirCam-v1.2/openwrt/build_dir/toolchain-arm_v5te_gcc-linaro_uClibc-0.9.32_eabi/binutils-2.20.1/gprof/configure --cache-file=./config.cache --with-gnu-as --with-gnu-ld --prefix=/home/fdkit/GPL-AirCam-v1.2/openwrt/staging_dir/toolchain-arm_v5te_gcc-linaro_uClibc-0.9.32_eabi --with-sysroot=/home/fdkit/GPL-AirCam-v1.2/openwrt/staging_dir/toolchain-arm_v5te_gcc-linaro_uClibc-0.9.32_eabi --disable-multilib --disable-werror --disable-nls --with-float=soft --disable-libssp --program-transform-name=s&^&arm-openwrt-linux-uclibcgnueabi-& --disable-option-checking --build=x86_64-redhat-linux --host=x86_64-redhat-linux --target=arm-openwrt-linux-uclibcgnueabi --srcdir=.././gprof

## --------- ##
## Platform. ##
## --------- ##

hostname = discordy
uname -m = x86_64
uname -r = 2.6.32-358.6.2.el6.x86_64
uname -s = Linux
uname -v = #1 SMP Thu May 16 20:59:36 UTC 2013

/usr/bin/uname -p = unknown
/bin/uname -X     = unknown

/bin/arch              = x86_64
/usr/bin/arch -k       = unknown
/usr/convex/getsysinfo = unknown
/usr/bin/hostinfo      = unknown
/bin/machine           = unknown
/usr/bin/oslevel       = unknown
/bin/universe          = unknown

PATH: /home/fdkit/GPL-AirCam-v1.2/openwrt/staging_dir/toolchain-arm_v5te_gcc-linaro_uClibc-0.9.32_eabi/bin
PATH: /home/fdkit/GPL-AirCam-v1.2/openwrt/staging_dir/host/bin
PATH: /home/fdkit/GPL-AirCam-v1.2/openwrt/staging_dir/toolchain-arm_v5te_gcc-linaro_uClibc-0.9.32_eabi/bin
PATH: /home/fdkit/GPL-AirCam-v1.2/openwrt/staging_dir/host/bin
PATH: /home/fdkit/GPL-AirCam-v1.2/openwrt/staging_dir/toolchain-arm_v5te_gcc-linaro_uClibc-0.9.32_eabi/bin
PATH: /home/fdkit/GPL-AirCam-v1.2/openwrt/staging_dir/host/bin
PATH: /usr/local/bin
PATH: /bin
PATH: /usr/bin
PATH: /usr/local/sbin
PATH: /usr/sbin
PATH: /sbin
PATH: /home/fdkit/bin


## ----------- ##
## Core tests. ##
## ----------- ##

configure:2254: creating cache ./config.cache
configure:2359: checking build system type
configure:2373: result: x86_64-redhat-linux-gnu
configure:2393: checking host system type
configure:2406: result: x86_64-redhat-linux-gnu
configure:2426: checking target system type
configure:2439: result: arm-openwrt-linux-uclibcgnueabi
configure:2473: checking for x86_64-redhat-linux-gcc
configure:2500: result: x86_64-redhat-linux-gcc
configure:2769: checking for C compiler version
configure:2778: x86_64-redhat-linux-gcc --version >&5
x86_64-redhat-linux-gcc (GCC) 4.4.7 20120313 (Red Hat 4.4.7-3)
Copyright (C) 2010 Free Software Foundation, Inc.
This is free software; see the source for copying conditions.  There is NO
warranty; not even for MERCHANTABILITY or FITNESS FOR A PARTICULAR PURPOSE.

configure:2789: $? = 0
configure:2778: x86_64-redhat-linux-gcc -v >&5
Using built-in specs.
Target: x86_64-redhat-linux
Configured with: ../configure --prefix=/usr --mandir=/usr/share/man --infodir=/usr/share/info --with-bugurl=http://bugzilla.redhat.com/bugzilla --enable-bootstrap --enable-shared --enable-threads=posix --enable-checking=release --with-system-zlib --enable-__cxa_atexit --disable-libunwind-exceptions --enable-gnu-unique-object --enable-languages=c,c++,objc,obj-c++,java,fortran,ada --enable-java-awt=gtk --disable-dssi --with-java-home=/usr/lib/jvm/java-1.5.0-gcj-1.5.0.0/jre --enable-libgcj-multifile --enable-java-maintainer-mode --with-ecj-jar=/usr/share/java/eclipse-ecj.jar --disable-libjava-multilib --with-ppl --with-cloog --with-tune=generic --with-arch_32=i686 --build=x86_64-redhat-linux
Thread model: posix
gcc version 4.4.7 20120313 (Red Hat 4.4.7-3) (GCC) 
configure:2789: $? = 0
configure:2778: x86_64-redhat-linux-gcc -V >&5
x86_64-redhat-linux-gcc: '-V' option must have argument
configure:2789: $? = 1
configure:2778: x86_64-redhat-linux-gcc -qversion >&5
x86_64-redhat-linux-gcc: unrecognized option '-qversion'
x86_64-redhat-linux-gcc: no input files
configure:2789: $? = 1
configure:2809: checking for C compiler default output file name
configure:2831: x86_64-redhat-linux-gcc     conftest.c  >&5
configure:2835: $? = 0
configure:2872: result: a.out
configure:2888: checking whether the C compiler works
configure:2897: ./a.out
configure:2901: $? = 0
configure:2916: result: yes
configure:2923: checking whether we are cross compiling
configure:2925: result: no
configure:2928: checking for suffix of executables
configure:2935: x86_64-redhat-linux-gcc -o conftest     conftest.c  >&5
configure:2939: $? = 0
configure:2961: result: 
configure:2967: checking for suffix of object files
configure:2989: x86_64-redhat-linux-gcc -c   conftest.c >&5
configure:2993: $? = 0
configure:3014: result: o
configure:3018: checking whether we are using the GNU C compiler
configure:3037: x86_64-redhat-linux-gcc -c   conftest.c >&5
configure:3037: $? = 0
configure:3046: result: yes
configure:3055: checking whether x86_64-redhat-linux-gcc accepts -g
configure:3075: x86_64-redhat-linux-gcc -c -g  conftest.c >&5
configure:3075: $? = 0
configure:3116: result: yes
configure:3133: checking for x86_64-redhat-linux-gcc option to accept ISO C89
configure:3197: x86_64-redhat-linux-gcc  -c   conftest.c >&5
configure:3197: $? = 0
configure:3210: result: none needed
configure:3231: checking for library containing strerror
configure:3262: x86_64-redhat-linux-gcc -o conftest     conftest.c  >&5
configure:3262: $? = 0
configure:3279: result: none required
configure:3305: checking for a BSD-compatible install
configure:3373: result: /usr/bin/install -c
configure:3384: checking whether build environment is sane
configure:3434: result: yes
configure:3575: checking for a thread-safe mkdir -p
configure:3614: result: /bin/mkdir -p
configure:3627: checking for gawk
configure:3654: result: gawk
configure:3665: checking whether make sets $(MAKE)
configure:3687: result: yes
configure:3717: checking for style of include used by make
configure:3745: result: GNU
configure:3830: checking dependency style of x86_64-redhat-linux-gcc
configure:3940: result: gcc3
configure:3968: checking for x86_64-redhat-linux-gcc
configure:3995: result: x86_64-redhat-linux-gcc
configure:4264: checking for C compiler version
configure:4273: x86_64-redhat-linux-gcc --version >&5
x86_64-redhat-linux-gcc (GCC) 4.4.7 20120313 (Red Hat 4.4.7-3)
Copyright (C) 2010 Free Software Foundation, Inc.
This is free software; see the source for copying conditions.  There is NO
warranty; not even for MERCHANTABILITY or FITNESS FOR A PARTICULAR PURPOSE.

configure:4284: $? = 0
configure:4273: x86_64-redhat-linux-gcc -v >&5
Using built-in specs.
Target: x86_64-redhat-linux
Configured with: ../configure --prefix=/usr --mandir=/usr/share/man --infodir=/usr/share/info --with-bugurl=http://bugzilla.redhat.com/bugzilla --enable-bootstrap --enable-shared --enable-threads=posix --enable-checking=release --with-system-zlib --enable-__cxa_atexit --disable-libunwind-exceptions --enable-gnu-unique-object --enable-languages=c,c++,objc,obj-c++,java,fortran,ada --enable-java-awt=gtk --disable-dssi --with-java-home=/usr/lib/jvm/java-1.5.0-gcj-1.5.0.0/jre --enable-libgcj-multifile --enable-java-maintainer-mode --with-ecj-jar=/usr/share/java/eclipse-ecj.jar --disable-libjava-multilib --with-ppl --with-cloog --with-tune=generic --with-arch_32=i686 --build=x86_64-redhat-linux
Thread model: posix
gcc version 4.4.7 20120313 (Red Hat 4.4.7-3) (GCC) 
configure:4284: $? = 0
configure:4273: x86_64-redhat-linux-gcc -V >&5
x86_64-redhat-linux-gcc: '-V' option must have argument
configure:4284: $? = 1
configure:4273: x86_64-redhat-linux-gcc -qversion >&5
x86_64-redhat-linux-gcc: unrecognized option '-qversion'
x86_64-redhat-linux-gcc: no input files
configure:4284: $? = 1
configure:4288: checking whether we are using the GNU C compiler
configure:4316: result: yes
configure:4325: checking whether x86_64-redhat-linux-gcc accepts -g
configure:4386: result: yes
configure:4403: checking for x86_64-redhat-linux-gcc option to accept ISO C89
configure:4480: result: none needed
configure:4505: checking how to run the C preprocessor
configure:4536: x86_64-redhat-linux-gcc -E  conftest.c
configure:4536: $? = 0
configure:4550: x86_64-redhat-linux-gcc -E  conftest.c
conftest.c:11:28: error: ac_nonexistent.h: No such file or directory
configure:4550: $? = 1
configure: failed program was:
| /* confdefs.h */
| #define PACKAGE_NAME ""
| #define PACKAGE_TARNAME ""
| #define PACKAGE_VERSION ""
| #define PACKAGE_STRING ""
| #define PACKAGE_BUGREPORT ""
| #define PACKAGE_URL ""
| #define PACKAGE "gprof"
| #define VERSION "2.20.1"
| /* end confdefs.h.  */
| #include <ac_nonexistent.h>
configure:4575: result: x86_64-redhat-linux-gcc -E
configure:4595: x86_64-redhat-linux-gcc -E  conftest.c
configure:4595: $? = 0
configure:4609: x86_64-redhat-linux-gcc -E  conftest.c
conftest.c:11:28: error: ac_nonexistent.h: No such file or directory
configure:4609: $? = 1
configure: failed program was:
| /* confdefs.h */
| #define PACKAGE_NAME ""
| #define PACKAGE_TARNAME ""
| #define PACKAGE_VERSION ""
| #define PACKAGE_STRING ""
| #define PACKAGE_BUGREPORT ""
| #define PACKAGE_URL ""
| #define PACKAGE "gprof"
| #define VERSION "2.20.1"
| /* end confdefs.h.  */
| #include <ac_nonexistent.h>
configure:4638: checking for grep that handles long lines and -e
configure:4696: result: /bin/grep
configure:4701: checking for egrep
configure:4763: result: /bin/grep -E
configure:4768: checking for ANSI C header files
configure:4788: x86_64-redhat-linux-gcc -c   conftest.c >&5
configure:4788: $? = 0
configure:4861: x86_64-redhat-linux-gcc -o conftest     conftest.c  >&5
configure:4861: $? = 0
configure:4861: ./conftest
configure:4861: $? = 0
configure:4872: result: yes
configure:4885: checking for sys/types.h
configure:4885: x86_64-redhat-linux-gcc -c   conftest.c >&5
configure:4885: $? = 0
configure:4885: result: yes
configure:4885: checking for sys/stat.h
configure:4885: x86_64-redhat-linux-gcc -c   conftest.c >&5
configure:4885: $? = 0
configure:4885: result: yes
configure:4885: checking for stdlib.h
configure:4885: x86_64-redhat-linux-gcc -c   conftest.c >&5
configure:4885: $? = 0
configure:4885: result: yes
configure:4885: checking for string.h
configure:4885: x86_64-redhat-linux-gcc -c   conftest.c >&5
configure:4885: $? = 0
configure:4885: result: yes
configure:4885: checking for memory.h
configure:4885: x86_64-redhat-linux-gcc -c   conftest.c >&5
configure:4885: $? = 0
configure:4885: result: yes
configure:4885: checking for strings.h
configure:4885: x86_64-redhat-linux-gcc -c   conftest.c >&5
configure:4885: $? = 0
configure:4885: result: yes
configure:4885: checking for inttypes.h
configure:4885: x86_64-redhat-linux-gcc -c   conftest.c >&5
configure:4885: $? = 0
configure:4885: result: yes
configure:4885: checking for stdint.h
configure:4885: x86_64-redhat-linux-gcc -c   conftest.c >&5
configure:4885: $? = 0
configure:4885: result: yes
configure:4885: checking for unistd.h
configure:4885: x86_64-redhat-linux-gcc -c   conftest.c >&5
configure:4885: $? = 0
configure:4885: result: yes
configure:4899: checking minix/config.h usability
configure:4899: x86_64-redhat-linux-gcc -c   conftest.c >&5
conftest.c:54:26: error: minix/config.h: No such file or directory
configure:4899: $? = 1
configure: failed program was:
| /* confdefs.h */
| #define PACKAGE_NAME ""
| #define PACKAGE_TARNAME ""
| #define PACKAGE_VERSION ""
| #define PACKAGE_STRING ""
| #define PACKAGE_BUGREPORT ""
| #define PACKAGE_URL ""
| #define PACKAGE "gprof"
| #define VERSION "2.20.1"
| #define STDC_HEADERS 1
| #define HAVE_SYS_TYPES_H 1
| #define HAVE_SYS_STAT_H 1
| #define HAVE_STDLIB_H 1
| #define HAVE_STRING_H 1
| #define HAVE_MEMORY_H 1
| #define HAVE_STRINGS_H 1
| #define HAVE_INTTYPES_H 1
| #define HAVE_STDINT_H 1
| #define HAVE_UNISTD_H 1
| /* end confdefs.h.  */
| #include <stdio.h>
| #ifdef HAVE_SYS_TYPES_H
| # include <sys/types.h>
| #endif
| #ifdef HAVE_SYS_STAT_H
| # include <sys/stat.h>
| #endif
| #ifdef STDC_HEADERS
| # include <stdlib.h>
| # include <stddef.h>
| #else
| # ifdef HAVE_STDLIB_H
| #  include <stdlib.h>
| # endif
| #endif
| #ifdef HAVE_STRING_H
| # if !defined STDC_HEADERS && defined HAVE_MEMORY_H
| #  include <memory.h>
| # endif
| # include <string.h>
| #endif
| #ifdef HAVE_STRINGS_H
| # include <strings.h>
| #endif
| #ifdef HAVE_INTTYPES_H
| # include <inttypes.h>
| #endif
| #ifdef HAVE_STDINT_H
| # include <stdint.h>
| #endif
| #ifdef HAVE_UNISTD_H
| # include <unistd.h>
| #endif
| #include <minix/config.h>
configure:4899: result: no
configure:4899: checking minix/config.h presence
configure:4899: x86_64-redhat-linux-gcc -E  conftest.c
conftest.c:21:26: error: minix/config.h: No such file or directory
configure:4899: $? = 1
configure: failed program was:
| /* confdefs.h */
| #define PACKAGE_NAME ""
| #define PACKAGE_TARNAME ""
| #define PACKAGE_VERSION ""
| #define PACKAGE_STRING ""
| #define PACKAGE_BUGREPORT ""
| #define PACKAGE_URL ""
| #define PACKAGE "gprof"
| #define VERSION "2.20.1"
| #define STDC_HEADERS 1
| #define HAVE_SYS_TYPES_H 1
| #define HAVE_SYS_STAT_H 1
| #define HAVE_STDLIB_H 1
| #define HAVE_STRING_H 1
| #define HAVE_MEMORY_H 1
| #define HAVE_STRINGS_H 1
| #define HAVE_INTTYPES_H 1
| #define HAVE_STDINT_H 1
| #define HAVE_UNISTD_H 1
| /* end confdefs.h.  */
| #include <minix/config.h>
configure:4899: result: no
configure:4899: checking for minix/config.h
configure:4899: result: no
configure:4920: checking whether it is safe to define __EXTENSIONS__
configure:4938: x86_64-redhat-linux-gcc -c   conftest.c >&5
configure:4938: $? = 0
configure:4945: result: yes
configure:4968: checking for special C compiler options needed for large files
configure:5013: result: no
configure:5019: checking for _FILE_OFFSET_BITS value needed for large files
configure:5044: x86_64-redhat-linux-gcc -c   conftest.c >&5
configure:5044: $? = 0
configure:5076: result: no
configure:5186: checking for a sed that does not truncate output
configure:5250: result: /home/fdkit/GPL-AirCam-v1.2/openwrt/staging_dir/host/bin/sed
configure:5268: checking for fgrep
configure:5330: result: /bin/grep -F
configure:5365: checking for ld used by x86_64-redhat-linux-gcc
configure:5432: result: ld
configure:5439: checking if the linker (ld) is GNU ld
configure:5454: result: yes
configure:5466: checking for BSD- or MS-compatible name lister (nm)
configure:5515: result: nm
configure:5633: checking the name lister (nm) interface
configure:5640: x86_64-redhat-linux-gcc -c   conftest.c >&5
configure:5643: nm "conftest.o"
configure:5646: output
0000000000000000 B some_variable
configure:5653: result: BSD nm
configure:5656: checking whether ln -s works
configure:5660: result: yes
configure:5668: checking the maximum length of command line arguments
configure:5788: result: 1966080
configure:5805: checking whether the shell understands some XSI constructs
configure:5815: result: yes
configure:5819: checking whether the shell understands "+="
configure:5825: result: yes
configure:5860: checking for ld option to reload object files
configure:5867: result: -r
configure:5896: checking for x86_64-redhat-linux-objdump
configure:5923: result: objdump
configure:5995: checking how to recognize dependent libraries
configure:6191: result: pass_all
configure:6211: checking for x86_64-redhat-linux-ar
configure:6238: result: ar
configure:6316: checking for x86_64-redhat-linux-strip
configure:6346: result: no
configure:6356: checking for strip
configure:6372: found /usr/bin/strip
configure:6383: result: strip
configure:6415: checking for x86_64-redhat-linux-ranlib
configure:6442: result: ranlib
configure:6572: checking command to parse nm output from x86_64-redhat-linux-gcc object
configure:6690: x86_64-redhat-linux-gcc -c   conftest.c >&5
configure:6693: $? = 0
configure:6697: nm conftest.o \| sed -n -e 's/^.*[	 ]\([ABCDGIRSTW][ABCDGIRSTW]*\)[	 ][	 ]*\([_A-Za-z][_A-Za-z0-9]*\)$/\1 \2 \2/p' \> conftest.nm
configure:6700: $? = 0
configure:6754: x86_64-redhat-linux-gcc -o conftest     conftest.c conftstm.o >&5
configure:6757: $? = 0
configure:6795: result: ok
configure:6890: x86_64-redhat-linux-gcc -c   conftest.c >&5
configure:6893: $? = 0
configure:7600: checking for dlfcn.h
configure:7600: x86_64-redhat-linux-gcc -c   conftest.c >&5
configure:7600: $? = 0
configure:7600: result: yes
configure:7784: checking for objdir
configure:7799: result: .libs
configure:8095: checking if x86_64-redhat-linux-gcc supports -fno-rtti -fno-exceptions
configure:8113: x86_64-redhat-linux-gcc -c   -fno-rtti -fno-exceptions conftest.c >&5
cc1: warning: command line option "-fno-rtti" is valid for C++/ObjC++ but not for C
configure:8117: $? = 0
configure:8130: result: no
configure:8150: checking for x86_64-redhat-linux-gcc option to produce PIC
configure:8422: result: -fPIC -DPIC
configure:8434: checking if x86_64-redhat-linux-gcc PIC flag -fPIC -DPIC works
configure:8452: x86_64-redhat-linux-gcc -c   -fPIC -DPIC -DPIC conftest.c >&5
configure:8456: $? = 0
configure:8469: result: yes
configure:8493: checking if x86_64-redhat-linux-gcc static flag -static works
configure:8521: result: no
configure:8536: checking if x86_64-redhat-linux-gcc supports -c -o file.o
configure:8557: x86_64-redhat-linux-gcc -c   -o out/conftest2.o conftest.c >&5
configure:8561: $? = 0
configure:8583: result: yes
configure:8591: checking if x86_64-redhat-linux-gcc supports -c -o file.o
configure:8638: result: yes
configure:8671: checking whether the x86_64-redhat-linux-gcc linker (ld -m elf_x86_64) supports shared libraries
configure:9657: result: yes
configure:9694: checking whether -lc should be explicitly linked in
configure:9702: x86_64-redhat-linux-gcc -c   conftest.c >&5
configure:9705: $? = 0
configure:9720: x86_64-redhat-linux-gcc -shared conftest.o  -v -Wl,-soname -Wl,conftest -o conftest 2\>\&1 \| /bin/grep  -lc  \>/dev/null 2\>\&1
configure:9723: $? = 0
configure:9737: result: no
configure:9902: checking dynamic linker characteristics
configure:10340: x86_64-redhat-linux-gcc -o conftest     -Wl,-rpath -Wl,/foo conftest.c  >&5
configure:10340: $? = 0
configure:10562: result: GNU/Linux ld.so
configure:10664: checking how to hardcode library paths into programs
configure:10689: result: immediate
configure:11209: checking whether stripping libraries is possible
configure:11214: result: yes
configure:11249: checking if libtool supports shared libraries
configure:11251: result: yes
configure:11254: checking whether to build shared libraries
configure:11275: result: yes
configure:11278: checking whether to build static libraries
configure:11282: result: yes
configure:11320: checking for setmode
configure:11320: x86_64-redhat-linux-gcc -o conftest     conftest.c  >&5
/tmp/ccitZ27p.o: In function `main':
conftest.c:(.text+0xa): undefined reference to `setmode'
collect2: ld returned 1 exit status
configure:11320: $? = 1
configure: failed program was:
| /* confdefs.h */
| #define PACKAGE_NAME ""
| #define PACKAGE_TARNAME ""
| #define PACKAGE_VERSION ""
| #define PACKAGE_STRING ""
| #define PACKAGE_BUGREPORT ""
| #define PACKAGE_URL ""
| #define PACKAGE "gprof"
| #define VERSION "2.20.1"
| #define STDC_HEADERS 1
| #define HAVE_SYS_TYPES_H 1
| #define HAVE_SYS_STAT_H 1
| #define HAVE_STDLIB_H 1
| #define HAVE_STRING_H 1
| #define HAVE_MEMORY_H 1
| #define HAVE_STRINGS_H 1
| #define HAVE_INTTYPES_H 1
| #define HAVE_STDINT_H 1
| #define HAVE_UNISTD_H 1
| #define __EXTENSIONS__ 1
| #define _ALL_SOURCE 1
| #define _GNU_SOURCE 1
| #define _POSIX_PTHREAD_SEMANTICS 1
| #define _TANDEM_SOURCE 1
| #define HAVE_DLFCN_H 1
| #define LT_OBJDIR ".libs/"
| /* end confdefs.h.  */
| /* Define setmode to an innocuous variant, in case <limits.h> declares setmode.
|    For example, HP-UX 11i <limits.h> declares gettimeofday.  */
| #define setmode innocuous_setmode
| 
| /* System header to define __stub macros and hopefully few prototypes,
|     which can conflict with char setmode (); below.
|     Prefer <limits.h> to <assert.h> if __STDC__ is defined, since
|     <limits.h> exists even on freestanding compilers.  */
| 
| #ifdef __STDC__
| # include <limits.h>
| #else
| # include <assert.h>
| #endif
| 
| #undef setmode
| 
| /* Override any GCC internal prototype to avoid an error.
|    Use char because int might match the return type of a GCC
|    builtin and then its argument prototype would still apply.  */
| #ifdef __cplusplus
| extern "C"
| #endif
| char setmode ();
| /* The GNU C library defines this for functions which it implements
|     to always fail with ENOSYS.  Some functions are actually named
|     something starting with __ and the normal name is an alias.  */
| #if defined __stub_setmode || defined __stub___setmode
| choke me
| #endif
| 
| int
| main ()
| {
| return setmode ();
|   ;
|   return 0;
| }
configure:11320: result: no
configure:11344: checking whether NLS is requested
configure:11347: result: no
configure:11415: checking whether NLS is requested
configure:11424: result: no
configure:11462: checking for msgfmt
configure:11496: result: no
configure:11502: checking for gmsgfmt
configure:11533: result: :
configure:11573: checking for xgettext
configure:11607: result: no
configure:11644: checking for msgmerge
configure:11677: result: no
configure:11711: checking whether to enable maintainer-specific portions of Makefiles
configure:11720: result: no
configure:11745: checking sys/gmon_out.h usability
configure:11745: x86_64-redhat-linux-gcc -c   conftest.c >&5
configure:11745: $? = 0
configure:11745: result: yes
configure:11745: checking sys/gmon_out.h presence
configure:11745: x86_64-redhat-linux-gcc -E  conftest.c
configure:11745: $? = 0
configure:11745: result: yes
configure:11745: checking for sys/gmon_out.h
configure:11745: result: yes
configure:11756: checking for a known getopt prototype in unistd.h
configure:11772: x86_64-redhat-linux-gcc -c   conftest.c >&5
configure:11772: $? = 0
configure:11780: result: yes
configure:11789: checking for library containing fabs
configure:11820: x86_64-redhat-linux-gcc -o conftest     conftest.c  >&5
conftest.c:37: warning: conflicting types for built-in function 'fabs'
/tmp/cce4Jwqz.o: In function `main':
conftest.c:(.text+0xa): undefined reference to `fabs'
collect2: ld returned 1 exit status
configure:11820: $? = 1
configure: failed program was:
| /* confdefs.h */
| #define PACKAGE_NAME ""
| #define PACKAGE_TARNAME ""
| #define PACKAGE_VERSION ""
| #define PACKAGE_STRING ""
| #define PACKAGE_BUGREPORT ""
| #define PACKAGE_URL ""
| #define PACKAGE "gprof"
| #define VERSION "2.20.1"
| #define STDC_HEADERS 1
| #define HAVE_SYS_TYPES_H 1
| #define HAVE_SYS_STAT_H 1
| #define HAVE_STDLIB_H 1
| #define HAVE_STRING_H 1
| #define HAVE_MEMORY_H 1
| #define HAVE_STRINGS_H 1
| #define HAVE_INTTYPES_H 1
| #define HAVE_STDINT_H 1
| #define HAVE_UNISTD_H 1
| #define __EXTENSIONS__ 1
| #define _ALL_SOURCE 1
| #define _GNU_SOURCE 1
| #define _POSIX_PTHREAD_SEMANTICS 1
| #define _TANDEM_SOURCE 1
| #define HAVE_DLFCN_H 1
| #define LT_OBJDIR ".libs/"
| #define HAVE_SYS_GMON_OUT_H 1
| #define HAVE_DECL_GETOPT 1
| /* end confdefs.h.  */
| 
| /* Override any GCC internal prototype to avoid an error.
|    Use char because int might match the return type of a GCC
|    builtin and then its argument prototype would still apply.  */
| #ifdef __cplusplus
| extern "C"
| #endif
| char fabs ();
| int
| main ()
| {
| return fabs ();
|   ;
|   return 0;
| }
configure:11820: x86_64-redhat-linux-gcc -o conftest     conftest.c -lm   >&5
conftest.c:37: warning: conflicting types for built-in function 'fabs'
configure:11820: $? = 0
configure:11837: result: -lm
configure:11980: updating cache ./config.cache
configure:12041: creating ./config.status

## ---------------------- ##
## Running config.status. ##
## ---------------------- ##

This file was extended by config.status, which was
generated by GNU Autoconf 2.64.  Invocation command line was

  CONFIG_FILES    = 
  CONFIG_HEADERS  = 
  CONFIG_LINKS    = 
  CONFIG_COMMANDS = 
  $ ./config.status 

on discordy

config.status:1101: creating Makefile
config.status:1101: creating po/Makefile.in
config.status:1101: creating gconfig.h
config.status:1321: executing depfiles commands
config.status:1321: executing libtool commands
config.status:1321: executing default-1 commands

## ---------------- ##
## Cache variables. ##
## ---------------- ##

ac_cv_build=x86_64-redhat-linux-gnu
ac_cv_c_compiler_gnu=yes
ac_cv_env_CC_set=set
ac_cv_env_CC_value=x86_64-redhat-linux-gcc
ac_cv_env_CFLAGS_set=set
ac_cv_env_CFLAGS_value=
ac_cv_env_CPPFLAGS_set=
ac_cv_env_CPPFLAGS_value=
ac_cv_env_CPP_set=
ac_cv_env_CPP_value=
ac_cv_env_LDFLAGS_set=set
ac_cv_env_LDFLAGS_value=' '
ac_cv_env_LIBS_set=
ac_cv_env_LIBS_value=
ac_cv_env_build_alias_set=set
ac_cv_env_build_alias_value=x86_64-redhat-linux
ac_cv_env_host_alias_set=set
ac_cv_env_host_alias_value=x86_64-redhat-linux
ac_cv_env_target_alias_set=set
ac_cv_env_target_alias_value=arm-openwrt-linux-uclibcgnueabi
ac_cv_func_setmode=no
ac_cv_header_dlfcn_h=yes
ac_cv_header_inttypes_h=yes
ac_cv_header_memory_h=yes
ac_cv_header_minix_config_h=no
ac_cv_header_stdc=yes
ac_cv_header_stdint_h=yes
ac_cv_header_stdlib_h=yes
ac_cv_header_string_h=yes
ac_cv_header_strings_h=yes
ac_cv_header_sys_gmon_out_h=yes
ac_cv_header_sys_stat_h=yes
ac_cv_header_sys_types_h=yes
ac_cv_header_unistd_h=yes
ac_cv_host=x86_64-redhat-linux-gnu
ac_cv_objext=o
ac_cv_path_EGREP='/bin/grep -E'
ac_cv_path_FGREP='/bin/grep -F'
ac_cv_path_GMSGFMT=:
ac_cv_path_GREP=/bin/grep
ac_cv_path_MSGFMT=:
ac_cv_path_MSGMERGE=:
ac_cv_path_SED=/home/fdkit/GPL-AirCam-v1.2/openwrt/staging_dir/host/bin/sed
ac_cv_path_XGETTEXT=:
ac_cv_path_mkdir=/bin/mkdir
ac_cv_prog_AR=ar
ac_cv_prog_AWK=gawk
ac_cv_prog_CC=x86_64-redhat-linux-gcc
ac_cv_prog_CPP='x86_64-redhat-linux-gcc -E'
ac_cv_prog_OBJDUMP=objdump
ac_cv_prog_RANLIB=ranlib
ac_cv_prog_ac_ct_STRIP=strip
ac_cv_prog_cc_c89=
ac_cv_prog_cc_g=yes
ac_cv_prog_make_make_set=yes
ac_cv_safe_to_define___extensions__=yes
ac_cv_search_fabs=-lm
ac_cv_search_strerror='none required'
ac_cv_sys_file_offset_bits=no
ac_cv_sys_largefile_CC=no
ac_cv_target=arm-openwrt-linux-uclibcgnueabi
am_cv_CC_dependencies_compiler_type=gcc3
gprof_cv_decl_getopt_unistd_h=yes
lt_cv_archive_cmds_need_lc=no
lt_cv_deplibs_check_method=pass_all
lt_cv_file_magic_cmd='$MAGIC_CMD'
lt_cv_file_magic_test_file=
lt_cv_ld_reload_flag=-r
lt_cv_nm_interface='BSD nm'
lt_cv_objdir=.libs
lt_cv_path_LD=ld
lt_cv_path_NM=nm
lt_cv_prog_compiler_c_o=yes
lt_cv_prog_compiler_pic_works=yes
lt_cv_prog_compiler_rtti_exceptions=no
lt_cv_prog_compiler_static_works=no
lt_cv_prog_gnu_ld=yes
lt_cv_shlibpath_overrides_runpath=no
lt_cv_sys_global_symbol_pipe='sed -n -e '\''s/^.*[	 ]\([ABCDGIRSTW][ABCDGIRSTW]*\)[	 ][	 ]*\([_A-Za-z][_A-Za-z0-9]*\)$/\1 \2 \2/p'\'''
lt_cv_sys_global_symbol_to_c_name_address='sed -n -e '\''s/^: \([^ ]*\) $/  {\"\1\", (void *) 0},/p'\'' -e '\''s/^[ABCDGIRSTW]* \([^ ]*\) \([^ ]*\)$/  {"\2", (void *) \&\2},/p'\'''
lt_cv_sys_global_symbol_to_c_name_address_lib_prefix='sed -n -e '\''s/^: \([^ ]*\) $/  {\"\1\", (void *) 0},/p'\'' -e '\''s/^[ABCDGIRSTW]* \([^ ]*\) \(lib[^ ]*\)$/  {"\2", (void *) \&\2},/p'\'' -e '\''s/^[ABCDGIRSTW]* \([^ ]*\) \([^ ]*\)$/  {"lib\2", (void *) \&\2},/p'\'''
lt_cv_sys_global_symbol_to_cdecl='sed -n -e '\''s/^T .* \(.*\)$/extern int \1();/p'\'' -e '\''s/^[ABCDGIRSTW]* .* \(.*\)$/extern char \1;/p'\'''
lt_cv_sys_max_cmd_len=1966080

## ----------------- ##
## Output variables. ##
## ----------------- ##

ACLOCAL='${SHELL} /home/fdkit/GPL-AirCam-v1.2/openwrt/build_dir/toolchain-arm_v5te_gcc-linaro_uClibc-0.9.32_eabi/binutils-2.20.1/missing --run aclocal-1.11'
AMDEPBACKSLASH='\'
AMDEP_FALSE='#'
AMDEP_TRUE=''
AMTAR='${SHELL} /home/fdkit/GPL-AirCam-v1.2/openwrt/build_dir/toolchain-arm_v5te_gcc-linaro_uClibc-0.9.32_eabi/binutils-2.20.1/missing --run tar'
AR='ar'
AUTOCONF='${SHELL} /home/fdkit/GPL-AirCam-v1.2/openwrt/build_dir/toolchain-arm_v5te_gcc-linaro_uClibc-0.9.32_eabi/binutils-2.20.1/missing --run autoconf'
AUTOHEADER='${SHELL} /home/fdkit/GPL-AirCam-v1.2/openwrt/build_dir/toolchain-arm_v5te_gcc-linaro_uClibc-0.9.32_eabi/binutils-2.20.1/missing --run autoheader'
AUTOMAKE='${SHELL} /home/fdkit/GPL-AirCam-v1.2/openwrt/build_dir/toolchain-arm_v5te_gcc-linaro_uClibc-0.9.32_eabi/binutils-2.20.1/missing --run automake-1.11'
AWK='gawk'
CATALOGS=''
CATOBJEXT=''
CC='x86_64-redhat-linux-gcc'
CCDEPMODE='depmode=gcc3'
CFLAGS=''
CPP='x86_64-redhat-linux-gcc -E'
CPPFLAGS=''
CYGPATH_W='echo'
DATADIRNAME=''
DEFS='-DHAVE_CONFIG_H'
DEPDIR='.deps'
DSYMUTIL=''
DUMPBIN=''
ECHO_C=''
ECHO_N='-n'
ECHO_T=''
EGREP='/bin/grep -E'
EXEEXT=''
FGREP='/bin/grep -F'
GENCAT=''
GENINSRC_NEVER_FALSE=''
GENINSRC_NEVER_TRUE='#'
GMSGFMT=':'
GREP='/bin/grep'
INCINTL=''
INSTALL_DATA='/usr/bin/install -c -m 644'
INSTALL_PROGRAM='/usr/bin/install -c'
INSTALL_SCRIPT='/usr/bin/install -c'
INSTALL_STRIP_PROGRAM='$(install_sh) -c -s'
INSTOBJEXT=''
LD='ld -m elf_x86_64'
LDFLAGS=' '
LIBINTL=''
LIBINTL_DEP=''
LIBOBJS=''
LIBS='-lm '
LIBTOOL='$(SHELL) $(top_builddir)/libtool'
LIPO=''
LN_S='ln -s'
LTLIBOBJS=''
MAINT='#'
MAINTAINER_MODE_FALSE=''
MAINTAINER_MODE_TRUE='#'
MAKEINFO='/home/fdkit/GPL-AirCam-v1.2/openwrt/build_dir/toolchain-arm_v5te_gcc-linaro_uClibc-0.9.32_eabi/binutils-2.20.1/missing makeinfo --split-size=5000000'
MKDIR_P='/bin/mkdir -p'
MKINSTALLDIRS='$(top_builddir)/./../mkinstalldirs'
MSGFMT=':'
MSGMERGE=':'
NM='nm'
NMEDIT=''
NO_WERROR=''
OBJDUMP='objdump'
OBJEXT='o'
OTOOL64=''
OTOOL=''
PACKAGE='gprof'
PACKAGE_BUGREPORT=''
PACKAGE_NAME=''
PACKAGE_STRING=''
PACKAGE_TARNAME=''
PACKAGE_URL=''
PACKAGE_VERSION=''
PATH_SEPARATOR=':'
POSUB=''
RANLIB='ranlib'
SED='/home/fdkit/GPL-AirCam-v1.2/openwrt/staging_dir/host/bin/sed'
SET_MAKE=''
SHELL='/bin/sh'
STRIP='strip'
USE_NLS='no'
VERSION='2.20.1'
WARN_CFLAGS='-W -Wall -Wstrict-prototypes -Wmissing-prototypes'
XGETTEXT=':'
ac_ct_CC=''
ac_ct_DUMPBIN=''
am__EXEEXT_FALSE=''
am__EXEEXT_TRUE='#'
am__fastdepCC_FALSE='#'
am__fastdepCC_TRUE=''
am__include='include'
am__isrc=''
am__leading_dot='.'
am__quote=''
am__tar='${AMTAR} chof - "$$tardir"'
am__untar='${AMTAR} xf -'
bindir='${exec_prefix}/bin'
build='x86_64-redhat-linux-gnu'
build_alias='x86_64-redhat-linux'
build_cpu='x86_64'
build_os='linux-gnu'
build_vendor='redhat'
datadir='${datarootdir}'
datarootdir='${prefix}/share'
docdir='${datarootdir}/doc/${PACKAGE}'
dvidir='${docdir}'
exec_prefix='${prefix}'
host='x86_64-redhat-linux-gnu'
host_alias='x86_64-redhat-linux'
host_cpu='x86_64'
host_os='linux-gnu'
host_vendor='redhat'
htmldir='${docdir}'
includedir='${prefix}/include'
infodir='${datarootdir}/info'
install_sh='${SHELL} /home/fdkit/GPL-AirCam-v1.2/openwrt/build_dir/toolchain-arm_v5te_gcc-linaro_uClibc-0.9.32_eabi/binutils-2.20.1/install-sh'
libdir='${exec_prefix}/lib'
libexecdir='${exec_prefix}/libexec'
localedir='${datarootdir}/locale'
localstatedir='${prefix}/var'
lt_ECHO='echo'
mandir='${datarootdir}/man'
mkdir_p='/bin/mkdir -p'
oldincludedir='/usr/include'
pdfdir='${docdir}'
prefix='/home/fdkit/GPL-AirCam-v1.2/openwrt/staging_dir/toolchain-arm_v5te_gcc-linaro_uClibc-0.9.32_eabi'
program_transform_name='s&^&arm-openwrt-linux-uclibcgnueabi-&'
psdir='${docdir}'
sbindir='${exec_prefix}/sbin'
sharedstatedir='${prefix}/com'
sysconfdir='${prefix}/etc'
target='arm-openwrt-linux-uclibcgnueabi'
target_alias='arm-openwrt-linux-uclibcgnueabi'
target_cpu='arm'
target_os='linux-uclibcgnueabi'
target_vendor='openwrt'

## ----------- ##
## confdefs.h. ##
## ----------- ##

/* confdefs.h */
#define PACKAGE_NAME ""
#define PACKAGE_TARNAME ""
#define PACKAGE_VERSION ""
#define PACKAGE_STRING ""
#define PACKAGE_BUGREPORT ""
#define PACKAGE_URL ""
#define PACKAGE "gprof"
#define VERSION "2.20.1"
#define STDC_HEADERS 1
#define HAVE_SYS_TYPES_H 1
#define HAVE_SYS_STAT_H 1
#define HAVE_STDLIB_H 1
#define HAVE_STRING_H 1
#define HAVE_MEMORY_H 1
#define HAVE_STRINGS_H 1
#define HAVE_INTTYPES_H 1
#define HAVE_STDINT_H 1
#define HAVE_UNISTD_H 1
#define __EXTENSIONS__ 1
#define _ALL_SOURCE 1
#define _GNU_SOURCE 1
#define _POSIX_PTHREAD_SEMANTICS 1
#define _TANDEM_SOURCE 1
#define HAVE_DLFCN_H 1
#define LT_OBJDIR ".libs/"
#define HAVE_SYS_GMON_OUT_H 1
#define HAVE_DECL_GETOPT 1

configure: exit 0
