This file contains any messages produced by compilers while
running configure, to aid debugging if configure makes a mistake.

It was created by configure, which was
generated by GNU Autoconf 2.64.  Invocation command line was

  $ ./configure --prefix=/home/fdkit/GPL-AirCam-v1.2/openwrt/staging_dir/toolchain-arm_v5te_gcc-linaro_uClibc-0.9.32_eabi --build=x86_64-redhat-linux --host=x86_64-redhat-linux --target=arm-openwrt-linux-uclibcgnueabi --with-sysroot=/home/fdkit/GPL-AirCam-v1.2/openwrt/staging_dir/toolchain-arm_v5te_gcc-linaro_uClibc-0.9.32_eabi --disable-multilib --disable-werror --disable-nls --with-float=soft --disable-libssp

## --------- ##
## Platform. ##
## --------- ##

hostname = discordy
uname -m = x86_64
uname -r = 2.6.32-358.6.2.el6.x86_64
uname -s = Linux
uname -v = #1 SMP Thu May 16 20:59:36 UTC 2013

/usr/bin/uname -p = unknown
/bin/uname -X     = unknown

/bin/arch              = x86_64
/usr/bin/arch -k       = unknown
/usr/convex/getsysinfo = unknown
/usr/bin/hostinfo      = unknown
/bin/machine           = unknown
/usr/bin/oslevel       = unknown
/bin/universe          = unknown

PATH: /home/fdkit/GPL-AirCam-v1.2/openwrt/staging_dir/toolchain-arm_v5te_gcc-linaro_uClibc-0.9.32_eabi/bin
PATH: /home/fdkit/GPL-AirCam-v1.2/openwrt/staging_dir/host/bin
PATH: /home/fdkit/GPL-AirCam-v1.2/openwrt/staging_dir/toolchain-arm_v5te_gcc-linaro_uClibc-0.9.32_eabi/bin
PATH: /home/fdkit/GPL-AirCam-v1.2/openwrt/staging_dir/host/bin
PATH: /home/fdkit/GPL-AirCam-v1.2/openwrt/staging_dir/toolchain-arm_v5te_gcc-linaro_uClibc-0.9.32_eabi/bin
PATH: /home/fdkit/GPL-AirCam-v1.2/openwrt/staging_dir/host/bin
PATH: /usr/local/bin
PATH: /bin
PATH: /usr/bin
PATH: /usr/local/sbin
PATH: /usr/sbin
PATH: /sbin
PATH: /home/fdkit/bin


## ----------- ##
## Core tests. ##
## ----------- ##

configure:2173: checking build system type
configure:2187: result: x86_64-redhat-linux-gnu
configure:2234: checking host system type
configure:2247: result: x86_64-redhat-linux-gnu
configure:2267: checking target system type
configure:2280: result: arm-openwrt-linux-uclibcgnueabi
configure:2334: checking for a BSD-compatible install
configure:2402: result: /usr/bin/install -c
configure:2413: checking whether ln works
configure:2435: result: yes
configure:2439: checking whether ln -s works
configure:2443: result: yes
configure:2450: checking for a sed that does not truncate output
configure:2514: result: /home/fdkit/GPL-AirCam-v1.2/openwrt/staging_dir/host/bin/sed
configure:2523: checking for gawk
configure:2539: found /bin/gawk
configure:2550: result: gawk
configure:3724: checking for x86_64-redhat-linux-gcc
configure:3740: found /usr/bin/x86_64-redhat-linux-gcc
configure:3751: result: x86_64-redhat-linux-gcc
configure:4020: checking for C compiler version
configure:4029: x86_64-redhat-linux-gcc --version >&5
x86_64-redhat-linux-gcc (GCC) 4.4.7 20120313 (Red Hat 4.4.7-3)
Copyright (C) 2010 Free Software Foundation, Inc.
This is free software; see the source for copying conditions.  There is NO
warranty; not even for MERCHANTABILITY or FITNESS FOR A PARTICULAR PURPOSE.

configure:4040: $? = 0
configure:4029: x86_64-redhat-linux-gcc -v >&5
Using built-in specs.
Target: x86_64-redhat-linux
Configured with: ../configure --prefix=/usr --mandir=/usr/share/man --infodir=/usr/share/info --with-bugurl=http://bugzilla.redhat.com/bugzilla --enable-bootstrap --enable-shared --enable-threads=posix --enable-checking=release --with-system-zlib --enable-__cxa_atexit --disable-libunwind-exceptions --enable-gnu-unique-object --enable-languages=c,c++,objc,obj-c++,java,fortran,ada --enable-java-awt=gtk --disable-dssi --with-java-home=/usr/lib/jvm/java-1.5.0-gcj-1.5.0.0/jre --enable-libgcj-multifile --enable-java-maintainer-mode --with-ecj-jar=/usr/share/java/eclipse-ecj.jar --disable-libjava-multilib --with-ppl --with-cloog --with-tune=generic --with-arch_32=i686 --build=x86_64-redhat-linux
Thread model: posix
gcc version 4.4.7 20120313 (Red Hat 4.4.7-3) (GCC) 
configure:4040: $? = 0
configure:4029: x86_64-redhat-linux-gcc -V >&5
x86_64-redhat-linux-gcc: '-V' option must have argument
configure:4040: $? = 1
configure:4029: x86_64-redhat-linux-gcc -qversion >&5
x86_64-redhat-linux-gcc: unrecognized option '-qversion'
x86_64-redhat-linux-gcc: no input files
configure:4040: $? = 1
configure:4060: checking for C compiler default output file name
configure:4082: x86_64-redhat-linux-gcc    conftest.c  >&5
configure:4086: $? = 0
configure:4123: result: a.out
configure:4139: checking whether the C compiler works
configure:4148: ./a.out
configure:4152: $? = 0
configure:4167: result: yes
configure:4174: checking whether we are cross compiling
configure:4176: result: no
configure:4179: checking for suffix of executables
configure:4186: x86_64-redhat-linux-gcc -o conftest    conftest.c  >&5
configure:4190: $? = 0
configure:4212: result: 
configure:4218: checking for suffix of object files
configure:4240: x86_64-redhat-linux-gcc -c   conftest.c >&5
configure:4244: $? = 0
configure:4265: result: o
configure:4269: checking whether we are using the GNU C compiler
configure:4288: x86_64-redhat-linux-gcc -c   conftest.c >&5
configure:4288: $? = 0
configure:4297: result: yes
configure:4306: checking whether x86_64-redhat-linux-gcc accepts -g
configure:4326: x86_64-redhat-linux-gcc -c -g  conftest.c >&5
configure:4326: $? = 0
configure:4367: result: yes
configure:4384: checking for x86_64-redhat-linux-gcc option to accept ISO C89
configure:4448: x86_64-redhat-linux-gcc  -c   conftest.c >&5
configure:4448: $? = 0
configure:4461: result: none needed
configure:4495: checking for x86_64-redhat-linux-g++
configure:4511: found /usr/bin/x86_64-redhat-linux-g++
configure:4522: result: x86_64-redhat-linux-g++
configure:4593: checking for C++ compiler version
configure:4602: x86_64-redhat-linux-g++ --version >&5
x86_64-redhat-linux-g++ (GCC) 4.4.7 20120313 (Red Hat 4.4.7-3)
Copyright (C) 2010 Free Software Foundation, Inc.
This is free software; see the source for copying conditions.  There is NO
warranty; not even for MERCHANTABILITY or FITNESS FOR A PARTICULAR PURPOSE.

configure:4613: $? = 0
configure:4602: x86_64-redhat-linux-g++ -v >&5
Using built-in specs.
Target: x86_64-redhat-linux
Configured with: ../configure --prefix=/usr --mandir=/usr/share/man --infodir=/usr/share/info --with-bugurl=http://bugzilla.redhat.com/bugzilla --enable-bootstrap --enable-shared --enable-threads=posix --enable-checking=release --with-system-zlib --enable-__cxa_atexit --disable-libunwind-exceptions --enable-gnu-unique-object --enable-languages=c,c++,objc,obj-c++,java,fortran,ada --enable-java-awt=gtk --disable-dssi --with-java-home=/usr/lib/jvm/java-1.5.0-gcj-1.5.0.0/jre --enable-libgcj-multifile --enable-java-maintainer-mode --with-ecj-jar=/usr/share/java/eclipse-ecj.jar --disable-libjava-multilib --with-ppl --with-cloog --with-tune=generic --with-arch_32=i686 --build=x86_64-redhat-linux
Thread model: posix
gcc version 4.4.7 20120313 (Red Hat 4.4.7-3) (GCC) 
configure:4613: $? = 0
configure:4602: x86_64-redhat-linux-g++ -V >&5
x86_64-redhat-linux-g++: '-V' option must have argument
configure:4613: $? = 1
configure:4602: x86_64-redhat-linux-g++ -qversion >&5
x86_64-redhat-linux-g++: unrecognized option '-qversion'
x86_64-redhat-linux-g++: no input files
configure:4613: $? = 1
configure:4617: checking whether we are using the GNU C++ compiler
configure:4636: x86_64-redhat-linux-g++ -c   conftest.cpp >&5
configure:4636: $? = 0
configure:4645: result: yes
configure:4654: checking whether x86_64-redhat-linux-g++ accepts -g
configure:4674: x86_64-redhat-linux-g++ -c -g  conftest.cpp >&5
configure:4674: $? = 0
configure:4715: result: yes
configure:4764: checking for x86_64-redhat-linux-gnatbind
configure:4794: result: no
configure:4804: checking for gnatbind
configure:4834: result: no
configure:4856: checking for x86_64-redhat-linux-gnatmake
configure:4886: result: no
configure:4896: checking for gnatmake
configure:4926: result: no
configure:4945: checking whether compiler driver understands Ada
configure:4968: result: no
configure:4977: checking how to compare bootstrapped objects
configure:5002: result: cmp --ignore-initial=16 $$f1 $$f2
configure:5534: checking for version 0.10 of PPL
configure:5551: x86_64-redhat-linux-gcc -c      conftest.c >&5
conftest.c:9:19: error: ppl_c.h: No such file or directory
conftest.c: In function 'main':
conftest.c:15: error: 'choke' undeclared (first use in this function)
conftest.c:15: error: (Each undeclared identifier is reported only once
conftest.c:15: error: for each function it appears in.)
conftest.c:15: error: expected ';' before 'me'
configure:5551: $? = 1
configure: failed program was:
| /* confdefs.h */
| #define PACKAGE_NAME ""
| #define PACKAGE_TARNAME ""
| #define PACKAGE_VERSION ""
| #define PACKAGE_STRING ""
| #define PACKAGE_BUGREPORT ""
| #define PACKAGE_URL ""
| /* end confdefs.h.  */
| #include "ppl_c.h"
| int
| main ()
| {
| 
|   #if PPL_VERSION_MAJOR != 0 || PPL_VERSION_MINOR != 10
|   choke me
|   #endif
| 
|   ;
|   return 0;
| }
configure:5555: result: no
configure:5627: checking for correct version of CLooG
configure:5644: x86_64-redhat-linux-gcc -c       conftest.c >&5
conftest.c:9:25: error: cloog/cloog.h: No such file or directory
conftest.c: In function 'main':
conftest.c:15: error: 'choke' undeclared (first use in this function)
conftest.c:15: error: (Each undeclared identifier is reported only once
conftest.c:15: error: for each function it appears in.)
conftest.c:15: error: expected ';' before 'me'
configure:5644: $? = 1
configure: failed program was:
| /* confdefs.h */
| #define PACKAGE_NAME ""
| #define PACKAGE_TARNAME ""
| #define PACKAGE_VERSION ""
| #define PACKAGE_STRING ""
| #define PACKAGE_BUGREPORT ""
| #define PACKAGE_URL ""
| /* end confdefs.h.  */
| #include "cloog/cloog.h"
| int
| main ()
| {
| 
|   #if CLOOG_VERSION_MAJOR != 0 || CLOOG_VERSION_MINOR != 15
|   choke me
|   #endif
| 
|   ;
|   return 0;
| }
configure:5648: result: no
configure:6995: checking for bison
configure:7011: found /home/fdkit/GPL-AirCam-v1.2/openwrt/staging_dir/host/bin/bison
configure:7022: result: bison -y
configure:7043: checking for bison
configure:7059: found /home/fdkit/GPL-AirCam-v1.2/openwrt/staging_dir/host/bin/bison
configure:7070: result: bison
configure:7090: checking for gm4
configure:7120: result: no
configure:7090: checking for gnum4
configure:7120: result: no
configure:7090: checking for m4
configure:7106: found /home/fdkit/GPL-AirCam-v1.2/openwrt/staging_dir/host/bin/m4
configure:7117: result: m4
configure:7137: checking for flex
configure:7153: found /home/fdkit/GPL-AirCam-v1.2/openwrt/staging_dir/host/bin/flex
configure:7164: result: flex
configure:7185: checking for flex
configure:7201: found /home/fdkit/GPL-AirCam-v1.2/openwrt/staging_dir/host/bin/flex
configure:7212: result: flex
configure:7232: checking for makeinfo
configure:7262: result: no
configure:7293: checking for expect
configure:7323: result: no
configure:7342: checking for runtest
configure:7372: result: no
configure:7448: checking for x86_64-redhat-linux-ar
configure:7478: result: no
configure:7487: checking for ar
configure:7503: found /usr/bin/ar
configure:7514: result: ar
configure:7589: checking for x86_64-redhat-linux-as
configure:7619: result: no
configure:7628: checking for as
configure:7644: found /usr/bin/as
configure:7655: result: as
configure:7730: checking for x86_64-redhat-linux-dlltool
configure:7760: result: no
configure:7769: checking for dlltool
configure:7799: result: no
configure:7871: checking for x86_64-redhat-linux-ld
configure:7901: result: no
configure:7910: checking for ld
configure:7926: found /usr/bin/ld
configure:7937: result: ld
configure:8012: checking for x86_64-redhat-linux-lipo
configure:8042: result: no
configure:8051: checking for lipo
configure:8081: result: no
configure:8153: checking for x86_64-redhat-linux-nm
configure:8183: result: no
configure:8192: checking for nm
configure:8208: found /usr/bin/nm
configure:8219: result: nm
configure:8294: checking for x86_64-redhat-linux-ranlib
configure:8324: result: no
configure:8333: checking for ranlib
configure:8349: found /usr/bin/ranlib
configure:8360: result: ranlib
configure:8430: checking for x86_64-redhat-linux-strip
configure:8460: result: no
configure:8469: checking for strip
configure:8485: found /usr/bin/strip
configure:8496: result: strip
configure:8566: checking for x86_64-redhat-linux-windres
configure:8596: result: no
configure:8605: checking for windres
configure:8635: result: no
configure:8707: checking for x86_64-redhat-linux-windmc
configure:8737: result: no
configure:8746: checking for windmc
configure:8776: result: no
configure:8848: checking for x86_64-redhat-linux-objcopy
configure:8878: result: no
configure:8887: checking for objcopy
configure:8903: found /usr/bin/objcopy
configure:8914: result: objcopy
configure:8989: checking for x86_64-redhat-linux-objdump
configure:9019: result: no
configure:9028: checking for objdump
configure:9044: found /usr/bin/objdump
configure:9055: result: objdump
configure:9169: checking for arm-openwrt-linux-uclibcgnueabi-cc
configure:9199: result: no
configure:9169: checking for arm-openwrt-linux-uclibcgnueabi-gcc
configure:9199: result: no
configure:9330: checking for arm-openwrt-linux-uclibcgnueabi-c++
configure:9360: result: no
configure:9330: checking for arm-openwrt-linux-uclibcgnueabi-g++
configure:9360: result: no
configure:9330: checking for arm-openwrt-linux-uclibcgnueabi-cxx
configure:9360: result: no
configure:9330: checking for arm-openwrt-linux-uclibcgnueabi-gxx
configure:9360: result: no
configure:9491: checking for arm-openwrt-linux-uclibcgnueabi-gcc
configure:9521: result: no
configure:9647: checking for arm-openwrt-linux-uclibcgnueabi-gcj
configure:9677: result: no
configure:9808: checking for arm-openwrt-linux-uclibcgnueabi-gfortran
configure:9838: result: no
configure:10049: checking for arm-openwrt-linux-uclibcgnueabi-ar
configure:10079: result: no
configure:10279: checking for arm-openwrt-linux-uclibcgnueabi-as
configure:10309: result: no
configure:10509: checking for arm-openwrt-linux-uclibcgnueabi-dlltool
configure:10539: result: no
configure:10739: checking for arm-openwrt-linux-uclibcgnueabi-ld
configure:10769: result: no
configure:10969: checking for arm-openwrt-linux-uclibcgnueabi-lipo
configure:10999: result: no
configure:11199: checking for arm-openwrt-linux-uclibcgnueabi-nm
configure:11229: result: no
configure:11429: checking for arm-openwrt-linux-uclibcgnueabi-objdump
configure:11459: result: no
configure:11659: checking for arm-openwrt-linux-uclibcgnueabi-ranlib
configure:11689: result: no
configure:11889: checking for arm-openwrt-linux-uclibcgnueabi-strip
configure:11919: result: no
configure:12119: checking for arm-openwrt-linux-uclibcgnueabi-windres
configure:12149: result: no
configure:12349: checking for arm-openwrt-linux-uclibcgnueabi-windmc
configure:12379: result: no
configure:12446: checking where to find the target ar
configure:12469: result: just compiled
configure:12488: checking where to find the target as
configure:12511: result: just compiled
configure:12530: checking where to find the target cc
configure:12567: result: pre-installed
configure:12572: checking where to find the target c++
configure:12612: result: pre-installed
configure:12617: checking where to find the target c++ for libstdc++
configure:12657: result: pre-installed
configure:12662: checking where to find the target dlltool
configure:12685: result: just compiled
configure:12704: checking where to find the target gcc
configure:12741: result: pre-installed
configure:12746: checking where to find the target gcj
configure:12786: result: pre-installed
configure:12791: checking where to find the target gfortran
configure:12831: result: pre-installed
configure:12836: checking where to find the target ld
configure:12859: result: just compiled
configure:12878: checking where to find the target lipo
configure:12904: result: pre-installed
configure:12909: checking where to find the target nm
configure:12932: result: just compiled
configure:12951: checking where to find the target objdump
configure:12974: result: just compiled
configure:12993: checking where to find the target ranlib
configure:13016: result: just compiled
configure:13035: checking where to find the target strip
configure:13058: result: just compiled
configure:13077: checking where to find the target windres
configure:13100: result: just compiled
configure:13119: checking where to find the target windmc
configure:13142: result: just compiled
configure:13189: checking whether to enable maintainer-specific portions of Makefiles
configure:13198: result: no
configure:13231: checking whether -fkeep-inline-functions is supported
configure:13250: x86_64-redhat-linux-gcc -c  -fkeep-inline-functions  conftest.c >&5
configure:13250: $? = 0
configure:13251: result: yes
configure:13445: creating ./config.status

## ---------------------- ##
## Running config.status. ##
## ---------------------- ##

This file was extended by config.status, which was
generated by GNU Autoconf 2.64.  Invocation command line was

  CONFIG_FILES    = 
  CONFIG_HEADERS  = 
  CONFIG_LINKS    = 
  CONFIG_COMMANDS = 
  $ ./config.status 

on discordy

config.status:886: creating Makefile

## ---------------- ##
## Cache variables. ##
## ---------------- ##

ac_cv_build=x86_64-redhat-linux-gnu
ac_cv_c_compiler_gnu=yes
ac_cv_cxx_compiler_gnu=yes
ac_cv_env_AR_FOR_TARGET_set=
ac_cv_env_AR_FOR_TARGET_value=
ac_cv_env_AR_set=
ac_cv_env_AR_value=
ac_cv_env_AS_FOR_TARGET_set=
ac_cv_env_AS_FOR_TARGET_value=
ac_cv_env_AS_set=
ac_cv_env_AS_value=
ac_cv_env_CCC_set=
ac_cv_env_CCC_value=
ac_cv_env_CC_FOR_TARGET_set=
ac_cv_env_CC_FOR_TARGET_value=
ac_cv_env_CC_set=
ac_cv_env_CC_value=
ac_cv_env_CFLAGS_set=set
ac_cv_env_CFLAGS_value=
ac_cv_env_CPPFLAGS_set=
ac_cv_env_CPPFLAGS_value=
ac_cv_env_CXXFLAGS_set=
ac_cv_env_CXXFLAGS_value=
ac_cv_env_CXX_FOR_TARGET_set=
ac_cv_env_CXX_FOR_TARGET_value=
ac_cv_env_CXX_set=
ac_cv_env_CXX_value=
ac_cv_env_DLLTOOL_FOR_TARGET_set=
ac_cv_env_DLLTOOL_FOR_TARGET_value=
ac_cv_env_DLLTOOL_set=
ac_cv_env_DLLTOOL_value=
ac_cv_env_GCC_FOR_TARGET_set=
ac_cv_env_GCC_FOR_TARGET_value=
ac_cv_env_GCJ_FOR_TARGET_set=
ac_cv_env_GCJ_FOR_TARGET_value=
ac_cv_env_GFORTRAN_FOR_TARGET_set=
ac_cv_env_GFORTRAN_FOR_TARGET_value=
ac_cv_env_LDFLAGS_set=
ac_cv_env_LDFLAGS_value=
ac_cv_env_LD_FOR_TARGET_set=
ac_cv_env_LD_FOR_TARGET_value=
ac_cv_env_LD_set=
ac_cv_env_LD_value=
ac_cv_env_LIBS_set=
ac_cv_env_LIBS_value=
ac_cv_env_LIPO_FOR_TARGET_set=
ac_cv_env_LIPO_FOR_TARGET_value=
ac_cv_env_LIPO_set=
ac_cv_env_LIPO_value=
ac_cv_env_NM_FOR_TARGET_set=
ac_cv_env_NM_FOR_TARGET_value=
ac_cv_env_NM_set=
ac_cv_env_NM_value=
ac_cv_env_OBJCOPY_set=
ac_cv_env_OBJCOPY_value=
ac_cv_env_OBJDUMP_FOR_TARGET_set=
ac_cv_env_OBJDUMP_FOR_TARGET_value=
ac_cv_env_OBJDUMP_set=
ac_cv_env_OBJDUMP_value=
ac_cv_env_RANLIB_FOR_TARGET_set=
ac_cv_env_RANLIB_FOR_TARGET_value=
ac_cv_env_RANLIB_set=
ac_cv_env_RANLIB_value=
ac_cv_env_STRIP_FOR_TARGET_set=
ac_cv_env_STRIP_FOR_TARGET_value=
ac_cv_env_STRIP_set=
ac_cv_env_STRIP_value=
ac_cv_env_WINDMC_FOR_TARGET_set=
ac_cv_env_WINDMC_FOR_TARGET_value=
ac_cv_env_WINDMC_set=
ac_cv_env_WINDMC_value=
ac_cv_env_WINDRES_FOR_TARGET_set=
ac_cv_env_WINDRES_FOR_TARGET_value=
ac_cv_env_WINDRES_set=
ac_cv_env_WINDRES_value=
ac_cv_env_build_alias_set=set
ac_cv_env_build_alias_value=x86_64-redhat-linux
ac_cv_env_host_alias_set=set
ac_cv_env_host_alias_value=x86_64-redhat-linux
ac_cv_env_target_alias_set=set
ac_cv_env_target_alias_value=arm-openwrt-linux-uclibcgnueabi
ac_cv_host=x86_64-redhat-linux-gnu
ac_cv_objext=o
ac_cv_path_SED=/home/fdkit/GPL-AirCam-v1.2/openwrt/staging_dir/host/bin/sed
ac_cv_path_install='/usr/bin/install -c'
ac_cv_prog_AR=ar
ac_cv_prog_AS=as
ac_cv_prog_AWK=gawk
ac_cv_prog_BISON=bison
ac_cv_prog_CC=x86_64-redhat-linux-gcc
ac_cv_prog_CXX=x86_64-redhat-linux-g++
ac_cv_prog_FLEX=flex
ac_cv_prog_LD=ld
ac_cv_prog_LEX=flex
ac_cv_prog_M4=m4
ac_cv_prog_NM=nm
ac_cv_prog_OBJCOPY=objcopy
ac_cv_prog_OBJDUMP=objdump
ac_cv_prog_RANLIB=ranlib
ac_cv_prog_STRIP=strip
ac_cv_prog_YACC='bison -y'
ac_cv_prog_cc_c89=
ac_cv_prog_cc_g=yes
ac_cv_prog_cxx_g=yes
ac_cv_target=arm-openwrt-linux-uclibcgnueabi
acx_cv_cc_gcc_supports_ada=no
acx_cv_prog_LN=ln
gcc_cv_prog_cmp_skip='cmp --ignore-initial=16 $$f1 $$f2'
gcc_cv_tool_dirs=
gcc_cv_tool_prefix=/home/fdkit/GPL-AirCam-v1.2/openwrt/staging_dir/toolchain-arm_v5te_gcc-linaro_uClibc-0.9.32_eabi

## ----------------- ##
## Output variables. ##
## ----------------- ##

AR='ar'
AR_FOR_BUILD='$(AR)'
AR_FOR_TARGET='$$r/$(HOST_SUBDIR)/binutils/ar'
AS='as'
AS_FOR_BUILD='$(AS)'
AS_FOR_TARGET='$$r/$(HOST_SUBDIR)/gas/as-new'
AWK='gawk'
BISON='bison'
CC='x86_64-redhat-linux-gcc'
CC_FOR_BUILD='$(CC)'
CC_FOR_TARGET='arm-openwrt-linux-uclibcgnueabi-cc'
CFLAGS=''
CFLAGS_FOR_BUILD=''
CFLAGS_FOR_TARGET='-g '
COMPILER_AS_FOR_TARGET='$(AS_FOR_TARGET)'
COMPILER_LD_FOR_TARGET='$(LD_FOR_TARGET)'
COMPILER_NM_FOR_TARGET='$(NM_FOR_TARGET)'
CONFIGURE_GDB_TK=''
CPPFLAGS=''
CXX='x86_64-redhat-linux-g++'
CXXFLAGS='-g -O2'
CXXFLAGS_FOR_BUILD='-g -O2'
CXXFLAGS_FOR_TARGET='-g -O2'
CXX_FOR_BUILD='$(CXX)'
CXX_FOR_TARGET='arm-openwrt-linux-uclibcgnueabi-c++'
DEBUG_PREFIX_CFLAGS_FOR_TARGET=''
DEFS='-DPACKAGE_NAME=\"\" -DPACKAGE_TARNAME=\"\" -DPACKAGE_VERSION=\"\" -DPACKAGE_STRING=\"\" -DPACKAGE_BUGREPORT=\"\" -DPACKAGE_URL=\"\"'
DLLTOOL='dlltool'
DLLTOOL_FOR_BUILD='$(DLLTOOL)'
DLLTOOL_FOR_TARGET='$$r/$(HOST_SUBDIR)/binutils/dlltool'
ECHO_C=''
ECHO_N='-n'
ECHO_T=''
EXEEXT=''
EXPECT='expect'
FLAGS_FOR_TARGET=' -L$$r/$(HOST_SUBDIR)/ld'
FLEX='flex'
GCC_FOR_TARGET='arm-openwrt-linux-uclibcgnueabi-gcc'
GCC_SHLIB_SUBDIR=''
GCJ_FOR_BUILD='$(GCJ)'
GCJ_FOR_TARGET='arm-openwrt-linux-uclibcgnueabi-gcj'
GDB_TK=''
GFORTRAN_FOR_BUILD='$(GFORTRAN)'
GFORTRAN_FOR_TARGET='arm-openwrt-linux-uclibcgnueabi-gfortran'
GNATBIND='no'
GNATMAKE='no'
INSTALL_DATA='${INSTALL} -m 644'
INSTALL_GDB_TK=''
INSTALL_PROGRAM='${INSTALL}'
INSTALL_SCRIPT='${INSTALL}'
LD='ld'
LDFLAGS=''
LDFLAGS_FOR_BUILD=''
LD_FOR_BUILD='$(LD)'
LD_FOR_TARGET='$$r/$(HOST_SUBDIR)/ld/ld-new'
LEX='flex'
LIBOBJS=''
LIBS=''
LIPO='lipo'
LIPO_FOR_TARGET='arm-openwrt-linux-uclibcgnueabi-lipo'
LN='ln'
LN_S='ln -s'
LTLIBOBJS=''
M4='m4'
MAINT='#'
MAINTAINER_MODE_FALSE=''
MAINTAINER_MODE_TRUE='#'
MAKEINFO='/home/fdkit/GPL-AirCam-v1.2/openwrt/build_dir/toolchain-arm_v5te_gcc-linaro_uClibc-0.9.32_eabi/binutils-2.20.1/missing makeinfo'
NM='nm'
NM_FOR_BUILD='$(NM)'
NM_FOR_TARGET='$$r/$(HOST_SUBDIR)/binutils/nm-new'
OBJCOPY='objcopy'
OBJDUMP='objdump'
OBJDUMP_FOR_TARGET='$$r/$(HOST_SUBDIR)/binutils/objdump'
OBJEXT='o'
PACKAGE_BUGREPORT=''
PACKAGE_NAME=''
PACKAGE_STRING=''
PACKAGE_TARNAME=''
PACKAGE_URL=''
PACKAGE_VERSION=''
PATH_SEPARATOR=':'
RANLIB='ranlib'
RANLIB_FOR_BUILD='$(RANLIB)'
RANLIB_FOR_TARGET='$$r/$(HOST_SUBDIR)/binutils/ranlib'
RAW_CXX_FOR_TARGET='arm-openwrt-linux-uclibcgnueabi-c++'
RPATH_ENVVAR='LD_LIBRARY_PATH'
RUNTEST='runtest'
SED='/home/fdkit/GPL-AirCam-v1.2/openwrt/staging_dir/host/bin/sed'
SHELL='/bin/sh'
STRIP='strip'
STRIP_FOR_TARGET='$$r/$(HOST_SUBDIR)/binutils/strip'
SYSROOT_CFLAGS_FOR_TARGET=''
TOPLEVEL_CONFIGURE_ARGUMENTS='./configure --prefix=/home/fdkit/GPL-AirCam-v1.2/openwrt/staging_dir/toolchain-arm_v5te_gcc-linaro_uClibc-0.9.32_eabi --build=x86_64-redhat-linux --host=x86_64-redhat-linux --target=arm-openwrt-linux-uclibcgnueabi --with-sysroot=/home/fdkit/GPL-AirCam-v1.2/openwrt/staging_dir/toolchain-arm_v5te_gcc-linaro_uClibc-0.9.32_eabi --disable-multilib --disable-werror --disable-nls --with-float=soft --disable-libssp'
WINDMC='windmc'
WINDMC_FOR_BUILD='$(WINDMC)'
WINDMC_FOR_TARGET='$$r/$(HOST_SUBDIR)/binutils/windmc'
WINDRES='windres'
WINDRES_FOR_BUILD='$(WINDRES)'
WINDRES_FOR_TARGET='$$r/$(HOST_SUBDIR)/binutils/windres'
YACC='bison -y'
ac_ct_CC=''
ac_ct_CXX=''
bindir='${exec_prefix}/bin'
build='x86_64-redhat-linux-gnu'
build_alias='x86_64-redhat-linux'
build_configargs='--cache-file=../config.cache '\''--prefix=/home/fdkit/GPL-AirCam-v1.2/openwrt/staging_dir/toolchain-arm_v5te_gcc-linaro_uClibc-0.9.32_eabi'\'' '\''--with-sysroot=/home/fdkit/GPL-AirCam-v1.2/openwrt/staging_dir/toolchain-arm_v5te_gcc-linaro_uClibc-0.9.32_eabi'\'' '\''--disable-multilib'\'' '\''--disable-werror'\'' '\''--disable-nls'\'' '\''--with-float=soft'\'' '\''--disable-libssp'\'' --program-transform-name='\''s&^&arm-openwrt-linux-uclibcgnueabi-&'\'' --disable-option-checking'
build_configdirs=' libiberty'
build_cpu='x86_64'
build_libsubdir='build-x86_64-redhat-linux'
build_noncanonical='x86_64-redhat-linux'
build_os='linux-gnu'
build_subdir='build-x86_64-redhat-linux'
build_tooldir='${exec_prefix}/arm-openwrt-linux-uclibcgnueabi'
build_vendor='redhat'
clooginc=''
clooglibs=''
compare_exclusions='gcc/cc*-checksum$(objext) | gcc/ada/*tools/*'
config_shell='/bin/sh'
configdirs=' intl libiberty opcodes bfd binutils gas ld gprof etc'
datadir='${datarootdir}'
datarootdir='${prefix}/share'
do_compare='cmp --ignore-initial=16 $$f1 $$f2'
docdir='${datarootdir}/doc/${PACKAGE}'
dvidir='${docdir}'
exec_prefix='${prefix}'
extra_mpc_gmp_configure_flags=''
extra_mpc_mpfr_configure_flags=''
extra_mpfr_configure_flags=''
gmpinc=' '
gmplibs=' -lmpfr -lgmp'
host='x86_64-redhat-linux-gnu'
host_alias='x86_64-redhat-linux'
host_configargs='--cache-file=./config.cache  --with-gnu-as --with-gnu-ld '\''--prefix=/home/fdkit/GPL-AirCam-v1.2/openwrt/staging_dir/toolchain-arm_v5te_gcc-linaro_uClibc-0.9.32_eabi'\'' '\''--with-sysroot=/home/fdkit/GPL-AirCam-v1.2/openwrt/staging_dir/toolchain-arm_v5te_gcc-linaro_uClibc-0.9.32_eabi'\'' '\''--disable-multilib'\'' '\''--disable-werror'\'' '\''--disable-nls'\'' '\''--with-float=soft'\'' '\''--disable-libssp'\'' --program-transform-name='\''s&^&arm-openwrt-linux-uclibcgnueabi-&'\'' --disable-option-checking'
host_cpu='x86_64'
host_noncanonical='x86_64-redhat-linux'
host_os='linux-gnu'
host_subdir='.'
host_vendor='redhat'
htmldir='${docdir}'
includedir='${prefix}/include'
infodir='${datarootdir}/info'
libdir='${exec_prefix}/lib'
libexecdir='${exec_prefix}/libexec'
localedir='${datarootdir}/locale'
localstatedir='${prefix}/var'
mandir='${datarootdir}/man'
oldincludedir='/usr/include'
pdfdir='${docdir}'
poststage1_ldflags=''
poststage1_libs=''
pplinc=''
ppllibs=''
prefix='/home/fdkit/GPL-AirCam-v1.2/openwrt/staging_dir/toolchain-arm_v5te_gcc-linaro_uClibc-0.9.32_eabi'
program_transform_name='s&^&arm-openwrt-linux-uclibcgnueabi-&'
psdir='${docdir}'
sbindir='${exec_prefix}/sbin'
sharedstatedir='${prefix}/com'
stage1_cflags='-g -fkeep-inline-functions'
stage1_checking='--enable-checking=yes,types'
stage1_languages=',c,'
stage1_ldflags=''
stage1_libs=''
stage2_werror_flag=''
sysconfdir='${prefix}/etc'
target='arm-openwrt-linux-uclibcgnueabi'
target_alias='arm-openwrt-linux-uclibcgnueabi'
target_configargs='--cache-file=./config.cache --with-cross-host=x86_64-redhat-linux '\''--prefix=/home/fdkit/GPL-AirCam-v1.2/openwrt/staging_dir/toolchain-arm_v5te_gcc-linaro_uClibc-0.9.32_eabi'\'' '\''--with-sysroot=/home/fdkit/GPL-AirCam-v1.2/openwrt/staging_dir/toolchain-arm_v5te_gcc-linaro_uClibc-0.9.32_eabi'\'' '\''--disable-multilib'\'' '\''--disable-werror'\'' '\''--disable-nls'\'' '\''--with-float=soft'\'' '\''--disable-libssp'\'' --program-transform-name='\''s&^&arm-openwrt-linux-uclibcgnueabi-&'\'' --disable-option-checking'
target_cpu='arm'
target_noncanonical='arm-openwrt-linux-uclibcgnueabi'
target_os='linux-uclibcgnueabi'
target_subdir='arm-openwrt-linux-uclibcgnueabi'
target_vendor='openwrt'
tooldir='${exec_prefix}/arm-openwrt-linux-uclibcgnueabi'

## ------------------- ##
## File substitutions. ##
## ------------------- ##

alphaieee_frag='/dev/null'
host_makefile_frag='/dev/null'
ospace_frag='/dev/null'
serialization_dependencies='serdep.tmp'
target_makefile_frag='./config/mt-gnu'

## ----------- ##
## confdefs.h. ##
## ----------- ##

/* confdefs.h */
#define PACKAGE_NAME ""
#define PACKAGE_TARNAME ""
#define PACKAGE_VERSION ""
#define PACKAGE_STRING ""
#define PACKAGE_BUGREPORT ""
#define PACKAGE_URL ""

configure: exit 0
