This file contains any messages produced by compilers while
running configure, to aid debugging if configure makes a mistake.

It was created by configure, which was
generated by GNU Autoconf 2.64.  Invocation command line was

  $ /home/fdkit/GPL-AirCam-v1.2/openwrt/build_dir/toolchain-arm_v5te_gcc-linaro_uClibc-0.9.32_eabi/binutils-2.20.1/bfd/configure --cache-file=./config.cache --with-gnu-as --with-gnu-ld --prefix=/home/fdkit/GPL-AirCam-v1.2/openwrt/staging_dir/toolchain-arm_v5te_gcc-linaro_uClibc-0.9.32_eabi --with-sysroot=/home/fdkit/GPL-AirCam-v1.2/openwrt/staging_dir/toolchain-arm_v5te_gcc-linaro_uClibc-0.9.32_eabi --disable-multilib --disable-werror --disable-nls --with-float=soft --disable-libssp --program-transform-name=s&^&arm-openwrt-linux-uclibcgnueabi-& --disable-option-checking --build=x86_64-redhat-linux --host=x86_64-redhat-linux --target=arm-openwrt-linux-uclibcgnueabi --srcdir=.././bfd

## --------- ##
## Platform. ##
## --------- ##

hostname = discordy
uname -m = x86_64
uname -r = 2.6.32-358.6.2.el6.x86_64
uname -s = Linux
uname -v = #1 SMP Thu May 16 20:59:36 UTC 2013

/usr/bin/uname -p = unknown
/bin/uname -X     = unknown

/bin/arch              = x86_64
/usr/bin/arch -k       = unknown
/usr/convex/getsysinfo = unknown
/usr/bin/hostinfo      = unknown
/bin/machine           = unknown
/usr/bin/oslevel       = unknown
/bin/universe          = unknown

PATH: /home/fdkit/GPL-AirCam-v1.2/openwrt/staging_dir/toolchain-arm_v5te_gcc-linaro_uClibc-0.9.32_eabi/bin
PATH: /home/fdkit/GPL-AirCam-v1.2/openwrt/staging_dir/host/bin
PATH: /home/fdkit/GPL-AirCam-v1.2/openwrt/staging_dir/toolchain-arm_v5te_gcc-linaro_uClibc-0.9.32_eabi/bin
PATH: /home/fdkit/GPL-AirCam-v1.2/openwrt/staging_dir/host/bin
PATH: /home/fdkit/GPL-AirCam-v1.2/openwrt/staging_dir/toolchain-arm_v5te_gcc-linaro_uClibc-0.9.32_eabi/bin
PATH: /home/fdkit/GPL-AirCam-v1.2/openwrt/staging_dir/host/bin
PATH: /usr/local/bin
PATH: /bin
PATH: /usr/bin
PATH: /usr/local/sbin
PATH: /usr/sbin
PATH: /sbin
PATH: /home/fdkit/bin


## ----------- ##
## Core tests. ##
## ----------- ##

configure:2585: creating cache ./config.cache
configure:2690: checking build system type
configure:2704: result: x86_64-redhat-linux-gnu
configure:2724: checking host system type
configure:2737: result: x86_64-redhat-linux-gnu
configure:2757: checking target system type
configure:2770: result: arm-openwrt-linux-uclibcgnueabi
configure:2804: checking for x86_64-redhat-linux-gcc
configure:2831: result: x86_64-redhat-linux-gcc
configure:3100: checking for C compiler version
configure:3109: x86_64-redhat-linux-gcc --version >&5
x86_64-redhat-linux-gcc (GCC) 4.4.7 20120313 (Red Hat 4.4.7-3)
Copyright (C) 2010 Free Software Foundation, Inc.
This is free software; see the source for copying conditions.  There is NO
warranty; not even for MERCHANTABILITY or FITNESS FOR A PARTICULAR PURPOSE.

configure:3120: $? = 0
configure:3109: x86_64-redhat-linux-gcc -v >&5
Using built-in specs.
Target: x86_64-redhat-linux
Configured with: ../configure --prefix=/usr --mandir=/usr/share/man --infodir=/usr/share/info --with-bugurl=http://bugzilla.redhat.com/bugzilla --enable-bootstrap --enable-shared --enable-threads=posix --enable-checking=release --with-system-zlib --enable-__cxa_atexit --disable-libunwind-exceptions --enable-gnu-unique-object --enable-languages=c,c++,objc,obj-c++,java,fortran,ada --enable-java-awt=gtk --disable-dssi --with-java-home=/usr/lib/jvm/java-1.5.0-gcj-1.5.0.0/jre --enable-libgcj-multifile --enable-java-maintainer-mode --with-ecj-jar=/usr/share/java/eclipse-ecj.jar --disable-libjava-multilib --with-ppl --with-cloog --with-tune=generic --with-arch_32=i686 --build=x86_64-redhat-linux
Thread model: posix
gcc version 4.4.7 20120313 (Red Hat 4.4.7-3) (GCC) 
configure:3120: $? = 0
configure:3109: x86_64-redhat-linux-gcc -V >&5
x86_64-redhat-linux-gcc: '-V' option must have argument
configure:3120: $? = 1
configure:3109: x86_64-redhat-linux-gcc -qversion >&5
x86_64-redhat-linux-gcc: unrecognized option '-qversion'
x86_64-redhat-linux-gcc: no input files
configure:3120: $? = 1
configure:3140: checking for C compiler default output file name
configure:3162: x86_64-redhat-linux-gcc     conftest.c  >&5
configure:3166: $? = 0
configure:3203: result: a.out
configure:3219: checking whether the C compiler works
configure:3228: ./a.out
configure:3232: $? = 0
configure:3247: result: yes
configure:3254: checking whether we are cross compiling
configure:3256: result: no
configure:3259: checking for suffix of executables
configure:3266: x86_64-redhat-linux-gcc -o conftest     conftest.c  >&5
configure:3270: $? = 0
configure:3292: result: 
configure:3298: checking for suffix of object files
configure:3320: x86_64-redhat-linux-gcc -c   conftest.c >&5
configure:3324: $? = 0
configure:3345: result: o
configure:3349: checking whether we are using the GNU C compiler
configure:3368: x86_64-redhat-linux-gcc -c   conftest.c >&5
configure:3368: $? = 0
configure:3377: result: yes
configure:3386: checking whether x86_64-redhat-linux-gcc accepts -g
configure:3406: x86_64-redhat-linux-gcc -c -g  conftest.c >&5
configure:3406: $? = 0
configure:3447: result: yes
configure:3464: checking for x86_64-redhat-linux-gcc option to accept ISO C89
configure:3528: x86_64-redhat-linux-gcc  -c   conftest.c >&5
configure:3528: $? = 0
configure:3541: result: none needed
configure:3562: checking for library containing strerror
configure:3593: x86_64-redhat-linux-gcc -o conftest     conftest.c  >&5
configure:3593: $? = 0
configure:3610: result: none required
configure:3635: checking for a BSD-compatible install
configure:3703: result: /usr/bin/install -c
configure:3714: checking whether build environment is sane
configure:3764: result: yes
configure:3905: checking for a thread-safe mkdir -p
configure:3944: result: /bin/mkdir -p
configure:3957: checking for gawk
configure:3984: result: gawk
configure:3995: checking whether make sets $(MAKE)
configure:4017: result: yes
configure:4047: checking for style of include used by make
configure:4075: result: GNU
configure:4160: checking dependency style of x86_64-redhat-linux-gcc
configure:4270: result: gcc3
configure:4290: checking for x86_64-redhat-linux-ar
configure:4317: result: ar
configure:4382: checking for x86_64-redhat-linux-ranlib
configure:4409: result: ranlib
configure:4512: checking for x86_64-redhat-linux-gcc
configure:4539: result: x86_64-redhat-linux-gcc
configure:4808: checking for C compiler version
configure:4817: x86_64-redhat-linux-gcc --version >&5
x86_64-redhat-linux-gcc (GCC) 4.4.7 20120313 (Red Hat 4.4.7-3)
Copyright (C) 2010 Free Software Foundation, Inc.
This is free software; see the source for copying conditions.  There is NO
warranty; not even for MERCHANTABILITY or FITNESS FOR A PARTICULAR PURPOSE.

configure:4828: $? = 0
configure:4817: x86_64-redhat-linux-gcc -v >&5
Using built-in specs.
Target: x86_64-redhat-linux
Configured with: ../configure --prefix=/usr --mandir=/usr/share/man --infodir=/usr/share/info --with-bugurl=http://bugzilla.redhat.com/bugzilla --enable-bootstrap --enable-shared --enable-threads=posix --enable-checking=release --with-system-zlib --enable-__cxa_atexit --disable-libunwind-exceptions --enable-gnu-unique-object --enable-languages=c,c++,objc,obj-c++,java,fortran,ada --enable-java-awt=gtk --disable-dssi --with-java-home=/usr/lib/jvm/java-1.5.0-gcj-1.5.0.0/jre --enable-libgcj-multifile --enable-java-maintainer-mode --with-ecj-jar=/usr/share/java/eclipse-ecj.jar --disable-libjava-multilib --with-ppl --with-cloog --with-tune=generic --with-arch_32=i686 --build=x86_64-redhat-linux
Thread model: posix
gcc version 4.4.7 20120313 (Red Hat 4.4.7-3) (GCC) 
configure:4828: $? = 0
configure:4817: x86_64-redhat-linux-gcc -V >&5
x86_64-redhat-linux-gcc: '-V' option must have argument
configure:4828: $? = 1
configure:4817: x86_64-redhat-linux-gcc -qversion >&5
x86_64-redhat-linux-gcc: unrecognized option '-qversion'
x86_64-redhat-linux-gcc: no input files
configure:4828: $? = 1
configure:4832: checking whether we are using the GNU C compiler
configure:4860: result: yes
configure:4869: checking whether x86_64-redhat-linux-gcc accepts -g
configure:4930: result: yes
configure:4947: checking for x86_64-redhat-linux-gcc option to accept ISO C89
configure:5024: result: none needed
configure:5049: checking how to run the C preprocessor
configure:5080: x86_64-redhat-linux-gcc -E  conftest.c
configure:5080: $? = 0
configure:5094: x86_64-redhat-linux-gcc -E  conftest.c
conftest.c:11:28: error: ac_nonexistent.h: No such file or directory
configure:5094: $? = 1
configure: failed program was:
| /* confdefs.h */
| #define PACKAGE_NAME ""
| #define PACKAGE_TARNAME ""
| #define PACKAGE_VERSION ""
| #define PACKAGE_STRING ""
| #define PACKAGE_BUGREPORT ""
| #define PACKAGE_URL ""
| #define PACKAGE "bfd"
| #define VERSION "2.20.1"
| /* end confdefs.h.  */
| #include <ac_nonexistent.h>
configure:5119: result: x86_64-redhat-linux-gcc -E
configure:5139: x86_64-redhat-linux-gcc -E  conftest.c
configure:5139: $? = 0
configure:5153: x86_64-redhat-linux-gcc -E  conftest.c
conftest.c:11:28: error: ac_nonexistent.h: No such file or directory
configure:5153: $? = 1
configure: failed program was:
| /* confdefs.h */
| #define PACKAGE_NAME ""
| #define PACKAGE_TARNAME ""
| #define PACKAGE_VERSION ""
| #define PACKAGE_STRING ""
| #define PACKAGE_BUGREPORT ""
| #define PACKAGE_URL ""
| #define PACKAGE "bfd"
| #define VERSION "2.20.1"
| /* end confdefs.h.  */
| #include <ac_nonexistent.h>
configure:5182: checking for grep that handles long lines and -e
configure:5240: result: /bin/grep
configure:5245: checking for egrep
configure:5307: result: /bin/grep -E
configure:5312: checking for ANSI C header files
configure:5332: x86_64-redhat-linux-gcc -c   conftest.c >&5
configure:5332: $? = 0
configure:5405: x86_64-redhat-linux-gcc -o conftest     conftest.c  >&5
configure:5405: $? = 0
configure:5405: ./conftest
configure:5405: $? = 0
configure:5416: result: yes
configure:5429: checking for sys/types.h
configure:5429: x86_64-redhat-linux-gcc -c   conftest.c >&5
configure:5429: $? = 0
configure:5429: result: yes
configure:5429: checking for sys/stat.h
configure:5429: x86_64-redhat-linux-gcc -c   conftest.c >&5
configure:5429: $? = 0
configure:5429: result: yes
configure:5429: checking for stdlib.h
configure:5429: x86_64-redhat-linux-gcc -c   conftest.c >&5
configure:5429: $? = 0
configure:5429: result: yes
configure:5429: checking for string.h
configure:5429: x86_64-redhat-linux-gcc -c   conftest.c >&5
configure:5429: $? = 0
configure:5429: result: yes
configure:5429: checking for memory.h
configure:5429: x86_64-redhat-linux-gcc -c   conftest.c >&5
configure:5429: $? = 0
configure:5429: result: yes
configure:5429: checking for strings.h
configure:5429: x86_64-redhat-linux-gcc -c   conftest.c >&5
configure:5429: $? = 0
configure:5429: result: yes
configure:5429: checking for inttypes.h
configure:5429: x86_64-redhat-linux-gcc -c   conftest.c >&5
configure:5429: $? = 0
configure:5429: result: yes
configure:5429: checking for stdint.h
configure:5429: x86_64-redhat-linux-gcc -c   conftest.c >&5
configure:5429: $? = 0
configure:5429: result: yes
configure:5429: checking for unistd.h
configure:5429: x86_64-redhat-linux-gcc -c   conftest.c >&5
configure:5429: $? = 0
configure:5429: result: yes
configure:5443: checking minix/config.h usability
configure:5443: x86_64-redhat-linux-gcc -c   conftest.c >&5
conftest.c:54:26: error: minix/config.h: No such file or directory
configure:5443: $? = 1
configure: failed program was:
| /* confdefs.h */
| #define PACKAGE_NAME ""
| #define PACKAGE_TARNAME ""
| #define PACKAGE_VERSION ""
| #define PACKAGE_STRING ""
| #define PACKAGE_BUGREPORT ""
| #define PACKAGE_URL ""
| #define PACKAGE "bfd"
| #define VERSION "2.20.1"
| #define STDC_HEADERS 1
| #define HAVE_SYS_TYPES_H 1
| #define HAVE_SYS_STAT_H 1
| #define HAVE_STDLIB_H 1
| #define HAVE_STRING_H 1
| #define HAVE_MEMORY_H 1
| #define HAVE_STRINGS_H 1
| #define HAVE_INTTYPES_H 1
| #define HAVE_STDINT_H 1
| #define HAVE_UNISTD_H 1
| /* end confdefs.h.  */
| #include <stdio.h>
| #ifdef HAVE_SYS_TYPES_H
| # include <sys/types.h>
| #endif
| #ifdef HAVE_SYS_STAT_H
| # include <sys/stat.h>
| #endif
| #ifdef STDC_HEADERS
| # include <stdlib.h>
| # include <stddef.h>
| #else
| # ifdef HAVE_STDLIB_H
| #  include <stdlib.h>
| # endif
| #endif
| #ifdef HAVE_STRING_H
| # if !defined STDC_HEADERS && defined HAVE_MEMORY_H
| #  include <memory.h>
| # endif
| # include <string.h>
| #endif
| #ifdef HAVE_STRINGS_H
| # include <strings.h>
| #endif
| #ifdef HAVE_INTTYPES_H
| # include <inttypes.h>
| #endif
| #ifdef HAVE_STDINT_H
| # include <stdint.h>
| #endif
| #ifdef HAVE_UNISTD_H
| # include <unistd.h>
| #endif
| #include <minix/config.h>
configure:5443: result: no
configure:5443: checking minix/config.h presence
configure:5443: x86_64-redhat-linux-gcc -E  conftest.c
conftest.c:21:26: error: minix/config.h: No such file or directory
configure:5443: $? = 1
configure: failed program was:
| /* confdefs.h */
| #define PACKAGE_NAME ""
| #define PACKAGE_TARNAME ""
| #define PACKAGE_VERSION ""
| #define PACKAGE_STRING ""
| #define PACKAGE_BUGREPORT ""
| #define PACKAGE_URL ""
| #define PACKAGE "bfd"
| #define VERSION "2.20.1"
| #define STDC_HEADERS 1
| #define HAVE_SYS_TYPES_H 1
| #define HAVE_SYS_STAT_H 1
| #define HAVE_STDLIB_H 1
| #define HAVE_STRING_H 1
| #define HAVE_MEMORY_H 1
| #define HAVE_STRINGS_H 1
| #define HAVE_INTTYPES_H 1
| #define HAVE_STDINT_H 1
| #define HAVE_UNISTD_H 1
| /* end confdefs.h.  */
| #include <minix/config.h>
configure:5443: result: no
configure:5443: checking for minix/config.h
configure:5443: result: no
configure:5464: checking whether it is safe to define __EXTENSIONS__
configure:5482: x86_64-redhat-linux-gcc -c   conftest.c >&5
configure:5482: $? = 0
configure:5489: result: yes
configure:5531: checking for a sed that does not truncate output
configure:5595: result: /home/fdkit/GPL-AirCam-v1.2/openwrt/staging_dir/host/bin/sed
configure:5613: checking for fgrep
configure:5675: result: /bin/grep -F
configure:5710: checking for ld used by x86_64-redhat-linux-gcc
configure:5777: result: ld
configure:5784: checking if the linker (ld) is GNU ld
configure:5799: result: yes
configure:5811: checking for BSD- or MS-compatible name lister (nm)
configure:5860: result: nm
configure:5978: checking the name lister (nm) interface
configure:5985: x86_64-redhat-linux-gcc -c   conftest.c >&5
configure:5988: nm "conftest.o"
configure:5991: output
0000000000000000 B some_variable
configure:5998: result: BSD nm
configure:6001: checking whether ln -s works
configure:6005: result: yes
configure:6013: checking the maximum length of command line arguments
configure:6133: result: 1966080
configure:6150: checking whether the shell understands some XSI constructs
configure:6160: result: yes
configure:6164: checking whether the shell understands "+="
configure:6170: result: yes
configure:6205: checking for ld option to reload object files
configure:6212: result: -r
configure:6241: checking for x86_64-redhat-linux-objdump
configure:6268: result: objdump
configure:6340: checking how to recognize dependent libraries
configure:6536: result: pass_all
configure:6556: checking for x86_64-redhat-linux-ar
configure:6583: result: ar
configure:6661: checking for x86_64-redhat-linux-strip
configure:6691: result: no
configure:6701: checking for strip
configure:6717: found /usr/bin/strip
configure:6728: result: strip
configure:6760: checking for x86_64-redhat-linux-ranlib
configure:6787: result: ranlib
configure:6917: checking command to parse nm output from x86_64-redhat-linux-gcc object
configure:7035: x86_64-redhat-linux-gcc -c   conftest.c >&5
configure:7038: $? = 0
configure:7042: nm conftest.o \| sed -n -e 's/^.*[	 ]\([ABCDGIRSTW][ABCDGIRSTW]*\)[	 ][	 ]*\([_A-Za-z][_A-Za-z0-9]*\)$/\1 \2 \2/p' \> conftest.nm
configure:7045: $? = 0
configure:7099: x86_64-redhat-linux-gcc -o conftest     conftest.c conftstm.o >&5
configure:7102: $? = 0
configure:7140: result: ok
configure:7235: x86_64-redhat-linux-gcc -c   conftest.c >&5
configure:7238: $? = 0
configure:7945: checking for dlfcn.h
configure:7945: x86_64-redhat-linux-gcc -c   conftest.c >&5
configure:7945: $? = 0
configure:7945: result: yes
configure:8098: checking for objdir
configure:8113: result: .libs
configure:8409: checking if x86_64-redhat-linux-gcc supports -fno-rtti -fno-exceptions
configure:8427: x86_64-redhat-linux-gcc -c   -fno-rtti -fno-exceptions conftest.c >&5
cc1: warning: command line option "-fno-rtti" is valid for C++/ObjC++ but not for C
configure:8431: $? = 0
configure:8444: result: no
configure:8464: checking for x86_64-redhat-linux-gcc option to produce PIC
configure:8736: result: -fPIC -DPIC
configure:8748: checking if x86_64-redhat-linux-gcc PIC flag -fPIC -DPIC works
configure:8766: x86_64-redhat-linux-gcc -c   -fPIC -DPIC -DPIC conftest.c >&5
configure:8770: $? = 0
configure:8783: result: yes
configure:8807: checking if x86_64-redhat-linux-gcc static flag -static works
configure:8835: result: no
configure:8850: checking if x86_64-redhat-linux-gcc supports -c -o file.o
configure:8871: x86_64-redhat-linux-gcc -c   -o out/conftest2.o conftest.c >&5
configure:8875: $? = 0
configure:8897: result: yes
configure:8905: checking if x86_64-redhat-linux-gcc supports -c -o file.o
configure:8952: result: yes
configure:8985: checking whether the x86_64-redhat-linux-gcc linker (ld -m elf_x86_64) supports shared libraries
configure:9971: result: yes
configure:10216: checking dynamic linker characteristics
configure:10654: x86_64-redhat-linux-gcc -o conftest     -Wl,-rpath -Wl,/foo conftest.c  >&5
configure:10654: $? = 0
configure:10876: result: GNU/Linux ld.so
configure:10978: checking how to hardcode library paths into programs
configure:11003: result: immediate
configure:11097: checking for shl_load
configure:11097: x86_64-redhat-linux-gcc -o conftest     conftest.c  >&5
/tmp/cc0WpLAJ.o: In function `main':
conftest.c:(.text+0xa): undefined reference to `shl_load'
collect2: ld returned 1 exit status
configure:11097: $? = 1
configure: failed program was:
| /* confdefs.h */
| #define PACKAGE_NAME ""
| #define PACKAGE_TARNAME ""
| #define PACKAGE_VERSION ""
| #define PACKAGE_STRING ""
| #define PACKAGE_BUGREPORT ""
| #define PACKAGE_URL ""
| #define PACKAGE "bfd"
| #define VERSION "2.20.1"
| #define STDC_HEADERS 1
| #define HAVE_SYS_TYPES_H 1
| #define HAVE_SYS_STAT_H 1
| #define HAVE_STDLIB_H 1
| #define HAVE_STRING_H 1
| #define HAVE_MEMORY_H 1
| #define HAVE_STRINGS_H 1
| #define HAVE_INTTYPES_H 1
| #define HAVE_STDINT_H 1
| #define HAVE_UNISTD_H 1
| #define __EXTENSIONS__ 1
| #define _ALL_SOURCE 1
| #define _GNU_SOURCE 1
| #define _POSIX_PTHREAD_SEMANTICS 1
| #define _TANDEM_SOURCE 1
| #define HAVE_DLFCN_H 1
| #define LT_OBJDIR ".libs/"
| /* end confdefs.h.  */
| /* Define shl_load to an innocuous variant, in case <limits.h> declares shl_load.
|    For example, HP-UX 11i <limits.h> declares gettimeofday.  */
| #define shl_load innocuous_shl_load
| 
| /* System header to define __stub macros and hopefully few prototypes,
|     which can conflict with char shl_load (); below.
|     Prefer <limits.h> to <assert.h> if __STDC__ is defined, since
|     <limits.h> exists even on freestanding compilers.  */
| 
| #ifdef __STDC__
| # include <limits.h>
| #else
| # include <assert.h>
| #endif
| 
| #undef shl_load
| 
| /* Override any GCC internal prototype to avoid an error.
|    Use char because int might match the return type of a GCC
|    builtin and then its argument prototype would still apply.  */
| #ifdef __cplusplus
| extern "C"
| #endif
| char shl_load ();
| /* The GNU C library defines this for functions which it implements
|     to always fail with ENOSYS.  Some functions are actually named
|     something starting with __ and the normal name is an alias.  */
| #if defined __stub_shl_load || defined __stub___shl_load
| choke me
| #endif
| 
| int
| main ()
| {
| return shl_load ();
|   ;
|   return 0;
| }
configure:11097: result: no
configure:11101: checking for shl_load in -ldld
configure:11126: x86_64-redhat-linux-gcc -o conftest     conftest.c -ldld   >&5
/usr/bin/ld: cannot find -ldld
collect2: ld returned 1 exit status
configure:11126: $? = 1
configure: failed program was:
| /* confdefs.h */
| #define PACKAGE_NAME ""
| #define PACKAGE_TARNAME ""
| #define PACKAGE_VERSION ""
| #define PACKAGE_STRING ""
| #define PACKAGE_BUGREPORT ""
| #define PACKAGE_URL ""
| #define PACKAGE "bfd"
| #define VERSION "2.20.1"
| #define STDC_HEADERS 1
| #define HAVE_SYS_TYPES_H 1
| #define HAVE_SYS_STAT_H 1
| #define HAVE_STDLIB_H 1
| #define HAVE_STRING_H 1
| #define HAVE_MEMORY_H 1
| #define HAVE_STRINGS_H 1
| #define HAVE_INTTYPES_H 1
| #define HAVE_STDINT_H 1
| #define HAVE_UNISTD_H 1
| #define __EXTENSIONS__ 1
| #define _ALL_SOURCE 1
| #define _GNU_SOURCE 1
| #define _POSIX_PTHREAD_SEMANTICS 1
| #define _TANDEM_SOURCE 1
| #define HAVE_DLFCN_H 1
| #define LT_OBJDIR ".libs/"
| /* end confdefs.h.  */
| 
| /* Override any GCC internal prototype to avoid an error.
|    Use char because int might match the return type of a GCC
|    builtin and then its argument prototype would still apply.  */
| #ifdef __cplusplus
| extern "C"
| #endif
| char shl_load ();
| int
| main ()
| {
| return shl_load ();
|   ;
|   return 0;
| }
configure:11135: result: no
configure:11140: checking for dlopen
configure:11140: x86_64-redhat-linux-gcc -o conftest     conftest.c  >&5
/tmp/ccff6jOD.o: In function `main':
conftest.c:(.text+0xa): undefined reference to `dlopen'
collect2: ld returned 1 exit status
configure:11140: $? = 1
configure: failed program was:
| /* confdefs.h */
| #define PACKAGE_NAME ""
| #define PACKAGE_TARNAME ""
| #define PACKAGE_VERSION ""
| #define PACKAGE_STRING ""
| #define PACKAGE_BUGREPORT ""
| #define PACKAGE_URL ""
| #define PACKAGE "bfd"
| #define VERSION "2.20.1"
| #define STDC_HEADERS 1
| #define HAVE_SYS_TYPES_H 1
| #define HAVE_SYS_STAT_H 1
| #define HAVE_STDLIB_H 1
| #define HAVE_STRING_H 1
| #define HAVE_MEMORY_H 1
| #define HAVE_STRINGS_H 1
| #define HAVE_INTTYPES_H 1
| #define HAVE_STDINT_H 1
| #define HAVE_UNISTD_H 1
| #define __EXTENSIONS__ 1
| #define _ALL_SOURCE 1
| #define _GNU_SOURCE 1
| #define _POSIX_PTHREAD_SEMANTICS 1
| #define _TANDEM_SOURCE 1
| #define HAVE_DLFCN_H 1
| #define LT_OBJDIR ".libs/"
| /* end confdefs.h.  */
| /* Define dlopen to an innocuous variant, in case <limits.h> declares dlopen.
|    For example, HP-UX 11i <limits.h> declares gettimeofday.  */
| #define dlopen innocuous_dlopen
| 
| /* System header to define __stub macros and hopefully few prototypes,
|     which can conflict with char dlopen (); below.
|     Prefer <limits.h> to <assert.h> if __STDC__ is defined, since
|     <limits.h> exists even on freestanding compilers.  */
| 
| #ifdef __STDC__
| # include <limits.h>
| #else
| # include <assert.h>
| #endif
| 
| #undef dlopen
| 
| /* Override any GCC internal prototype to avoid an error.
|    Use char because int might match the return type of a GCC
|    builtin and then its argument prototype would still apply.  */
| #ifdef __cplusplus
| extern "C"
| #endif
| char dlopen ();
| /* The GNU C library defines this for functions which it implements
|     to always fail with ENOSYS.  Some functions are actually named
|     something starting with __ and the normal name is an alias.  */
| #if defined __stub_dlopen || defined __stub___dlopen
| choke me
| #endif
| 
| int
| main ()
| {
| return dlopen ();
|   ;
|   return 0;
| }
configure:11140: result: no
configure:11144: checking for dlopen in -ldl
configure:11169: x86_64-redhat-linux-gcc -o conftest     conftest.c -ldl   >&5
configure:11169: $? = 0
configure:11178: result: yes
configure:11297: checking whether a program can dlopen itself
configure:11367: x86_64-redhat-linux-gcc -o conftest   -DHAVE_DLFCN_H   -Wl,--export-dynamic conftest.c -ldl  >&5
configure:11370: $? = 0
configure:11388: result: yes
configure:11393: checking whether a statically linked program can dlopen itself
configure:11463: x86_64-redhat-linux-gcc -o conftest   -DHAVE_DLFCN_H   -Wl,--export-dynamic  conftest.c -ldl  >&5
configure:11466: $? = 0
configure:11484: result: yes
configure:11523: checking whether stripping libraries is possible
configure:11528: result: yes
configure:11563: checking if libtool supports shared libraries
configure:11565: result: yes
configure:11568: checking whether to build shared libraries
configure:11589: result: no
configure:11592: checking whether to build static libraries
configure:11596: result: yes
configure:11686: checking for special C compiler options needed for large files
configure:11731: result: no
configure:11737: checking for _FILE_OFFSET_BITS value needed for large files
configure:11762: x86_64-redhat-linux-gcc -c   conftest.c >&5
configure:11762: $? = 0
configure:11794: result: no
configure:12075: checking whether to enable maintainer-specific portions of Makefiles
configure:12084: result: no
configure:12120: checking whether to install libbfd
configure:12133: result: no
configure:12183: checking whether NLS is requested
configure:12186: result: no
configure:12254: checking whether NLS is requested
configure:12263: result: no
configure:12301: checking for msgfmt
configure:12335: result: no
configure:12341: checking for gmsgfmt
configure:12372: result: :
configure:12412: checking for xgettext
configure:12446: result: no
configure:12483: checking for msgmerge
configure:12516: result: no
configure:12566: checking size of long long
configure:12571: x86_64-redhat-linux-gcc -o conftest     conftest.c  >&5
configure:12571: $? = 0
configure:12571: ./conftest
configure:12571: $? = 0
configure:12586: result: 8
configure:12600: checking size of void *
configure:12605: x86_64-redhat-linux-gcc -o conftest     conftest.c  >&5
configure:12605: $? = 0
configure:12605: ./conftest
configure:12605: $? = 0
configure:12620: result: 8
configure:12634: checking size of long
configure:12639: x86_64-redhat-linux-gcc -o conftest     conftest.c  >&5
configure:12639: $? = 0
configure:12639: ./conftest
configure:12639: $? = 0
configure:12654: result: 8
configure:12736: checking alloca.h usability
configure:12736: x86_64-redhat-linux-gcc -c   conftest.c >&5
configure:12736: $? = 0
configure:12736: result: yes
configure:12736: checking alloca.h presence
configure:12736: x86_64-redhat-linux-gcc -E  conftest.c
configure:12736: $? = 0
configure:12736: result: yes
configure:12736: checking for alloca.h
configure:12736: result: yes
configure:12736: checking stddef.h usability
configure:12736: x86_64-redhat-linux-gcc -c   conftest.c >&5
configure:12736: $? = 0
configure:12736: result: yes
configure:12736: checking stddef.h presence
configure:12736: x86_64-redhat-linux-gcc -E  conftest.c
configure:12736: $? = 0
configure:12736: result: yes
configure:12736: checking for stddef.h
configure:12736: result: yes
configure:12736: checking for string.h
configure:12736: result: yes
configure:12736: checking for strings.h
configure:12736: result: yes
configure:12736: checking for stdlib.h
configure:12736: result: yes
configure:12736: checking time.h usability
configure:12736: x86_64-redhat-linux-gcc -c   conftest.c >&5
configure:12736: $? = 0
configure:12736: result: yes
configure:12736: checking time.h presence
configure:12736: x86_64-redhat-linux-gcc -E  conftest.c
configure:12736: $? = 0
configure:12736: result: yes
configure:12736: checking for time.h
configure:12736: result: yes
configure:12736: checking for unistd.h
configure:12736: result: yes
configure:12750: checking fcntl.h usability
configure:12750: x86_64-redhat-linux-gcc -c   conftest.c >&5
configure:12750: $? = 0
configure:12750: result: yes
configure:12750: checking fcntl.h presence
configure:12750: x86_64-redhat-linux-gcc -E  conftest.c
configure:12750: $? = 0
configure:12750: result: yes
configure:12750: checking for fcntl.h
configure:12750: result: yes
configure:12750: checking sys/file.h usability
configure:12750: x86_64-redhat-linux-gcc -c   conftest.c >&5
configure:12750: $? = 0
configure:12750: result: yes
configure:12750: checking sys/file.h presence
configure:12750: x86_64-redhat-linux-gcc -E  conftest.c
configure:12750: $? = 0
configure:12750: result: yes
configure:12750: checking for sys/file.h
configure:12750: result: yes
configure:12750: checking sys/time.h usability
configure:12750: x86_64-redhat-linux-gcc -c   conftest.c >&5
configure:12750: $? = 0
configure:12750: result: yes
configure:12750: checking sys/time.h presence
configure:12750: x86_64-redhat-linux-gcc -E  conftest.c
configure:12750: $? = 0
configure:12750: result: yes
configure:12750: checking for sys/time.h
configure:12750: result: yes
configure:12750: checking for sys/stat.h
configure:12750: result: yes
configure:12774: checking for uintmax_t
configure:12774: x86_64-redhat-linux-gcc -c   conftest.c >&5
configure:12774: $? = 0
configure:12774: x86_64-redhat-linux-gcc -c   conftest.c >&5
conftest.c: In function 'main':
conftest.c:48: error: expected expression before ')' token
configure:12774: $? = 1
configure: failed program was:
| /* confdefs.h */
| #define PACKAGE_NAME ""
| #define PACKAGE_TARNAME ""
| #define PACKAGE_VERSION ""
| #define PACKAGE_STRING ""
| #define PACKAGE_BUGREPORT ""
| #define PACKAGE_URL ""
| #define PACKAGE "bfd"
| #define VERSION "2.20.1"
| #define STDC_HEADERS 1
| #define HAVE_SYS_TYPES_H 1
| #define HAVE_SYS_STAT_H 1
| #define HAVE_STDLIB_H 1
| #define HAVE_STRING_H 1
| #define HAVE_MEMORY_H 1
| #define HAVE_STRINGS_H 1
| #define HAVE_INTTYPES_H 1
| #define HAVE_STDINT_H 1
| #define HAVE_UNISTD_H 1
| #define __EXTENSIONS__ 1
| #define _ALL_SOURCE 1
| #define _GNU_SOURCE 1
| #define _POSIX_PTHREAD_SEMANTICS 1
| #define _TANDEM_SOURCE 1
| #define HAVE_DLFCN_H 1
| #define LT_OBJDIR ".libs/"
| #define SIZEOF_LONG_LONG 8
| #define SIZEOF_VOID_P 8
| #define SIZEOF_LONG 8
| #define HAVE_ALLOCA_H 1
| #define HAVE_STDDEF_H 1
| #define HAVE_STRING_H 1
| #define HAVE_STRINGS_H 1
| #define HAVE_STDLIB_H 1
| #define HAVE_TIME_H 1
| #define HAVE_UNISTD_H 1
| #define HAVE_FCNTL_H 1
| #define HAVE_SYS_FILE_H 1
| #define HAVE_SYS_TIME_H 1
| #define HAVE_SYS_STAT_H 1
| /* end confdefs.h.  */
| #include <sys/types.h>
| #include <stdint.h>
| 
| int
| main ()
| {
| if (sizeof ((uintmax_t)))
| 	    return 0;
|   ;
|   return 0;
| }
configure:12774: result: yes
configure:12783: checking for uintptr_t
configure:12783: x86_64-redhat-linux-gcc -c   conftest.c >&5
configure:12783: $? = 0
configure:12783: x86_64-redhat-linux-gcc -c   conftest.c >&5
conftest.c: In function 'main':
conftest.c:48: error: expected expression before ')' token
configure:12783: $? = 1
configure: failed program was:
| /* confdefs.h */
| #define PACKAGE_NAME ""
| #define PACKAGE_TARNAME ""
| #define PACKAGE_VERSION ""
| #define PACKAGE_STRING ""
| #define PACKAGE_BUGREPORT ""
| #define PACKAGE_URL ""
| #define PACKAGE "bfd"
| #define VERSION "2.20.1"
| #define STDC_HEADERS 1
| #define HAVE_SYS_TYPES_H 1
| #define HAVE_SYS_STAT_H 1
| #define HAVE_STDLIB_H 1
| #define HAVE_STRING_H 1
| #define HAVE_MEMORY_H 1
| #define HAVE_STRINGS_H 1
| #define HAVE_INTTYPES_H 1
| #define HAVE_STDINT_H 1
| #define HAVE_UNISTD_H 1
| #define __EXTENSIONS__ 1
| #define _ALL_SOURCE 1
| #define _GNU_SOURCE 1
| #define _POSIX_PTHREAD_SEMANTICS 1
| #define _TANDEM_SOURCE 1
| #define HAVE_DLFCN_H 1
| #define LT_OBJDIR ".libs/"
| #define SIZEOF_LONG_LONG 8
| #define SIZEOF_VOID_P 8
| #define SIZEOF_LONG 8
| #define HAVE_ALLOCA_H 1
| #define HAVE_STDDEF_H 1
| #define HAVE_STRING_H 1
| #define HAVE_STRINGS_H 1
| #define HAVE_STDLIB_H 1
| #define HAVE_TIME_H 1
| #define HAVE_UNISTD_H 1
| #define HAVE_FCNTL_H 1
| #define HAVE_SYS_FILE_H 1
| #define HAVE_SYS_TIME_H 1
| #define HAVE_SYS_STAT_H 1
| /* end confdefs.h.  */
| #include <sys/types.h>
| #include <stdint.h>
| 
| int
| main ()
| {
| if (sizeof ((uintptr_t)))
| 	    return 0;
|   ;
|   return 0;
| }
configure:12783: result: yes
configure:12792: checking for int_least32_t
configure:12792: x86_64-redhat-linux-gcc -c   conftest.c >&5
configure:12792: $? = 0
configure:12792: x86_64-redhat-linux-gcc -c   conftest.c >&5
conftest.c: In function 'main':
conftest.c:48: error: expected expression before ')' token
configure:12792: $? = 1
configure: failed program was:
| /* confdefs.h */
| #define PACKAGE_NAME ""
| #define PACKAGE_TARNAME ""
| #define PACKAGE_VERSION ""
| #define PACKAGE_STRING ""
| #define PACKAGE_BUGREPORT ""
| #define PACKAGE_URL ""
| #define PACKAGE "bfd"
| #define VERSION "2.20.1"
| #define STDC_HEADERS 1
| #define HAVE_SYS_TYPES_H 1
| #define HAVE_SYS_STAT_H 1
| #define HAVE_STDLIB_H 1
| #define HAVE_STRING_H 1
| #define HAVE_MEMORY_H 1
| #define HAVE_STRINGS_H 1
| #define HAVE_INTTYPES_H 1
| #define HAVE_STDINT_H 1
| #define HAVE_UNISTD_H 1
| #define __EXTENSIONS__ 1
| #define _ALL_SOURCE 1
| #define _GNU_SOURCE 1
| #define _POSIX_PTHREAD_SEMANTICS 1
| #define _TANDEM_SOURCE 1
| #define HAVE_DLFCN_H 1
| #define LT_OBJDIR ".libs/"
| #define SIZEOF_LONG_LONG 8
| #define SIZEOF_VOID_P 8
| #define SIZEOF_LONG 8
| #define HAVE_ALLOCA_H 1
| #define HAVE_STDDEF_H 1
| #define HAVE_STRING_H 1
| #define HAVE_STRINGS_H 1
| #define HAVE_STDLIB_H 1
| #define HAVE_TIME_H 1
| #define HAVE_UNISTD_H 1
| #define HAVE_FCNTL_H 1
| #define HAVE_SYS_FILE_H 1
| #define HAVE_SYS_TIME_H 1
| #define HAVE_SYS_STAT_H 1
| /* end confdefs.h.  */
| #include <sys/types.h>
| #include <stdint.h>
| 
| int
| main ()
| {
| if (sizeof ((int_least32_t)))
| 	    return 0;
|   ;
|   return 0;
| }
configure:12792: result: yes
configure:12801: checking for int_fast32_t
configure:12801: x86_64-redhat-linux-gcc -c   conftest.c >&5
configure:12801: $? = 0
configure:12801: x86_64-redhat-linux-gcc -c   conftest.c >&5
conftest.c: In function 'main':
conftest.c:48: error: expected expression before ')' token
configure:12801: $? = 1
configure: failed program was:
| /* confdefs.h */
| #define PACKAGE_NAME ""
| #define PACKAGE_TARNAME ""
| #define PACKAGE_VERSION ""
| #define PACKAGE_STRING ""
| #define PACKAGE_BUGREPORT ""
| #define PACKAGE_URL ""
| #define PACKAGE "bfd"
| #define VERSION "2.20.1"
| #define STDC_HEADERS 1
| #define HAVE_SYS_TYPES_H 1
| #define HAVE_SYS_STAT_H 1
| #define HAVE_STDLIB_H 1
| #define HAVE_STRING_H 1
| #define HAVE_MEMORY_H 1
| #define HAVE_STRINGS_H 1
| #define HAVE_INTTYPES_H 1
| #define HAVE_STDINT_H 1
| #define HAVE_UNISTD_H 1
| #define __EXTENSIONS__ 1
| #define _ALL_SOURCE 1
| #define _GNU_SOURCE 1
| #define _POSIX_PTHREAD_SEMANTICS 1
| #define _TANDEM_SOURCE 1
| #define HAVE_DLFCN_H 1
| #define LT_OBJDIR ".libs/"
| #define SIZEOF_LONG_LONG 8
| #define SIZEOF_VOID_P 8
| #define SIZEOF_LONG 8
| #define HAVE_ALLOCA_H 1
| #define HAVE_STDDEF_H 1
| #define HAVE_STRING_H 1
| #define HAVE_STRINGS_H 1
| #define HAVE_STDLIB_H 1
| #define HAVE_TIME_H 1
| #define HAVE_UNISTD_H 1
| #define HAVE_FCNTL_H 1
| #define HAVE_SYS_FILE_H 1
| #define HAVE_SYS_TIME_H 1
| #define HAVE_SYS_STAT_H 1
| /* end confdefs.h.  */
| #include <sys/types.h>
| #include <stdint.h>
| 
| int
| main ()
| {
| if (sizeof ((int_fast32_t)))
| 	    return 0;
|   ;
|   return 0;
| }
configure:12801: result: yes
configure:12810: checking for uint64_t
configure:12810: x86_64-redhat-linux-gcc -c   conftest.c >&5
configure:12810: $? = 0
configure:12810: x86_64-redhat-linux-gcc -c   conftest.c >&5
conftest.c: In function 'main':
conftest.c:48: error: expected expression before ')' token
configure:12810: $? = 1
configure: failed program was:
| /* confdefs.h */
| #define PACKAGE_NAME ""
| #define PACKAGE_TARNAME ""
| #define PACKAGE_VERSION ""
| #define PACKAGE_STRING ""
| #define PACKAGE_BUGREPORT ""
| #define PACKAGE_URL ""
| #define PACKAGE "bfd"
| #define VERSION "2.20.1"
| #define STDC_HEADERS 1
| #define HAVE_SYS_TYPES_H 1
| #define HAVE_SYS_STAT_H 1
| #define HAVE_STDLIB_H 1
| #define HAVE_STRING_H 1
| #define HAVE_MEMORY_H 1
| #define HAVE_STRINGS_H 1
| #define HAVE_INTTYPES_H 1
| #define HAVE_STDINT_H 1
| #define HAVE_UNISTD_H 1
| #define __EXTENSIONS__ 1
| #define _ALL_SOURCE 1
| #define _GNU_SOURCE 1
| #define _POSIX_PTHREAD_SEMANTICS 1
| #define _TANDEM_SOURCE 1
| #define HAVE_DLFCN_H 1
| #define LT_OBJDIR ".libs/"
| #define SIZEOF_LONG_LONG 8
| #define SIZEOF_VOID_P 8
| #define SIZEOF_LONG 8
| #define HAVE_ALLOCA_H 1
| #define HAVE_STDDEF_H 1
| #define HAVE_STRING_H 1
| #define HAVE_STRINGS_H 1
| #define HAVE_STDLIB_H 1
| #define HAVE_TIME_H 1
| #define HAVE_UNISTD_H 1
| #define HAVE_FCNTL_H 1
| #define HAVE_SYS_FILE_H 1
| #define HAVE_SYS_TIME_H 1
| #define HAVE_SYS_STAT_H 1
| /* end confdefs.h.  */
| #include <sys/types.h>
| #include <stdint.h>
| 
| int
| main ()
| {
| if (sizeof ((uint64_t)))
| 	    return 0;
|   ;
|   return 0;
| }
configure:12810: result: yes
configure:12891: checking what to include in bfd_stdint.h
configure:12919: result: stdint.h (already complete)
configure:13171: checking whether time.h and sys/time.h may both be included
configure:13191: x86_64-redhat-linux-gcc -c   conftest.c >&5
configure:13191: $? = 0
configure:13198: result: yes
configure:13209: checking for dirent.h that defines DIR
configure:13228: x86_64-redhat-linux-gcc -c   conftest.c >&5
configure:13228: $? = 0
configure:13236: result: yes
configure:13250: checking for library containing opendir
configure:13281: x86_64-redhat-linux-gcc -o conftest     conftest.c  >&5
configure:13281: $? = 0
configure:13298: result: none required
configure:13365: checking whether string.h and strings.h may both be included
configure:13382: x86_64-redhat-linux-gcc -c   conftest.c >&5
configure:13382: $? = 0
configure:13389: result: yes
configure:13400: checking for fcntl
configure:13400: x86_64-redhat-linux-gcc -o conftest     conftest.c  >&5
configure:13400: $? = 0
configure:13400: result: yes
configure:13400: checking for getpagesize
configure:13400: x86_64-redhat-linux-gcc -o conftest     conftest.c  >&5
configure:13400: $? = 0
configure:13400: result: yes
configure:13400: checking for setitimer
configure:13400: x86_64-redhat-linux-gcc -o conftest     conftest.c  >&5
configure:13400: $? = 0
configure:13400: result: yes
configure:13400: checking for sysconf
configure:13400: x86_64-redhat-linux-gcc -o conftest     conftest.c  >&5
configure:13400: $? = 0
configure:13400: result: yes
configure:13400: checking for fdopen
configure:13400: x86_64-redhat-linux-gcc -o conftest     conftest.c  >&5
configure:13400: $? = 0
configure:13400: result: yes
configure:13400: checking for getuid
configure:13400: x86_64-redhat-linux-gcc -o conftest     conftest.c  >&5
configure:13400: $? = 0
configure:13400: result: yes
configure:13400: checking for getgid
configure:13400: x86_64-redhat-linux-gcc -o conftest     conftest.c  >&5
configure:13400: $? = 0
configure:13400: result: yes
configure:13400: checking for fileno
configure:13400: x86_64-redhat-linux-gcc -o conftest     conftest.c  >&5
configure:13400: $? = 0
configure:13400: result: yes
configure:13412: checking for strtoull
configure:13412: x86_64-redhat-linux-gcc -o conftest     conftest.c  >&5
configure:13412: $? = 0
configure:13412: result: yes
configure:13422: checking whether basename is declared
configure:13422: x86_64-redhat-linux-gcc -c   conftest.c >&5
configure:13422: $? = 0
configure:13422: result: yes
configure:13433: checking whether ftello is declared
configure:13433: x86_64-redhat-linux-gcc -c   conftest.c >&5
configure:13433: $? = 0
configure:13433: result: yes
configure:13444: checking whether ftello64 is declared
configure:13444: x86_64-redhat-linux-gcc -c   conftest.c >&5
configure:13444: $? = 0
configure:13444: result: yes
configure:13455: checking whether fseeko is declared
configure:13455: x86_64-redhat-linux-gcc -c   conftest.c >&5
configure:13455: $? = 0
configure:13455: result: yes
configure:13466: checking whether fseeko64 is declared
configure:13466: x86_64-redhat-linux-gcc -c   conftest.c >&5
configure:13466: $? = 0
configure:13466: result: yes
configure:13486: checking whether ffs is declared
configure:13486: x86_64-redhat-linux-gcc -c   conftest.c >&5
configure:13486: $? = 0
configure:13486: result: yes
configure:13497: checking whether free is declared
configure:13497: x86_64-redhat-linux-gcc -c   conftest.c >&5
configure:13497: $? = 0
configure:13497: result: yes
configure:13508: checking whether getenv is declared
configure:13508: x86_64-redhat-linux-gcc -c   conftest.c >&5
configure:13508: $? = 0
configure:13508: result: yes
configure:13519: checking whether malloc is declared
configure:13519: x86_64-redhat-linux-gcc -c   conftest.c >&5
configure:13519: $? = 0
configure:13519: result: yes
configure:13530: checking whether realloc is declared
configure:13530: x86_64-redhat-linux-gcc -c   conftest.c >&5
configure:13530: $? = 0
configure:13530: result: yes
configure:13541: checking whether stpcpy is declared
configure:13541: x86_64-redhat-linux-gcc -c   conftest.c >&5
configure:13541: $? = 0
configure:13541: result: yes
configure:13552: checking whether strstr is declared
configure:13552: x86_64-redhat-linux-gcc -c   conftest.c >&5
configure:13552: $? = 0
configure:13552: result: yes
configure:13563: checking whether snprintf is declared
configure:13563: x86_64-redhat-linux-gcc -c   conftest.c >&5
configure:13563: $? = 0
configure:13563: result: yes
configure:13574: checking whether vsnprintf is declared
configure:13574: x86_64-redhat-linux-gcc -c   conftest.c >&5
configure:13574: $? = 0
configure:13574: result: yes
configure:13588: checking for library containing zlibVersion
configure:13619: x86_64-redhat-linux-gcc -o conftest     conftest.c  >&5
/tmp/ccAy9QDi.o: In function `main':
conftest.c:(.text+0xa): undefined reference to `zlibVersion'
collect2: ld returned 1 exit status
configure:13619: $? = 1
configure: failed program was:
| /* confdefs.h */
| #define PACKAGE_NAME ""
| #define PACKAGE_TARNAME ""
| #define PACKAGE_VERSION ""
| #define PACKAGE_STRING ""
| #define PACKAGE_BUGREPORT ""
| #define PACKAGE_URL ""
| #define PACKAGE "bfd"
| #define VERSION "2.20.1"
| #define STDC_HEADERS 1
| #define HAVE_SYS_TYPES_H 1
| #define HAVE_SYS_STAT_H 1
| #define HAVE_STDLIB_H 1
| #define HAVE_STRING_H 1
| #define HAVE_MEMORY_H 1
| #define HAVE_STRINGS_H 1
| #define HAVE_INTTYPES_H 1
| #define HAVE_STDINT_H 1
| #define HAVE_UNISTD_H 1
| #define __EXTENSIONS__ 1
| #define _ALL_SOURCE 1
| #define _GNU_SOURCE 1
| #define _POSIX_PTHREAD_SEMANTICS 1
| #define _TANDEM_SOURCE 1
| #define HAVE_DLFCN_H 1
| #define LT_OBJDIR ".libs/"
| #define SIZEOF_LONG_LONG 8
| #define SIZEOF_VOID_P 8
| #define SIZEOF_LONG 8
| #define HAVE_ALLOCA_H 1
| #define HAVE_STDDEF_H 1
| #define HAVE_STRING_H 1
| #define HAVE_STRINGS_H 1
| #define HAVE_STDLIB_H 1
| #define HAVE_TIME_H 1
| #define HAVE_UNISTD_H 1
| #define HAVE_FCNTL_H 1
| #define HAVE_SYS_FILE_H 1
| #define HAVE_SYS_TIME_H 1
| #define HAVE_SYS_STAT_H 1
| #define TIME_WITH_SYS_TIME 1
| #define HAVE_DIRENT_H 1
| #define STRING_WITH_STRINGS 1
| #define HAVE_FCNTL 1
| #define HAVE_GETPAGESIZE 1
| #define HAVE_SETITIMER 1
| #define HAVE_SYSCONF 1
| #define HAVE_FDOPEN 1
| #define HAVE_GETUID 1
| #define HAVE_GETGID 1
| #define HAVE_FILENO 1
| #define HAVE_STRTOULL 1
| #define HAVE_DECL_BASENAME 1
| #define HAVE_DECL_FTELLO 1
| #define HAVE_DECL_FTELLO64 1
| #define HAVE_DECL_FSEEKO 1
| #define HAVE_DECL_FSEEKO64 1
| #define HAVE_DECL_FFS 1
| #define HAVE_DECL_FREE 1
| #define HAVE_DECL_GETENV 1
| #define HAVE_DECL_MALLOC 1
| #define HAVE_DECL_REALLOC 1
| #define HAVE_DECL_STPCPY 1
| #define HAVE_DECL_STRSTR 1
| #define HAVE_DECL_SNPRINTF 1
| #define HAVE_DECL_VSNPRINTF 1
| /* end confdefs.h.  */
| 
| /* Override any GCC internal prototype to avoid an error.
|    Use char because int might match the return type of a GCC
|    builtin and then its argument prototype would still apply.  */
| #ifdef __cplusplus
| extern "C"
| #endif
| char zlibVersion ();
| int
| main ()
| {
| return zlibVersion ();
|   ;
|   return 0;
| }
configure:13619: x86_64-redhat-linux-gcc -o conftest     conftest.c -lz   >&5
configure:13619: $? = 0
configure:13636: result: -lz
configure:13643: checking zlib.h usability
configure:13643: x86_64-redhat-linux-gcc -c   conftest.c >&5
configure:13643: $? = 0
configure:13643: result: yes
configure:13643: checking zlib.h presence
configure:13643: x86_64-redhat-linux-gcc -E  conftest.c
configure:13643: $? = 0
configure:13643: result: yes
configure:13643: checking for zlib.h
configure:13643: result: yes
configure:14490: checking linker --as-needed support
configure:14501: result: yes
configure:14592: checking for cos in -lm
configure:14617: x86_64-redhat-linux-gcc -o conftest     conftest.c -lm  -lz  >&5
conftest.c:76: warning: conflicting types for built-in function 'cos'
configure:14617: $? = 0
configure:14626: result: yes
configure:15132: checking for gcc version with buggy 64-bit support
configure:15145: result: no
configure:15183: checking for ftello
configure:15183: x86_64-redhat-linux-gcc -o conftest     conftest.c -lz  >&5
configure:15183: $? = 0
configure:15183: result: yes
configure:15183: checking for ftello64
configure:15183: x86_64-redhat-linux-gcc -o conftest     conftest.c -lz  >&5
configure:15183: $? = 0
configure:15183: result: yes
configure:15183: checking for fseeko
configure:15183: x86_64-redhat-linux-gcc -o conftest     conftest.c -lz  >&5
configure:15183: $? = 0
configure:15183: result: yes
configure:15183: checking for fseeko64
configure:15183: x86_64-redhat-linux-gcc -o conftest     conftest.c -lz  >&5
configure:15183: $? = 0
configure:15183: result: yes
configure:15183: checking for fopen64
configure:15183: x86_64-redhat-linux-gcc -o conftest     conftest.c -lz  >&5
configure:15183: $? = 0
configure:15183: result: yes
configure:15198: checking size of off_t
configure:15203: x86_64-redhat-linux-gcc -o conftest     conftest.c -lz  >&5
configure:15203: $? = 0
configure:15203: ./conftest
configure:15203: $? = 0
configure:15218: result: 8
configure:15229: checking file_ptr type
configure:15238: result: BFD_HOST_64_BIT
configure:15255: checking for stdlib.h
configure:15255: result: yes
configure:15255: checking for unistd.h
configure:15255: result: yes
configure:15268: checking for getpagesize
configure:15268: result: yes
configure:15277: checking for working mmap
configure:15414: x86_64-redhat-linux-gcc -o conftest     conftest.c -lz  >&5
configure:15414: $? = 0
configure:15414: ./conftest
configure:15414: $? = 0
configure:15424: result: yes
configure:15436: checking for madvise
configure:15436: x86_64-redhat-linux-gcc -o conftest     conftest.c -lz  >&5
configure:15436: $? = 0
configure:15436: result: yes
configure:15436: checking for mprotect
configure:15436: x86_64-redhat-linux-gcc -o conftest     conftest.c -lz  >&5
configure:15436: $? = 0
configure:15436: result: yes
configure:15529: updating cache ./config.cache
configure:15598: creating ./config.status

## ---------------------- ##
## Running config.status. ##
## ---------------------- ##

This file was extended by config.status, which was
generated by GNU Autoconf 2.64.  Invocation command line was

  CONFIG_FILES    = 
  CONFIG_HEADERS  = 
  CONFIG_LINKS    = 
  CONFIG_COMMANDS = 
  $ ./config.status 

on discordy

config.status:1214: creating Makefile
config.status:1214: creating doc/Makefile
config.status:1214: creating bfd-in3.h
config.status:1214: creating po/Makefile.in
config.status:1214: creating config.h
config.status:1434: executing depfiles commands
config.status:1434: executing libtool commands
config.status:1434: executing default-1 commands
config.status:1434: executing bfd_stdint.h commands
config.status:1434: executing default commands

## ---------------- ##
## Cache variables. ##
## ---------------- ##

ac_cv_build=x86_64-redhat-linux-gnu
ac_cv_c_compiler_gnu=yes
ac_cv_env_CC_set=set
ac_cv_env_CC_value=x86_64-redhat-linux-gcc
ac_cv_env_CFLAGS_set=set
ac_cv_env_CFLAGS_value=
ac_cv_env_CPPFLAGS_set=
ac_cv_env_CPPFLAGS_value=
ac_cv_env_CPP_set=
ac_cv_env_CPP_value=
ac_cv_env_LDFLAGS_set=set
ac_cv_env_LDFLAGS_value=' '
ac_cv_env_LIBS_set=
ac_cv_env_LIBS_value=
ac_cv_env_build_alias_set=set
ac_cv_env_build_alias_value=x86_64-redhat-linux
ac_cv_env_host_alias_set=set
ac_cv_env_host_alias_value=x86_64-redhat-linux
ac_cv_env_target_alias_set=set
ac_cv_env_target_alias_value=arm-openwrt-linux-uclibcgnueabi
ac_cv_func_dlopen=no
ac_cv_func_fcntl=yes
ac_cv_func_fdopen=yes
ac_cv_func_fileno=yes
ac_cv_func_fopen64=yes
ac_cv_func_fseeko64=yes
ac_cv_func_fseeko=yes
ac_cv_func_ftello64=yes
ac_cv_func_ftello=yes
ac_cv_func_getgid=yes
ac_cv_func_getpagesize=yes
ac_cv_func_getuid=yes
ac_cv_func_madvise=yes
ac_cv_func_mmap_fixed_mapped=yes
ac_cv_func_mprotect=yes
ac_cv_func_setitimer=yes
ac_cv_func_shl_load=no
ac_cv_func_strtoull=yes
ac_cv_func_sysconf=yes
ac_cv_have_decl_basename=yes
ac_cv_have_decl_ffs=yes
ac_cv_have_decl_free=yes
ac_cv_have_decl_fseeko64=yes
ac_cv_have_decl_fseeko=yes
ac_cv_have_decl_ftello64=yes
ac_cv_have_decl_ftello=yes
ac_cv_have_decl_getenv=yes
ac_cv_have_decl_malloc=yes
ac_cv_have_decl_realloc=yes
ac_cv_have_decl_snprintf=yes
ac_cv_have_decl_stpcpy=yes
ac_cv_have_decl_strstr=yes
ac_cv_have_decl_vsnprintf=yes
ac_cv_header_alloca_h=yes
ac_cv_header_dirent_dirent_h=yes
ac_cv_header_dlfcn_h=yes
ac_cv_header_fcntl_h=yes
ac_cv_header_inttypes_h=yes
ac_cv_header_memory_h=yes
ac_cv_header_minix_config_h=no
ac_cv_header_stdc=yes
ac_cv_header_stddef_h=yes
ac_cv_header_stdint_h=yes
ac_cv_header_stdlib_h=yes
ac_cv_header_string_h=yes
ac_cv_header_strings_h=yes
ac_cv_header_sys_file_h=yes
ac_cv_header_sys_stat_h=yes
ac_cv_header_sys_time_h=yes
ac_cv_header_sys_types_h=yes
ac_cv_header_time=yes
ac_cv_header_time_h=yes
ac_cv_header_unistd_h=yes
ac_cv_header_zlib_h=yes
ac_cv_host=x86_64-redhat-linux-gnu
ac_cv_lib_dl_dlopen=yes
ac_cv_lib_dld_shl_load=no
ac_cv_lib_m_cos=yes
ac_cv_objext=o
ac_cv_path_EGREP='/bin/grep -E'
ac_cv_path_FGREP='/bin/grep -F'
ac_cv_path_GMSGFMT=:
ac_cv_path_GREP=/bin/grep
ac_cv_path_MSGFMT=:
ac_cv_path_MSGMERGE=:
ac_cv_path_SED=/home/fdkit/GPL-AirCam-v1.2/openwrt/staging_dir/host/bin/sed
ac_cv_path_XGETTEXT=:
ac_cv_path_mkdir=/bin/mkdir
ac_cv_prog_AR=ar
ac_cv_prog_AWK=gawk
ac_cv_prog_CC=x86_64-redhat-linux-gcc
ac_cv_prog_CPP='x86_64-redhat-linux-gcc -E'
ac_cv_prog_OBJDUMP=objdump
ac_cv_prog_RANLIB=ranlib
ac_cv_prog_ac_ct_STRIP=strip
ac_cv_prog_cc_c89=
ac_cv_prog_cc_g=yes
ac_cv_prog_make_make_set=yes
ac_cv_safe_to_define___extensions__=yes
ac_cv_search_opendir='none required'
ac_cv_search_strerror='none required'
ac_cv_search_zlibVersion=-lz
ac_cv_sizeof_long=8
ac_cv_sizeof_long_long=8
ac_cv_sizeof_off_t=8
ac_cv_sizeof_void_p=8
ac_cv_sys_file_offset_bits=no
ac_cv_sys_largefile_CC=no
ac_cv_target=arm-openwrt-linux-uclibcgnueabi
ac_cv_type_int_fast32_t=yes
ac_cv_type_int_least32_t=yes
ac_cv_type_u_int64_t=no
ac_cv_type_uint64_t=yes
ac_cv_type_uintmax_t=yes
ac_cv_type_uintptr_t=yes
acx_cv_header_stdint=stdint.h
acx_cv_header_stdint_kind='(already complete)'
am_cv_CC_dependencies_compiler_type=gcc3
bfd_cv_ld_as_needed=yes
gcc_cv_header_string=yes
lt_cv_deplibs_check_method=pass_all
lt_cv_dlopen=dlopen
lt_cv_dlopen_libs=-ldl
lt_cv_dlopen_self=yes
lt_cv_dlopen_self_static=yes
lt_cv_file_magic_cmd='$MAGIC_CMD'
lt_cv_file_magic_test_file=
lt_cv_ld_reload_flag=-r
lt_cv_nm_interface='BSD nm'
lt_cv_objdir=.libs
lt_cv_path_LD=ld
lt_cv_path_NM=nm
lt_cv_prog_compiler_c_o=yes
lt_cv_prog_compiler_pic_works=yes
lt_cv_prog_compiler_rtti_exceptions=no
lt_cv_prog_compiler_static_works=no
lt_cv_prog_gnu_ld=yes
lt_cv_shlibpath_overrides_runpath=no
lt_cv_sys_global_symbol_pipe='sed -n -e '\''s/^.*[	 ]\([ABCDGIRSTW][ABCDGIRSTW]*\)[	 ][	 ]*\([_A-Za-z][_A-Za-z0-9]*\)$/\1 \2 \2/p'\'''
lt_cv_sys_global_symbol_to_c_name_address='sed -n -e '\''s/^: \([^ ]*\) $/  {\"\1\", (void *) 0},/p'\'' -e '\''s/^[ABCDGIRSTW]* \([^ ]*\) \([^ ]*\)$/  {"\2", (void *) \&\2},/p'\'''
lt_cv_sys_global_symbol_to_c_name_address_lib_prefix='sed -n -e '\''s/^: \([^ ]*\) $/  {\"\1\", (void *) 0},/p'\'' -e '\''s/^[ABCDGIRSTW]* \([^ ]*\) \(lib[^ ]*\)$/  {"\2", (void *) \&\2},/p'\'' -e '\''s/^[ABCDGIRSTW]* \([^ ]*\) \([^ ]*\)$/  {"lib\2", (void *) \&\2},/p'\'''
lt_cv_sys_global_symbol_to_cdecl='sed -n -e '\''s/^T .* \(.*\)$/extern int \1();/p'\'' -e '\''s/^[ABCDGIRSTW]* .* \(.*\)$/extern char \1;/p'\'''
lt_cv_sys_max_cmd_len=1966080

## ----------------- ##
## Output variables. ##
## ----------------- ##

ACLOCAL='${SHELL} /home/fdkit/GPL-AirCam-v1.2/openwrt/build_dir/toolchain-arm_v5te_gcc-linaro_uClibc-0.9.32_eabi/binutils-2.20.1/missing --run aclocal-1.11'
AMDEPBACKSLASH='\'
AMDEP_FALSE='#'
AMDEP_TRUE=''
AMTAR='${SHELL} /home/fdkit/GPL-AirCam-v1.2/openwrt/build_dir/toolchain-arm_v5te_gcc-linaro_uClibc-0.9.32_eabi/binutils-2.20.1/missing --run tar'
AR='ar'
AUTOCONF='${SHELL} /home/fdkit/GPL-AirCam-v1.2/openwrt/build_dir/toolchain-arm_v5te_gcc-linaro_uClibc-0.9.32_eabi/binutils-2.20.1/missing --run autoconf'
AUTOHEADER='${SHELL} /home/fdkit/GPL-AirCam-v1.2/openwrt/build_dir/toolchain-arm_v5te_gcc-linaro_uClibc-0.9.32_eabi/binutils-2.20.1/missing --run autoheader'
AUTOMAKE='${SHELL} /home/fdkit/GPL-AirCam-v1.2/openwrt/build_dir/toolchain-arm_v5te_gcc-linaro_uClibc-0.9.32_eabi/binutils-2.20.1/missing --run automake-1.11'
AWK='gawk'
BFD_HOSTPTR_T='unsigned long'
BFD_HOST_64BIT_LONG='1'
BFD_HOST_64BIT_LONG_LONG='0'
BFD_HOST_64_BIT='long'
BFD_HOST_64_BIT_DEFINED='1'
BFD_HOST_U_64_BIT='unsigned long'
CATALOGS=''
CATOBJEXT=''
CC='x86_64-redhat-linux-gcc'
CCDEPMODE='depmode=gcc3'
CC_FOR_BUILD='x86_64-redhat-linux-gcc'
CFLAGS=''
COREFILE=''
COREFLAG=''
CPP='x86_64-redhat-linux-gcc -E'
CPPFLAGS=''
CYGPATH_W='echo'
DATADIRNAME=''
DEBUGDIR='${exec_prefix}/lib/debug'
DEFS='-DHAVE_CONFIG_H'
DEPDIR='.deps'
DSYMUTIL=''
DUMPBIN=''
ECHO_C=''
ECHO_N='-n'
ECHO_T=''
EGREP='/bin/grep -E'
EXEEXT=''
EXEEXT_FOR_BUILD='$(EXEEXT)'
FGREP='/bin/grep -F'
GENCAT=''
GENINSRC_NEVER_FALSE=''
GENINSRC_NEVER_TRUE='#'
GMSGFMT=':'
GREP='/bin/grep'
HDEFINES=''
INCINTL=''
INSTALL_DATA='/usr/bin/install -c -m 644'
INSTALL_LIBBFD_FALSE=''
INSTALL_LIBBFD_TRUE='#'
INSTALL_PROGRAM='/usr/bin/install -c'
INSTALL_SCRIPT='/usr/bin/install -c'
INSTALL_STRIP_PROGRAM='$(install_sh) -c -s'
INSTOBJEXT=''
LD='ld -m elf_x86_64'
LDFLAGS=' '
LIBINTL=''
LIBINTL_DEP=''
LIBM='-lm'
LIBOBJS=''
LIBS='-lz '
LIBTOOL='$(SHELL) $(top_builddir)/libtool'
LIPO=''
LN_S='ln -s'
LTLIBOBJS=''
MAINT='#'
MAINTAINER_MODE_FALSE=''
MAINTAINER_MODE_TRUE='#'
MAKEINFO='/home/fdkit/GPL-AirCam-v1.2/openwrt/build_dir/toolchain-arm_v5te_gcc-linaro_uClibc-0.9.32_eabi/binutils-2.20.1/missing makeinfo --split-size=5000000'
MKDIR_P='/bin/mkdir -p'
MKINSTALLDIRS='$(top_builddir)/./../mkinstalldirs'
MSGFMT=':'
MSGMERGE=':'
NM='nm'
NMEDIT=''
NO_WERROR=''
OBJDUMP='objdump'
OBJEXT='o'
OTOOL64=''
OTOOL=''
PACKAGE='bfd'
PACKAGE_BUGREPORT=''
PACKAGE_NAME=''
PACKAGE_STRING=''
PACKAGE_TARNAME=''
PACKAGE_URL=''
PACKAGE_VERSION=''
PATH_SEPARATOR=':'
PKGVERSION='(GNU Binutils) '
PLUGINS_FALSE=''
PLUGINS_TRUE='#'
POSUB=''
RANLIB='ranlib'
REPORT_BUGS_TEXI='@uref{http://www.sourceware.org/bugzilla/}'
REPORT_BUGS_TO='<http://www.sourceware.org/bugzilla/>'
SED='/home/fdkit/GPL-AirCam-v1.2/openwrt/staging_dir/host/bin/sed'
SET_MAKE=''
SHARED_LDFLAGS=''
SHARED_LIBADD=''
SHELL='/bin/sh'
STRIP='strip'
TDEFINES=' '
USE_NLS='no'
VERSION='2.20.1'
WARN_CFLAGS='-W -Wall -Wstrict-prototypes -Wmissing-prototypes'
XGETTEXT=':'
ac_ct_CC=''
ac_ct_DUMPBIN=''
all_backends='$(BFD64_BACKENDS) $(BFD32_BACKENDS)'
am__EXEEXT_FALSE=''
am__EXEEXT_TRUE='#'
am__fastdepCC_FALSE='#'
am__fastdepCC_TRUE=''
am__include='include'
am__isrc=''
am__leading_dot='.'
am__quote=''
am__tar='${AMTAR} chof - "$$tardir"'
am__untar='${AMTAR} xf -'
bfd64_libs='$(BFD64_LIBS)'
bfd_backends=' elf32-arm.lo elf32.lo elf-vxworks.lo elf.lo elflink.lo elf-attrs.lo elf-strtab.lo elf-eh-frame.lo dwarf1.lo elf32-gen.lo'
bfd_default_target_size='32'
bfd_file_ptr='BFD_HOST_64_BIT'
bfd_machines=' cpu-arm.lo'
bfd_ufile_ptr='BFD_HOST_U_64_BIT'
bfdincludedir='$(exec_prefix)/$(host_noncanonical)/$(target_noncanonical)/include'
bfdlibdir='$(exec_prefix)/$(host_noncanonical)/$(target_noncanonical)/lib'
bindir='${exec_prefix}/bin'
build='x86_64-redhat-linux-gnu'
build_alias='x86_64-redhat-linux'
build_cpu='x86_64'
build_os='linux-gnu'
build_vendor='redhat'
datadir='${datarootdir}'
datarootdir='${prefix}/share'
docdir='${datarootdir}/doc/${PACKAGE}'
dvidir='${docdir}'
exec_prefix='${prefix}'
host='x86_64-redhat-linux-gnu'
host_alias='x86_64-redhat-linux'
host_cpu='x86_64'
host_noncanonical='x86_64-redhat-linux'
host_os='linux-gnu'
host_vendor='redhat'
htmldir='${docdir}'
includedir='${prefix}/include'
infodir='${datarootdir}/info'
install_sh='${SHELL} /home/fdkit/GPL-AirCam-v1.2/openwrt/build_dir/toolchain-arm_v5te_gcc-linaro_uClibc-0.9.32_eabi/binutils-2.20.1/install-sh'
libdir='${exec_prefix}/lib'
libexecdir='${exec_prefix}/libexec'
localedir='${datarootdir}/locale'
localstatedir='${prefix}/var'
lt_ECHO='echo'
mandir='${datarootdir}/man'
mkdir_p='/bin/mkdir -p'
oldincludedir='/usr/include'
pdfdir='${docdir}'
prefix='/home/fdkit/GPL-AirCam-v1.2/openwrt/staging_dir/toolchain-arm_v5te_gcc-linaro_uClibc-0.9.32_eabi'
program_transform_name='s&^&arm-openwrt-linux-uclibcgnueabi-&'
psdir='${docdir}'
sbindir='${exec_prefix}/sbin'
sharedstatedir='${prefix}/com'
supports_plugins='0'
sysconfdir='${prefix}/etc'
target='arm-openwrt-linux-uclibcgnueabi'
target_alias='arm-openwrt-linux-uclibcgnueabi'
target_cpu='arm'
target_noncanonical='arm-openwrt-linux-uclibcgnueabi'
target_os='linux-uclibcgnueabi'
target_vendor='openwrt'
tdefaults=' -DDEFAULT_VECTOR=bfd_elf32_littlearm_vec -DSELECT_VECS='\''&bfd_elf32_littlearm_vec,&bfd_elf32_bigarm_vec,&bfd_elf32_little_generic_vec,&bfd_elf32_big_generic_vec'\'' -DSELECT_ARCHITECTURES='\''&bfd_arm_arch'\'' -DHAVE_bfd_elf32_littlearm_vec -DHAVE_bfd_elf32_bigarm_vec -DHAVE_bfd_elf32_little_generic_vec -DHAVE_bfd_elf32_big_generic_vec'
wordsize='64'

## ----------- ##
## confdefs.h. ##
## ----------- ##

/* confdefs.h */
#define PACKAGE_NAME ""
#define PACKAGE_TARNAME ""
#define PACKAGE_VERSION ""
#define PACKAGE_STRING ""
#define PACKAGE_BUGREPORT ""
#define PACKAGE_URL ""
#define PACKAGE "bfd"
#define VERSION "2.20.1"
#define STDC_HEADERS 1
#define HAVE_SYS_TYPES_H 1
#define HAVE_SYS_STAT_H 1
#define HAVE_STDLIB_H 1
#define HAVE_STRING_H 1
#define HAVE_MEMORY_H 1
#define HAVE_STRINGS_H 1
#define HAVE_INTTYPES_H 1
#define HAVE_STDINT_H 1
#define HAVE_UNISTD_H 1
#define __EXTENSIONS__ 1
#define _ALL_SOURCE 1
#define _GNU_SOURCE 1
#define _POSIX_PTHREAD_SEMANTICS 1
#define _TANDEM_SOURCE 1
#define HAVE_DLFCN_H 1
#define LT_OBJDIR ".libs/"
#define SIZEOF_LONG_LONG 8
#define SIZEOF_VOID_P 8
#define SIZEOF_LONG 8
#define HAVE_ALLOCA_H 1
#define HAVE_STDDEF_H 1
#define HAVE_STRING_H 1
#define HAVE_STRINGS_H 1
#define HAVE_STDLIB_H 1
#define HAVE_TIME_H 1
#define HAVE_UNISTD_H 1
#define HAVE_FCNTL_H 1
#define HAVE_SYS_FILE_H 1
#define HAVE_SYS_TIME_H 1
#define HAVE_SYS_STAT_H 1
#define TIME_WITH_SYS_TIME 1
#define HAVE_DIRENT_H 1
#define STRING_WITH_STRINGS 1
#define HAVE_FCNTL 1
#define HAVE_GETPAGESIZE 1
#define HAVE_SETITIMER 1
#define HAVE_SYSCONF 1
#define HAVE_FDOPEN 1
#define HAVE_GETUID 1
#define HAVE_GETGID 1
#define HAVE_FILENO 1
#define HAVE_STRTOULL 1
#define HAVE_DECL_BASENAME 1
#define HAVE_DECL_FTELLO 1
#define HAVE_DECL_FTELLO64 1
#define HAVE_DECL_FSEEKO 1
#define HAVE_DECL_FSEEKO64 1
#define HAVE_DECL_FFS 1
#define HAVE_DECL_FREE 1
#define HAVE_DECL_GETENV 1
#define HAVE_DECL_MALLOC 1
#define HAVE_DECL_REALLOC 1
#define HAVE_DECL_STPCPY 1
#define HAVE_DECL_STRSTR 1
#define HAVE_DECL_SNPRINTF 1
#define HAVE_DECL_VSNPRINTF 1
#define HAVE_ZLIB_H 1
#define HAVE_FTELLO 1
#define HAVE_FTELLO64 1
#define HAVE_FSEEKO 1
#define HAVE_FSEEKO64 1
#define HAVE_FOPEN64 1
#define SIZEOF_OFF_T 8
#define HAVE_STDLIB_H 1
#define HAVE_UNISTD_H 1
#define HAVE_GETPAGESIZE 1
#define HAVE_MMAP 1
#define HAVE_MADVISE 1
#define HAVE_MPROTECT 1

configure: exit 0

## ---------------------- ##
## Running config.status. ##
## ---------------------- ##

This file was extended by config.status, which was
generated by GNU Autoconf 2.64.  Invocation command line was

  CONFIG_FILES    = po/Makefile.in:po/Make-in
  CONFIG_HEADERS  = 
  CONFIG_LINKS    = 
  CONFIG_COMMANDS = 
  $ ./config.status 

on discordy

config.status:1214: creating po/Makefile.in
config.status:1434: executing depfiles commands
config.status:1434: executing libtool commands
config.status:1434: executing default-1 commands
config.status:1434: executing bfd_stdint.h commands
config.status:1434: executing default commands
