This file contains any messages produced by compilers while
running configure, to aid debugging if configure makes a mistake.

It was created by configure, which was
generated by GNU Autoconf 2.64.  Invocation command line was

  $ /home/fdkit/GPL-AirCam-v1.2/openwrt/build_dir/toolchain-arm_v5te_gcc-linaro_uClibc-0.9.32_eabi/binutils-2.20.1/etc/configure --cache-file=./config.cache --with-gnu-as --with-gnu-ld --prefix=/home/fdkit/GPL-AirCam-v1.2/openwrt/staging_dir/toolchain-arm_v5te_gcc-linaro_uClibc-0.9.32_eabi --with-sysroot=/home/fdkit/GPL-AirCam-v1.2/openwrt/staging_dir/toolchain-arm_v5te_gcc-linaro_uClibc-0.9.32_eabi --disable-multilib --disable-werror --disable-nls --with-float=soft --disable-libssp --program-transform-name=s&^&arm-openwrt-linux-uclibcgnueabi-& --disable-option-checking --build=x86_64-redhat-linux --host=x86_64-redhat-linux --target=arm-openwrt-linux-uclibcgnueabi --srcdir=.././etc

## --------- ##
## Platform. ##
## --------- ##

hostname = discordy
uname -m = x86_64
uname -r = 2.6.32-358.6.2.el6.x86_64
uname -s = Linux
uname -v = #1 SMP Thu May 16 20:59:36 UTC 2013

/usr/bin/uname -p = unknown
/bin/uname -X     = unknown

/bin/arch              = x86_64
/usr/bin/arch -k       = unknown
/usr/convex/getsysinfo = unknown
/usr/bin/hostinfo      = unknown
/bin/machine           = unknown
/usr/bin/oslevel       = unknown
/bin/universe          = unknown

PATH: /home/fdkit/GPL-AirCam-v1.2/openwrt/staging_dir/toolchain-arm_v5te_gcc-linaro_uClibc-0.9.32_eabi/bin
PATH: /home/fdkit/GPL-AirCam-v1.2/openwrt/staging_dir/host/bin
PATH: /home/fdkit/GPL-AirCam-v1.2/openwrt/staging_dir/toolchain-arm_v5te_gcc-linaro_uClibc-0.9.32_eabi/bin
PATH: /home/fdkit/GPL-AirCam-v1.2/openwrt/staging_dir/host/bin
PATH: /home/fdkit/GPL-AirCam-v1.2/openwrt/staging_dir/toolchain-arm_v5te_gcc-linaro_uClibc-0.9.32_eabi/bin
PATH: /home/fdkit/GPL-AirCam-v1.2/openwrt/staging_dir/host/bin
PATH: /usr/local/bin
PATH: /bin
PATH: /usr/bin
PATH: /usr/local/sbin
PATH: /usr/sbin
PATH: /sbin
PATH: /home/fdkit/bin


## ----------- ##
## Core tests. ##
## ----------- ##

configure:1572: creating cache ./config.cache
configure:1683: checking for a BSD-compatible install
configure:1751: result: /usr/bin/install -c
configure:1850: updating cache ./config.cache
configure:1923: creating ./config.status

## ---------------------- ##
## Running config.status. ##
## ---------------------- ##

This file was extended by config.status, which was
generated by GNU Autoconf 2.64.  Invocation command line was

  CONFIG_FILES    = 
  CONFIG_HEADERS  = 
  CONFIG_LINKS    = 
  CONFIG_COMMANDS = 
  $ ./config.status 

on discordy

config.status:715: creating Makefile

## ---------------- ##
## Cache variables. ##
## ---------------- ##

ac_cv_env_build_alias_set=set
ac_cv_env_build_alias_value=x86_64-redhat-linux
ac_cv_env_host_alias_set=set
ac_cv_env_host_alias_value=x86_64-redhat-linux
ac_cv_env_target_alias_set=set
ac_cv_env_target_alias_value=arm-openwrt-linux-uclibcgnueabi

## ----------------- ##
## Output variables. ##
## ----------------- ##

DEFS='-DPACKAGE_NAME=\"\" -DPACKAGE_TARNAME=\"\" -DPACKAGE_VERSION=\"\" -DPACKAGE_STRING=\"\" -DPACKAGE_BUGREPORT=\"\" -DPACKAGE_URL=\"\"'
ECHO_C=''
ECHO_N='-n'
ECHO_T=''
INSTALL_DATA='/usr/bin/install -c -m 644'
INSTALL_PROGRAM='/usr/bin/install -c'
INSTALL_SCRIPT='/usr/bin/install -c'
LIBOBJS=''
LIBS=''
LTLIBOBJS=''
MAINT='#'
PACKAGE_BUGREPORT=''
PACKAGE_NAME=''
PACKAGE_STRING=''
PACKAGE_TARNAME=''
PACKAGE_URL=''
PACKAGE_VERSION=''
PATH_SEPARATOR=':'
SHELL='/bin/sh'
bindir='${exec_prefix}/bin'
build_alias='x86_64-redhat-linux'
datadir='${datarootdir}'
datarootdir='${prefix}/share'
docdir='${datarootdir}/doc/${PACKAGE}'
dvidir='${docdir}'
exec_prefix='${prefix}'
host_alias='x86_64-redhat-linux'
htmldir='${docdir}'
includedir='${prefix}/include'
infodir='${datarootdir}/info'
libdir='${exec_prefix}/lib'
libexecdir='${exec_prefix}/libexec'
localedir='${datarootdir}/locale'
localstatedir='${prefix}/var'
mandir='${datarootdir}/man'
oldincludedir='/usr/include'
pdfdir='${docdir}'
prefix='/home/fdkit/GPL-AirCam-v1.2/openwrt/staging_dir/toolchain-arm_v5te_gcc-linaro_uClibc-0.9.32_eabi'
program_transform_name='s&^&arm-openwrt-linux-uclibcgnueabi-&'
psdir='${docdir}'
sbindir='${exec_prefix}/sbin'
sharedstatedir='${prefix}/com'
sysconfdir='${prefix}/etc'
target_alias='arm-openwrt-linux-uclibcgnueabi'

## ----------- ##
## confdefs.h. ##
## ----------- ##

/* confdefs.h */
#define PACKAGE_NAME ""
#define PACKAGE_TARNAME ""
#define PACKAGE_VERSION ""
#define PACKAGE_STRING ""
#define PACKAGE_BUGREPORT ""
#define PACKAGE_URL ""

configure: exit 0
