This file contains any messages produced by compilers while
running configure, to aid debugging if configure makes a mistake.

It was created by configure, which was
generated by GNU Autoconf 2.64.  Invocation command line was

  $ /home/fdkit/GPL-AirCam-v1.2/openwrt/build_dir/toolchain-arm_v5te_gcc-linaro_uClibc-0.9.32_eabi/gcc-linaro-4.5-2011.02-0/configure --prefix=/home/fdkit/GPL-AirCam-v1.2/openwrt/staging_dir/toolchain-arm_v5te_gcc-linaro_uClibc-0.9.32_eabi --build=x86_64-redhat-linux --host=x86_64-redhat-linux --target=arm-openwrt-linux-uclibcgnueabi --with-gnu-ld --enable-target-optspace --disable-libgomp --disable-libmudflap --disable-multilib --disable-nls --with-float=soft --with-gmp=/home/fdkit/GPL-AirCam-v1.2/openwrt/staging_dir/host --with-mpfr=/home/fdkit/GPL-AirCam-v1.2/openwrt/staging_dir/host --disable-decimal-float --with-gmp=/home/fdkit/GPL-AirCam-v1.2/openwrt/staging_dir/host --with-mpc=/home/fdkit/GPL-AirCam-v1.2/openwrt/staging_dir/host --with-mpfr=/home/fdkit/GPL-AirCam-v1.2/openwrt/staging_dir/host --disable-decimal-float --disable-libssp --disable-__cxa_atexit --with-arch=armv5te --with-newlib --without-headers --enable-languages=c --disable-libssp --disable-shared --disable-threads

## --------- ##
## Platform. ##
## --------- ##

hostname = discordy
uname -m = x86_64
uname -r = 2.6.32-358.6.2.el6.x86_64
uname -s = Linux
uname -v = #1 SMP Thu May 16 20:59:36 UTC 2013

/usr/bin/uname -p = unknown
/bin/uname -X     = unknown

/bin/arch              = x86_64
/usr/bin/arch -k       = unknown
/usr/convex/getsysinfo = unknown
/usr/bin/hostinfo      = unknown
/bin/machine           = unknown
/usr/bin/oslevel       = unknown
/bin/universe          = unknown

PATH: /home/fdkit/GPL-AirCam-v1.2/openwrt/staging_dir/toolchain-arm_v5te_gcc-linaro_uClibc-0.9.32_eabi/bin
PATH: /home/fdkit/GPL-AirCam-v1.2/openwrt/staging_dir/host/bin
PATH: /home/fdkit/GPL-AirCam-v1.2/openwrt/staging_dir/toolchain-arm_v5te_gcc-linaro_uClibc-0.9.32_eabi/bin
PATH: /home/fdkit/GPL-AirCam-v1.2/openwrt/staging_dir/host/bin
PATH: /home/fdkit/GPL-AirCam-v1.2/openwrt/staging_dir/toolchain-arm_v5te_gcc-linaro_uClibc-0.9.32_eabi/bin
PATH: /home/fdkit/GPL-AirCam-v1.2/openwrt/staging_dir/host/bin
PATH: /usr/local/bin
PATH: /bin
PATH: /usr/bin
PATH: /usr/local/sbin
PATH: /usr/sbin
PATH: /sbin
PATH: /home/fdkit/bin


## ----------- ##
## Core tests. ##
## ----------- ##

configure:2429: checking build system type
configure:2443: result: x86_64-redhat-linux-gnu
configure:2490: checking host system type
configure:2503: result: x86_64-redhat-linux-gnu
configure:2523: checking target system type
configure:2536: result: arm-openwrt-linux-uclibcgnueabi
configure:2590: checking for a BSD-compatible install
configure:2658: result: /usr/bin/install -c
configure:2669: checking whether ln works
configure:2691: result: yes
configure:2695: checking whether ln -s works
configure:2699: result: yes
configure:2706: checking for a sed that does not truncate output
configure:2770: result: /home/fdkit/GPL-AirCam-v1.2/openwrt/staging_dir/host/bin/sed
configure:2779: checking for gawk
configure:2795: found /bin/gawk
configure:2806: result: gawk
configure:4002: checking for x86_64-redhat-linux-gcc
configure:4018: found /usr/bin/x86_64-redhat-linux-gcc
configure:4029: result: x86_64-redhat-linux-gcc
configure:4298: checking for C compiler version
configure:4307: x86_64-redhat-linux-gcc --version >&5
x86_64-redhat-linux-gcc (GCC) 4.4.7 20120313 (Red Hat 4.4.7-3)
Copyright (C) 2010 Free Software Foundation, Inc.
This is free software; see the source for copying conditions.  There is NO
warranty; not even for MERCHANTABILITY or FITNESS FOR A PARTICULAR PURPOSE.

configure:4318: $? = 0
configure:4307: x86_64-redhat-linux-gcc -v >&5
Using built-in specs.
Target: x86_64-redhat-linux
Configured with: ../configure --prefix=/usr --mandir=/usr/share/man --infodir=/usr/share/info --with-bugurl=http://bugzilla.redhat.com/bugzilla --enable-bootstrap --enable-shared --enable-threads=posix --enable-checking=release --with-system-zlib --enable-__cxa_atexit --disable-libunwind-exceptions --enable-gnu-unique-object --enable-languages=c,c++,objc,obj-c++,java,fortran,ada --enable-java-awt=gtk --disable-dssi --with-java-home=/usr/lib/jvm/java-1.5.0-gcj-1.5.0.0/jre --enable-libgcj-multifile --enable-java-maintainer-mode --with-ecj-jar=/usr/share/java/eclipse-ecj.jar --disable-libjava-multilib --with-ppl --with-cloog --with-tune=generic --with-arch_32=i686 --build=x86_64-redhat-linux
Thread model: posix
gcc version 4.4.7 20120313 (Red Hat 4.4.7-3) (GCC) 
configure:4318: $? = 0
configure:4307: x86_64-redhat-linux-gcc -V >&5
x86_64-redhat-linux-gcc: '-V' option must have argument
configure:4318: $? = 1
configure:4307: x86_64-redhat-linux-gcc -qversion >&5
x86_64-redhat-linux-gcc: unrecognized option '-qversion'
x86_64-redhat-linux-gcc: no input files
configure:4318: $? = 1
configure:4338: checking for C compiler default output file name
configure:4360: x86_64-redhat-linux-gcc    conftest.c  >&5
configure:4364: $? = 0
configure:4401: result: a.out
configure:4417: checking whether the C compiler works
configure:4426: ./a.out
configure:4430: $? = 0
configure:4445: result: yes
configure:4452: checking whether we are cross compiling
configure:4454: result: no
configure:4457: checking for suffix of executables
configure:4464: x86_64-redhat-linux-gcc -o conftest    conftest.c  >&5
configure:4468: $? = 0
configure:4490: result: 
configure:4496: checking for suffix of object files
configure:4518: x86_64-redhat-linux-gcc -c   conftest.c >&5
configure:4522: $? = 0
configure:4543: result: o
configure:4547: checking whether we are using the GNU C compiler
configure:4566: x86_64-redhat-linux-gcc -c   conftest.c >&5
configure:4566: $? = 0
configure:4575: result: yes
configure:4584: checking whether x86_64-redhat-linux-gcc accepts -g
configure:4604: x86_64-redhat-linux-gcc -c -g  conftest.c >&5
configure:4604: $? = 0
configure:4645: result: yes
configure:4662: checking for x86_64-redhat-linux-gcc option to accept ISO C89
configure:4726: x86_64-redhat-linux-gcc  -c   conftest.c >&5
configure:4726: $? = 0
configure:4739: result: none needed
configure:4773: checking for x86_64-redhat-linux-g++
configure:4789: found /usr/bin/x86_64-redhat-linux-g++
configure:4800: result: x86_64-redhat-linux-g++
configure:4871: checking for C++ compiler version
configure:4880: x86_64-redhat-linux-g++ --version >&5
x86_64-redhat-linux-g++ (GCC) 4.4.7 20120313 (Red Hat 4.4.7-3)
Copyright (C) 2010 Free Software Foundation, Inc.
This is free software; see the source for copying conditions.  There is NO
warranty; not even for MERCHANTABILITY or FITNESS FOR A PARTICULAR PURPOSE.

configure:4891: $? = 0
configure:4880: x86_64-redhat-linux-g++ -v >&5
Using built-in specs.
Target: x86_64-redhat-linux
Configured with: ../configure --prefix=/usr --mandir=/usr/share/man --infodir=/usr/share/info --with-bugurl=http://bugzilla.redhat.com/bugzilla --enable-bootstrap --enable-shared --enable-threads=posix --enable-checking=release --with-system-zlib --enable-__cxa_atexit --disable-libunwind-exceptions --enable-gnu-unique-object --enable-languages=c,c++,objc,obj-c++,java,fortran,ada --enable-java-awt=gtk --disable-dssi --with-java-home=/usr/lib/jvm/java-1.5.0-gcj-1.5.0.0/jre --enable-libgcj-multifile --enable-java-maintainer-mode --with-ecj-jar=/usr/share/java/eclipse-ecj.jar --disable-libjava-multilib --with-ppl --with-cloog --with-tune=generic --with-arch_32=i686 --build=x86_64-redhat-linux
Thread model: posix
gcc version 4.4.7 20120313 (Red Hat 4.4.7-3) (GCC) 
configure:4891: $? = 0
configure:4880: x86_64-redhat-linux-g++ -V >&5
x86_64-redhat-linux-g++: '-V' option must have argument
configure:4891: $? = 1
configure:4880: x86_64-redhat-linux-g++ -qversion >&5
x86_64-redhat-linux-g++: unrecognized option '-qversion'
x86_64-redhat-linux-g++: no input files
configure:4891: $? = 1
configure:4895: checking whether we are using the GNU C++ compiler
configure:4914: x86_64-redhat-linux-g++ -c   conftest.cpp >&5
configure:4914: $? = 0
configure:4923: result: yes
configure:4932: checking whether x86_64-redhat-linux-g++ accepts -g
configure:4952: x86_64-redhat-linux-g++ -c -g  conftest.cpp >&5
configure:4952: $? = 0
configure:4993: result: yes
configure:5042: checking for x86_64-redhat-linux-gnatbind
configure:5072: result: no
configure:5082: checking for gnatbind
configure:5112: result: no
configure:5134: checking for x86_64-redhat-linux-gnatmake
configure:5164: result: no
configure:5174: checking for gnatmake
configure:5204: result: no
configure:5223: checking whether compiler driver understands Ada
configure:5246: result: no
configure:5255: checking how to compare bootstrapped objects
configure:5280: result: cmp --ignore-initial=16 $$f1 $$f2
configure:5296: checking for objdir
configure:5311: result: .libs
configure:5477: checking for the correct version of gmp.h
configure:5497: x86_64-redhat-linux-gcc -c  -I/home/fdkit/GPL-AirCam-v1.2/openwrt/staging_dir/host/include -I/home/fdkit/GPL-AirCam-v1.2/openwrt/staging_dir/host/include -I/home/fdkit/GPL-AirCam-v1.2/openwrt/staging_dir/host/include   conftest.c >&5
configure:5497: $? = 0
configure:5515: x86_64-redhat-linux-gcc -c  -I/home/fdkit/GPL-AirCam-v1.2/openwrt/staging_dir/host/include -I/home/fdkit/GPL-AirCam-v1.2/openwrt/staging_dir/host/include -I/home/fdkit/GPL-AirCam-v1.2/openwrt/staging_dir/host/include   conftest.c >&5
configure:5515: $? = 0
configure:5516: result: yes
configure:5532: checking for the correct version of mpfr.h
configure:5550: x86_64-redhat-linux-gcc -c  -I/home/fdkit/GPL-AirCam-v1.2/openwrt/staging_dir/host/include -I/home/fdkit/GPL-AirCam-v1.2/openwrt/staging_dir/host/include -I/home/fdkit/GPL-AirCam-v1.2/openwrt/staging_dir/host/include   conftest.c >&5
configure:5550: $? = 0
configure:5567: x86_64-redhat-linux-gcc -c  -I/home/fdkit/GPL-AirCam-v1.2/openwrt/staging_dir/host/include -I/home/fdkit/GPL-AirCam-v1.2/openwrt/staging_dir/host/include -I/home/fdkit/GPL-AirCam-v1.2/openwrt/staging_dir/host/include   conftest.c >&5
configure:5567: $? = 0
configure:5568: result: yes
configure:5585: checking for the correct version of mpc.h
configure:5602: x86_64-redhat-linux-gcc -c  -I/home/fdkit/GPL-AirCam-v1.2/openwrt/staging_dir/host/include -I/home/fdkit/GPL-AirCam-v1.2/openwrt/staging_dir/host/include -I/home/fdkit/GPL-AirCam-v1.2/openwrt/staging_dir/host/include   conftest.c >&5
configure:5602: $? = 0
configure:5618: x86_64-redhat-linux-gcc -c  -I/home/fdkit/GPL-AirCam-v1.2/openwrt/staging_dir/host/include -I/home/fdkit/GPL-AirCam-v1.2/openwrt/staging_dir/host/include -I/home/fdkit/GPL-AirCam-v1.2/openwrt/staging_dir/host/include   conftest.c >&5
configure:5618: $? = 0
configure:5619: result: yes
configure:5637: checking for the correct version of the gmp/mpfr/mpc libraries
configure:5668: x86_64-redhat-linux-gcc -o conftest  -I/home/fdkit/GPL-AirCam-v1.2/openwrt/staging_dir/host/include -I/home/fdkit/GPL-AirCam-v1.2/openwrt/staging_dir/host/include -I/home/fdkit/GPL-AirCam-v1.2/openwrt/staging_dir/host/include    conftest.c  -L/home/fdkit/GPL-AirCam-v1.2/openwrt/staging_dir/host/lib -L/home/fdkit/GPL-AirCam-v1.2/openwrt/staging_dir/host/lib -L/home/fdkit/GPL-AirCam-v1.2/openwrt/staging_dir/host/lib -lmpc -lmpfr -lgmp >&5
configure:5668: $? = 0
configure:5669: result: yes
configure:5844: checking for version 0.10 of PPL
configure:5861: x86_64-redhat-linux-gcc -c   -I/home/fdkit/GPL-AirCam-v1.2/openwrt/staging_dir/host/include -I/home/fdkit/GPL-AirCam-v1.2/openwrt/staging_dir/host/include -I/home/fdkit/GPL-AirCam-v1.2/openwrt/staging_dir/host/include   conftest.c >&5
conftest.c:10:19: error: ppl_c.h: No such file or directory
conftest.c: In function 'main':
conftest.c:16: error: 'choke' undeclared (first use in this function)
conftest.c:16: error: (Each undeclared identifier is reported only once
conftest.c:16: error: for each function it appears in.)
conftest.c:16: error: expected ';' before 'me'
configure:5861: $? = 1
configure: failed program was:
| /* confdefs.h */
| #define PACKAGE_NAME ""
| #define PACKAGE_TARNAME ""
| #define PACKAGE_VERSION ""
| #define PACKAGE_STRING ""
| #define PACKAGE_BUGREPORT ""
| #define PACKAGE_URL ""
| #define LT_OBJDIR ".libs/"
| /* end confdefs.h.  */
| #include "ppl_c.h"
| int
| main ()
| {
| 
|   #if PPL_VERSION_MAJOR != 0 || PPL_VERSION_MINOR != 10
|   choke me
|   #endif
| 
|   ;
|   return 0;
| }
configure:5865: result: no
configure:6007: checking how to run the C preprocessor
configure:6038: x86_64-redhat-linux-gcc -E  conftest.c
configure:6038: $? = 0
configure:6052: x86_64-redhat-linux-gcc -E  conftest.c
conftest.c:10:28: error: ac_nonexistent.h: No such file or directory
configure:6052: $? = 1
configure: failed program was:
| /* confdefs.h */
| #define PACKAGE_NAME ""
| #define PACKAGE_TARNAME ""
| #define PACKAGE_VERSION ""
| #define PACKAGE_STRING ""
| #define PACKAGE_BUGREPORT ""
| #define PACKAGE_URL ""
| #define LT_OBJDIR ".libs/"
| /* end confdefs.h.  */
| #include <ac_nonexistent.h>
configure:6077: result: x86_64-redhat-linux-gcc -E
configure:6097: x86_64-redhat-linux-gcc -E  conftest.c
configure:6097: $? = 0
configure:6111: x86_64-redhat-linux-gcc -E  conftest.c
conftest.c:10:28: error: ac_nonexistent.h: No such file or directory
configure:6111: $? = 1
configure: failed program was:
| /* confdefs.h */
| #define PACKAGE_NAME ""
| #define PACKAGE_TARNAME ""
| #define PACKAGE_VERSION ""
| #define PACKAGE_STRING ""
| #define PACKAGE_BUGREPORT ""
| #define PACKAGE_URL ""
| #define LT_OBJDIR ".libs/"
| /* end confdefs.h.  */
| #include <ac_nonexistent.h>
configure:6140: checking for grep that handles long lines and -e
configure:6198: result: /bin/grep
configure:6203: checking for egrep
configure:6265: result: /bin/grep -E
configure:6270: checking for ANSI C header files
configure:6290: x86_64-redhat-linux-gcc -c   conftest.c >&5
configure:6290: $? = 0
configure:6363: x86_64-redhat-linux-gcc -o conftest    conftest.c  >&5
configure:6363: $? = 0
configure:6363: ./conftest
configure:6363: $? = 0
configure:6374: result: yes
configure:6387: checking for sys/types.h
configure:6387: x86_64-redhat-linux-gcc -c   conftest.c >&5
configure:6387: $? = 0
configure:6387: result: yes
configure:6387: checking for sys/stat.h
configure:6387: x86_64-redhat-linux-gcc -c   conftest.c >&5
configure:6387: $? = 0
configure:6387: result: yes
configure:6387: checking for stdlib.h
configure:6387: x86_64-redhat-linux-gcc -c   conftest.c >&5
configure:6387: $? = 0
configure:6387: result: yes
configure:6387: checking for string.h
configure:6387: x86_64-redhat-linux-gcc -c   conftest.c >&5
configure:6387: $? = 0
configure:6387: result: yes
configure:6387: checking for memory.h
configure:6387: x86_64-redhat-linux-gcc -c   conftest.c >&5
configure:6387: $? = 0
configure:6387: result: yes
configure:6387: checking for strings.h
configure:6387: x86_64-redhat-linux-gcc -c   conftest.c >&5
configure:6387: $? = 0
configure:6387: result: yes
configure:6387: checking for inttypes.h
configure:6387: x86_64-redhat-linux-gcc -c   conftest.c >&5
configure:6387: $? = 0
configure:6387: result: yes
configure:6387: checking for stdint.h
configure:6387: x86_64-redhat-linux-gcc -c   conftest.c >&5
configure:6387: $? = 0
configure:6387: result: yes
configure:6387: checking for unistd.h
configure:6387: x86_64-redhat-linux-gcc -c   conftest.c >&5
configure:6387: $? = 0
configure:6387: result: yes
configure:6478: checking libelf.h usability
configure:6478: x86_64-redhat-linux-gcc -c  -I/usr/include/libelf  -I/usr/include/libelf conftest.c >&5
conftest.c:53:20: error: libelf.h: No such file or directory
configure:6478: $? = 1
configure: failed program was:
| /* confdefs.h */
| #define PACKAGE_NAME ""
| #define PACKAGE_TARNAME ""
| #define PACKAGE_VERSION ""
| #define PACKAGE_STRING ""
| #define PACKAGE_BUGREPORT ""
| #define PACKAGE_URL ""
| #define LT_OBJDIR ".libs/"
| #define STDC_HEADERS 1
| #define HAVE_SYS_TYPES_H 1
| #define HAVE_SYS_STAT_H 1
| #define HAVE_STDLIB_H 1
| #define HAVE_STRING_H 1
| #define HAVE_MEMORY_H 1
| #define HAVE_STRINGS_H 1
| #define HAVE_INTTYPES_H 1
| #define HAVE_STDINT_H 1
| #define HAVE_UNISTD_H 1
| /* end confdefs.h.  */
| #include <stdio.h>
| #ifdef HAVE_SYS_TYPES_H
| # include <sys/types.h>
| #endif
| #ifdef HAVE_SYS_STAT_H
| # include <sys/stat.h>
| #endif
| #ifdef STDC_HEADERS
| # include <stdlib.h>
| # include <stddef.h>
| #else
| # ifdef HAVE_STDLIB_H
| #  include <stdlib.h>
| # endif
| #endif
| #ifdef HAVE_STRING_H
| # if !defined STDC_HEADERS && defined HAVE_MEMORY_H
| #  include <memory.h>
| # endif
| # include <string.h>
| #endif
| #ifdef HAVE_STRINGS_H
| # include <strings.h>
| #endif
| #ifdef HAVE_INTTYPES_H
| # include <inttypes.h>
| #endif
| #ifdef HAVE_STDINT_H
| # include <stdint.h>
| #endif
| #ifdef HAVE_UNISTD_H
| # include <unistd.h>
| #endif
| #include <libelf.h>
configure:6478: result: no
configure:6478: checking libelf.h presence
configure:6478: x86_64-redhat-linux-gcc -E  -I/usr/include/libelf conftest.c
conftest.c:20:20: error: libelf.h: No such file or directory
configure:6478: $? = 1
configure: failed program was:
| /* confdefs.h */
| #define PACKAGE_NAME ""
| #define PACKAGE_TARNAME ""
| #define PACKAGE_VERSION ""
| #define PACKAGE_STRING ""
| #define PACKAGE_BUGREPORT ""
| #define PACKAGE_URL ""
| #define LT_OBJDIR ".libs/"
| #define STDC_HEADERS 1
| #define HAVE_SYS_TYPES_H 1
| #define HAVE_SYS_STAT_H 1
| #define HAVE_STDLIB_H 1
| #define HAVE_STRING_H 1
| #define HAVE_MEMORY_H 1
| #define HAVE_STRINGS_H 1
| #define HAVE_INTTYPES_H 1
| #define HAVE_STDINT_H 1
| #define HAVE_UNISTD_H 1
| /* end confdefs.h.  */
| #include <libelf.h>
configure:6478: result: no
configure:6478: checking for libelf.h
configure:6478: result: no
configure:6490: checking gelf.h usability
configure:6490: x86_64-redhat-linux-gcc -c  -I/usr/include/libelf  -I/usr/include/libelf conftest.c >&5
conftest.c:53:18: error: gelf.h: No such file or directory
configure:6490: $? = 1
configure: failed program was:
| /* confdefs.h */
| #define PACKAGE_NAME ""
| #define PACKAGE_TARNAME ""
| #define PACKAGE_VERSION ""
| #define PACKAGE_STRING ""
| #define PACKAGE_BUGREPORT ""
| #define PACKAGE_URL ""
| #define LT_OBJDIR ".libs/"
| #define STDC_HEADERS 1
| #define HAVE_SYS_TYPES_H 1
| #define HAVE_SYS_STAT_H 1
| #define HAVE_STDLIB_H 1
| #define HAVE_STRING_H 1
| #define HAVE_MEMORY_H 1
| #define HAVE_STRINGS_H 1
| #define HAVE_INTTYPES_H 1
| #define HAVE_STDINT_H 1
| #define HAVE_UNISTD_H 1
| /* end confdefs.h.  */
| #include <stdio.h>
| #ifdef HAVE_SYS_TYPES_H
| # include <sys/types.h>
| #endif
| #ifdef HAVE_SYS_STAT_H
| # include <sys/stat.h>
| #endif
| #ifdef STDC_HEADERS
| # include <stdlib.h>
| # include <stddef.h>
| #else
| # ifdef HAVE_STDLIB_H
| #  include <stdlib.h>
| # endif
| #endif
| #ifdef HAVE_STRING_H
| # if !defined STDC_HEADERS && defined HAVE_MEMORY_H
| #  include <memory.h>
| # endif
| # include <string.h>
| #endif
| #ifdef HAVE_STRINGS_H
| # include <strings.h>
| #endif
| #ifdef HAVE_INTTYPES_H
| # include <inttypes.h>
| #endif
| #ifdef HAVE_STDINT_H
| # include <stdint.h>
| #endif
| #ifdef HAVE_UNISTD_H
| # include <unistd.h>
| #endif
| #include <gelf.h>
configure:6490: result: no
configure:6490: checking gelf.h presence
configure:6490: x86_64-redhat-linux-gcc -E  -I/usr/include/libelf conftest.c
conftest.c:20:18: error: gelf.h: No such file or directory
configure:6490: $? = 1
configure: failed program was:
| /* confdefs.h */
| #define PACKAGE_NAME ""
| #define PACKAGE_TARNAME ""
| #define PACKAGE_VERSION ""
| #define PACKAGE_STRING ""
| #define PACKAGE_BUGREPORT ""
| #define PACKAGE_URL ""
| #define LT_OBJDIR ".libs/"
| #define STDC_HEADERS 1
| #define HAVE_SYS_TYPES_H 1
| #define HAVE_SYS_STAT_H 1
| #define HAVE_STDLIB_H 1
| #define HAVE_STRING_H 1
| #define HAVE_MEMORY_H 1
| #define HAVE_STRINGS_H 1
| #define HAVE_INTTYPES_H 1
| #define HAVE_STDINT_H 1
| #define HAVE_UNISTD_H 1
| /* end confdefs.h.  */
| #include <gelf.h>
configure:6490: result: no
configure:6490: checking for gelf.h
configure:6490: result: no
configure:6503: checking libelf/libelf.h usability
configure:6503: x86_64-redhat-linux-gcc -c  -I/usr/include/libelf  -I/usr/include/libelf conftest.c >&5
conftest.c:53:27: error: libelf/libelf.h: No such file or directory
configure:6503: $? = 1
configure: failed program was:
| /* confdefs.h */
| #define PACKAGE_NAME ""
| #define PACKAGE_TARNAME ""
| #define PACKAGE_VERSION ""
| #define PACKAGE_STRING ""
| #define PACKAGE_BUGREPORT ""
| #define PACKAGE_URL ""
| #define LT_OBJDIR ".libs/"
| #define STDC_HEADERS 1
| #define HAVE_SYS_TYPES_H 1
| #define HAVE_SYS_STAT_H 1
| #define HAVE_STDLIB_H 1
| #define HAVE_STRING_H 1
| #define HAVE_MEMORY_H 1
| #define HAVE_STRINGS_H 1
| #define HAVE_INTTYPES_H 1
| #define HAVE_STDINT_H 1
| #define HAVE_UNISTD_H 1
| /* end confdefs.h.  */
| #include <stdio.h>
| #ifdef HAVE_SYS_TYPES_H
| # include <sys/types.h>
| #endif
| #ifdef HAVE_SYS_STAT_H
| # include <sys/stat.h>
| #endif
| #ifdef STDC_HEADERS
| # include <stdlib.h>
| # include <stddef.h>
| #else
| # ifdef HAVE_STDLIB_H
| #  include <stdlib.h>
| # endif
| #endif
| #ifdef HAVE_STRING_H
| # if !defined STDC_HEADERS && defined HAVE_MEMORY_H
| #  include <memory.h>
| # endif
| # include <string.h>
| #endif
| #ifdef HAVE_STRINGS_H
| # include <strings.h>
| #endif
| #ifdef HAVE_INTTYPES_H
| # include <inttypes.h>
| #endif
| #ifdef HAVE_STDINT_H
| # include <stdint.h>
| #endif
| #ifdef HAVE_UNISTD_H
| # include <unistd.h>
| #endif
| #include <libelf/libelf.h>
configure:6503: result: no
configure:6503: checking libelf/libelf.h presence
configure:6503: x86_64-redhat-linux-gcc -E  -I/usr/include/libelf conftest.c
conftest.c:20:27: error: libelf/libelf.h: No such file or directory
configure:6503: $? = 1
configure: failed program was:
| /* confdefs.h */
| #define PACKAGE_NAME ""
| #define PACKAGE_TARNAME ""
| #define PACKAGE_VERSION ""
| #define PACKAGE_STRING ""
| #define PACKAGE_BUGREPORT ""
| #define PACKAGE_URL ""
| #define LT_OBJDIR ".libs/"
| #define STDC_HEADERS 1
| #define HAVE_SYS_TYPES_H 1
| #define HAVE_SYS_STAT_H 1
| #define HAVE_STDLIB_H 1
| #define HAVE_STRING_H 1
| #define HAVE_MEMORY_H 1
| #define HAVE_STRINGS_H 1
| #define HAVE_INTTYPES_H 1
| #define HAVE_STDINT_H 1
| #define HAVE_UNISTD_H 1
| /* end confdefs.h.  */
| #include <libelf/libelf.h>
configure:6503: result: no
configure:6503: checking for libelf/libelf.h
configure:6503: result: no
configure:6515: checking libelf/gelf.h usability
configure:6515: x86_64-redhat-linux-gcc -c  -I/usr/include/libelf  -I/usr/include/libelf conftest.c >&5
conftest.c:53:25: error: libelf/gelf.h: No such file or directory
configure:6515: $? = 1
configure: failed program was:
| /* confdefs.h */
| #define PACKAGE_NAME ""
| #define PACKAGE_TARNAME ""
| #define PACKAGE_VERSION ""
| #define PACKAGE_STRING ""
| #define PACKAGE_BUGREPORT ""
| #define PACKAGE_URL ""
| #define LT_OBJDIR ".libs/"
| #define STDC_HEADERS 1
| #define HAVE_SYS_TYPES_H 1
| #define HAVE_SYS_STAT_H 1
| #define HAVE_STDLIB_H 1
| #define HAVE_STRING_H 1
| #define HAVE_MEMORY_H 1
| #define HAVE_STRINGS_H 1
| #define HAVE_INTTYPES_H 1
| #define HAVE_STDINT_H 1
| #define HAVE_UNISTD_H 1
| /* end confdefs.h.  */
| #include <stdio.h>
| #ifdef HAVE_SYS_TYPES_H
| # include <sys/types.h>
| #endif
| #ifdef HAVE_SYS_STAT_H
| # include <sys/stat.h>
| #endif
| #ifdef STDC_HEADERS
| # include <stdlib.h>
| # include <stddef.h>
| #else
| # ifdef HAVE_STDLIB_H
| #  include <stdlib.h>
| # endif
| #endif
| #ifdef HAVE_STRING_H
| # if !defined STDC_HEADERS && defined HAVE_MEMORY_H
| #  include <memory.h>
| # endif
| # include <string.h>
| #endif
| #ifdef HAVE_STRINGS_H
| # include <strings.h>
| #endif
| #ifdef HAVE_INTTYPES_H
| # include <inttypes.h>
| #endif
| #ifdef HAVE_STDINT_H
| # include <stdint.h>
| #endif
| #ifdef HAVE_UNISTD_H
| # include <unistd.h>
| #endif
| #include <libelf/gelf.h>
configure:6515: result: no
configure:6515: checking libelf/gelf.h presence
configure:6515: x86_64-redhat-linux-gcc -E  -I/usr/include/libelf conftest.c
conftest.c:20:25: error: libelf/gelf.h: No such file or directory
configure:6515: $? = 1
configure: failed program was:
| /* confdefs.h */
| #define PACKAGE_NAME ""
| #define PACKAGE_TARNAME ""
| #define PACKAGE_VERSION ""
| #define PACKAGE_STRING ""
| #define PACKAGE_BUGREPORT ""
| #define PACKAGE_URL ""
| #define LT_OBJDIR ".libs/"
| #define STDC_HEADERS 1
| #define HAVE_SYS_TYPES_H 1
| #define HAVE_SYS_STAT_H 1
| #define HAVE_STDLIB_H 1
| #define HAVE_STRING_H 1
| #define HAVE_MEMORY_H 1
| #define HAVE_STRINGS_H 1
| #define HAVE_INTTYPES_H 1
| #define HAVE_STDINT_H 1
| #define HAVE_UNISTD_H 1
| /* end confdefs.h.  */
| #include <libelf/gelf.h>
configure:6515: result: no
configure:6515: checking for libelf/gelf.h
configure:6515: result: no
configure:7657: checking for default BUILD_CONFIG
configure:7689: result: 
configure:8131: checking for bison
configure:8147: found /home/fdkit/GPL-AirCam-v1.2/openwrt/staging_dir/host/bin/bison
configure:8158: result: bison -y
configure:8179: checking for bison
configure:8195: found /home/fdkit/GPL-AirCam-v1.2/openwrt/staging_dir/host/bin/bison
configure:8206: result: bison
configure:8226: checking for gm4
configure:8256: result: no
configure:8226: checking for gnum4
configure:8256: result: no
configure:8226: checking for m4
configure:8242: found /home/fdkit/GPL-AirCam-v1.2/openwrt/staging_dir/host/bin/m4
configure:8253: result: m4
configure:8273: checking for flex
configure:8289: found /home/fdkit/GPL-AirCam-v1.2/openwrt/staging_dir/host/bin/flex
configure:8300: result: flex
configure:8321: checking for flex
configure:8337: found /home/fdkit/GPL-AirCam-v1.2/openwrt/staging_dir/host/bin/flex
configure:8348: result: flex
configure:8368: checking for makeinfo
configure:8398: result: no
configure:8429: checking for expect
configure:8459: result: no
configure:8478: checking for runtest
configure:8508: result: no
configure:8584: checking for x86_64-redhat-linux-ar
configure:8614: result: no
configure:8623: checking for ar
configure:8639: found /usr/bin/ar
configure:8650: result: ar
configure:8725: checking for x86_64-redhat-linux-as
configure:8755: result: no
configure:8764: checking for as
configure:8780: found /usr/bin/as
configure:8791: result: as
configure:8866: checking for x86_64-redhat-linux-dlltool
configure:8896: result: no
configure:8905: checking for dlltool
configure:8935: result: no
configure:9007: checking for x86_64-redhat-linux-ld
configure:9037: result: no
configure:9046: checking for ld
configure:9062: found /usr/bin/ld
configure:9073: result: ld
configure:9148: checking for x86_64-redhat-linux-lipo
configure:9178: result: no
configure:9187: checking for lipo
configure:9217: result: no
configure:9289: checking for x86_64-redhat-linux-nm
configure:9319: result: no
configure:9328: checking for nm
configure:9344: found /usr/bin/nm
configure:9355: result: nm
configure:9430: checking for x86_64-redhat-linux-ranlib
configure:9460: result: no
configure:9469: checking for ranlib
configure:9485: found /usr/bin/ranlib
configure:9496: result: ranlib
configure:9566: checking for x86_64-redhat-linux-strip
configure:9596: result: no
configure:9605: checking for strip
configure:9621: found /usr/bin/strip
configure:9632: result: strip
configure:9702: checking for x86_64-redhat-linux-windres
configure:9732: result: no
configure:9741: checking for windres
configure:9771: result: no
configure:9843: checking for x86_64-redhat-linux-windmc
configure:9873: result: no
configure:9882: checking for windmc
configure:9912: result: no
configure:9984: checking for x86_64-redhat-linux-objcopy
configure:10014: result: no
configure:10023: checking for objcopy
configure:10039: found /usr/bin/objcopy
configure:10050: result: objcopy
configure:10125: checking for x86_64-redhat-linux-objdump
configure:10155: result: no
configure:10164: checking for objdump
configure:10180: found /usr/bin/objdump
configure:10191: result: objdump
configure:10305: checking for arm-openwrt-linux-uclibcgnueabi-cc
configure:10335: result: no
configure:10305: checking for arm-openwrt-linux-uclibcgnueabi-gcc
configure:10335: result: no
configure:10466: checking for arm-openwrt-linux-uclibcgnueabi-c++
configure:10496: result: no
configure:10466: checking for arm-openwrt-linux-uclibcgnueabi-g++
configure:10496: result: no
configure:10466: checking for arm-openwrt-linux-uclibcgnueabi-cxx
configure:10496: result: no
configure:10466: checking for arm-openwrt-linux-uclibcgnueabi-gxx
configure:10496: result: no
configure:10627: checking for arm-openwrt-linux-uclibcgnueabi-gcc
configure:10657: result: no
configure:10783: checking for arm-openwrt-linux-uclibcgnueabi-gcj
configure:10813: result: no
configure:10944: checking for arm-openwrt-linux-uclibcgnueabi-gfortran
configure:10974: result: no
configure:11074: checking for ar
configure:11092: found /home/fdkit/GPL-AirCam-v1.2/openwrt/staging_dir/toolchain-arm_v5te_gcc-linaro_uClibc-0.9.32_eabi/arm-openwrt-linux-uclibcgnueabi/bin/ar
configure:11104: result: /home/fdkit/GPL-AirCam-v1.2/openwrt/staging_dir/toolchain-arm_v5te_gcc-linaro_uClibc-0.9.32_eabi/arm-openwrt-linux-uclibcgnueabi/bin/ar
configure:11304: checking for as
configure:11322: found /home/fdkit/GPL-AirCam-v1.2/openwrt/staging_dir/toolchain-arm_v5te_gcc-linaro_uClibc-0.9.32_eabi/arm-openwrt-linux-uclibcgnueabi/bin/as
configure:11334: result: /home/fdkit/GPL-AirCam-v1.2/openwrt/staging_dir/toolchain-arm_v5te_gcc-linaro_uClibc-0.9.32_eabi/arm-openwrt-linux-uclibcgnueabi/bin/as
configure:11534: checking for dlltool
configure:11567: result: no
configure:11645: checking for arm-openwrt-linux-uclibcgnueabi-dlltool
configure:11675: result: no
configure:11764: checking for ld
configure:11782: found /home/fdkit/GPL-AirCam-v1.2/openwrt/staging_dir/toolchain-arm_v5te_gcc-linaro_uClibc-0.9.32_eabi/arm-openwrt-linux-uclibcgnueabi/bin/ld
configure:11794: result: /home/fdkit/GPL-AirCam-v1.2/openwrt/staging_dir/toolchain-arm_v5te_gcc-linaro_uClibc-0.9.32_eabi/arm-openwrt-linux-uclibcgnueabi/bin/ld
configure:11994: checking for lipo
configure:12027: result: no
configure:12105: checking for arm-openwrt-linux-uclibcgnueabi-lipo
configure:12135: result: no
configure:12224: checking for nm
configure:12242: found /home/fdkit/GPL-AirCam-v1.2/openwrt/staging_dir/toolchain-arm_v5te_gcc-linaro_uClibc-0.9.32_eabi/arm-openwrt-linux-uclibcgnueabi/bin/nm
configure:12254: result: /home/fdkit/GPL-AirCam-v1.2/openwrt/staging_dir/toolchain-arm_v5te_gcc-linaro_uClibc-0.9.32_eabi/arm-openwrt-linux-uclibcgnueabi/bin/nm
configure:12454: checking for objdump
configure:12472: found /home/fdkit/GPL-AirCam-v1.2/openwrt/staging_dir/toolchain-arm_v5te_gcc-linaro_uClibc-0.9.32_eabi/arm-openwrt-linux-uclibcgnueabi/bin/objdump
configure:12484: result: /home/fdkit/GPL-AirCam-v1.2/openwrt/staging_dir/toolchain-arm_v5te_gcc-linaro_uClibc-0.9.32_eabi/arm-openwrt-linux-uclibcgnueabi/bin/objdump
configure:12684: checking for ranlib
configure:12702: found /home/fdkit/GPL-AirCam-v1.2/openwrt/staging_dir/toolchain-arm_v5te_gcc-linaro_uClibc-0.9.32_eabi/arm-openwrt-linux-uclibcgnueabi/bin/ranlib
configure:12714: result: /home/fdkit/GPL-AirCam-v1.2/openwrt/staging_dir/toolchain-arm_v5te_gcc-linaro_uClibc-0.9.32_eabi/arm-openwrt-linux-uclibcgnueabi/bin/ranlib
configure:12914: checking for strip
configure:12932: found /home/fdkit/GPL-AirCam-v1.2/openwrt/staging_dir/toolchain-arm_v5te_gcc-linaro_uClibc-0.9.32_eabi/arm-openwrt-linux-uclibcgnueabi/bin/strip
configure:12944: result: /home/fdkit/GPL-AirCam-v1.2/openwrt/staging_dir/toolchain-arm_v5te_gcc-linaro_uClibc-0.9.32_eabi/arm-openwrt-linux-uclibcgnueabi/bin/strip
configure:13144: checking for windres
configure:13177: result: no
configure:13255: checking for arm-openwrt-linux-uclibcgnueabi-windres
configure:13285: result: no
configure:13374: checking for windmc
configure:13407: result: no
configure:13485: checking for arm-openwrt-linux-uclibcgnueabi-windmc
configure:13515: result: no
configure:13582: checking where to find the target ar
configure:13610: result: pre-installed in /home/fdkit/GPL-AirCam-v1.2/openwrt/staging_dir/toolchain-arm_v5te_gcc-linaro_uClibc-0.9.32_eabi/arm-openwrt-linux-uclibcgnueabi/bin
configure:13624: checking where to find the target as
configure:13652: result: pre-installed in /home/fdkit/GPL-AirCam-v1.2/openwrt/staging_dir/toolchain-arm_v5te_gcc-linaro_uClibc-0.9.32_eabi/arm-openwrt-linux-uclibcgnueabi/bin
configure:13666: checking where to find the target cc
configure:13689: result: just compiled
configure:13708: checking where to find the target c++
configure:13748: result: pre-installed
configure:13753: checking where to find the target c++ for libstdc++
configure:13793: result: pre-installed
configure:13798: checking where to find the target dlltool
configure:13835: result: pre-installed
configure:13840: checking where to find the target gcc
configure:13863: result: just compiled
configure:13882: checking where to find the target gcj
configure:13922: result: pre-installed
configure:13927: checking where to find the target gfortran
configure:13967: result: pre-installed
configure:13972: checking where to find the target ld
configure:14000: result: pre-installed in /home/fdkit/GPL-AirCam-v1.2/openwrt/staging_dir/toolchain-arm_v5te_gcc-linaro_uClibc-0.9.32_eabi/arm-openwrt-linux-uclibcgnueabi/bin
configure:14014: checking where to find the target lipo
configure:14040: result: pre-installed
configure:14045: checking where to find the target nm
configure:14073: result: pre-installed in /home/fdkit/GPL-AirCam-v1.2/openwrt/staging_dir/toolchain-arm_v5te_gcc-linaro_uClibc-0.9.32_eabi/arm-openwrt-linux-uclibcgnueabi/bin
configure:14087: checking where to find the target objdump
configure:14115: result: pre-installed in /home/fdkit/GPL-AirCam-v1.2/openwrt/staging_dir/toolchain-arm_v5te_gcc-linaro_uClibc-0.9.32_eabi/arm-openwrt-linux-uclibcgnueabi/bin
configure:14129: checking where to find the target ranlib
configure:14157: result: pre-installed in /home/fdkit/GPL-AirCam-v1.2/openwrt/staging_dir/toolchain-arm_v5te_gcc-linaro_uClibc-0.9.32_eabi/arm-openwrt-linux-uclibcgnueabi/bin
configure:14171: checking where to find the target strip
configure:14199: result: pre-installed in /home/fdkit/GPL-AirCam-v1.2/openwrt/staging_dir/toolchain-arm_v5te_gcc-linaro_uClibc-0.9.32_eabi/arm-openwrt-linux-uclibcgnueabi/bin
configure:14213: checking where to find the target windres
configure:14250: result: pre-installed
configure:14255: checking where to find the target windmc
configure:14292: result: pre-installed
configure:14325: checking whether to enable maintainer-specific portions of Makefiles
configure:14334: result: no
configure:14367: checking whether -fkeep-inline-functions is supported
configure:14386: x86_64-redhat-linux-gcc -c  -fkeep-inline-functions  conftest.c >&5
configure:14386: $? = 0
configure:14387: result: yes
configure:14584: creating ./config.status

## ---------------------- ##
## Running config.status. ##
## ---------------------- ##

This file was extended by config.status, which was
generated by GNU Autoconf 2.64.  Invocation command line was

  CONFIG_FILES    = 
  CONFIG_HEADERS  = 
  CONFIG_LINKS    = 
  CONFIG_COMMANDS = 
  $ ./config.status 

on discordy

config.status:957: creating Makefile

## ---------------- ##
## Cache variables. ##
## ---------------- ##

ac_cv_build=x86_64-redhat-linux-gnu
ac_cv_c_compiler_gnu=yes
ac_cv_cxx_compiler_gnu=yes
ac_cv_env_AR_FOR_TARGET_set=
ac_cv_env_AR_FOR_TARGET_value=
ac_cv_env_AR_set=
ac_cv_env_AR_value=
ac_cv_env_AS_FOR_TARGET_set=
ac_cv_env_AS_FOR_TARGET_value=
ac_cv_env_AS_set=
ac_cv_env_AS_value=
ac_cv_env_CCC_set=
ac_cv_env_CCC_value=
ac_cv_env_CC_FOR_TARGET_set=
ac_cv_env_CC_FOR_TARGET_value=
ac_cv_env_CC_set=
ac_cv_env_CC_value=
ac_cv_env_CFLAGS_set=set
ac_cv_env_CFLAGS_value=
ac_cv_env_CPPFLAGS_set=
ac_cv_env_CPPFLAGS_value=
ac_cv_env_CPP_set=
ac_cv_env_CPP_value=
ac_cv_env_CXXFLAGS_set=
ac_cv_env_CXXFLAGS_value=
ac_cv_env_CXX_FOR_TARGET_set=
ac_cv_env_CXX_FOR_TARGET_value=
ac_cv_env_CXX_set=
ac_cv_env_CXX_value=
ac_cv_env_DLLTOOL_FOR_TARGET_set=
ac_cv_env_DLLTOOL_FOR_TARGET_value=
ac_cv_env_DLLTOOL_set=
ac_cv_env_DLLTOOL_value=
ac_cv_env_GCC_FOR_TARGET_set=
ac_cv_env_GCC_FOR_TARGET_value=
ac_cv_env_GCJ_FOR_TARGET_set=
ac_cv_env_GCJ_FOR_TARGET_value=
ac_cv_env_GFORTRAN_FOR_TARGET_set=
ac_cv_env_GFORTRAN_FOR_TARGET_value=
ac_cv_env_LDFLAGS_set=
ac_cv_env_LDFLAGS_value=
ac_cv_env_LD_FOR_TARGET_set=
ac_cv_env_LD_FOR_TARGET_value=
ac_cv_env_LD_set=
ac_cv_env_LD_value=
ac_cv_env_LIBS_set=
ac_cv_env_LIBS_value=
ac_cv_env_LIPO_FOR_TARGET_set=
ac_cv_env_LIPO_FOR_TARGET_value=
ac_cv_env_LIPO_set=
ac_cv_env_LIPO_value=
ac_cv_env_NM_FOR_TARGET_set=
ac_cv_env_NM_FOR_TARGET_value=
ac_cv_env_NM_set=
ac_cv_env_NM_value=
ac_cv_env_OBJCOPY_set=
ac_cv_env_OBJCOPY_value=
ac_cv_env_OBJDUMP_FOR_TARGET_set=
ac_cv_env_OBJDUMP_FOR_TARGET_value=
ac_cv_env_OBJDUMP_set=
ac_cv_env_OBJDUMP_value=
ac_cv_env_RANLIB_FOR_TARGET_set=
ac_cv_env_RANLIB_FOR_TARGET_value=
ac_cv_env_RANLIB_set=
ac_cv_env_RANLIB_value=
ac_cv_env_STRIP_FOR_TARGET_set=
ac_cv_env_STRIP_FOR_TARGET_value=
ac_cv_env_STRIP_set=
ac_cv_env_STRIP_value=
ac_cv_env_WINDMC_FOR_TARGET_set=
ac_cv_env_WINDMC_FOR_TARGET_value=
ac_cv_env_WINDMC_set=
ac_cv_env_WINDMC_value=
ac_cv_env_WINDRES_FOR_TARGET_set=
ac_cv_env_WINDRES_FOR_TARGET_value=
ac_cv_env_WINDRES_set=
ac_cv_env_WINDRES_value=
ac_cv_env_build_alias_set=set
ac_cv_env_build_alias_value=x86_64-redhat-linux
ac_cv_env_host_alias_set=set
ac_cv_env_host_alias_value=x86_64-redhat-linux
ac_cv_env_target_alias_set=set
ac_cv_env_target_alias_value=arm-openwrt-linux-uclibcgnueabi
ac_cv_header_gelf_h=no
ac_cv_header_inttypes_h=yes
ac_cv_header_libelf_gelf_h=no
ac_cv_header_libelf_h=no
ac_cv_header_libelf_libelf_h=no
ac_cv_header_memory_h=yes
ac_cv_header_stdc=yes
ac_cv_header_stdint_h=yes
ac_cv_header_stdlib_h=yes
ac_cv_header_string_h=yes
ac_cv_header_strings_h=yes
ac_cv_header_sys_stat_h=yes
ac_cv_header_sys_types_h=yes
ac_cv_header_unistd_h=yes
ac_cv_host=x86_64-redhat-linux-gnu
ac_cv_objext=o
ac_cv_path_AR_FOR_TARGET=/home/fdkit/GPL-AirCam-v1.2/openwrt/staging_dir/toolchain-arm_v5te_gcc-linaro_uClibc-0.9.32_eabi/arm-openwrt-linux-uclibcgnueabi/bin/ar
ac_cv_path_AS_FOR_TARGET=/home/fdkit/GPL-AirCam-v1.2/openwrt/staging_dir/toolchain-arm_v5te_gcc-linaro_uClibc-0.9.32_eabi/arm-openwrt-linux-uclibcgnueabi/bin/as
ac_cv_path_EGREP='/bin/grep -E'
ac_cv_path_GREP=/bin/grep
ac_cv_path_LD_FOR_TARGET=/home/fdkit/GPL-AirCam-v1.2/openwrt/staging_dir/toolchain-arm_v5te_gcc-linaro_uClibc-0.9.32_eabi/arm-openwrt-linux-uclibcgnueabi/bin/ld
ac_cv_path_NM_FOR_TARGET=/home/fdkit/GPL-AirCam-v1.2/openwrt/staging_dir/toolchain-arm_v5te_gcc-linaro_uClibc-0.9.32_eabi/arm-openwrt-linux-uclibcgnueabi/bin/nm
ac_cv_path_OBJDUMP_FOR_TARGET=/home/fdkit/GPL-AirCam-v1.2/openwrt/staging_dir/toolchain-arm_v5te_gcc-linaro_uClibc-0.9.32_eabi/arm-openwrt-linux-uclibcgnueabi/bin/objdump
ac_cv_path_RANLIB_FOR_TARGET=/home/fdkit/GPL-AirCam-v1.2/openwrt/staging_dir/toolchain-arm_v5te_gcc-linaro_uClibc-0.9.32_eabi/arm-openwrt-linux-uclibcgnueabi/bin/ranlib
ac_cv_path_SED=/home/fdkit/GPL-AirCam-v1.2/openwrt/staging_dir/host/bin/sed
ac_cv_path_STRIP_FOR_TARGET=/home/fdkit/GPL-AirCam-v1.2/openwrt/staging_dir/toolchain-arm_v5te_gcc-linaro_uClibc-0.9.32_eabi/arm-openwrt-linux-uclibcgnueabi/bin/strip
ac_cv_path_install='/usr/bin/install -c'
ac_cv_prog_AR=ar
ac_cv_prog_AS=as
ac_cv_prog_AWK=gawk
ac_cv_prog_BISON=bison
ac_cv_prog_CC=x86_64-redhat-linux-gcc
ac_cv_prog_CPP='x86_64-redhat-linux-gcc -E'
ac_cv_prog_CXX=x86_64-redhat-linux-g++
ac_cv_prog_FLEX=flex
ac_cv_prog_LD=ld
ac_cv_prog_LEX=flex
ac_cv_prog_M4=m4
ac_cv_prog_NM=nm
ac_cv_prog_OBJCOPY=objcopy
ac_cv_prog_OBJDUMP=objdump
ac_cv_prog_RANLIB=ranlib
ac_cv_prog_STRIP=strip
ac_cv_prog_YACC='bison -y'
ac_cv_prog_cc_c89=
ac_cv_prog_cc_g=yes
ac_cv_prog_cxx_g=yes
ac_cv_target=arm-openwrt-linux-uclibcgnueabi
acx_cv_cc_gcc_supports_ada=no
acx_cv_prog_LN=ln
gcc_cv_prog_cmp_skip='cmp --ignore-initial=16 $$f1 $$f2'
gcc_cv_tool_dirs=/home/fdkit/GPL-AirCam-v1.2/openwrt/staging_dir/toolchain-arm_v5te_gcc-linaro_uClibc-0.9.32_eabi/libexec/gcc/arm-openwrt-linux-uclibcgnueabi/4.5.2:/home/fdkit/GPL-AirCam-v1.2/openwrt/staging_dir/toolchain-arm_v5te_gcc-linaro_uClibc-0.9.32_eabi/libexec/gcc/arm-openwrt-linux-uclibcgnueabi:/usr/lib/gcc/arm-openwrt-linux-uclibcgnueabi/4.5.2:/usr/lib/gcc/arm-openwrt-linux-uclibcgnueabi:/home/fdkit/GPL-AirCam-v1.2/openwrt/staging_dir/toolchain-arm_v5te_gcc-linaro_uClibc-0.9.32_eabi/arm-openwrt-linux-uclibcgnueabi/bin/arm-openwrt-linux-uclibcgnueabi/4.5.2:/home/fdkit/GPL-AirCam-v1.2/openwrt/staging_dir/toolchain-arm_v5te_gcc-linaro_uClibc-0.9.32_eabi/arm-openwrt-linux-uclibcgnueabi/bin:
gcc_cv_tool_prefix=/home/fdkit/GPL-AirCam-v1.2/openwrt/staging_dir/toolchain-arm_v5te_gcc-linaro_uClibc-0.9.32_eabi
glibcxx_cv_c99_math_tr1=no
libgcc_cv_fixed_point=no
lt_cv_objdir=.libs

## ----------------- ##
## Output variables. ##
## ----------------- ##

AR='ar'
AR_FOR_BUILD='$(AR)'
AR_FOR_TARGET='/home/fdkit/GPL-AirCam-v1.2/openwrt/staging_dir/toolchain-arm_v5te_gcc-linaro_uClibc-0.9.32_eabi/arm-openwrt-linux-uclibcgnueabi/bin/ar'
AS='as'
AS_FOR_BUILD='$(AS)'
AS_FOR_TARGET='/home/fdkit/GPL-AirCam-v1.2/openwrt/staging_dir/toolchain-arm_v5te_gcc-linaro_uClibc-0.9.32_eabi/arm-openwrt-linux-uclibcgnueabi/bin/as'
AWK='gawk'
BISON='bison'
BUILD_CONFIG=''
CC='x86_64-redhat-linux-gcc'
CC_FOR_BUILD='$(CC)'
CC_FOR_TARGET='$$r/$(HOST_SUBDIR)/gcc/xgcc -B$$r/$(HOST_SUBDIR)/gcc/'
CFLAGS=''
CFLAGS_FOR_BUILD=''
CFLAGS_FOR_TARGET='-g '
COMPILER_AS_FOR_TARGET='$$r/$(HOST_SUBDIR)/gcc/as'
COMPILER_LD_FOR_TARGET='$$r/$(HOST_SUBDIR)/gcc/collect-ld'
COMPILER_NM_FOR_TARGET='$$r/$(HOST_SUBDIR)/gcc/nm'
CONFIGURE_GDB_TK=''
CPP='x86_64-redhat-linux-gcc -E'
CPPFLAGS=''
CXX='x86_64-redhat-linux-g++'
CXXFLAGS='-g -O2'
CXXFLAGS_FOR_BUILD='-g -O2'
CXXFLAGS_FOR_TARGET='-g -O2'
CXX_FOR_BUILD='$(CXX)'
CXX_FOR_TARGET='arm-openwrt-linux-uclibcgnueabi-c++'
DEBUG_PREFIX_CFLAGS_FOR_TARGET=''
DEFS='-DPACKAGE_NAME=\"\" -DPACKAGE_TARNAME=\"\" -DPACKAGE_VERSION=\"\" -DPACKAGE_STRING=\"\" -DPACKAGE_BUGREPORT=\"\" -DPACKAGE_URL=\"\" -DLT_OBJDIR=\".libs/\" -DSTDC_HEADERS=1 -DHAVE_SYS_TYPES_H=1 -DHAVE_SYS_STAT_H=1 -DHAVE_STDLIB_H=1 -DHAVE_STRING_H=1 -DHAVE_MEMORY_H=1 -DHAVE_STRINGS_H=1 -DHAVE_INTTYPES_H=1 -DHAVE_STDINT_H=1 -DHAVE_UNISTD_H=1'
DLLTOOL='dlltool'
DLLTOOL_FOR_BUILD='$(DLLTOOL)'
DLLTOOL_FOR_TARGET='arm-openwrt-linux-uclibcgnueabi-dlltool'
ECHO_C=''
ECHO_N='-n'
ECHO_T=''
EGREP='/bin/grep -E'
EXEEXT=''
EXPECT='expect'
FLAGS_FOR_TARGET=' -B$(build_tooldir)/bin/ -B$(build_tooldir)/lib/ -isystem $(build_tooldir)/include -isystem $(build_tooldir)/sys-include'
FLEX='flex'
GCC_FOR_TARGET='$$r/$(HOST_SUBDIR)/gcc/xgcc -B$$r/$(HOST_SUBDIR)/gcc/'
GCC_SHLIB_SUBDIR=''
GCJ_FOR_BUILD='$(GCJ)'
GCJ_FOR_TARGET='arm-openwrt-linux-uclibcgnueabi-gcj'
GDB_TK=''
GFORTRAN_FOR_BUILD='$(GFORTRAN)'
GFORTRAN_FOR_TARGET='arm-openwrt-linux-uclibcgnueabi-gfortran'
GNATBIND='no'
GNATMAKE='no'
GREP='/bin/grep'
INSTALL_DATA='${INSTALL} -m 644'
INSTALL_GDB_TK=''
INSTALL_PROGRAM='${INSTALL}'
INSTALL_SCRIPT='${INSTALL}'
LD='ld'
LDFLAGS=''
LDFLAGS_FOR_BUILD=''
LD_FOR_BUILD='$(LD)'
LD_FOR_TARGET='/home/fdkit/GPL-AirCam-v1.2/openwrt/staging_dir/toolchain-arm_v5te_gcc-linaro_uClibc-0.9.32_eabi/arm-openwrt-linux-uclibcgnueabi/bin/ld'
LEX='flex'
LIBOBJS=''
LIBS=''
LIPO='lipo'
LIPO_FOR_TARGET='arm-openwrt-linux-uclibcgnueabi-lipo'
LN='ln'
LN_S='ln -s'
LTLIBOBJS=''
M4='m4'
MAINT='#'
MAINTAINER_MODE_FALSE=''
MAINTAINER_MODE_TRUE='#'
MAKEINFO='/home/fdkit/GPL-AirCam-v1.2/openwrt/build_dir/toolchain-arm_v5te_gcc-linaro_uClibc-0.9.32_eabi/gcc-linaro-4.5-2011.02-0/missing makeinfo'
NM='nm'
NM_FOR_BUILD='$(NM)'
NM_FOR_TARGET='/home/fdkit/GPL-AirCam-v1.2/openwrt/staging_dir/toolchain-arm_v5te_gcc-linaro_uClibc-0.9.32_eabi/arm-openwrt-linux-uclibcgnueabi/bin/nm'
OBJCOPY='objcopy'
OBJDUMP='objdump'
OBJDUMP_FOR_TARGET='/home/fdkit/GPL-AirCam-v1.2/openwrt/staging_dir/toolchain-arm_v5te_gcc-linaro_uClibc-0.9.32_eabi/arm-openwrt-linux-uclibcgnueabi/bin/objdump'
OBJEXT='o'
PACKAGE_BUGREPORT=''
PACKAGE_NAME=''
PACKAGE_STRING=''
PACKAGE_TARNAME=''
PACKAGE_URL=''
PACKAGE_VERSION=''
PATH_SEPARATOR=':'
RANLIB='ranlib'
RANLIB_FOR_BUILD='$(RANLIB)'
RANLIB_FOR_TARGET='/home/fdkit/GPL-AirCam-v1.2/openwrt/staging_dir/toolchain-arm_v5te_gcc-linaro_uClibc-0.9.32_eabi/arm-openwrt-linux-uclibcgnueabi/bin/ranlib'
RAW_CXX_FOR_TARGET='arm-openwrt-linux-uclibcgnueabi-c++'
RPATH_ENVVAR='LD_LIBRARY_PATH'
RUNTEST='runtest'
SED='/home/fdkit/GPL-AirCam-v1.2/openwrt/staging_dir/host/bin/sed'
SHELL='/bin/sh'
STRIP='strip'
STRIP_FOR_TARGET='/home/fdkit/GPL-AirCam-v1.2/openwrt/staging_dir/toolchain-arm_v5te_gcc-linaro_uClibc-0.9.32_eabi/arm-openwrt-linux-uclibcgnueabi/bin/strip'
SYSROOT_CFLAGS_FOR_TARGET=''
TOPLEVEL_CONFIGURE_ARGUMENTS='/home/fdkit/GPL-AirCam-v1.2/openwrt/build_dir/toolchain-arm_v5te_gcc-linaro_uClibc-0.9.32_eabi/gcc-linaro-4.5-2011.02-0/configure --prefix=/home/fdkit/GPL-AirCam-v1.2/openwrt/staging_dir/toolchain-arm_v5te_gcc-linaro_uClibc-0.9.32_eabi --build=x86_64-redhat-linux --host=x86_64-redhat-linux --target=arm-openwrt-linux-uclibcgnueabi --with-gnu-ld --enable-target-optspace --disable-libgomp --disable-libmudflap --disable-multilib --disable-nls --with-float=soft --with-gmp=/home/fdkit/GPL-AirCam-v1.2/openwrt/staging_dir/host --with-mpfr=/home/fdkit/GPL-AirCam-v1.2/openwrt/staging_dir/host --disable-decimal-float --with-gmp=/home/fdkit/GPL-AirCam-v1.2/openwrt/staging_dir/host --with-mpc=/home/fdkit/GPL-AirCam-v1.2/openwrt/staging_dir/host --with-mpfr=/home/fdkit/GPL-AirCam-v1.2/openwrt/staging_dir/host --disable-decimal-float --disable-libssp --disable-__cxa_atexit --with-arch=armv5te --with-newlib --without-headers --enable-languages=c --disable-libssp --disable-shared --disable-threads'
WINDMC='windmc'
WINDMC_FOR_BUILD='$(WINDMC)'
WINDMC_FOR_TARGET='arm-openwrt-linux-uclibcgnueabi-windmc'
WINDRES='windres'
WINDRES_FOR_BUILD='$(WINDRES)'
WINDRES_FOR_TARGET='arm-openwrt-linux-uclibcgnueabi-windres'
YACC='bison -y'
ac_ct_CC=''
ac_ct_CXX=''
bindir='${exec_prefix}/bin'
build='x86_64-redhat-linux-gnu'
build_alias='x86_64-redhat-linux'
build_configargs='--cache-file=../config.cache '\''--prefix=/home/fdkit/GPL-AirCam-v1.2/openwrt/staging_dir/toolchain-arm_v5te_gcc-linaro_uClibc-0.9.32_eabi'\'' '\''--with-gnu-ld'\'' '\''--enable-target-optspace'\'' '\''--disable-libgomp'\'' '\''--disable-libmudflap'\'' '\''--disable-multilib'\'' '\''--disable-nls'\'' '\''--with-float=soft'\'' '\''--with-gmp=/home/fdkit/GPL-AirCam-v1.2/openwrt/staging_dir/host'\'' '\''--with-mpc=/home/fdkit/GPL-AirCam-v1.2/openwrt/staging_dir/host'\'' '\''--with-mpfr=/home/fdkit/GPL-AirCam-v1.2/openwrt/staging_dir/host'\'' '\''--disable-decimal-float'\'' '\''--disable-__cxa_atexit'\'' '\''--with-arch=armv5te'\'' '\''--with-newlib'\'' '\''--without-headers'\'' '\''--disable-libssp'\'' '\''--disable-shared'\'' '\''--disable-threads'\'' '\''--enable-languages=c'\'' --program-transform-name='\''s&^&arm-openwrt-linux-uclibcgnueabi-&'\'' --disable-option-checking'
build_configdirs=' libiberty fixincludes'
build_cpu='x86_64'
build_libsubdir='build-x86_64-redhat-linux'
build_noncanonical='x86_64-redhat-linux'
build_os='linux-gnu'
build_subdir='build-x86_64-redhat-linux'
build_tooldir='${exec_prefix}/arm-openwrt-linux-uclibcgnueabi'
build_vendor='redhat'
clooginc=''
clooglibs=''
compare_exclusions='gcc/cc*-checksum$(objext) | gcc/ada/*tools/*'
config_shell='/bin/sh'
configdirs=' intl libiberty zlib libcpp libdecnumber fixincludes gcc'
datadir='${datarootdir}'
datarootdir='${prefix}/share'
do_compare='cmp --ignore-initial=16 $$f1 $$f2'
docdir='${datarootdir}/doc/${PACKAGE}'
dvidir='${docdir}'
exec_prefix='${prefix}'
extra_host_libiberty_configure_flags=''
extra_mpc_gmp_configure_flags=''
extra_mpc_mpfr_configure_flags=''
extra_mpfr_configure_flags=''
gmpinc='-I/home/fdkit/GPL-AirCam-v1.2/openwrt/staging_dir/host/include -I/home/fdkit/GPL-AirCam-v1.2/openwrt/staging_dir/host/include -I/home/fdkit/GPL-AirCam-v1.2/openwrt/staging_dir/host/include '
gmplibs='-L/home/fdkit/GPL-AirCam-v1.2/openwrt/staging_dir/host/lib -L/home/fdkit/GPL-AirCam-v1.2/openwrt/staging_dir/host/lib -L/home/fdkit/GPL-AirCam-v1.2/openwrt/staging_dir/host/lib -lmpc -lmpfr -lgmp'
host='x86_64-redhat-linux-gnu'
host_alias='x86_64-redhat-linux'
host_configargs='--cache-file=./config.cache  '\''--prefix=/home/fdkit/GPL-AirCam-v1.2/openwrt/staging_dir/toolchain-arm_v5te_gcc-linaro_uClibc-0.9.32_eabi'\'' '\''--with-gnu-ld'\'' '\''--enable-target-optspace'\'' '\''--disable-libgomp'\'' '\''--disable-libmudflap'\'' '\''--disable-multilib'\'' '\''--disable-nls'\'' '\''--with-float=soft'\'' '\''--with-gmp=/home/fdkit/GPL-AirCam-v1.2/openwrt/staging_dir/host'\'' '\''--with-mpc=/home/fdkit/GPL-AirCam-v1.2/openwrt/staging_dir/host'\'' '\''--with-mpfr=/home/fdkit/GPL-AirCam-v1.2/openwrt/staging_dir/host'\'' '\''--disable-decimal-float'\'' '\''--disable-__cxa_atexit'\'' '\''--with-arch=armv5te'\'' '\''--with-newlib'\'' '\''--without-headers'\'' '\''--disable-libssp'\'' '\''--disable-shared'\'' '\''--disable-threads'\'' '\''--enable-languages=c'\'' --program-transform-name='\''s&^&arm-openwrt-linux-uclibcgnueabi-&'\'' --disable-option-checking'
host_cpu='x86_64'
host_noncanonical='x86_64-redhat-linux'
host_os='linux-gnu'
host_subdir='.'
host_vendor='redhat'
htmldir='${docdir}'
includedir='${prefix}/include'
infodir='${datarootdir}/info'
libdir='${exec_prefix}/lib'
libelfinc=''
libelflibs=''
libexecdir='${exec_prefix}/libexec'
localedir='${datarootdir}/locale'
localstatedir='${prefix}/var'
mandir='${datarootdir}/man'
oldincludedir='/usr/include'
pdfdir='${docdir}'
poststage1_ldflags=''
poststage1_libs=''
pplinc=''
ppllibs=''
prefix='/home/fdkit/GPL-AirCam-v1.2/openwrt/staging_dir/toolchain-arm_v5te_gcc-linaro_uClibc-0.9.32_eabi'
program_transform_name='s&^&arm-openwrt-linux-uclibcgnueabi-&'
psdir='${docdir}'
sbindir='${exec_prefix}/sbin'
sharedstatedir='${prefix}/com'
stage1_cflags='-g -fkeep-inline-functions'
stage1_checking='--enable-checking=yes,types'
stage1_languages='c'
stage1_ldflags=''
stage1_libs=''
stage2_werror_flag=''
sysconfdir='${prefix}/etc'
target='arm-openwrt-linux-uclibcgnueabi'
target_alias='arm-openwrt-linux-uclibcgnueabi'
target_configargs='--cache-file=./config.cache --with-cross-host=x86_64-redhat-linux '\''--prefix=/home/fdkit/GPL-AirCam-v1.2/openwrt/staging_dir/toolchain-arm_v5te_gcc-linaro_uClibc-0.9.32_eabi'\'' '\''--with-gnu-ld'\'' '\''--enable-target-optspace'\'' '\''--disable-libgomp'\'' '\''--disable-libmudflap'\'' '\''--disable-multilib'\'' '\''--disable-nls'\'' '\''--with-float=soft'\'' '\''--with-gmp=/home/fdkit/GPL-AirCam-v1.2/openwrt/staging_dir/host'\'' '\''--with-mpc=/home/fdkit/GPL-AirCam-v1.2/openwrt/staging_dir/host'\'' '\''--with-mpfr=/home/fdkit/GPL-AirCam-v1.2/openwrt/staging_dir/host'\'' '\''--disable-decimal-float'\'' '\''--disable-__cxa_atexit'\'' '\''--with-arch=armv5te'\'' '\''--with-newlib'\'' '\''--without-headers'\'' '\''--disable-libssp'\'' '\''--disable-shared'\'' '\''--disable-threads'\'' '\''--enable-languages=c'\'' --program-transform-name='\''s&^&arm-openwrt-linux-uclibcgnueabi-&'\'' --disable-option-checking'
target_configdirs=' libgcc'
target_cpu='arm'
target_noncanonical='arm-openwrt-linux-uclibcgnueabi'
target_os='linux-uclibcgnueabi'
target_subdir='arm-openwrt-linux-uclibcgnueabi'
target_vendor='openwrt'
tooldir='${exec_prefix}/arm-openwrt-linux-uclibcgnueabi'

## ------------------- ##
## File substitutions. ##
## ------------------- ##

alphaieee_frag='/dev/null'
host_makefile_frag='/dev/null'
ospace_frag='/home/fdkit/GPL-AirCam-v1.2/openwrt/build_dir/toolchain-arm_v5te_gcc-linaro_uClibc-0.9.32_eabi/gcc-linaro-4.5-2011.02-0/config/mt-ospace'
serialization_dependencies='serdep.tmp'
target_makefile_frag='/home/fdkit/GPL-AirCam-v1.2/openwrt/build_dir/toolchain-arm_v5te_gcc-linaro_uClibc-0.9.32_eabi/gcc-linaro-4.5-2011.02-0/config/mt-gnu'

## ----------- ##
## confdefs.h. ##
## ----------- ##

/* confdefs.h */
#define PACKAGE_NAME ""
#define PACKAGE_TARNAME ""
#define PACKAGE_VERSION ""
#define PACKAGE_STRING ""
#define PACKAGE_BUGREPORT ""
#define PACKAGE_URL ""
#define LT_OBJDIR ".libs/"
#define STDC_HEADERS 1
#define HAVE_SYS_TYPES_H 1
#define HAVE_SYS_STAT_H 1
#define HAVE_STDLIB_H 1
#define HAVE_STRING_H 1
#define HAVE_MEMORY_H 1
#define HAVE_STRINGS_H 1
#define HAVE_INTTYPES_H 1
#define HAVE_STDINT_H 1
#define HAVE_UNISTD_H 1

configure: exit 0
