This file contains any messages produced by compilers while
running configure, to aid debugging if configure makes a mistake.

It was created by configure, which was
generated by GNU Autoconf 2.64.  Invocation command line was

  $ /home/fdkit/GPL-AirCam-v1.2/openwrt/build_dir/toolchain-arm_v5te_gcc-linaro_uClibc-0.9.32_eabi/binutils-2.20.1/opcodes/configure --cache-file=./config.cache --with-gnu-as --with-gnu-ld --prefix=/home/fdkit/GPL-AirCam-v1.2/openwrt/staging_dir/toolchain-arm_v5te_gcc-linaro_uClibc-0.9.32_eabi --with-sysroot=/home/fdkit/GPL-AirCam-v1.2/openwrt/staging_dir/toolchain-arm_v5te_gcc-linaro_uClibc-0.9.32_eabi --disable-multilib --disable-werror --disable-nls --with-float=soft --disable-libssp --program-transform-name=s&^&arm-openwrt-linux-uclibcgnueabi-& --disable-option-checking --build=x86_64-redhat-linux --host=x86_64-redhat-linux --target=arm-openwrt-linux-uclibcgnueabi --srcdir=.././opcodes

## --------- ##
## Platform. ##
## --------- ##

hostname = discordy
uname -m = x86_64
uname -r = 2.6.32-358.6.2.el6.x86_64
uname -s = Linux
uname -v = #1 SMP Thu May 16 20:59:36 UTC 2013

/usr/bin/uname -p = unknown
/bin/uname -X     = unknown

/bin/arch              = x86_64
/usr/bin/arch -k       = unknown
/usr/convex/getsysinfo = unknown
/usr/bin/hostinfo      = unknown
/bin/machine           = unknown
/usr/bin/oslevel       = unknown
/bin/universe          = unknown

PATH: /home/fdkit/GPL-AirCam-v1.2/openwrt/staging_dir/toolchain-arm_v5te_gcc-linaro_uClibc-0.9.32_eabi/bin
PATH: /home/fdkit/GPL-AirCam-v1.2/openwrt/staging_dir/host/bin
PATH: /home/fdkit/GPL-AirCam-v1.2/openwrt/staging_dir/toolchain-arm_v5te_gcc-linaro_uClibc-0.9.32_eabi/bin
PATH: /home/fdkit/GPL-AirCam-v1.2/openwrt/staging_dir/host/bin
PATH: /home/fdkit/GPL-AirCam-v1.2/openwrt/staging_dir/toolchain-arm_v5te_gcc-linaro_uClibc-0.9.32_eabi/bin
PATH: /home/fdkit/GPL-AirCam-v1.2/openwrt/staging_dir/host/bin
PATH: /usr/local/bin
PATH: /bin
PATH: /usr/bin
PATH: /usr/local/sbin
PATH: /usr/sbin
PATH: /sbin
PATH: /home/fdkit/bin


## ----------- ##
## Core tests. ##
## ----------- ##

configure:2315: creating cache ./config.cache
configure:2420: checking build system type
configure:2434: result: x86_64-redhat-linux-gnu
configure:2454: checking host system type
configure:2467: result: x86_64-redhat-linux-gnu
configure:2487: checking target system type
configure:2500: result: arm-openwrt-linux-uclibcgnueabi
configure:2534: checking for x86_64-redhat-linux-gcc
configure:2561: result: x86_64-redhat-linux-gcc
configure:2830: checking for C compiler version
configure:2839: x86_64-redhat-linux-gcc --version >&5
x86_64-redhat-linux-gcc (GCC) 4.4.7 20120313 (Red Hat 4.4.7-3)
Copyright (C) 2010 Free Software Foundation, Inc.
This is free software; see the source for copying conditions.  There is NO
warranty; not even for MERCHANTABILITY or FITNESS FOR A PARTICULAR PURPOSE.

configure:2850: $? = 0
configure:2839: x86_64-redhat-linux-gcc -v >&5
Using built-in specs.
Target: x86_64-redhat-linux
Configured with: ../configure --prefix=/usr --mandir=/usr/share/man --infodir=/usr/share/info --with-bugurl=http://bugzilla.redhat.com/bugzilla --enable-bootstrap --enable-shared --enable-threads=posix --enable-checking=release --with-system-zlib --enable-__cxa_atexit --disable-libunwind-exceptions --enable-gnu-unique-object --enable-languages=c,c++,objc,obj-c++,java,fortran,ada --enable-java-awt=gtk --disable-dssi --with-java-home=/usr/lib/jvm/java-1.5.0-gcj-1.5.0.0/jre --enable-libgcj-multifile --enable-java-maintainer-mode --with-ecj-jar=/usr/share/java/eclipse-ecj.jar --disable-libjava-multilib --with-ppl --with-cloog --with-tune=generic --with-arch_32=i686 --build=x86_64-redhat-linux
Thread model: posix
gcc version 4.4.7 20120313 (Red Hat 4.4.7-3) (GCC) 
configure:2850: $? = 0
configure:2839: x86_64-redhat-linux-gcc -V >&5
x86_64-redhat-linux-gcc: '-V' option must have argument
configure:2850: $? = 1
configure:2839: x86_64-redhat-linux-gcc -qversion >&5
x86_64-redhat-linux-gcc: unrecognized option '-qversion'
x86_64-redhat-linux-gcc: no input files
configure:2850: $? = 1
configure:2870: checking for C compiler default output file name
configure:2892: x86_64-redhat-linux-gcc     conftest.c  >&5
configure:2896: $? = 0
configure:2933: result: a.out
configure:2949: checking whether the C compiler works
configure:2958: ./a.out
configure:2962: $? = 0
configure:2977: result: yes
configure:2984: checking whether we are cross compiling
configure:2986: result: no
configure:2989: checking for suffix of executables
configure:2996: x86_64-redhat-linux-gcc -o conftest     conftest.c  >&5
configure:3000: $? = 0
configure:3022: result: 
configure:3028: checking for suffix of object files
configure:3050: x86_64-redhat-linux-gcc -c   conftest.c >&5
configure:3054: $? = 0
configure:3075: result: o
configure:3079: checking whether we are using the GNU C compiler
configure:3098: x86_64-redhat-linux-gcc -c   conftest.c >&5
configure:3098: $? = 0
configure:3107: result: yes
configure:3116: checking whether x86_64-redhat-linux-gcc accepts -g
configure:3136: x86_64-redhat-linux-gcc -c -g  conftest.c >&5
configure:3136: $? = 0
configure:3177: result: yes
configure:3194: checking for x86_64-redhat-linux-gcc option to accept ISO C89
configure:3258: x86_64-redhat-linux-gcc  -c   conftest.c >&5
configure:3258: $? = 0
configure:3271: result: none needed
configure:3292: checking for library containing strerror
configure:3323: x86_64-redhat-linux-gcc -o conftest     conftest.c  >&5
configure:3323: $? = 0
configure:3340: result: none required
configure:3370: checking for a BSD-compatible install
configure:3438: result: /usr/bin/install -c
configure:3449: checking whether build environment is sane
configure:3499: result: yes
configure:3640: checking for a thread-safe mkdir -p
configure:3679: result: /bin/mkdir -p
configure:3692: checking for gawk
configure:3719: result: gawk
configure:3730: checking whether make sets $(MAKE)
configure:3752: result: yes
configure:3782: checking for style of include used by make
configure:3810: result: GNU
configure:3895: checking dependency style of x86_64-redhat-linux-gcc
configure:4005: result: gcc3
configure:4030: checking for x86_64-redhat-linux-gcc
configure:4057: result: x86_64-redhat-linux-gcc
configure:4326: checking for C compiler version
configure:4335: x86_64-redhat-linux-gcc --version >&5
x86_64-redhat-linux-gcc (GCC) 4.4.7 20120313 (Red Hat 4.4.7-3)
Copyright (C) 2010 Free Software Foundation, Inc.
This is free software; see the source for copying conditions.  There is NO
warranty; not even for MERCHANTABILITY or FITNESS FOR A PARTICULAR PURPOSE.

configure:4346: $? = 0
configure:4335: x86_64-redhat-linux-gcc -v >&5
Using built-in specs.
Target: x86_64-redhat-linux
Configured with: ../configure --prefix=/usr --mandir=/usr/share/man --infodir=/usr/share/info --with-bugurl=http://bugzilla.redhat.com/bugzilla --enable-bootstrap --enable-shared --enable-threads=posix --enable-checking=release --with-system-zlib --enable-__cxa_atexit --disable-libunwind-exceptions --enable-gnu-unique-object --enable-languages=c,c++,objc,obj-c++,java,fortran,ada --enable-java-awt=gtk --disable-dssi --with-java-home=/usr/lib/jvm/java-1.5.0-gcj-1.5.0.0/jre --enable-libgcj-multifile --enable-java-maintainer-mode --with-ecj-jar=/usr/share/java/eclipse-ecj.jar --disable-libjava-multilib --with-ppl --with-cloog --with-tune=generic --with-arch_32=i686 --build=x86_64-redhat-linux
Thread model: posix
gcc version 4.4.7 20120313 (Red Hat 4.4.7-3) (GCC) 
configure:4346: $? = 0
configure:4335: x86_64-redhat-linux-gcc -V >&5
x86_64-redhat-linux-gcc: '-V' option must have argument
configure:4346: $? = 1
configure:4335: x86_64-redhat-linux-gcc -qversion >&5
x86_64-redhat-linux-gcc: unrecognized option '-qversion'
x86_64-redhat-linux-gcc: no input files
configure:4346: $? = 1
configure:4350: checking whether we are using the GNU C compiler
configure:4378: result: yes
configure:4387: checking whether x86_64-redhat-linux-gcc accepts -g
configure:4448: result: yes
configure:4465: checking for x86_64-redhat-linux-gcc option to accept ISO C89
configure:4542: result: none needed
configure:4567: checking how to run the C preprocessor
configure:4598: x86_64-redhat-linux-gcc -E  conftest.c
configure:4598: $? = 0
configure:4612: x86_64-redhat-linux-gcc -E  conftest.c
conftest.c:11:28: error: ac_nonexistent.h: No such file or directory
configure:4612: $? = 1
configure: failed program was:
| /* confdefs.h */
| #define PACKAGE_NAME ""
| #define PACKAGE_TARNAME ""
| #define PACKAGE_VERSION ""
| #define PACKAGE_STRING ""
| #define PACKAGE_BUGREPORT ""
| #define PACKAGE_URL ""
| #define PACKAGE "opcodes"
| #define VERSION "2.20.1"
| /* end confdefs.h.  */
| #include <ac_nonexistent.h>
configure:4637: result: x86_64-redhat-linux-gcc -E
configure:4657: x86_64-redhat-linux-gcc -E  conftest.c
configure:4657: $? = 0
configure:4671: x86_64-redhat-linux-gcc -E  conftest.c
conftest.c:11:28: error: ac_nonexistent.h: No such file or directory
configure:4671: $? = 1
configure: failed program was:
| /* confdefs.h */
| #define PACKAGE_NAME ""
| #define PACKAGE_TARNAME ""
| #define PACKAGE_VERSION ""
| #define PACKAGE_STRING ""
| #define PACKAGE_BUGREPORT ""
| #define PACKAGE_URL ""
| #define PACKAGE "opcodes"
| #define VERSION "2.20.1"
| /* end confdefs.h.  */
| #include <ac_nonexistent.h>
configure:4700: checking for grep that handles long lines and -e
configure:4758: result: /bin/grep
configure:4763: checking for egrep
configure:4825: result: /bin/grep -E
configure:4830: checking for ANSI C header files
configure:4850: x86_64-redhat-linux-gcc -c   conftest.c >&5
configure:4850: $? = 0
configure:4923: x86_64-redhat-linux-gcc -o conftest     conftest.c  >&5
configure:4923: $? = 0
configure:4923: ./conftest
configure:4923: $? = 0
configure:4934: result: yes
configure:4947: checking for sys/types.h
configure:4947: x86_64-redhat-linux-gcc -c   conftest.c >&5
configure:4947: $? = 0
configure:4947: result: yes
configure:4947: checking for sys/stat.h
configure:4947: x86_64-redhat-linux-gcc -c   conftest.c >&5
configure:4947: $? = 0
configure:4947: result: yes
configure:4947: checking for stdlib.h
configure:4947: x86_64-redhat-linux-gcc -c   conftest.c >&5
configure:4947: $? = 0
configure:4947: result: yes
configure:4947: checking for string.h
configure:4947: x86_64-redhat-linux-gcc -c   conftest.c >&5
configure:4947: $? = 0
configure:4947: result: yes
configure:4947: checking for memory.h
configure:4947: x86_64-redhat-linux-gcc -c   conftest.c >&5
configure:4947: $? = 0
configure:4947: result: yes
configure:4947: checking for strings.h
configure:4947: x86_64-redhat-linux-gcc -c   conftest.c >&5
configure:4947: $? = 0
configure:4947: result: yes
configure:4947: checking for inttypes.h
configure:4947: x86_64-redhat-linux-gcc -c   conftest.c >&5
configure:4947: $? = 0
configure:4947: result: yes
configure:4947: checking for stdint.h
configure:4947: x86_64-redhat-linux-gcc -c   conftest.c >&5
configure:4947: $? = 0
configure:4947: result: yes
configure:4947: checking for unistd.h
configure:4947: x86_64-redhat-linux-gcc -c   conftest.c >&5
configure:4947: $? = 0
configure:4947: result: yes
configure:4961: checking minix/config.h usability
configure:4961: x86_64-redhat-linux-gcc -c   conftest.c >&5
conftest.c:54:26: error: minix/config.h: No such file or directory
configure:4961: $? = 1
configure: failed program was:
| /* confdefs.h */
| #define PACKAGE_NAME ""
| #define PACKAGE_TARNAME ""
| #define PACKAGE_VERSION ""
| #define PACKAGE_STRING ""
| #define PACKAGE_BUGREPORT ""
| #define PACKAGE_URL ""
| #define PACKAGE "opcodes"
| #define VERSION "2.20.1"
| #define STDC_HEADERS 1
| #define HAVE_SYS_TYPES_H 1
| #define HAVE_SYS_STAT_H 1
| #define HAVE_STDLIB_H 1
| #define HAVE_STRING_H 1
| #define HAVE_MEMORY_H 1
| #define HAVE_STRINGS_H 1
| #define HAVE_INTTYPES_H 1
| #define HAVE_STDINT_H 1
| #define HAVE_UNISTD_H 1
| /* end confdefs.h.  */
| #include <stdio.h>
| #ifdef HAVE_SYS_TYPES_H
| # include <sys/types.h>
| #endif
| #ifdef HAVE_SYS_STAT_H
| # include <sys/stat.h>
| #endif
| #ifdef STDC_HEADERS
| # include <stdlib.h>
| # include <stddef.h>
| #else
| # ifdef HAVE_STDLIB_H
| #  include <stdlib.h>
| # endif
| #endif
| #ifdef HAVE_STRING_H
| # if !defined STDC_HEADERS && defined HAVE_MEMORY_H
| #  include <memory.h>
| # endif
| # include <string.h>
| #endif
| #ifdef HAVE_STRINGS_H
| # include <strings.h>
| #endif
| #ifdef HAVE_INTTYPES_H
| # include <inttypes.h>
| #endif
| #ifdef HAVE_STDINT_H
| # include <stdint.h>
| #endif
| #ifdef HAVE_UNISTD_H
| # include <unistd.h>
| #endif
| #include <minix/config.h>
configure:4961: result: no
configure:4961: checking minix/config.h presence
configure:4961: x86_64-redhat-linux-gcc -E  conftest.c
conftest.c:21:26: error: minix/config.h: No such file or directory
configure:4961: $? = 1
configure: failed program was:
| /* confdefs.h */
| #define PACKAGE_NAME ""
| #define PACKAGE_TARNAME ""
| #define PACKAGE_VERSION ""
| #define PACKAGE_STRING ""
| #define PACKAGE_BUGREPORT ""
| #define PACKAGE_URL ""
| #define PACKAGE "opcodes"
| #define VERSION "2.20.1"
| #define STDC_HEADERS 1
| #define HAVE_SYS_TYPES_H 1
| #define HAVE_SYS_STAT_H 1
| #define HAVE_STDLIB_H 1
| #define HAVE_STRING_H 1
| #define HAVE_MEMORY_H 1
| #define HAVE_STRINGS_H 1
| #define HAVE_INTTYPES_H 1
| #define HAVE_STDINT_H 1
| #define HAVE_UNISTD_H 1
| /* end confdefs.h.  */
| #include <minix/config.h>
configure:4961: result: no
configure:4961: checking for minix/config.h
configure:4961: result: no
configure:4982: checking whether it is safe to define __EXTENSIONS__
configure:5000: x86_64-redhat-linux-gcc -c   conftest.c >&5
configure:5000: $? = 0
configure:5007: result: yes
configure:5027: checking for x86_64-redhat-linux-ar
configure:5054: result: ar
configure:5119: checking for x86_64-redhat-linux-ranlib
configure:5146: result: ranlib
configure:5266: checking for a sed that does not truncate output
configure:5330: result: /home/fdkit/GPL-AirCam-v1.2/openwrt/staging_dir/host/bin/sed
configure:5348: checking for fgrep
configure:5410: result: /bin/grep -F
configure:5445: checking for ld used by x86_64-redhat-linux-gcc
configure:5512: result: ld
configure:5519: checking if the linker (ld) is GNU ld
configure:5534: result: yes
configure:5546: checking for BSD- or MS-compatible name lister (nm)
configure:5595: result: nm
configure:5713: checking the name lister (nm) interface
configure:5720: x86_64-redhat-linux-gcc -c   conftest.c >&5
configure:5723: nm "conftest.o"
configure:5726: output
0000000000000000 B some_variable
configure:5733: result: BSD nm
configure:5736: checking whether ln -s works
configure:5740: result: yes
configure:5748: checking the maximum length of command line arguments
configure:5868: result: 1966080
configure:5885: checking whether the shell understands some XSI constructs
configure:5895: result: yes
configure:5899: checking whether the shell understands "+="
configure:5905: result: yes
configure:5940: checking for ld option to reload object files
configure:5947: result: -r
configure:5976: checking for x86_64-redhat-linux-objdump
configure:6003: result: objdump
configure:6075: checking how to recognize dependent libraries
configure:6271: result: pass_all
configure:6291: checking for x86_64-redhat-linux-ar
configure:6318: result: ar
configure:6396: checking for x86_64-redhat-linux-strip
configure:6426: result: no
configure:6436: checking for strip
configure:6452: found /usr/bin/strip
configure:6463: result: strip
configure:6495: checking for x86_64-redhat-linux-ranlib
configure:6522: result: ranlib
configure:6652: checking command to parse nm output from x86_64-redhat-linux-gcc object
configure:6770: x86_64-redhat-linux-gcc -c   conftest.c >&5
configure:6773: $? = 0
configure:6777: nm conftest.o \| sed -n -e 's/^.*[	 ]\([ABCDGIRSTW][ABCDGIRSTW]*\)[	 ][	 ]*\([_A-Za-z][_A-Za-z0-9]*\)$/\1 \2 \2/p' \> conftest.nm
configure:6780: $? = 0
configure:6834: x86_64-redhat-linux-gcc -o conftest     conftest.c conftstm.o >&5
configure:6837: $? = 0
configure:6875: result: ok
configure:6970: x86_64-redhat-linux-gcc -c   conftest.c >&5
configure:6973: $? = 0
configure:7680: checking for dlfcn.h
configure:7680: x86_64-redhat-linux-gcc -c   conftest.c >&5
configure:7680: $? = 0
configure:7680: result: yes
configure:7834: checking for objdir
configure:7849: result: .libs
configure:8145: checking if x86_64-redhat-linux-gcc supports -fno-rtti -fno-exceptions
configure:8163: x86_64-redhat-linux-gcc -c   -fno-rtti -fno-exceptions conftest.c >&5
cc1: warning: command line option "-fno-rtti" is valid for C++/ObjC++ but not for C
configure:8167: $? = 0
configure:8180: result: no
configure:8200: checking for x86_64-redhat-linux-gcc option to produce PIC
configure:8472: result: -fPIC -DPIC
configure:8484: checking if x86_64-redhat-linux-gcc PIC flag -fPIC -DPIC works
configure:8502: x86_64-redhat-linux-gcc -c   -fPIC -DPIC -DPIC conftest.c >&5
configure:8506: $? = 0
configure:8519: result: yes
configure:8543: checking if x86_64-redhat-linux-gcc static flag -static works
configure:8571: result: no
configure:8586: checking if x86_64-redhat-linux-gcc supports -c -o file.o
configure:8607: x86_64-redhat-linux-gcc -c   -o out/conftest2.o conftest.c >&5
configure:8611: $? = 0
configure:8633: result: yes
configure:8641: checking if x86_64-redhat-linux-gcc supports -c -o file.o
configure:8688: result: yes
configure:8721: checking whether the x86_64-redhat-linux-gcc linker (ld -m elf_x86_64) supports shared libraries
configure:9707: result: yes
configure:9952: checking dynamic linker characteristics
configure:10390: x86_64-redhat-linux-gcc -o conftest     -Wl,-rpath -Wl,/foo conftest.c  >&5
configure:10390: $? = 0
configure:10612: result: GNU/Linux ld.so
configure:10714: checking how to hardcode library paths into programs
configure:10739: result: immediate
configure:11259: checking whether stripping libraries is possible
configure:11264: result: yes
configure:11299: checking if libtool supports shared libraries
configure:11301: result: yes
configure:11304: checking whether to build shared libraries
configure:11325: result: no
configure:11328: checking whether to build static libraries
configure:11332: result: yes
configure:11448: checking whether to enable maintainer-specific portions of Makefiles
configure:11457: result: no
configure:11485: checking whether to install libbfd
configure:11498: result: no
configure:11544: checking whether NLS is requested
configure:11547: result: no
configure:11615: checking whether NLS is requested
configure:11624: result: no
configure:11662: checking for msgfmt
configure:11696: result: no
configure:11702: checking for gmsgfmt
configure:11733: result: :
configure:11773: checking for xgettext
configure:11807: result: no
configure:11844: checking for msgmerge
configure:11877: result: no
configure:11956: checking for string.h
configure:11956: result: yes
configure:11956: checking for strings.h
configure:11956: result: yes
configure:11956: checking for stdlib.h
configure:11956: result: yes
configure:11956: checking limits.h usability
configure:11956: x86_64-redhat-linux-gcc -c   conftest.c >&5
configure:11956: $? = 0
configure:11956: result: yes
configure:11956: checking limits.h presence
configure:11956: x86_64-redhat-linux-gcc -E  conftest.c
configure:11956: $? = 0
configure:11956: result: yes
configure:11956: checking for limits.h
configure:11956: result: yes
configure:11968: checking whether basename is declared
configure:11968: x86_64-redhat-linux-gcc -c   conftest.c >&5
configure:11968: $? = 0
configure:11968: result: yes
configure:11978: checking whether stpcpy is declared
configure:11978: x86_64-redhat-linux-gcc -c   conftest.c >&5
configure:11978: $? = 0
configure:11978: result: yes
configure:12020: checking linker --as-needed support
configure:12031: result: yes
configure:12122: checking for cos in -lm
configure:12147: x86_64-redhat-linux-gcc -o conftest     conftest.c -lm   >&5
conftest.c:41: warning: conflicting types for built-in function 'cos'
configure:12147: $? = 0
configure:12156: result: yes
configure:12478: updating cache ./config.cache
configure:12543: creating ./config.status

## ---------------------- ##
## Running config.status. ##
## ---------------------- ##

This file was extended by config.status, which was
generated by GNU Autoconf 2.64.  Invocation command line was

  CONFIG_FILES    = 
  CONFIG_HEADERS  = 
  CONFIG_LINKS    = 
  CONFIG_COMMANDS = 
  $ ./config.status 

on discordy

config.status:1123: creating Makefile
config.status:1123: creating po/Makefile.in
config.status:1123: creating config.h
config.status:1343: executing depfiles commands
config.status:1343: executing libtool commands
config.status:1343: executing default-1 commands

## ---------------- ##
## Cache variables. ##
## ---------------- ##

ac_cv_build=x86_64-redhat-linux-gnu
ac_cv_c_compiler_gnu=yes
ac_cv_env_CC_set=set
ac_cv_env_CC_value=x86_64-redhat-linux-gcc
ac_cv_env_CFLAGS_set=set
ac_cv_env_CFLAGS_value=
ac_cv_env_CPPFLAGS_set=
ac_cv_env_CPPFLAGS_value=
ac_cv_env_CPP_set=
ac_cv_env_CPP_value=
ac_cv_env_LDFLAGS_set=set
ac_cv_env_LDFLAGS_value=' '
ac_cv_env_LIBS_set=
ac_cv_env_LIBS_value=
ac_cv_env_build_alias_set=set
ac_cv_env_build_alias_value=x86_64-redhat-linux
ac_cv_env_host_alias_set=set
ac_cv_env_host_alias_value=x86_64-redhat-linux
ac_cv_env_target_alias_set=set
ac_cv_env_target_alias_value=arm-openwrt-linux-uclibcgnueabi
ac_cv_have_decl_basename=yes
ac_cv_have_decl_stpcpy=yes
ac_cv_header_dlfcn_h=yes
ac_cv_header_inttypes_h=yes
ac_cv_header_limits_h=yes
ac_cv_header_memory_h=yes
ac_cv_header_minix_config_h=no
ac_cv_header_stdc=yes
ac_cv_header_stdint_h=yes
ac_cv_header_stdlib_h=yes
ac_cv_header_string_h=yes
ac_cv_header_strings_h=yes
ac_cv_header_sys_stat_h=yes
ac_cv_header_sys_types_h=yes
ac_cv_header_unistd_h=yes
ac_cv_host=x86_64-redhat-linux-gnu
ac_cv_lib_m_cos=yes
ac_cv_objext=o
ac_cv_path_EGREP='/bin/grep -E'
ac_cv_path_FGREP='/bin/grep -F'
ac_cv_path_GMSGFMT=:
ac_cv_path_GREP=/bin/grep
ac_cv_path_MSGFMT=:
ac_cv_path_MSGMERGE=:
ac_cv_path_SED=/home/fdkit/GPL-AirCam-v1.2/openwrt/staging_dir/host/bin/sed
ac_cv_path_XGETTEXT=:
ac_cv_path_mkdir=/bin/mkdir
ac_cv_prog_AR=ar
ac_cv_prog_AWK=gawk
ac_cv_prog_CC=x86_64-redhat-linux-gcc
ac_cv_prog_CPP='x86_64-redhat-linux-gcc -E'
ac_cv_prog_OBJDUMP=objdump
ac_cv_prog_RANLIB=ranlib
ac_cv_prog_ac_ct_STRIP=strip
ac_cv_prog_cc_c89=
ac_cv_prog_cc_g=yes
ac_cv_prog_make_make_set=yes
ac_cv_safe_to_define___extensions__=yes
ac_cv_search_strerror='none required'
ac_cv_target=arm-openwrt-linux-uclibcgnueabi
am_cv_CC_dependencies_compiler_type=gcc3
bfd_cv_ld_as_needed=yes
lt_cv_deplibs_check_method=pass_all
lt_cv_file_magic_cmd='$MAGIC_CMD'
lt_cv_file_magic_test_file=
lt_cv_ld_reload_flag=-r
lt_cv_nm_interface='BSD nm'
lt_cv_objdir=.libs
lt_cv_path_LD=ld
lt_cv_path_NM=nm
lt_cv_prog_compiler_c_o=yes
lt_cv_prog_compiler_pic_works=yes
lt_cv_prog_compiler_rtti_exceptions=no
lt_cv_prog_compiler_static_works=no
lt_cv_prog_gnu_ld=yes
lt_cv_shlibpath_overrides_runpath=no
lt_cv_sys_global_symbol_pipe='sed -n -e '\''s/^.*[	 ]\([ABCDGIRSTW][ABCDGIRSTW]*\)[	 ][	 ]*\([_A-Za-z][_A-Za-z0-9]*\)$/\1 \2 \2/p'\'''
lt_cv_sys_global_symbol_to_c_name_address='sed -n -e '\''s/^: \([^ ]*\) $/  {\"\1\", (void *) 0},/p'\'' -e '\''s/^[ABCDGIRSTW]* \([^ ]*\) \([^ ]*\)$/  {"\2", (void *) \&\2},/p'\'''
lt_cv_sys_global_symbol_to_c_name_address_lib_prefix='sed -n -e '\''s/^: \([^ ]*\) $/  {\"\1\", (void *) 0},/p'\'' -e '\''s/^[ABCDGIRSTW]* \([^ ]*\) \(lib[^ ]*\)$/  {"\2", (void *) \&\2},/p'\'' -e '\''s/^[ABCDGIRSTW]* \([^ ]*\) \([^ ]*\)$/  {"lib\2", (void *) \&\2},/p'\'''
lt_cv_sys_global_symbol_to_cdecl='sed -n -e '\''s/^T .* \(.*\)$/extern int \1();/p'\'' -e '\''s/^[ABCDGIRSTW]* .* \(.*\)$/extern char \1;/p'\'''
lt_cv_sys_max_cmd_len=1966080

## ----------------- ##
## Output variables. ##
## ----------------- ##

ACLOCAL='${SHELL} /home/fdkit/GPL-AirCam-v1.2/openwrt/build_dir/toolchain-arm_v5te_gcc-linaro_uClibc-0.9.32_eabi/binutils-2.20.1/missing --run aclocal-1.11'
AMDEPBACKSLASH='\'
AMDEP_FALSE='#'
AMDEP_TRUE=''
AMTAR='${SHELL} /home/fdkit/GPL-AirCam-v1.2/openwrt/build_dir/toolchain-arm_v5te_gcc-linaro_uClibc-0.9.32_eabi/binutils-2.20.1/missing --run tar'
AR='ar'
AUTOCONF='${SHELL} /home/fdkit/GPL-AirCam-v1.2/openwrt/build_dir/toolchain-arm_v5te_gcc-linaro_uClibc-0.9.32_eabi/binutils-2.20.1/missing --run autoconf'
AUTOHEADER='${SHELL} /home/fdkit/GPL-AirCam-v1.2/openwrt/build_dir/toolchain-arm_v5te_gcc-linaro_uClibc-0.9.32_eabi/binutils-2.20.1/missing --run autoheader'
AUTOMAKE='${SHELL} /home/fdkit/GPL-AirCam-v1.2/openwrt/build_dir/toolchain-arm_v5te_gcc-linaro_uClibc-0.9.32_eabi/binutils-2.20.1/missing --run automake-1.11'
AWK='gawk'
BFD_MACHINES=' arm-dis.lo'
BUILD_LIBS='../libiberty/libiberty.a '
BUILD_LIB_DEPS='../libiberty/libiberty.a '
CATALOGS=''
CATOBJEXT=''
CC='x86_64-redhat-linux-gcc'
CCDEPMODE='depmode=gcc3'
CC_FOR_BUILD='x86_64-redhat-linux-gcc'
CFLAGS=''
CGEN_MAINT_FALSE=''
CGEN_MAINT_TRUE='#'
CPP='x86_64-redhat-linux-gcc -E'
CPPFLAGS=''
CYGPATH_W='echo'
DATADIRNAME=''
DEFS='-DHAVE_CONFIG_H'
DEPDIR='.deps'
DSYMUTIL=''
DUMPBIN=''
ECHO_C=''
ECHO_N='-n'
ECHO_T=''
EGREP='/bin/grep -E'
EXEEXT=''
EXEEXT_FOR_BUILD='$(EXEEXT)'
FGREP='/bin/grep -F'
GENCAT=''
GMSGFMT=':'
GREP='/bin/grep'
HDEFINES=''
INCINTL=''
INSTALL_DATA='/usr/bin/install -c -m 644'
INSTALL_LIBBFD_FALSE=''
INSTALL_LIBBFD_TRUE='#'
INSTALL_PROGRAM='/usr/bin/install -c'
INSTALL_SCRIPT='/usr/bin/install -c'
INSTALL_STRIP_PROGRAM='$(install_sh) -c -s'
INSTOBJEXT=''
LD='ld -m elf_x86_64'
LDFLAGS=' '
LIBINTL=''
LIBINTL_DEP=''
LIBM='-lm'
LIBOBJS=''
LIBS=''
LIBTOOL='$(SHELL) $(top_builddir)/libtool'
LIPO=''
LN_S='ln -s'
LTLIBOBJS=''
MAINT='#'
MAINTAINER_MODE_FALSE=''
MAINTAINER_MODE_TRUE='#'
MAKEINFO='/home/fdkit/GPL-AirCam-v1.2/openwrt/build_dir/toolchain-arm_v5te_gcc-linaro_uClibc-0.9.32_eabi/binutils-2.20.1/missing makeinfo --split-size=5000000'
MKDIR_P='/bin/mkdir -p'
MKINSTALLDIRS='$(top_builddir)/./../mkinstalldirs'
MSGFMT=':'
MSGMERGE=':'
NM='nm'
NMEDIT=''
NO_WERROR=''
OBJDUMP='objdump'
OBJEXT='o'
OTOOL64=''
OTOOL=''
PACKAGE='opcodes'
PACKAGE_BUGREPORT=''
PACKAGE_NAME=''
PACKAGE_STRING=''
PACKAGE_TARNAME=''
PACKAGE_URL=''
PACKAGE_VERSION=''
PATH_SEPARATOR=':'
POSUB=''
RANLIB='ranlib'
SED='/home/fdkit/GPL-AirCam-v1.2/openwrt/staging_dir/host/bin/sed'
SET_MAKE=''
SHARED_DEPENDENCIES=''
SHARED_LDFLAGS=''
SHARED_LIBADD=''
SHELL='/bin/sh'
STRIP='strip'
USE_NLS='no'
VERSION='2.20.1'
WARN_CFLAGS='-W -Wall -Wstrict-prototypes -Wmissing-prototypes'
XGETTEXT=':'
ac_ct_CC=''
ac_ct_DUMPBIN=''
am__EXEEXT_FALSE=''
am__EXEEXT_TRUE='#'
am__fastdepCC_FALSE='#'
am__fastdepCC_TRUE=''
am__include='include'
am__isrc=''
am__leading_dot='.'
am__quote=''
am__tar='${AMTAR} chof - "$$tardir"'
am__untar='${AMTAR} xf -'
archdefs=' -DARCH_arm'
bfdincludedir='$(exec_prefix)/$(host_noncanonical)/$(target_noncanonical)/include'
bfdlibdir='$(exec_prefix)/$(host_noncanonical)/$(target_noncanonical)/lib'
bindir='${exec_prefix}/bin'
build='x86_64-redhat-linux-gnu'
build_alias='x86_64-redhat-linux'
build_cpu='x86_64'
build_os='linux-gnu'
build_vendor='redhat'
cgendir='$(srcdir)/../cgen'
datadir='${datarootdir}'
datarootdir='${prefix}/share'
docdir='${datarootdir}/doc/${PACKAGE}'
dvidir='${docdir}'
exec_prefix='${prefix}'
host='x86_64-redhat-linux-gnu'
host_alias='x86_64-redhat-linux'
host_cpu='x86_64'
host_noncanonical='x86_64-redhat-linux'
host_os='linux-gnu'
host_vendor='redhat'
htmldir='${docdir}'
includedir='${prefix}/include'
infodir='${datarootdir}/info'
install_sh='${SHELL} /home/fdkit/GPL-AirCam-v1.2/openwrt/build_dir/toolchain-arm_v5te_gcc-linaro_uClibc-0.9.32_eabi/binutils-2.20.1/install-sh'
libdir='${exec_prefix}/lib'
libexecdir='${exec_prefix}/libexec'
localedir='${datarootdir}/locale'
localstatedir='${prefix}/var'
lt_ECHO='echo'
mandir='${datarootdir}/man'
mkdir_p='/bin/mkdir -p'
oldincludedir='/usr/include'
pdfdir='${docdir}'
prefix='/home/fdkit/GPL-AirCam-v1.2/openwrt/staging_dir/toolchain-arm_v5te_gcc-linaro_uClibc-0.9.32_eabi'
program_transform_name='s&^&arm-openwrt-linux-uclibcgnueabi-&'
psdir='${docdir}'
sbindir='${exec_prefix}/sbin'
sharedstatedir='${prefix}/com'
sysconfdir='${prefix}/etc'
target='arm-openwrt-linux-uclibcgnueabi'
target_alias='arm-openwrt-linux-uclibcgnueabi'
target_cpu='arm'
target_noncanonical='arm-openwrt-linux-uclibcgnueabi'
target_os='linux-uclibcgnueabi'
target_vendor='openwrt'

## ----------- ##
## confdefs.h. ##
## ----------- ##

/* confdefs.h */
#define PACKAGE_NAME ""
#define PACKAGE_TARNAME ""
#define PACKAGE_VERSION ""
#define PACKAGE_STRING ""
#define PACKAGE_BUGREPORT ""
#define PACKAGE_URL ""
#define PACKAGE "opcodes"
#define VERSION "2.20.1"
#define STDC_HEADERS 1
#define HAVE_SYS_TYPES_H 1
#define HAVE_SYS_STAT_H 1
#define HAVE_STDLIB_H 1
#define HAVE_STRING_H 1
#define HAVE_MEMORY_H 1
#define HAVE_STRINGS_H 1
#define HAVE_INTTYPES_H 1
#define HAVE_STDINT_H 1
#define HAVE_UNISTD_H 1
#define __EXTENSIONS__ 1
#define _ALL_SOURCE 1
#define _GNU_SOURCE 1
#define _POSIX_PTHREAD_SEMANTICS 1
#define _TANDEM_SOURCE 1
#define HAVE_DLFCN_H 1
#define LT_OBJDIR ".libs/"
#define HAVE_STRING_H 1
#define HAVE_STRINGS_H 1
#define HAVE_STDLIB_H 1
#define HAVE_LIMITS_H 1
#define HAVE_DECL_BASENAME 1
#define HAVE_DECL_STPCPY 1

configure: exit 0
